PREHOOK: query: -- current
explain select src.key from src join src src2
PREHOOK: type: QUERY
POSTHOOK: query: -- current
explain select src.key from src join src src2
POSTHOOK: type: QUERY
STAGE DEPENDENCIES:
  Stage-1 is a root stage
  Stage-0 is a root stage

STAGE PLANS:
  Stage: Stage-1
    Tez
      Edges:
        Reducer 2 <- Map 1 (SIMPLE_EDGE), Map 3 (SIMPLE_EDGE)
#### A masked pattern was here ####
      Vertices:
        Map 1 
            Map Operator Tree:
                TableScan
                  alias: src2
                  Statistics: Num rows: 0 Data size: 5812 Basic stats: PARTIAL Column stats: COMPLETE
                  Reduce Output Operator
                    sort order: 
                    Statistics: Num rows: 0 Data size: 5812 Basic stats: PARTIAL Column stats: COMPLETE
        Map 3 
            Map Operator Tree:
                TableScan
                  alias: src
                  Statistics: Num rows: 58 Data size: 5812 Basic stats: COMPLETE Column stats: NONE
                  Reduce Output Operator
                    sort order: 
                    Statistics: Num rows: 58 Data size: 5812 Basic stats: COMPLETE Column stats: NONE
                    value expressions: key (type: string)
        Reducer 2 
            Reduce Operator Tree:
              Join Operator
                condition map:
                     Inner Join 0 to 1
                condition expressions:
                  0 {VALUE._col0}
                  1 
                outputColumnNames: _col0
                Statistics: Num rows: 63 Data size: 6393 Basic stats: COMPLETE Column stats: NONE
                Select Operator
                  expressions: _col0 (type: string)
                  outputColumnNames: _col0
                  Statistics: Num rows: 63 Data size: 6393 Basic stats: COMPLETE Column stats: NONE
                  File Output Operator
                    compressed: false
                    Statistics: Num rows: 63 Data size: 6393 Basic stats: COMPLETE Column stats: NONE
                    table:
                        input format: org.apache.hadoop.mapred.TextInputFormat
                        output format: org.apache.hadoop.hive.ql.io.HiveIgnoreKeyTextOutputFormat
                        serde: org.apache.hadoop.hive.serde2.lazy.LazySimpleSerDe

  Stage: Stage-0
    Fetch Operator
      limit: -1

PREHOOK: query: -- ansi cross join
explain select src.key from src cross join src src2
PREHOOK: type: QUERY
POSTHOOK: query: -- ansi cross join
explain select src.key from src cross join src src2
POSTHOOK: type: QUERY
STAGE DEPENDENCIES:
  Stage-1 is a root stage
  Stage-0 is a root stage

STAGE PLANS:
  Stage: Stage-1
    Tez
      Edges:
        Reducer 2 <- Map 1 (SIMPLE_EDGE), Map 3 (SIMPLE_EDGE)
#### A masked pattern was here ####
      Vertices:
        Map 1 
            Map Operator Tree:
                TableScan
                  alias: src2
                  Statistics: Num rows: 0 Data size: 5812 Basic stats: PARTIAL Column stats: COMPLETE
                  Reduce Output Operator
                    sort order: 
                    Statistics: Num rows: 0 Data size: 5812 Basic stats: PARTIAL Column stats: COMPLETE
        Map 3 
            Map Operator Tree:
                TableScan
                  alias: src
                  Statistics: Num rows: 58 Data size: 5812 Basic stats: COMPLETE Column stats: NONE
                  Reduce Output Operator
                    sort order: 
                    Statistics: Num rows: 58 Data size: 5812 Basic stats: COMPLETE Column stats: NONE
                    value expressions: key (type: string)
        Reducer 2 
            Reduce Operator Tree:
              Join Operator
                condition map:
                     Inner Join 0 to 1
                condition expressions:
                  0 {VALUE._col0}
                  1 
                outputColumnNames: _col0
                Statistics: Num rows: 63 Data size: 6393 Basic stats: COMPLETE Column stats: NONE
                Select Operator
                  expressions: _col0 (type: string)
                  outputColumnNames: _col0
                  Statistics: Num rows: 63 Data size: 6393 Basic stats: COMPLETE Column stats: NONE
                  File Output Operator
                    compressed: false
                    Statistics: Num rows: 63 Data size: 6393 Basic stats: COMPLETE Column stats: NONE
                    table:
                        input format: org.apache.hadoop.mapred.TextInputFormat
                        output format: org.apache.hadoop.hive.ql.io.HiveIgnoreKeyTextOutputFormat
                        serde: org.apache.hadoop.hive.serde2.lazy.LazySimpleSerDe

  Stage: Stage-0
    Fetch Operator
      limit: -1

PREHOOK: query: -- appending condition is allowed
explain select src.key from src cross join src src2 on src.key=src2.key
PREHOOK: type: QUERY
POSTHOOK: query: -- appending condition is allowed
explain select src.key from src cross join src src2 on src.key=src2.key
POSTHOOK: type: QUERY
STAGE DEPENDENCIES:
  Stage-1 is a root stage
  Stage-0 is a root stage

STAGE PLANS:
  Stage: Stage-1
    Tez
      Edges:
        Reducer 2 <- Map 1 (SIMPLE_EDGE), Map 3 (SIMPLE_EDGE)
#### A masked pattern was here ####
      Vertices:
        Map 1 
            Map Operator Tree:
                TableScan
                  alias: src2
                  Statistics: Num rows: 58 Data size: 5812 Basic stats: COMPLETE Column stats: NONE
                  Reduce Output Operator
                    key expressions: key (type: string)
                    sort order: +
                    Map-reduce partition columns: key (type: string)
                    Statistics: Num rows: 58 Data size: 5812 Basic stats: COMPLETE Column stats: NONE
        Map 3 
            Map Operator Tree:
                TableScan
                  alias: src
                  Statistics: Num rows: 58 Data size: 5812 Basic stats: COMPLETE Column stats: NONE
                  Reduce Output Operator
                    key expressions: key (type: string)
                    sort order: +
                    Map-reduce partition columns: key (type: string)
                    Statistics: Num rows: 58 Data size: 5812 Basic stats: COMPLETE Column stats: NONE
                    value expressions: key (type: string)
        Reducer 2 
            Reduce Operator Tree:
              Join Operator
                condition map:
                     Inner Join 0 to 1
                condition expressions:
                  0 {VALUE._col0}
                  1 
                outputColumnNames: _col0
                Statistics: Num rows: 63 Data size: 6393 Basic stats: COMPLETE Column stats: NONE
                Select Operator
                  expressions: _col0 (type: string)
                  outputColumnNames: _col0
                  Statistics: Num rows: 63 Data size: 6393 Basic stats: COMPLETE Column stats: NONE
                  File Output Operator
                    compressed: false
                    Statistics: Num rows: 63 Data size: 6393 Basic stats: COMPLETE Column stats: NONE
                    table:
                        input format: org.apache.hadoop.mapred.TextInputFormat
                        output format: org.apache.hadoop.hive.ql.io.HiveIgnoreKeyTextOutputFormat
                        serde: org.apache.hadoop.hive.serde2.lazy.LazySimpleSerDe

  Stage: Stage-0
    Fetch Operator
      limit: -1

