PREHOOK: query: create table A as
select * from src
PREHOOK: type: CREATETABLE_AS_SELECT
PREHOOK: Input: default@src
POSTHOOK: query: create table A as
select * from src
POSTHOOK: type: CREATETABLE_AS_SELECT
POSTHOOK: Input: default@src
POSTHOOK: Output: default@A
PREHOOK: query: create table B as
select * from src
limit 10
PREHOOK: type: CREATETABLE_AS_SELECT
PREHOOK: Input: default@src
POSTHOOK: query: create table B as
select * from src
limit 10
POSTHOOK: type: CREATETABLE_AS_SELECT
POSTHOOK: Input: default@src
POSTHOOK: Output: default@B
Warning: Shuffle Join JOIN[4][tables = [a, b]] in Stage 'Reducer 2' is a cross product
PREHOOK: query: explain select * from A join B
PREHOOK: type: QUERY
POSTHOOK: query: explain select * from A join B
POSTHOOK: type: QUERY
STAGE DEPENDENCIES:
  Stage-1 is a root stage
  Stage-0 is a root stage

STAGE PLANS:
  Stage: Stage-1
    Tez
      Edges:
        Reducer 2 <- Map 1 (SIMPLE_EDGE), Map 3 (SIMPLE_EDGE)
#### A masked pattern was here ####
      Vertices:
        Map 1 
            Map Operator Tree:
                TableScan
                  alias: b
                  Statistics: Num rows: 0 Data size: 114 Basic stats: PARTIAL Column stats: NONE
                  Reduce Output Operator
                    sort order: 
                    Statistics: Num rows: 0 Data size: 114 Basic stats: PARTIAL Column stats: NONE
                    value expressions: key (type: string), value (type: string)
        Map 3 
            Map Operator Tree:
                TableScan
                  alias: a
                  Statistics: Num rows: 29 Data size: 5812 Basic stats: COMPLETE Column stats: NONE
                  Reduce Output Operator
                    sort order: 
                    Statistics: Num rows: 29 Data size: 5812 Basic stats: COMPLETE Column stats: NONE
                    value expressions: key (type: string), value (type: string)
        Reducer 2 
            Reduce Operator Tree:
              Join Operator
                condition map:
                     Inner Join 0 to 1
                condition expressions:
                  0 {VALUE._col0} {VALUE._col1}
                  1 {VALUE._col0} {VALUE._col1}
                outputColumnNames: _col0, _col1, _col4, _col5
                Statistics: Num rows: 31 Data size: 6393 Basic stats: COMPLETE Column stats: NONE
                Select Operator
                  expressions: _col0 (type: string), _col1 (type: string), _col4 (type: string), _col5 (type: string)
                  outputColumnNames: _col0, _col1, _col2, _col3
                  Statistics: Num rows: 31 Data size: 6393 Basic stats: COMPLETE Column stats: NONE
                  File Output Operator
                    compressed: false
                    Statistics: Num rows: 31 Data size: 6393 Basic stats: COMPLETE Column stats: NONE
                    table:
                        input format: org.apache.hadoop.mapred.TextInputFormat
                        output format: org.apache.hadoop.hive.ql.io.HiveIgnoreKeyTextOutputFormat
                        serde: org.apache.hadoop.hive.serde2.lazy.LazySimpleSerDe

  Stage: Stage-0
    Fetch Operator
      limit: -1

Warning: Shuffle Join JOIN[8][tables = [null, a]] in Stage 'Reducer 3' is a cross product
PREHOOK: query: explain select * from B d1 join B d2 on d1.key = d2.key join A
PREHOOK: type: QUERY
POSTHOOK: query: explain select * from B d1 join B d2 on d1.key = d2.key join A
POSTHOOK: type: QUERY
STAGE DEPENDENCIES:
  Stage-1 is a root stage
  Stage-0 is a root stage

STAGE PLANS:
  Stage: Stage-1
    Tez
      Edges:
        Reducer 2 <- Map 1 (SIMPLE_EDGE), Map 4 (SIMPLE_EDGE)
        Reducer 3 <- Reducer 2 (SIMPLE_EDGE), Map 5 (SIMPLE_EDGE)
#### A masked pattern was here ####
      Vertices:
        Map 1 
            Map Operator Tree:
                TableScan
                  alias: d1
                  Statistics: Num rows: 0 Data size: 114 Basic stats: PARTIAL Column stats: NONE
                  Reduce Output Operator
                    key expressions: key (type: string)
                    sort order: +
                    Map-reduce partition columns: key (type: string)
                    Statistics: Num rows: 0 Data size: 114 Basic stats: PARTIAL Column stats: NONE
                    value expressions: key (type: string), value (type: string)
        Map 4 
            Map Operator Tree:
                TableScan
                  alias: d2
                  Statistics: Num rows: 0 Data size: 114 Basic stats: PARTIAL Column stats: NONE
                  Reduce Output Operator
                    key expressions: key (type: string)
                    sort order: +
                    Map-reduce partition columns: key (type: string)
                    Statistics: Num rows: 0 Data size: 114 Basic stats: PARTIAL Column stats: NONE
                    value expressions: key (type: string), value (type: string)
        Map 5 
            Map Operator Tree:
                TableScan
                  alias: a
                  Statistics: Num rows: 29 Data size: 5812 Basic stats: COMPLETE Column stats: NONE
                  Reduce Output Operator
                    sort order: 
                    Statistics: Num rows: 29 Data size: 5812 Basic stats: COMPLETE Column stats: NONE
                    value expressions: key (type: string), value (type: string)
        Reducer 2 
            Reduce Operator Tree:
              Join Operator
                condition map:
                     Inner Join 0 to 1
                condition expressions:
                  0 {VALUE._col0} {VALUE._col1}
                  1 {VALUE._col0} {VALUE._col1}
                outputColumnNames: _col0, _col1, _col4, _col5
                Statistics: Num rows: 0 Data size: 125 Basic stats: PARTIAL Column stats: NONE
                Reduce Output Operator
                  sort order: 
                  Statistics: Num rows: 0 Data size: 125 Basic stats: PARTIAL Column stats: NONE
                  value expressions: _col0 (type: string), _col1 (type: string), _col4 (type: string), _col5 (type: string)
        Reducer 3 
            Reduce Operator Tree:
              Join Operator
                condition map:
                     Inner Join 0 to 1
                condition expressions:
                  0 {VALUE._col0} {VALUE._col1} {VALUE._col4} {VALUE._col5}
                  1 {VALUE._col0} {VALUE._col1}
                outputColumnNames: _col0, _col1, _col4, _col5, _col8, _col9
                Statistics: Num rows: 31 Data size: 6393 Basic stats: COMPLETE Column stats: NONE
                Select Operator
                  expressions: _col0 (type: string), _col1 (type: string), _col4 (type: string), _col5 (type: string), _col8 (type: string), _col9 (type: string)
                  outputColumnNames: _col0, _col1, _col2, _col3, _col4, _col5
                  Statistics: Num rows: 31 Data size: 6393 Basic stats: COMPLETE Column stats: NONE
                  File Output Operator
                    compressed: false
                    Statistics: Num rows: 31 Data size: 6393 Basic stats: COMPLETE Column stats: NONE
                    table:
                        input format: org.apache.hadoop.mapred.TextInputFormat
                        output format: org.apache.hadoop.hive.ql.io.HiveIgnoreKeyTextOutputFormat
                        serde: org.apache.hadoop.hive.serde2.lazy.LazySimpleSerDe

  Stage: Stage-0
    Fetch Operator
      limit: -1

Warning: Shuffle Join JOIN[14][tables = [a, od1]] in Stage 'Reducer 4' is a cross product
PREHOOK: query: explain select * from A join 
         (select d1.key 
          from B d1 join B d2 on d1.key = d2.key 
          where 1 = 1 group by d1.key) od1
PREHOOK: type: QUERY
POSTHOOK: query: explain select * from A join 
         (select d1.key 
          from B d1 join B d2 on d1.key = d2.key 
          where 1 = 1 group by d1.key) od1
POSTHOOK: type: QUERY
STAGE DEPENDENCIES:
  Stage-1 is a root stage
  Stage-0 is a root stage

STAGE PLANS:
  Stage: Stage-1
    Tez
      Edges:
        Reducer 2 <- Map 1 (SIMPLE_EDGE), Map 5 (SIMPLE_EDGE)
        Reducer 3 <- Reducer 2 (SIMPLE_EDGE)
        Reducer 4 <- Reducer 3 (SIMPLE_EDGE), Map 6 (SIMPLE_EDGE)
#### A masked pattern was here ####
      Vertices:
        Map 1 
            Map Operator Tree:
                TableScan
                  alias: d1
                  Statistics: Num rows: 1 Data size: 114 Basic stats: COMPLETE Column stats: NONE
                  Reduce Output Operator
                    key expressions: key (type: string)
                    sort order: +
                    Map-reduce partition columns: key (type: string)
                    Statistics: Num rows: 1 Data size: 114 Basic stats: COMPLETE Column stats: NONE
                    value expressions: key (type: string)
        Map 5 
            Map Operator Tree:
                TableScan
                  alias: d2
                  Statistics: Num rows: 1 Data size: 114 Basic stats: COMPLETE Column stats: NONE
                  Reduce Output Operator
                    key expressions: key (type: string)
                    sort order: +
                    Map-reduce partition columns: key (type: string)
                    Statistics: Num rows: 1 Data size: 114 Basic stats: COMPLETE Column stats: NONE
        Map 6 
            Map Operator Tree:
                TableScan
                  alias: a
                  Statistics: Num rows: 29 Data size: 5812 Basic stats: COMPLETE Column stats: NONE
                  Reduce Output Operator
                    sort order: 
                    Statistics: Num rows: 29 Data size: 5812 Basic stats: COMPLETE Column stats: NONE
                    value expressions: key (type: string), value (type: string)
        Reducer 2 
            Reduce Operator Tree:
              Join Operator
                condition map:
                     Inner Join 0 to 1
                condition expressions:
                  0 {VALUE._col0}
                  1 
                outputColumnNames: _col0
                Statistics: Num rows: 1 Data size: 125 Basic stats: COMPLETE Column stats: NONE
                Filter Operator
                  predicate: (1 = 1) (type: boolean)
                  Statistics: Num rows: 0 Data size: 0 Basic stats: NONE Column stats: NONE
                  Select Operator
                    expressions: _col0 (type: string)
                    outputColumnNames: _col0
                    Statistics: Num rows: 0 Data size: 0 Basic stats: NONE Column stats: NONE
                    Group By Operator
                      keys: _col0 (type: string)
                      mode: hash
                      outputColumnNames: _col0
                      Statistics: Num rows: 0 Data size: 0 Basic stats: NONE Column stats: NONE
                      Reduce Output Operator
                        key expressions: _col0 (type: string)
                        sort order: +
                        Map-reduce partition columns: _col0 (type: string)
                        Statistics: Num rows: 0 Data size: 0 Basic stats: NONE Column stats: NONE
        Reducer 3 
            Reduce Operator Tree:
              Group By Operator
                keys: KEY._col0 (type: string)
                mode: mergepartial
                outputColumnNames: _col0
                Statistics: Num rows: 0 Data size: 0 Basic stats: NONE Column stats: NONE
                Select Operator
                  expressions: _col0 (type: string)
                  outputColumnNames: _col0
                  Statistics: Num rows: 0 Data size: 0 Basic stats: NONE Column stats: NONE
                  Reduce Output Operator
                    sort order: 
                    Statistics: Num rows: 0 Data size: 0 Basic stats: NONE Column stats: NONE
                    value expressions: _col0 (type: string)
        Reducer 4 
            Reduce Operator Tree:
              Join Operator
                condition map:
                     Inner Join 0 to 1
                condition expressions:
                  0 {VALUE._col0} {VALUE._col1}
                  1 {VALUE._col0}
                outputColumnNames: _col0, _col1, _col4
                Statistics: Num rows: 31 Data size: 6393 Basic stats: COMPLETE Column stats: NONE
                Select Operator
                  expressions: _col0 (type: string), _col1 (type: string), _col4 (type: string)
                  outputColumnNames: _col0, _col1, _col2
                  Statistics: Num rows: 31 Data size: 6393 Basic stats: COMPLETE Column stats: NONE
                  File Output Operator
                    compressed: false
                    Statistics: Num rows: 31 Data size: 6393 Basic stats: COMPLETE Column stats: NONE
                    table:
                        input format: org.apache.hadoop.mapred.TextInputFormat
                        output format: org.apache.hadoop.hive.ql.io.HiveIgnoreKeyTextOutputFormat
                        serde: org.apache.hadoop.hive.serde2.lazy.LazySimpleSerDe

  Stage: Stage-0
    Fetch Operator
      limit: -1

Warning: Shuffle Join JOIN[4][tables = [d1, d2]] in Stage 'Reducer 2' is a cross product
Warning: Shuffle Join JOIN[14][tables = [a, od1]] in Stage 'Reducer 4' is a cross product
PREHOOK: query: explain select * from A join (select d1.key from B d1 join B d2 where 1 = 1 group by d1.key) od1
PREHOOK: type: QUERY
POSTHOOK: query: explain select * from A join (select d1.key from B d1 join B d2 where 1 = 1 group by d1.key) od1
POSTHOOK: type: QUERY
STAGE DEPENDENCIES:
  Stage-1 is a root stage
  Stage-0 is a root stage

STAGE PLANS:
  Stage: Stage-1
    Tez
      Edges:
        Reducer 2 <- Map 1 (SIMPLE_EDGE), Map 5 (SIMPLE_EDGE)
        Reducer 3 <- Reducer 2 (SIMPLE_EDGE)
        Reducer 4 <- Reducer 3 (SIMPLE_EDGE), Map 6 (SIMPLE_EDGE)
#### A masked pattern was here ####
      Vertices:
        Map 1 
            Map Operator Tree:
                TableScan
                  alias: d1
                  Statistics: Num rows: 1 Data size: 114 Basic stats: COMPLETE Column stats: NONE
                  Reduce Output Operator
                    sort order: 
                    Statistics: Num rows: 1 Data size: 114 Basic stats: COMPLETE Column stats: NONE
                    value expressions: key (type: string)
        Map 5 
            Map Operator Tree:
                TableScan
                  alias: d2
                  Statistics: Num rows: 0 Data size: 114 Basic stats: PARTIAL Column stats: COMPLETE
                  Reduce Output Operator
                    sort order: 
                    Statistics: Num rows: 0 Data size: 114 Basic stats: PARTIAL Column stats: COMPLETE
        Map 6 
            Map Operator Tree:
                TableScan
                  alias: a
                  Statistics: Num rows: 29 Data size: 5812 Basic stats: COMPLETE Column stats: NONE
                  Reduce Output Operator
                    sort order: 
                    Statistics: Num rows: 29 Data size: 5812 Basic stats: COMPLETE Column stats: NONE
                    value expressions: key (type: string), value (type: string)
        Reducer 2 
            Reduce Operator Tree:
              Join Operator
                condition map:
                     Inner Join 0 to 1
                condition expressions:
                  0 {VALUE._col0}
                  1 
                outputColumnNames: _col0
                Statistics: Num rows: 1 Data size: 125 Basic stats: COMPLETE Column stats: NONE
                Filter Operator
                  predicate: (1 = 1) (type: boolean)
                  Statistics: Num rows: 0 Data size: 0 Basic stats: NONE Column stats: NONE
                  Select Operator
                    expressions: _col0 (type: string)
                    outputColumnNames: _col0
                    Statistics: Num rows: 0 Data size: 0 Basic stats: NONE Column stats: NONE
                    Group By Operator
                      keys: _col0 (type: string)
                      mode: hash
                      outputColumnNames: _col0
                      Statistics: Num rows: 0 Data size: 0 Basic stats: NONE Column stats: NONE
                      Reduce Output Operator
                        key expressions: _col0 (type: string)
                        sort order: +
                        Map-reduce partition columns: _col0 (type: string)
                        Statistics: Num rows: 0 Data size: 0 Basic stats: NONE Column stats: NONE
        Reducer 3 
            Reduce Operator Tree:
              Group By Operator
                keys: KEY._col0 (type: string)
                mode: mergepartial
                outputColumnNames: _col0
                Statistics: Num rows: 0 Data size: 0 Basic stats: NONE Column stats: NONE
                Select Operator
                  expressions: _col0 (type: string)
                  outputColumnNames: _col0
                  Statistics: Num rows: 0 Data size: 0 Basic stats: NONE Column stats: NONE
                  Reduce Output Operator
                    sort order: 
                    Statistics: Num rows: 0 Data size: 0 Basic stats: NONE Column stats: NONE
                    value expressions: _col0 (type: string)
        Reducer 4 
            Reduce Operator Tree:
              Join Operator
                condition map:
                     Inner Join 0 to 1
                condition expressions:
                  0 {VALUE._col0} {VALUE._col1}
                  1 {VALUE._col0}
                outputColumnNames: _col0, _col1, _col4
                Statistics: Num rows: 31 Data size: 6393 Basic stats: COMPLETE Column stats: NONE
                Select Operator
                  expressions: _col0 (type: string), _col1 (type: string), _col4 (type: string)
                  outputColumnNames: _col0, _col1, _col2
                  Statistics: Num rows: 31 Data size: 6393 Basic stats: COMPLETE Column stats: NONE
                  File Output Operator
                    compressed: false
                    Statistics: Num rows: 31 Data size: 6393 Basic stats: COMPLETE Column stats: NONE
                    table:
                        input format: org.apache.hadoop.mapred.TextInputFormat
                        output format: org.apache.hadoop.hive.ql.io.HiveIgnoreKeyTextOutputFormat
                        serde: org.apache.hadoop.hive.serde2.lazy.LazySimpleSerDe

  Stage: Stage-0
    Fetch Operator
      limit: -1

Warning: Shuffle Join JOIN[19][tables = [ss, od1]] in Stage 'Reducer 4' is a cross product
PREHOOK: query: explain select * from 
(select A.key from A group by key) ss join 
(select d1.key from B d1 join B d2 on d1.key = d2.key where 1 = 1 group by d1.key) od1
PREHOOK: type: QUERY
POSTHOOK: query: explain select * from 
(select A.key from A group by key) ss join 
(select d1.key from B d1 join B d2 on d1.key = d2.key where 1 = 1 group by d1.key) od1
POSTHOOK: type: QUERY
STAGE DEPENDENCIES:
  Stage-1 is a root stage
  Stage-0 is a root stage

STAGE PLANS:
  Stage: Stage-1
    Tez
      Edges:
        Reducer 2 <- Map 1 (SIMPLE_EDGE), Map 5 (SIMPLE_EDGE)
        Reducer 3 <- Reducer 2 (SIMPLE_EDGE)
        Reducer 4 <- Reducer 3 (SIMPLE_EDGE), Reducer 7 (SIMPLE_EDGE)
        Reducer 7 <- Map 6 (SIMPLE_EDGE)
#### A masked pattern was here ####
      Vertices:
        Map 1 
            Map Operator Tree:
                TableScan
                  alias: d1
                  Statistics: Num rows: 1 Data size: 114 Basic stats: COMPLETE Column stats: NONE
                  Reduce Output Operator
                    key expressions: key (type: string)
                    sort order: +
                    Map-reduce partition columns: key (type: string)
                    Statistics: Num rows: 1 Data size: 114 Basic stats: COMPLETE Column stats: NONE
                    value expressions: key (type: string)
        Map 5 
            Map Operator Tree:
                TableScan
                  alias: d2
                  Statistics: Num rows: 1 Data size: 114 Basic stats: COMPLETE Column stats: NONE
                  Reduce Output Operator
                    key expressions: key (type: string)
                    sort order: +
                    Map-reduce partition columns: key (type: string)
                    Statistics: Num rows: 1 Data size: 114 Basic stats: COMPLETE Column stats: NONE
        Map 6 
            Map Operator Tree:
                TableScan
                  alias: a
                  Statistics: Num rows: 58 Data size: 5812 Basic stats: COMPLETE Column stats: NONE
                  Select Operator
                    expressions: key (type: string)
                    outputColumnNames: key
                    Statistics: Num rows: 58 Data size: 5812 Basic stats: COMPLETE Column stats: NONE
                    Group By Operator
                      keys: key (type: string)
                      mode: hash
                      outputColumnNames: _col0
                      Statistics: Num rows: 58 Data size: 5812 Basic stats: COMPLETE Column stats: NONE
                      Reduce Output Operator
                        key expressions: _col0 (type: string)
                        sort order: +
                        Map-reduce partition columns: _col0 (type: string)
                        Statistics: Num rows: 58 Data size: 5812 Basic stats: COMPLETE Column stats: NONE
        Reducer 2 
            Reduce Operator Tree:
              Join Operator
                condition map:
                     Inner Join 0 to 1
                condition expressions:
                  0 {VALUE._col0}
                  1 
                outputColumnNames: _col0
                Statistics: Num rows: 1 Data size: 125 Basic stats: COMPLETE Column stats: NONE
                Filter Operator
                  predicate: (1 = 1) (type: boolean)
                  Statistics: Num rows: 0 Data size: 0 Basic stats: NONE Column stats: NONE
                  Select Operator
                    expressions: _col0 (type: string)
                    outputColumnNames: _col0
                    Statistics: Num rows: 0 Data size: 0 Basic stats: NONE Column stats: NONE
                    Group By Operator
                      keys: _col0 (type: string)
                      mode: hash
                      outputColumnNames: _col0
                      Statistics: Num rows: 0 Data size: 0 Basic stats: NONE Column stats: NONE
                      Reduce Output Operator
                        key expressions: _col0 (type: string)
                        sort order: +
                        Map-reduce partition columns: _col0 (type: string)
                        Statistics: Num rows: 0 Data size: 0 Basic stats: NONE Column stats: NONE
        Reducer 3 
            Reduce Operator Tree:
              Group By Operator
                keys: KEY._col0 (type: string)
                mode: mergepartial
                outputColumnNames: _col0
                Statistics: Num rows: 0 Data size: 0 Basic stats: NONE Column stats: NONE
                Select Operator
                  expressions: _col0 (type: string)
                  outputColumnNames: _col0
                  Statistics: Num rows: 0 Data size: 0 Basic stats: NONE Column stats: NONE
                  Reduce Output Operator
                    sort order: 
                    Statistics: Num rows: 0 Data size: 0 Basic stats: NONE Column stats: NONE
                    value expressions: _col0 (type: string)
        Reducer 4 
            Reduce Operator Tree:
              Join Operator
                condition map:
                     Inner Join 0 to 1
                condition expressions:
                  0 {VALUE._col0}
                  1 {VALUE._col0}
                outputColumnNames: _col0, _col1
                Statistics: Num rows: 31 Data size: 3196 Basic stats: COMPLETE Column stats: NONE
                Select Operator
                  expressions: _col0 (type: string), _col1 (type: string)
                  outputColumnNames: _col0, _col1
                  Statistics: Num rows: 31 Data size: 3196 Basic stats: COMPLETE Column stats: NONE
                  File Output Operator
                    compressed: false
                    Statistics: Num rows: 31 Data size: 3196 Basic stats: COMPLETE Column stats: NONE
                    table:
                        input format: org.apache.hadoop.mapred.TextInputFormat
                        output format: org.apache.hadoop.hive.ql.io.HiveIgnoreKeyTextOutputFormat
                        serde: org.apache.hadoop.hive.serde2.lazy.LazySimpleSerDe
        Reducer 7 
            Reduce Operator Tree:
              Group By Operator
                keys: KEY._col0 (type: string)
                mode: mergepartial
                outputColumnNames: _col0
                Statistics: Num rows: 29 Data size: 2906 Basic stats: COMPLETE Column stats: NONE
                Select Operator
                  expressions: _col0 (type: string)
                  outputColumnNames: _col0
                  Statistics: Num rows: 29 Data size: 2906 Basic stats: COMPLETE Column stats: NONE
                  Reduce Output Operator
                    sort order: 
                    Statistics: Num rows: 29 Data size: 2906 Basic stats: COMPLETE Column stats: NONE
                    value expressions: _col0 (type: string)

  Stage: Stage-0
    Fetch Operator
      limit: -1

