PREHOOK: query: CREATE TEMPORARY FUNCTION example_max_n AS 'org.apache.hadoop.hive.contrib.udaf.example.UDAFExampleMaxN'
PREHOOK: type: CREATEFUNCTION
PREHOOK: Output: database:default
POSTHOOK: query: CREATE TEMPORARY FUNCTION example_max_n AS 'org.apache.hadoop.hive.contrib.udaf.example.UDAFExampleMaxN'
POSTHOOK: type: CREATEFUNCTION
POSTHOOK: Output: database:default
PREHOOK: query: EXPLAIN
SELECT example_max_n(substr(value,5),10),
       example_max_n(IF(substr(value,5) > 250, NULL, substr(value,5)),10)
FROM src
PREHOOK: type: QUERY
POSTHOOK: query: EXPLAIN
SELECT example_max_n(substr(value,5),10),
       example_max_n(IF(substr(value,5) > 250, NULL, substr(value,5)),10)
FROM src
POSTHOOK: type: QUERY
STAGE DEPENDENCIES:
  Stage-1 is a root stage
  Stage-0 is a root stage

STAGE PLANS:
  Stage: Stage-1
    Map Reduce
      Map Operator Tree:
          TableScan
            alias: src
            Statistics: Num rows: 58 Data size: 5812 Basic stats: COMPLETE Column stats: NONE
            Select Operator
              expressions: value (type: string)
              outputColumnNames: value
              Statistics: Num rows: 58 Data size: 5812 Basic stats: COMPLETE Column stats: NONE
              Group By Operator
                aggregations: example_max_n(substr(value, 5), 10), example_max_n(if((substr(value, 5) > 250), null, substr(value, 5)), 10)
                mode: hash
                outputColumnNames: _col0, _col1
                Statistics: Num rows: 1 Data size: 0 Basic stats: PARTIAL Column stats: NONE
                Reduce Output Operator
                  sort order: 
                  Statistics: Num rows: 1 Data size: 0 Basic stats: PARTIAL Column stats: NONE
                  value expressions: _col0 (type: struct<a:array<double>,n:int>), _col1 (type: struct<a:array<double>,n:int>)
      Reduce Operator Tree:
        Group By Operator
          aggregations: example_max_n(VALUE._col0), example_max_n(VALUE._col1)
          mode: mergepartial
          outputColumnNames: _col0, _col1
          Statistics: Num rows: 1 Data size: 0 Basic stats: PARTIAL Column stats: NONE
          Select Operator
            expressions: _col0 (type: array<double>), _col1 (type: array<double>)
            outputColumnNames: _col0, _col1
            Statistics: Num rows: 1 Data size: 0 Basic stats: PARTIAL Column stats: NONE
            File Output Operator
              compressed: false
              Statistics: Num rows: 1 Data size: 0 Basic stats: PARTIAL Column stats: NONE
              table:
                  input format: org.apache.hadoop.mapred.TextInputFormat
                  output format: org.apache.hadoop.hive.ql.io.HiveIgnoreKeyTextOutputFormat
                  serde: org.apache.hadoop.hive.serde2.lazy.LazySimpleSerDe

  Stage: Stage-0
    Fetch Operator
      limit: -1

PREHOOK: query: SELECT example_max_n(substr(value,5),10),
       example_max_n(IF(substr(value,5) > 250, NULL, substr(value,5)),10)
FROM src
PREHOOK: type: QUERY
PREHOOK: Input: default@src
#### A masked pattern was here ####
POSTHOOK: query: SELECT example_max_n(substr(value,5),10),
       example_max_n(IF(substr(value,5) > 250, NULL, substr(value,5)),10)
FROM src
POSTHOOK: type: QUERY
POSTHOOK: Input: default@src
#### A masked pattern was here ####
[498.0,498.0,498.0,497.0,496.0,495.0,494.0,493.0,492.0,492.0]	[249.0,248.0,247.0,244.0,242.0,242.0,241.0,239.0,239.0,238.0]
PREHOOK: query: DROP TEMPORARY FUNCTION example_max_n
PREHOOK: type: DROPFUNCTION
PREHOOK: Output: database:default
POSTHOOK: query: DROP TEMPORARY FUNCTION example_max_n
POSTHOOK: type: DROPFUNCTION
POSTHOOK: Output: database:default
