PREHOOK: query: CREATE TEMPORARY FUNCTION example_format AS 'org.apache.hadoop.hive.contrib.udf.example.UDFExampleFormat'
PREHOOK: type: CREATEFUNCTION
PREHOOK: Output: database:default
POSTHOOK: query: CREATE TEMPORARY FUNCTION example_format AS 'org.apache.hadoop.hive.contrib.udf.example.UDFExampleFormat'
POSTHOOK: type: CREATEFUNCTION
POSTHOOK: Output: database:default
PREHOOK: query: EXPLAIN
SELECT example_format("abc"),
       example_format("%1$s", 1.1),
       example_format("%1$s %2$e", 1.1, 1.2),
       example_format("%1$x %2$o %3$d", 10, 10, 10)
FROM src LIMIT 1
PREHOOK: type: QUERY
POSTHOOK: query: EXPLAIN
SELECT example_format("abc"),
       example_format("%1$s", 1.1),
       example_format("%1$s %2$e", 1.1, 1.2),
       example_format("%1$x %2$o %3$d", 10, 10, 10)
FROM src LIMIT 1
POSTHOOK: type: QUERY
STAGE DEPENDENCIES:
  Stage-1 is a root stage
  Stage-0 is a root stage

STAGE PLANS:
  Stage: Stage-1
    Map Reduce
      Map Operator Tree:
          TableScan
            alias: src
            Statistics: Num rows: 0 Data size: 5812 Basic stats: PARTIAL Column stats: COMPLETE
            Select Operator
              expressions: example_format('abc') (type: string), example_format('%1$s', 1.1) (type: string), example_format('%1$s %2$e', 1.1, 1.2) (type: string), example_format('%1$x %2$o %3$d', 10, 10, 10) (type: string)
              outputColumnNames: _col0, _col1, _col2, _col3
              Statistics: Num rows: 0 Data size: 5812 Basic stats: PARTIAL Column stats: COMPLETE
              Limit
                Number of rows: 1
                Statistics: Num rows: 0 Data size: 5812 Basic stats: PARTIAL Column stats: COMPLETE
                File Output Operator
                  compressed: false
                  Statistics: Num rows: 0 Data size: 5812 Basic stats: PARTIAL Column stats: COMPLETE
                  table:
                      input format: org.apache.hadoop.mapred.TextInputFormat
                      output format: org.apache.hadoop.hive.ql.io.HiveIgnoreKeyTextOutputFormat
                      serde: org.apache.hadoop.hive.serde2.lazy.LazySimpleSerDe

  Stage: Stage-0
    Fetch Operator
      limit: 1

PREHOOK: query: SELECT example_format("abc"),
       example_format("%1$s", 1.1),
       example_format("%1$s %2$e", 1.1, 1.2),
       example_format("%1$x %2$o %3$d", 10, 10, 10)
FROM src LIMIT 1
PREHOOK: type: QUERY
PREHOOK: Input: default@src
#### A masked pattern was here ####
POSTHOOK: query: SELECT example_format("abc"),
       example_format("%1$s", 1.1),
       example_format("%1$s %2$e", 1.1, 1.2),
       example_format("%1$x %2$o %3$d", 10, 10, 10)
FROM src LIMIT 1
POSTHOOK: type: QUERY
POSTHOOK: Input: default@src
#### A masked pattern was here ####
abc	1.1	1.1 1.200000e+00	a 12 10
PREHOOK: query: DROP TEMPORARY FUNCTION example_format
PREHOOK: type: DROPFUNCTION
PREHOOK: Output: database:default
POSTHOOK: query: DROP TEMPORARY FUNCTION example_format
POSTHOOK: type: DROPFUNCTION
POSTHOOK: Output: database:default
