PREHOOK: query: explain
SELECT sum(hash(src5.src1_value)) FROM (SELECT src3.*, src4.value as src4_value, src4.key as src4_key FROM src src4 JOIN (SELECT src2.*, src1.key as src1_key, src1.value as src1_value FROM src src1 JOIN src src2 ON src1.key = src2.key) src3 ON src3.src1_key = src4.key) src5
PREHOOK: type: QUERY
POSTHOOK: query: explain
SELECT sum(hash(src5.src1_value)) FROM (SELECT src3.*, src4.value as src4_value, src4.key as src4_key FROM src src4 JOIN (SELECT src2.*, src1.key as src1_key, src1.value as src1_value FROM src src1 JOIN src src2 ON src1.key = src2.key) src3 ON src3.src1_key = src4.key) src5
POSTHOOK: type: QUERY
STAGE DEPENDENCIES:
  Stage-8 is a root stage
  Stage-3 depends on stages: Stage-8
  Stage-0 is a root stage

STAGE PLANS:
  Stage: Stage-8
    Map Reduce Local Work
      Alias -> Map Local Tables:
        src5:src3:src1 
          Fetch Operator
            limit: -1
        src5:src4 
          Fetch Operator
            limit: -1
      Alias -> Map Local Operator Tree:
        src5:src3:src1 
          TableScan
            alias: src1
            Statistics: Num rows: 29 Data size: 5812 Basic stats: COMPLETE Column stats: NONE
            HashTable Sink Operator
              condition expressions:
                0 {key} {value}
                1 
              keys:
                0 key (type: string)
                1 key (type: string)
        src5:src4 
          TableScan
            alias: src4
            Statistics: Num rows: 58 Data size: 5812 Basic stats: COMPLETE Column stats: NONE
            HashTable Sink Operator
              condition expressions:
                0 
                1 {_col3}
              keys:
                0 key (type: string)
                1 _col2 (type: string)

  Stage: Stage-3
    Map Reduce
      Map Operator Tree:
          TableScan
            alias: src2
            Statistics: Num rows: 58 Data size: 5812 Basic stats: COMPLETE Column stats: NONE
            Map Join Operator
              condition map:
                   Inner Join 0 to 1
              condition expressions:
                0 {key} {value}
                1 
              keys:
                0 key (type: string)
                1 key (type: string)
              outputColumnNames: _col0, _col1
              Statistics: Num rows: 63 Data size: 6393 Basic stats: COMPLETE Column stats: NONE
              Select Operator
                expressions: _col0 (type: string), _col1 (type: string)
                outputColumnNames: _col2, _col3
                Statistics: Num rows: 63 Data size: 6393 Basic stats: COMPLETE Column stats: NONE
                Map Join Operator
                  condition map:
                       Inner Join 0 to 1
                  condition expressions:
                    0 
                    1 {_col3}
                  keys:
                    0 key (type: string)
                    1 _col2 (type: string)
                  outputColumnNames: _col7
                  Statistics: Num rows: 69 Data size: 7032 Basic stats: COMPLETE Column stats: NONE
                  Select Operator
                    expressions: _col7 (type: string)
                    outputColumnNames: _col3
                    Statistics: Num rows: 69 Data size: 7032 Basic stats: COMPLETE Column stats: NONE
                    Group By Operator
                      aggregations: sum(hash(_col3))
                      mode: hash
                      outputColumnNames: _col0
                      Statistics: Num rows: 1 Data size: 8 Basic stats: COMPLETE Column stats: NONE
                      Reduce Output Operator
                        sort order: 
                        Statistics: Num rows: 1 Data size: 8 Basic stats: COMPLETE Column stats: NONE
                        value expressions: _col0 (type: bigint)
      Local Work:
        Map Reduce Local Work
      Reduce Operator Tree:
        Group By Operator
          aggregations: sum(VALUE._col0)
          mode: mergepartial
          outputColumnNames: _col0
          Statistics: Num rows: 1 Data size: 8 Basic stats: COMPLETE Column stats: NONE
          Select Operator
            expressions: _col0 (type: bigint)
            outputColumnNames: _col0
            Statistics: Num rows: 1 Data size: 8 Basic stats: COMPLETE Column stats: NONE
            File Output Operator
              compressed: false
              Statistics: Num rows: 1 Data size: 8 Basic stats: COMPLETE Column stats: NONE
              table:
                  input format: org.apache.hadoop.mapred.TextInputFormat
                  output format: org.apache.hadoop.hive.ql.io.HiveIgnoreKeyTextOutputFormat
                  serde: org.apache.hadoop.hive.serde2.lazy.LazySimpleSerDe

  Stage: Stage-0
    Fetch Operator
      limit: -1

PREHOOK: query: SELECT sum(hash(src5.src1_value)) FROM (SELECT src3.*, src4.value as src4_value, src4.key as src4_key FROM src src4 JOIN (SELECT src2.*, src1.key as src1_key, src1.value as src1_value FROM src src1 JOIN src src2 ON src1.key = src2.key) src3 ON src3.src1_key = src4.key) src5
PREHOOK: type: QUERY
PREHOOK: Input: default@src
#### A masked pattern was here ####
POSTHOOK: query: SELECT sum(hash(src5.src1_value)) FROM (SELECT src3.*, src4.value as src4_value, src4.key as src4_key FROM src src4 JOIN (SELECT src2.*, src1.key as src1_key, src1.value as src1_value FROM src src1 JOIN src src2 ON src1.key = src2.key) src3 ON src3.src1_key = src4.key) src5
POSTHOOK: type: QUERY
POSTHOOK: Input: default@src
#### A masked pattern was here ####
344337359100
