PREHOOK: query: explain
SELECT * FROM src src1 LEFT OUTER JOIN src src2 ON (src1.key = src2.key AND src1.key < 10 AND src2.key > 10) RIGHT OUTER JOIN src src3 ON (src2.key = src3.key AND src3.key < 10) SORT BY src1.key, src1.value, src2.key, src2.value, src3.key, src3.value
PREHOOK: type: QUERY
POSTHOOK: query: explain
SELECT * FROM src src1 LEFT OUTER JOIN src src2 ON (src1.key = src2.key AND src1.key < 10 AND src2.key > 10) RIGHT OUTER JOIN src src3 ON (src2.key = src3.key AND src3.key < 10) SORT BY src1.key, src1.value, src2.key, src2.value, src3.key, src3.value
POSTHOOK: type: QUERY
STAGE DEPENDENCIES:
  Stage-6 is a root stage
  Stage-2 depends on stages: Stage-6
  Stage-0 is a root stage

STAGE PLANS:
  Stage: Stage-6
    Map Reduce Local Work
      Alias -> Map Local Tables:
        src1 
          Fetch Operator
            limit: -1
        src2 
          Fetch Operator
            limit: -1
      Alias -> Map Local Operator Tree:
        src1 
          TableScan
            alias: src1
            Statistics: Num rows: 29 Data size: 5812 Basic stats: COMPLETE Column stats: NONE
            HashTable Sink Operator
              condition expressions:
                0 {key} {value}
                1 {key} {value}
                2 {key} {value}
              filter predicates:
                0 {(key < 10)}
                1 
                2 {(key < 10)}
              keys:
                0 key (type: string)
                1 key (type: string)
                2 key (type: string)
        src2 
          TableScan
            alias: src2
            Statistics: Num rows: 29 Data size: 5812 Basic stats: COMPLETE Column stats: NONE
            Filter Operator
              predicate: (key > 10) (type: boolean)
              Statistics: Num rows: 9 Data size: 1803 Basic stats: COMPLETE Column stats: NONE
              HashTable Sink Operator
                condition expressions:
                  0 {key} {value}
                  1 {key} {value}
                  2 {key} {value}
                filter predicates:
                  0 {(key < 10)}
                  1 
                  2 {(key < 10)}
                keys:
                  0 key (type: string)
                  1 key (type: string)
                  2 key (type: string)

  Stage: Stage-2
    Map Reduce
      Map Operator Tree:
          TableScan
            alias: src3
            Statistics: Num rows: 29 Data size: 5812 Basic stats: COMPLETE Column stats: NONE
            Map Join Operator
              condition map:
                   Left Outer Join0 to 1
                   Right Outer Join1 to 2
              condition expressions:
                0 {key} {value}
                1 {key} {value}
                2 {key} {value}
              filter predicates:
                0 {(key < 10)}
                1 
                2 {(key < 10)}
              keys:
                0 key (type: string)
                1 key (type: string)
                2 key (type: string)
              outputColumnNames: _col0, _col1, _col4, _col5, _col8, _col9
              Statistics: Num rows: 63 Data size: 12786 Basic stats: COMPLETE Column stats: NONE
              Select Operator
                expressions: _col0 (type: string), _col1 (type: string), _col4 (type: string), _col5 (type: string), _col8 (type: string), _col9 (type: string)
                outputColumnNames: _col0, _col1, _col2, _col3, _col4, _col5
                Statistics: Num rows: 63 Data size: 12786 Basic stats: COMPLETE Column stats: NONE
                Reduce Output Operator
                  key expressions: _col0 (type: string), _col1 (type: string), _col2 (type: string), _col3 (type: string), _col4 (type: string), _col5 (type: string)
                  sort order: ++++++
                  Statistics: Num rows: 63 Data size: 12786 Basic stats: COMPLETE Column stats: NONE
                  value expressions: _col0 (type: string), _col1 (type: string), _col2 (type: string), _col3 (type: string), _col4 (type: string), _col5 (type: string)
      Local Work:
        Map Reduce Local Work
      Reduce Operator Tree:
        Extract
          Statistics: Num rows: 63 Data size: 12786 Basic stats: COMPLETE Column stats: NONE
          File Output Operator
            compressed: false
            Statistics: Num rows: 63 Data size: 12786 Basic stats: COMPLETE Column stats: NONE
            table:
                input format: org.apache.hadoop.mapred.TextInputFormat
                output format: org.apache.hadoop.hive.ql.io.HiveIgnoreKeyTextOutputFormat
                serde: org.apache.hadoop.hive.serde2.lazy.LazySimpleSerDe

  Stage: Stage-0
    Fetch Operator
      limit: -1

PREHOOK: query: explain
SELECT * FROM src src1 LEFT OUTER JOIN src src2 ON (src1.key = src2.key AND src1.key < 10 AND src2.key > 10) LEFT OUTER JOIN src src3 ON (src2.key = src3.key AND src3.key < 10) SORT BY src1.key, src1.value, src2.key, src2.value, src3.key, src3.value
PREHOOK: type: QUERY
POSTHOOK: query: explain
SELECT * FROM src src1 LEFT OUTER JOIN src src2 ON (src1.key = src2.key AND src1.key < 10 AND src2.key > 10) LEFT OUTER JOIN src src3 ON (src2.key = src3.key AND src3.key < 10) SORT BY src1.key, src1.value, src2.key, src2.value, src3.key, src3.value
POSTHOOK: type: QUERY
STAGE DEPENDENCIES:
  Stage-6 is a root stage
  Stage-2 depends on stages: Stage-6
  Stage-0 is a root stage

STAGE PLANS:
  Stage: Stage-6
    Map Reduce Local Work
      Alias -> Map Local Tables:
        src2 
          Fetch Operator
            limit: -1
        src3 
          Fetch Operator
            limit: -1
      Alias -> Map Local Operator Tree:
        src2 
          TableScan
            alias: src2
            Statistics: Num rows: 29 Data size: 5812 Basic stats: COMPLETE Column stats: NONE
            Filter Operator
              predicate: (key > 10) (type: boolean)
              Statistics: Num rows: 9 Data size: 1803 Basic stats: COMPLETE Column stats: NONE
              HashTable Sink Operator
                condition expressions:
                  0 {key} {value}
                  1 {key} {value}
                  2 {key} {value}
                filter predicates:
                  0 {(key < 10)}
                  1 
                  2 
                keys:
                  0 key (type: string)
                  1 key (type: string)
                  2 key (type: string)
        src3 
          TableScan
            alias: src3
            Statistics: Num rows: 29 Data size: 5812 Basic stats: COMPLETE Column stats: NONE
            Filter Operator
              predicate: ((key > 10) and (key < 10)) (type: boolean)
              Statistics: Num rows: 3 Data size: 601 Basic stats: COMPLETE Column stats: NONE
              HashTable Sink Operator
                condition expressions:
                  0 {key} {value}
                  1 {key} {value}
                  2 {key} {value}
                filter predicates:
                  0 {(key < 10)}
                  1 
                  2 
                keys:
                  0 key (type: string)
                  1 key (type: string)
                  2 key (type: string)

  Stage: Stage-2
    Map Reduce
      Map Operator Tree:
          TableScan
            alias: src1
            Statistics: Num rows: 29 Data size: 5812 Basic stats: COMPLETE Column stats: NONE
            Map Join Operator
              condition map:
                   Left Outer Join0 to 1
                   Left Outer Join1 to 2
              condition expressions:
                0 {key} {value}
                1 {key} {value}
                2 {key} {value}
              filter predicates:
                0 {(key < 10)}
                1 
                2 
              keys:
                0 key (type: string)
                1 key (type: string)
                2 key (type: string)
              outputColumnNames: _col0, _col1, _col4, _col5, _col8, _col9
              Statistics: Num rows: 63 Data size: 12786 Basic stats: COMPLETE Column stats: NONE
              Select Operator
                expressions: _col0 (type: string), _col1 (type: string), _col4 (type: string), _col5 (type: string), _col8 (type: string), _col9 (type: string)
                outputColumnNames: _col0, _col1, _col2, _col3, _col4, _col5
                Statistics: Num rows: 63 Data size: 12786 Basic stats: COMPLETE Column stats: NONE
                Reduce Output Operator
                  key expressions: _col0 (type: string), _col1 (type: string), _col2 (type: string), _col3 (type: string), _col4 (type: string), _col5 (type: string)
                  sort order: ++++++
                  Statistics: Num rows: 63 Data size: 12786 Basic stats: COMPLETE Column stats: NONE
                  value expressions: _col0 (type: string), _col1 (type: string), _col2 (type: string), _col3 (type: string), _col4 (type: string), _col5 (type: string)
      Local Work:
        Map Reduce Local Work
      Reduce Operator Tree:
        Extract
          Statistics: Num rows: 63 Data size: 12786 Basic stats: COMPLETE Column stats: NONE
          File Output Operator
            compressed: false
            Statistics: Num rows: 63 Data size: 12786 Basic stats: COMPLETE Column stats: NONE
            table:
                input format: org.apache.hadoop.mapred.TextInputFormat
                output format: org.apache.hadoop.hive.ql.io.HiveIgnoreKeyTextOutputFormat
                serde: org.apache.hadoop.hive.serde2.lazy.LazySimpleSerDe

  Stage: Stage-0
    Fetch Operator
      limit: -1

PREHOOK: query: explain
SELECT * FROM src src1 RIGHT OUTER JOIN src src2 ON (src1.key = src2.key AND src1.key < 10 AND src2.key > 10) LEFT OUTER JOIN src src3 ON (src2.key = src3.key AND src3.key < 10) SORT BY src1.key, src1.value, src2.key, src2.value, src3.key, src3.value
PREHOOK: type: QUERY
POSTHOOK: query: explain
SELECT * FROM src src1 RIGHT OUTER JOIN src src2 ON (src1.key = src2.key AND src1.key < 10 AND src2.key > 10) LEFT OUTER JOIN src src3 ON (src2.key = src3.key AND src3.key < 10) SORT BY src1.key, src1.value, src2.key, src2.value, src3.key, src3.value
POSTHOOK: type: QUERY
STAGE DEPENDENCIES:
  Stage-6 is a root stage
  Stage-2 depends on stages: Stage-6
  Stage-0 is a root stage

STAGE PLANS:
  Stage: Stage-6
    Map Reduce Local Work
      Alias -> Map Local Tables:
        src1 
          Fetch Operator
            limit: -1
        src3 
          Fetch Operator
            limit: -1
      Alias -> Map Local Operator Tree:
        src1 
          TableScan
            alias: src1
            Statistics: Num rows: 29 Data size: 5812 Basic stats: COMPLETE Column stats: NONE
            Filter Operator
              predicate: (key < 10) (type: boolean)
              Statistics: Num rows: 9 Data size: 1803 Basic stats: COMPLETE Column stats: NONE
              HashTable Sink Operator
                condition expressions:
                  0 {key} {value}
                  1 {key} {value}
                  2 {key} {value}
                filter predicates:
                  0 
                  1 {(key > 10)}
                  2 
                keys:
                  0 key (type: string)
                  1 key (type: string)
                  2 key (type: string)
        src3 
          TableScan
            alias: src3
            Statistics: Num rows: 29 Data size: 5812 Basic stats: COMPLETE Column stats: NONE
            Filter Operator
              predicate: (key < 10) (type: boolean)
              Statistics: Num rows: 9 Data size: 1803 Basic stats: COMPLETE Column stats: NONE
              HashTable Sink Operator
                condition expressions:
                  0 {key} {value}
                  1 {key} {value}
                  2 {key} {value}
                filter predicates:
                  0 
                  1 {(key > 10)}
                  2 
                keys:
                  0 key (type: string)
                  1 key (type: string)
                  2 key (type: string)

  Stage: Stage-2
    Map Reduce
      Map Operator Tree:
          TableScan
            alias: src2
            Statistics: Num rows: 29 Data size: 5812 Basic stats: COMPLETE Column stats: NONE
            Map Join Operator
              condition map:
                   Right Outer Join0 to 1
                   Left Outer Join1 to 2
              condition expressions:
                0 {key} {value}
                1 {key} {value}
                2 {key} {value}
              filter predicates:
                0 
                1 {(key > 10)}
                2 
              keys:
                0 key (type: string)
                1 key (type: string)
                2 key (type: string)
              outputColumnNames: _col0, _col1, _col4, _col5, _col8, _col9
              Statistics: Num rows: 63 Data size: 12786 Basic stats: COMPLETE Column stats: NONE
              Select Operator
                expressions: _col0 (type: string), _col1 (type: string), _col4 (type: string), _col5 (type: string), _col8 (type: string), _col9 (type: string)
                outputColumnNames: _col0, _col1, _col2, _col3, _col4, _col5
                Statistics: Num rows: 63 Data size: 12786 Basic stats: COMPLETE Column stats: NONE
                Reduce Output Operator
                  key expressions: _col0 (type: string), _col1 (type: string), _col2 (type: string), _col3 (type: string), _col4 (type: string), _col5 (type: string)
                  sort order: ++++++
                  Statistics: Num rows: 63 Data size: 12786 Basic stats: COMPLETE Column stats: NONE
                  value expressions: _col0 (type: string), _col1 (type: string), _col2 (type: string), _col3 (type: string), _col4 (type: string), _col5 (type: string)
      Local Work:
        Map Reduce Local Work
      Reduce Operator Tree:
        Extract
          Statistics: Num rows: 63 Data size: 12786 Basic stats: COMPLETE Column stats: NONE
          File Output Operator
            compressed: false
            Statistics: Num rows: 63 Data size: 12786 Basic stats: COMPLETE Column stats: NONE
            table:
                input format: org.apache.hadoop.mapred.TextInputFormat
                output format: org.apache.hadoop.hive.ql.io.HiveIgnoreKeyTextOutputFormat
                serde: org.apache.hadoop.hive.serde2.lazy.LazySimpleSerDe

  Stage: Stage-0
    Fetch Operator
      limit: -1

PREHOOK: query: explain
SELECT * FROM src src1 RIGHT OUTER JOIN src src2 ON (src1.key = src2.key AND src1.key < 10 AND src2.key > 10) RIGHT OUTER JOIN src src3 ON (src2.key = src3.key AND src3.key < 10) SORT BY src1.key, src1.value, src2.key, src2.value, src3.key, src3.value
PREHOOK: type: QUERY
POSTHOOK: query: explain
SELECT * FROM src src1 RIGHT OUTER JOIN src src2 ON (src1.key = src2.key AND src1.key < 10 AND src2.key > 10) RIGHT OUTER JOIN src src3 ON (src2.key = src3.key AND src3.key < 10) SORT BY src1.key, src1.value, src2.key, src2.value, src3.key, src3.value
POSTHOOK: type: QUERY
STAGE DEPENDENCIES:
  Stage-6 is a root stage
  Stage-2 depends on stages: Stage-6
  Stage-0 is a root stage

STAGE PLANS:
  Stage: Stage-6
    Map Reduce Local Work
      Alias -> Map Local Tables:
        src1 
          Fetch Operator
            limit: -1
        src2 
          Fetch Operator
            limit: -1
      Alias -> Map Local Operator Tree:
        src1 
          TableScan
            alias: src1
            Statistics: Num rows: 29 Data size: 5812 Basic stats: COMPLETE Column stats: NONE
            Filter Operator
              predicate: (key < 10) (type: boolean)
              Statistics: Num rows: 9 Data size: 1803 Basic stats: COMPLETE Column stats: NONE
              HashTable Sink Operator
                condition expressions:
                  0 {key} {value}
                  1 {key} {value}
                  2 {key} {value}
                filter predicates:
                  0 
                  1 {(key > 10)}
                  2 {(key < 10)}
                keys:
                  0 key (type: string)
                  1 key (type: string)
                  2 key (type: string)
        src2 
          TableScan
            alias: src2
            Statistics: Num rows: 29 Data size: 5812 Basic stats: COMPLETE Column stats: NONE
            HashTable Sink Operator
              condition expressions:
                0 {key} {value}
                1 {key} {value}
                2 {key} {value}
              filter predicates:
                0 
                1 {(key > 10)}
                2 {(key < 10)}
              keys:
                0 key (type: string)
                1 key (type: string)
                2 key (type: string)

  Stage: Stage-2
    Map Reduce
      Map Operator Tree:
          TableScan
            alias: src3
            Statistics: Num rows: 29 Data size: 5812 Basic stats: COMPLETE Column stats: NONE
            Map Join Operator
              condition map:
                   Right Outer Join0 to 1
                   Right Outer Join1 to 2
              condition expressions:
                0 {key} {value}
                1 {key} {value}
                2 {key} {value}
              filter predicates:
                0 
                1 {(key > 10)}
                2 {(key < 10)}
              keys:
                0 key (type: string)
                1 key (type: string)
                2 key (type: string)
              outputColumnNames: _col0, _col1, _col4, _col5, _col8, _col9
              Statistics: Num rows: 63 Data size: 12786 Basic stats: COMPLETE Column stats: NONE
              Select Operator
                expressions: _col0 (type: string), _col1 (type: string), _col4 (type: string), _col5 (type: string), _col8 (type: string), _col9 (type: string)
                outputColumnNames: _col0, _col1, _col2, _col3, _col4, _col5
                Statistics: Num rows: 63 Data size: 12786 Basic stats: COMPLETE Column stats: NONE
                Reduce Output Operator
                  key expressions: _col0 (type: string), _col1 (type: string), _col2 (type: string), _col3 (type: string), _col4 (type: string), _col5 (type: string)
                  sort order: ++++++
                  Statistics: Num rows: 63 Data size: 12786 Basic stats: COMPLETE Column stats: NONE
                  value expressions: _col0 (type: string), _col1 (type: string), _col2 (type: string), _col3 (type: string), _col4 (type: string), _col5 (type: string)
      Local Work:
        Map Reduce Local Work
      Reduce Operator Tree:
        Extract
          Statistics: Num rows: 63 Data size: 12786 Basic stats: COMPLETE Column stats: NONE
          File Output Operator
            compressed: false
            Statistics: Num rows: 63 Data size: 12786 Basic stats: COMPLETE Column stats: NONE
            table:
                input format: org.apache.hadoop.mapred.TextInputFormat
                output format: org.apache.hadoop.hive.ql.io.HiveIgnoreKeyTextOutputFormat
                serde: org.apache.hadoop.hive.serde2.lazy.LazySimpleSerDe

  Stage: Stage-0
    Fetch Operator
      limit: -1

