Warning: Map Join MAPJOIN[14][bigTable=?] in task 'Stage-2:MAPRED' is a cross product
PREHOOK: query: explain 
SELECT  *  FROM src src1 JOIN src src2 WHERE src1.key < 10 and src2.key < 10 SORT BY src1.key, src1.value, src2.key, src2.value
PREHOOK: type: QUERY
POSTHOOK: query: explain 
SELECT  *  FROM src src1 JOIN src src2 WHERE src1.key < 10 and src2.key < 10 SORT BY src1.key, src1.value, src2.key, src2.value
POSTHOOK: type: QUERY
STAGE DEPENDENCIES:
  Stage-5 is a root stage
  Stage-2 depends on stages: Stage-5
  Stage-0 is a root stage

STAGE PLANS:
  Stage: Stage-5
    Map Reduce Local Work
      Alias -> Map Local Tables:
        src1 
          Fetch Operator
            limit: -1
      Alias -> Map Local Operator Tree:
        src1 
          TableScan
            alias: src1
            Statistics: Num rows: 29 Data size: 5812 Basic stats: COMPLETE Column stats: NONE
            Filter Operator
              predicate: (key < 10) (type: boolean)
              Statistics: Num rows: 9 Data size: 1803 Basic stats: COMPLETE Column stats: NONE
              HashTable Sink Operator
                condition expressions:
                  0 {key} {value}
                  1 {key} {value}
                keys:
                  0 
                  1 

  Stage: Stage-2
    Map Reduce
      Map Operator Tree:
          TableScan
            alias: src2
            Statistics: Num rows: 29 Data size: 5812 Basic stats: COMPLETE Column stats: NONE
            Filter Operator
              predicate: (key < 10) (type: boolean)
              Statistics: Num rows: 9 Data size: 1803 Basic stats: COMPLETE Column stats: NONE
              Map Join Operator
                condition map:
                     Inner Join 0 to 1
                condition expressions:
                  0 {key} {value}
                  1 {key} {value}
                keys:
                  0 
                  1 
                outputColumnNames: _col0, _col1, _col4, _col5
                Statistics: Num rows: 9 Data size: 1983 Basic stats: COMPLETE Column stats: NONE
                Select Operator
                  expressions: _col0 (type: string), _col1 (type: string), _col4 (type: string), _col5 (type: string)
                  outputColumnNames: _col0, _col1, _col2, _col3
                  Statistics: Num rows: 9 Data size: 1983 Basic stats: COMPLETE Column stats: NONE
                  Reduce Output Operator
                    key expressions: _col0 (type: string), _col1 (type: string), _col2 (type: string), _col3 (type: string)
                    sort order: ++++
                    Statistics: Num rows: 9 Data size: 1983 Basic stats: COMPLETE Column stats: NONE
                    value expressions: _col0 (type: string), _col1 (type: string), _col2 (type: string), _col3 (type: string)
      Local Work:
        Map Reduce Local Work
      Reduce Operator Tree:
        Extract
          Statistics: Num rows: 9 Data size: 1983 Basic stats: COMPLETE Column stats: NONE
          File Output Operator
            compressed: false
            Statistics: Num rows: 9 Data size: 1983 Basic stats: COMPLETE Column stats: NONE
            table:
                input format: org.apache.hadoop.mapred.TextInputFormat
                output format: org.apache.hadoop.hive.ql.io.HiveIgnoreKeyTextOutputFormat
                serde: org.apache.hadoop.hive.serde2.lazy.LazySimpleSerDe

  Stage: Stage-0
    Fetch Operator
      limit: -1

Warning: Map Join MAPJOIN[14][bigTable=?] in task 'Stage-2:MAPRED' is a cross product
PREHOOK: query: SELECT  *  FROM src src1 JOIN src src2 WHERE src1.key < 10 and src2.key < 10 SORT BY src1.key, src1.value, src2.key, src2.value
PREHOOK: type: QUERY
PREHOOK: Input: default@src
#### A masked pattern was here ####
POSTHOOK: query: SELECT  *  FROM src src1 JOIN src src2 WHERE src1.key < 10 and src2.key < 10 SORT BY src1.key, src1.value, src2.key, src2.value
POSTHOOK: type: QUERY
POSTHOOK: Input: default@src
#### A masked pattern was here ####
0	val_0	0	val_0
0	val_0	0	val_0
0	val_0	0	val_0
0	val_0	0	val_0
0	val_0	0	val_0
0	val_0	0	val_0
0	val_0	0	val_0
0	val_0	0	val_0
0	val_0	0	val_0
0	val_0	2	val_2
0	val_0	2	val_2
0	val_0	2	val_2
0	val_0	4	val_4
0	val_0	4	val_4
0	val_0	4	val_4
0	val_0	5	val_5
0	val_0	5	val_5
0	val_0	5	val_5
0	val_0	5	val_5
0	val_0	5	val_5
0	val_0	5	val_5
0	val_0	5	val_5
0	val_0	5	val_5
0	val_0	5	val_5
0	val_0	8	val_8
0	val_0	8	val_8
0	val_0	8	val_8
0	val_0	9	val_9
0	val_0	9	val_9
0	val_0	9	val_9
2	val_2	0	val_0
2	val_2	0	val_0
2	val_2	0	val_0
2	val_2	2	val_2
2	val_2	4	val_4
2	val_2	5	val_5
2	val_2	5	val_5
2	val_2	5	val_5
2	val_2	8	val_8
2	val_2	9	val_9
4	val_4	0	val_0
4	val_4	0	val_0
4	val_4	0	val_0
4	val_4	2	val_2
4	val_4	4	val_4
4	val_4	5	val_5
4	val_4	5	val_5
4	val_4	5	val_5
4	val_4	8	val_8
4	val_4	9	val_9
5	val_5	0	val_0
5	val_5	0	val_0
5	val_5	0	val_0
5	val_5	0	val_0
5	val_5	0	val_0
5	val_5	0	val_0
5	val_5	0	val_0
5	val_5	0	val_0
5	val_5	0	val_0
5	val_5	2	val_2
5	val_5	2	val_2
5	val_5	2	val_2
5	val_5	4	val_4
5	val_5	4	val_4
5	val_5	4	val_4
5	val_5	5	val_5
5	val_5	5	val_5
5	val_5	5	val_5
5	val_5	5	val_5
5	val_5	5	val_5
5	val_5	5	val_5
5	val_5	5	val_5
5	val_5	5	val_5
5	val_5	5	val_5
5	val_5	8	val_8
5	val_5	8	val_8
5	val_5	8	val_8
5	val_5	9	val_9
5	val_5	9	val_9
5	val_5	9	val_9
8	val_8	0	val_0
8	val_8	0	val_0
8	val_8	0	val_0
8	val_8	2	val_2
8	val_8	4	val_4
8	val_8	5	val_5
8	val_8	5	val_5
8	val_8	5	val_5
8	val_8	8	val_8
8	val_8	9	val_9
9	val_9	0	val_0
9	val_9	0	val_0
9	val_9	0	val_0
9	val_9	2	val_2
9	val_9	4	val_4
9	val_9	5	val_5
9	val_9	5	val_5
9	val_9	5	val_5
9	val_9	8	val_8
9	val_9	9	val_9
