PREHOOK: query: explain
FROM 
(SELECT src.* FROM src) x
JOIN 
(SELECT src.* FROM src) Y
ON (x.key = Y.key)
select sum(hash(Y.key,Y.value))
PREHOOK: type: QUERY
POSTHOOK: query: explain
FROM 
(SELECT src.* FROM src) x
JOIN 
(SELECT src.* FROM src) Y
ON (x.key = Y.key)
select sum(hash(Y.key,Y.value))
POSTHOOK: type: QUERY
STAGE DEPENDENCIES:
  Stage-5 is a root stage
  Stage-2 depends on stages: Stage-5
  Stage-0 is a root stage

STAGE PLANS:
  Stage: Stage-5
    Map Reduce Local Work
      Alias -> Map Local Tables:
        x:src 
          Fetch Operator
            limit: -1
      Alias -> Map Local Operator Tree:
        x:src 
          TableScan
            alias: src
            Statistics: Num rows: 58 Data size: 5812 Basic stats: COMPLETE Column stats: NONE
            Select Operator
              expressions: key (type: string)
              outputColumnNames: _col0
              Statistics: Num rows: 58 Data size: 5812 Basic stats: COMPLETE Column stats: NONE
              HashTable Sink Operator
                condition expressions:
                  0 
                  1 {_col0} {_col1}
                keys:
                  0 _col0 (type: string)
                  1 _col0 (type: string)

  Stage: Stage-2
    Map Reduce
      Map Operator Tree:
          TableScan
            alias: src
            Statistics: Num rows: 29 Data size: 5812 Basic stats: COMPLETE Column stats: NONE
            Select Operator
              expressions: key (type: string), value (type: string)
              outputColumnNames: _col0, _col1
              Statistics: Num rows: 29 Data size: 5812 Basic stats: COMPLETE Column stats: NONE
              Map Join Operator
                condition map:
                     Inner Join 0 to 1
                condition expressions:
                  0 
                  1 {_col0} {_col1}
                keys:
                  0 _col0 (type: string)
                  1 _col0 (type: string)
                outputColumnNames: _col2, _col3
                Statistics: Num rows: 63 Data size: 6393 Basic stats: COMPLETE Column stats: NONE
                Select Operator
                  expressions: _col2 (type: string), _col3 (type: string)
                  outputColumnNames: _col2, _col3
                  Statistics: Num rows: 63 Data size: 6393 Basic stats: COMPLETE Column stats: NONE
                  Group By Operator
                    aggregations: sum(hash(_col2,_col3))
                    mode: hash
                    outputColumnNames: _col0
                    Statistics: Num rows: 1 Data size: 8 Basic stats: COMPLETE Column stats: NONE
                    Reduce Output Operator
                      sort order: 
                      Statistics: Num rows: 1 Data size: 8 Basic stats: COMPLETE Column stats: NONE
                      value expressions: _col0 (type: bigint)
      Local Work:
        Map Reduce Local Work
      Reduce Operator Tree:
        Group By Operator
          aggregations: sum(VALUE._col0)
          mode: mergepartial
          outputColumnNames: _col0
          Statistics: Num rows: 1 Data size: 8 Basic stats: COMPLETE Column stats: NONE
          Select Operator
            expressions: _col0 (type: bigint)
            outputColumnNames: _col0
            Statistics: Num rows: 1 Data size: 8 Basic stats: COMPLETE Column stats: NONE
            File Output Operator
              compressed: false
              Statistics: Num rows: 1 Data size: 8 Basic stats: COMPLETE Column stats: NONE
              table:
                  input format: org.apache.hadoop.mapred.TextInputFormat
                  output format: org.apache.hadoop.hive.ql.io.HiveIgnoreKeyTextOutputFormat
                  serde: org.apache.hadoop.hive.serde2.lazy.LazySimpleSerDe

  Stage: Stage-0
    Fetch Operator
      limit: -1

PREHOOK: query: FROM 
(SELECT src.* FROM src) x
JOIN 
(SELECT src.* FROM src) Y
ON (x.key = Y.key)
select sum(hash(Y.key,Y.value))
PREHOOK: type: QUERY
PREHOOK: Input: default@src
#### A masked pattern was here ####
POSTHOOK: query: FROM 
(SELECT src.* FROM src) x
JOIN 
(SELECT src.* FROM src) Y
ON (x.key = Y.key)
select sum(hash(Y.key,Y.value))
POSTHOOK: type: QUERY
POSTHOOK: Input: default@src
#### A masked pattern was here ####
103231310608
