PREHOOK: query: CREATE TABLE dest_j2(key INT, value STRING) STORED AS TEXTFILE
PREHOOK: type: CREATETABLE
PREHOOK: Output: database:default
POSTHOOK: query: CREATE TABLE dest_j2(key INT, value STRING) STORED AS TEXTFILE
POSTHOOK: type: CREATETABLE
POSTHOOK: Output: database:default
POSTHOOK: Output: default@dest_j2
PREHOOK: query: explain
FROM src src1 JOIN src src2 ON (src1.key = src2.key) JOIN src src3 ON (src1.key + src2.key = src3.key)
INSERT OVERWRITE TABLE dest_j2 SELECT src1.key, src3.value
PREHOOK: type: QUERY
POSTHOOK: query: explain
FROM src src1 JOIN src src2 ON (src1.key = src2.key) JOIN src src3 ON (src1.key + src2.key = src3.key)
INSERT OVERWRITE TABLE dest_j2 SELECT src1.key, src3.value
POSTHOOK: type: QUERY
STAGE DEPENDENCIES:
  Stage-8 is a root stage
  Stage-6 depends on stages: Stage-8
  Stage-0 depends on stages: Stage-6
  Stage-3 depends on stages: Stage-0

STAGE PLANS:
  Stage: Stage-8
    Map Reduce Local Work
      Alias -> Map Local Tables:
        src1 
          Fetch Operator
            limit: -1
        src3 
          Fetch Operator
            limit: -1
      Alias -> Map Local Operator Tree:
        src1 
          TableScan
            alias: src1
            Statistics: Num rows: 58 Data size: 5812 Basic stats: COMPLETE Column stats: NONE
            HashTable Sink Operator
              condition expressions:
                0 {key}
                1 {key}
              keys:
                0 key (type: string)
                1 key (type: string)
        src3 
          TableScan
            alias: src3
            Statistics: Num rows: 29 Data size: 5812 Basic stats: COMPLETE Column stats: NONE
            HashTable Sink Operator
              condition expressions:
                0 {_col0}
                1 {value}
              keys:
                0 (_col0 + _col4) (type: double)
                1 UDFToDouble(key) (type: double)

  Stage: Stage-6
    Map Reduce
      Map Operator Tree:
          TableScan
            alias: src2
            Statistics: Num rows: 58 Data size: 5812 Basic stats: COMPLETE Column stats: NONE
            Map Join Operator
              condition map:
                   Inner Join 0 to 1
              condition expressions:
                0 {key}
                1 {key}
              keys:
                0 key (type: string)
                1 key (type: string)
              outputColumnNames: _col0, _col4
              Statistics: Num rows: 63 Data size: 6393 Basic stats: COMPLETE Column stats: NONE
              Map Join Operator
                condition map:
                     Inner Join 0 to 1
                condition expressions:
                  0 {_col0}
                  1 {value}
                keys:
                  0 (_col0 + _col4) (type: double)
                  1 UDFToDouble(key) (type: double)
                outputColumnNames: _col4, _col9
                Statistics: Num rows: 69 Data size: 7032 Basic stats: COMPLETE Column stats: NONE
                Select Operator
                  expressions: UDFToInteger(_col4) (type: int), _col9 (type: string)
                  outputColumnNames: _col0, _col1
                  Statistics: Num rows: 69 Data size: 7032 Basic stats: COMPLETE Column stats: NONE
                  File Output Operator
                    compressed: false
                    Statistics: Num rows: 69 Data size: 7032 Basic stats: COMPLETE Column stats: NONE
                    table:
                        input format: org.apache.hadoop.mapred.TextInputFormat
                        output format: org.apache.hadoop.hive.ql.io.HiveIgnoreKeyTextOutputFormat
                        serde: org.apache.hadoop.hive.serde2.lazy.LazySimpleSerDe
                        name: default.dest_j2
      Local Work:
        Map Reduce Local Work

  Stage: Stage-0
    Move Operator
      tables:
          replace: true
          table:
              input format: org.apache.hadoop.mapred.TextInputFormat
              output format: org.apache.hadoop.hive.ql.io.HiveIgnoreKeyTextOutputFormat
              serde: org.apache.hadoop.hive.serde2.lazy.LazySimpleSerDe
              name: default.dest_j2

  Stage: Stage-3
    Stats-Aggr Operator

PREHOOK: query: FROM src src1 JOIN src src2 ON (src1.key = src2.key) JOIN src src3 ON (src1.key + src2.key = src3.key)
INSERT OVERWRITE TABLE dest_j2 SELECT src1.key, src3.value
PREHOOK: type: QUERY
PREHOOK: Input: default@src
PREHOOK: Output: default@dest_j2
POSTHOOK: query: FROM src src1 JOIN src src2 ON (src1.key = src2.key) JOIN src src3 ON (src1.key + src2.key = src3.key)
INSERT OVERWRITE TABLE dest_j2 SELECT src1.key, src3.value
POSTHOOK: type: QUERY
POSTHOOK: Input: default@src
POSTHOOK: Output: default@dest_j2
POSTHOOK: Lineage: dest_j2.key EXPRESSION [(src)src1.FieldSchema(name:key, type:string, comment:default), ]
POSTHOOK: Lineage: dest_j2.value SIMPLE [(src)src3.FieldSchema(name:value, type:string, comment:default), ]
PREHOOK: query: SELECT sum(hash(dest_j2.key,dest_j2.value)) FROM dest_j2
PREHOOK: type: QUERY
PREHOOK: Input: default@dest_j2
#### A masked pattern was here ####
POSTHOOK: query: SELECT sum(hash(dest_j2.key,dest_j2.value)) FROM dest_j2
POSTHOOK: type: QUERY
POSTHOOK: Input: default@dest_j2
#### A masked pattern was here ####
POSTHOOK: Lineage: dest_j2.key EXPRESSION [(src)src1.FieldSchema(name:key, type:string, comment:default), ]
POSTHOOK: Lineage: dest_j2.value SIMPLE [(src)src3.FieldSchema(name:value, type:string, comment:default), ]
33815990627
