PREHOOK: query: -- Currently, correlation optimizer does not support PTF operator
EXPLAIN SELECT xx.key, xx.cnt, yy.key, yy.cnt
FROM
(SELECT x.key as key, count(x.value) OVER (PARTITION BY x.key) AS cnt FROM src x) xx
JOIN
(SELECT y.key as key, count(y.value) OVER (PARTITION BY y.key) AS cnt FROM src1 y) yy
ON (xx.key=yy.key)
PREHOOK: type: QUERY
POSTHOOK: query: -- Currently, correlation optimizer does not support PTF operator
EXPLAIN SELECT xx.key, xx.cnt, yy.key, yy.cnt
FROM
(SELECT x.key as key, count(x.value) OVER (PARTITION BY x.key) AS cnt FROM src x) xx
JOIN
(SELECT y.key as key, count(y.value) OVER (PARTITION BY y.key) AS cnt FROM src1 y) yy
ON (xx.key=yy.key)
POSTHOOK: type: QUERY
STAGE DEPENDENCIES:
  Stage-1 is a root stage
  Stage-2 depends on stages: Stage-1, Stage-3
  Stage-3 is a root stage
  Stage-0 is a root stage

STAGE PLANS:
  Stage: Stage-1
    Map Reduce
      Map Operator Tree:
          TableScan
            alias: y
            Statistics: Num rows: 1 Data size: 216 Basic stats: COMPLETE Column stats: NONE
            Reduce Output Operator
              key expressions: key (type: string), key (type: string)
              sort order: ++
              Map-reduce partition columns: key (type: string)
              Statistics: Num rows: 1 Data size: 216 Basic stats: COMPLETE Column stats: NONE
              value expressions: key (type: string), value (type: string)
      Reduce Operator Tree:
        Extract
          Statistics: Num rows: 1 Data size: 216 Basic stats: COMPLETE Column stats: NONE
          PTF Operator
            Statistics: Num rows: 1 Data size: 216 Basic stats: COMPLETE Column stats: NONE
            Select Operator
              expressions: _col0 (type: string), _wcol0 (type: bigint)
              outputColumnNames: _col0, _col1
              Statistics: Num rows: 1 Data size: 216 Basic stats: COMPLETE Column stats: NONE
              File Output Operator
                compressed: false
                table:
                    input format: org.apache.hadoop.mapred.SequenceFileInputFormat
                    output format: org.apache.hadoop.hive.ql.io.HiveSequenceFileOutputFormat
                    serde: org.apache.hadoop.hive.serde2.lazybinary.LazyBinarySerDe

  Stage: Stage-2
    Map Reduce
      Map Operator Tree:
          TableScan
            Reduce Output Operator
              key expressions: _col0 (type: string)
              sort order: +
              Map-reduce partition columns: _col0 (type: string)
              Statistics: Num rows: 1 Data size: 216 Basic stats: COMPLETE Column stats: NONE
              value expressions: _col0 (type: string), _col1 (type: bigint)
          TableScan
            Reduce Output Operator
              key expressions: _col0 (type: string)
              sort order: +
              Map-reduce partition columns: _col0 (type: string)
              Statistics: Num rows: 29 Data size: 5812 Basic stats: COMPLETE Column stats: NONE
              value expressions: _col0 (type: string), _col1 (type: bigint)
      Reduce Operator Tree:
        Join Operator
          condition map:
               Inner Join 0 to 1
          condition expressions:
            0 {VALUE._col0} {VALUE._col1}
            1 {VALUE._col0} {VALUE._col1}
          outputColumnNames: _col0, _col1, _col2, _col3
          Statistics: Num rows: 31 Data size: 6393 Basic stats: COMPLETE Column stats: NONE
          Select Operator
            expressions: _col0 (type: string), _col1 (type: bigint), _col2 (type: string), _col3 (type: bigint)
            outputColumnNames: _col0, _col1, _col2, _col3
            Statistics: Num rows: 31 Data size: 6393 Basic stats: COMPLETE Column stats: NONE
            File Output Operator
              compressed: false
              Statistics: Num rows: 31 Data size: 6393 Basic stats: COMPLETE Column stats: NONE
              table:
                  input format: org.apache.hadoop.mapred.TextInputFormat
                  output format: org.apache.hadoop.hive.ql.io.HiveIgnoreKeyTextOutputFormat
                  serde: org.apache.hadoop.hive.serde2.lazy.LazySimpleSerDe

  Stage: Stage-3
    Map Reduce
      Map Operator Tree:
          TableScan
            alias: x
            Statistics: Num rows: 29 Data size: 5812 Basic stats: COMPLETE Column stats: NONE
            Reduce Output Operator
              key expressions: key (type: string), key (type: string)
              sort order: ++
              Map-reduce partition columns: key (type: string)
              Statistics: Num rows: 29 Data size: 5812 Basic stats: COMPLETE Column stats: NONE
              value expressions: key (type: string), value (type: string)
      Reduce Operator Tree:
        Extract
          Statistics: Num rows: 29 Data size: 5812 Basic stats: COMPLETE Column stats: NONE
          PTF Operator
            Statistics: Num rows: 29 Data size: 5812 Basic stats: COMPLETE Column stats: NONE
            Select Operator
              expressions: _col0 (type: string), _wcol0 (type: bigint)
              outputColumnNames: _col0, _col1
              Statistics: Num rows: 29 Data size: 5812 Basic stats: COMPLETE Column stats: NONE
              File Output Operator
                compressed: false
                table:
                    input format: org.apache.hadoop.mapred.SequenceFileInputFormat
                    output format: org.apache.hadoop.hive.ql.io.HiveSequenceFileOutputFormat
                    serde: org.apache.hadoop.hive.serde2.lazybinary.LazyBinarySerDe

  Stage: Stage-0
    Fetch Operator
      limit: -1

