PREHOOK: query: -- When Correlation Optimizer is turned off, 6 MR jobs are needed.
-- When Correlation Optimizer is turned on, 2 MR jobs are needed.
-- The first job will evaluate subquery xx, subquery yy, and xx join yy.
EXPLAIN
SELECT xx.key, xx.cnt, yy.key, yy.cnt
FROM
(SELECT x.key as key, count(1) as cnt FROM src1 x JOIN src1 y ON (x.key = y.key) group by x.key) xx
JOIN
(SELECT x.key as key, count(1) as cnt FROM src x JOIN src y ON (x.key = y.key) group by x.key) yy
ON xx.key=yy.key ORDER BY xx.key, xx.cnt, yy.key, yy.cnt
PREHOOK: type: QUERY
POSTHOOK: query: -- When Correlation Optimizer is turned off, 6 MR jobs are needed.
-- When Correlation Optimizer is turned on, 2 MR jobs are needed.
-- The first job will evaluate subquery xx, subquery yy, and xx join yy.
EXPLAIN
SELECT xx.key, xx.cnt, yy.key, yy.cnt
FROM
(SELECT x.key as key, count(1) as cnt FROM src1 x JOIN src1 y ON (x.key = y.key) group by x.key) xx
JOIN
(SELECT x.key as key, count(1) as cnt FROM src x JOIN src y ON (x.key = y.key) group by x.key) yy
ON xx.key=yy.key ORDER BY xx.key, xx.cnt, yy.key, yy.cnt
POSTHOOK: type: QUERY
STAGE DEPENDENCIES:
  Stage-1 is a root stage
  Stage-2 depends on stages: Stage-1
  Stage-3 depends on stages: Stage-2, Stage-7
  Stage-4 depends on stages: Stage-3
  Stage-6 is a root stage
  Stage-7 depends on stages: Stage-6
  Stage-0 is a root stage

STAGE PLANS:
  Stage: Stage-1
    Map Reduce
      Map Operator Tree:
          TableScan
            alias: x
            Statistics: Num rows: 58 Data size: 5812 Basic stats: COMPLETE Column stats: NONE
            Reduce Output Operator
              key expressions: key (type: string)
              sort order: +
              Map-reduce partition columns: key (type: string)
              Statistics: Num rows: 58 Data size: 5812 Basic stats: COMPLETE Column stats: NONE
              value expressions: key (type: string)
          TableScan
            alias: y
            Statistics: Num rows: 58 Data size: 5812 Basic stats: COMPLETE Column stats: NONE
            Reduce Output Operator
              key expressions: key (type: string)
              sort order: +
              Map-reduce partition columns: key (type: string)
              Statistics: Num rows: 58 Data size: 5812 Basic stats: COMPLETE Column stats: NONE
      Reduce Operator Tree:
        Join Operator
          condition map:
               Inner Join 0 to 1
          condition expressions:
            0 {VALUE._col0}
            1 
          outputColumnNames: _col0
          Statistics: Num rows: 63 Data size: 6393 Basic stats: COMPLETE Column stats: NONE
          Select Operator
            expressions: _col0 (type: string)
            outputColumnNames: _col0
            Statistics: Num rows: 63 Data size: 6393 Basic stats: COMPLETE Column stats: NONE
            Group By Operator
              aggregations: count(1)
              keys: _col0 (type: string)
              mode: hash
              outputColumnNames: _col0, _col1
              Statistics: Num rows: 63 Data size: 6393 Basic stats: COMPLETE Column stats: NONE
              File Output Operator
                compressed: false
                table:
                    input format: org.apache.hadoop.mapred.SequenceFileInputFormat
                    output format: org.apache.hadoop.hive.ql.io.HiveSequenceFileOutputFormat
                    serde: org.apache.hadoop.hive.serde2.lazybinary.LazyBinarySerDe

  Stage: Stage-2
    Map Reduce
      Map Operator Tree:
          TableScan
            Reduce Output Operator
              key expressions: _col0 (type: string)
              sort order: +
              Map-reduce partition columns: _col0 (type: string)
              Statistics: Num rows: 63 Data size: 6393 Basic stats: COMPLETE Column stats: NONE
              value expressions: _col1 (type: bigint)
      Reduce Operator Tree:
        Group By Operator
          aggregations: count(VALUE._col0)
          keys: KEY._col0 (type: string)
          mode: mergepartial
          outputColumnNames: _col0, _col1
          Statistics: Num rows: 31 Data size: 3145 Basic stats: COMPLETE Column stats: NONE
          Select Operator
            expressions: _col0 (type: string), _col1 (type: bigint)
            outputColumnNames: _col0, _col1
            Statistics: Num rows: 31 Data size: 3145 Basic stats: COMPLETE Column stats: NONE
            File Output Operator
              compressed: false
              table:
                  input format: org.apache.hadoop.mapred.SequenceFileInputFormat
                  output format: org.apache.hadoop.hive.ql.io.HiveSequenceFileOutputFormat
                  serde: org.apache.hadoop.hive.serde2.lazybinary.LazyBinarySerDe

  Stage: Stage-3
    Map Reduce
      Map Operator Tree:
          TableScan
            Reduce Output Operator
              key expressions: _col0 (type: string)
              sort order: +
              Map-reduce partition columns: _col0 (type: string)
              Statistics: Num rows: 31 Data size: 3145 Basic stats: COMPLETE Column stats: NONE
              value expressions: _col0 (type: string), _col1 (type: bigint)
          TableScan
            Reduce Output Operator
              key expressions: _col0 (type: string)
              sort order: +
              Map-reduce partition columns: _col0 (type: string)
              Statistics: Num rows: 1 Data size: 118 Basic stats: COMPLETE Column stats: NONE
              value expressions: _col0 (type: string), _col1 (type: bigint)
      Reduce Operator Tree:
        Join Operator
          condition map:
               Inner Join 0 to 1
          condition expressions:
            0 {VALUE._col0} {VALUE._col1}
            1 {VALUE._col0} {VALUE._col1}
          outputColumnNames: _col0, _col1, _col2, _col3
          Statistics: Num rows: 34 Data size: 3459 Basic stats: COMPLETE Column stats: NONE
          Select Operator
            expressions: _col0 (type: string), _col1 (type: bigint), _col2 (type: string), _col3 (type: bigint)
            outputColumnNames: _col0, _col1, _col2, _col3
            Statistics: Num rows: 34 Data size: 3459 Basic stats: COMPLETE Column stats: NONE
            File Output Operator
              compressed: false
              table:
                  input format: org.apache.hadoop.mapred.SequenceFileInputFormat
                  output format: org.apache.hadoop.hive.ql.io.HiveSequenceFileOutputFormat
                  serde: org.apache.hadoop.hive.serde2.lazybinary.LazyBinarySerDe

  Stage: Stage-4
    Map Reduce
      Map Operator Tree:
          TableScan
            Reduce Output Operator
              key expressions: _col0 (type: string), _col1 (type: bigint), _col2 (type: string), _col3 (type: bigint)
              sort order: ++++
              Statistics: Num rows: 34 Data size: 3459 Basic stats: COMPLETE Column stats: NONE
              value expressions: _col0 (type: string), _col1 (type: bigint), _col2 (type: string), _col3 (type: bigint)
      Reduce Operator Tree:
        Extract
          Statistics: Num rows: 34 Data size: 3459 Basic stats: COMPLETE Column stats: NONE
          File Output Operator
            compressed: false
            Statistics: Num rows: 34 Data size: 3459 Basic stats: COMPLETE Column stats: NONE
            table:
                input format: org.apache.hadoop.mapred.TextInputFormat
                output format: org.apache.hadoop.hive.ql.io.HiveIgnoreKeyTextOutputFormat
                serde: org.apache.hadoop.hive.serde2.lazy.LazySimpleSerDe

  Stage: Stage-6
    Map Reduce
      Map Operator Tree:
          TableScan
            alias: x
            Statistics: Num rows: 2 Data size: 216 Basic stats: COMPLETE Column stats: NONE
            Reduce Output Operator
              key expressions: key (type: string)
              sort order: +
              Map-reduce partition columns: key (type: string)
              Statistics: Num rows: 2 Data size: 216 Basic stats: COMPLETE Column stats: NONE
              value expressions: key (type: string)
          TableScan
            alias: y
            Statistics: Num rows: 2 Data size: 216 Basic stats: COMPLETE Column stats: NONE
            Reduce Output Operator
              key expressions: key (type: string)
              sort order: +
              Map-reduce partition columns: key (type: string)
              Statistics: Num rows: 2 Data size: 216 Basic stats: COMPLETE Column stats: NONE
      Reduce Operator Tree:
        Join Operator
          condition map:
               Inner Join 0 to 1
          condition expressions:
            0 {VALUE._col0}
            1 
          outputColumnNames: _col0
          Statistics: Num rows: 2 Data size: 237 Basic stats: COMPLETE Column stats: NONE
          Select Operator
            expressions: _col0 (type: string)
            outputColumnNames: _col0
            Statistics: Num rows: 2 Data size: 237 Basic stats: COMPLETE Column stats: NONE
            Group By Operator
              aggregations: count(1)
              keys: _col0 (type: string)
              mode: hash
              outputColumnNames: _col0, _col1
              Statistics: Num rows: 2 Data size: 237 Basic stats: COMPLETE Column stats: NONE
              File Output Operator
                compressed: false
                table:
                    input format: org.apache.hadoop.mapred.SequenceFileInputFormat
                    output format: org.apache.hadoop.hive.ql.io.HiveSequenceFileOutputFormat
                    serde: org.apache.hadoop.hive.serde2.lazybinary.LazyBinarySerDe

  Stage: Stage-7
    Map Reduce
      Map Operator Tree:
          TableScan
            Reduce Output Operator
              key expressions: _col0 (type: string)
              sort order: +
              Map-reduce partition columns: _col0 (type: string)
              Statistics: Num rows: 2 Data size: 237 Basic stats: COMPLETE Column stats: NONE
              value expressions: _col1 (type: bigint)
      Reduce Operator Tree:
        Group By Operator
          aggregations: count(VALUE._col0)
          keys: KEY._col0 (type: string)
          mode: mergepartial
          outputColumnNames: _col0, _col1
          Statistics: Num rows: 1 Data size: 118 Basic stats: COMPLETE Column stats: NONE
          Select Operator
            expressions: _col0 (type: string), _col1 (type: bigint)
            outputColumnNames: _col0, _col1
            Statistics: Num rows: 1 Data size: 118 Basic stats: COMPLETE Column stats: NONE
            File Output Operator
              compressed: false
              table:
                  input format: org.apache.hadoop.mapred.SequenceFileInputFormat
                  output format: org.apache.hadoop.hive.ql.io.HiveSequenceFileOutputFormat
                  serde: org.apache.hadoop.hive.serde2.lazybinary.LazyBinarySerDe

  Stage: Stage-0
    Fetch Operator
      limit: -1

PREHOOK: query: SELECT xx.key, xx.cnt, yy.key, yy.cnt
FROM
(SELECT x.key as key, count(1) as cnt FROM src1 x JOIN src1 y ON (x.key = y.key) group by x.key) xx
JOIN
(SELECT x.key as key, count(1) as cnt FROM src x JOIN src y ON (x.key = y.key) group by x.key) yy
ON xx.key=yy.key ORDER BY xx.key, xx.cnt, yy.key, yy.cnt
PREHOOK: type: QUERY
PREHOOK: Input: default@src
PREHOOK: Input: default@src1
#### A masked pattern was here ####
POSTHOOK: query: SELECT xx.key, xx.cnt, yy.key, yy.cnt
FROM
(SELECT x.key as key, count(1) as cnt FROM src1 x JOIN src1 y ON (x.key = y.key) group by x.key) xx
JOIN
(SELECT x.key as key, count(1) as cnt FROM src x JOIN src y ON (x.key = y.key) group by x.key) yy
ON xx.key=yy.key ORDER BY xx.key, xx.cnt, yy.key, yy.cnt
POSTHOOK: type: QUERY
POSTHOOK: Input: default@src
POSTHOOK: Input: default@src1
#### A masked pattern was here ####
128	1	128	9
146	1	146	4
150	1	150	1
213	1	213	4
224	1	224	4
238	1	238	4
255	1	255	4
273	1	273	9
278	1	278	4
311	1	311	9
369	1	369	9
401	1	401	25
406	1	406	16
66	1	66	1
98	1	98	4
PREHOOK: query: EXPLAIN
SELECT xx.key, xx.cnt, yy.key, yy.cnt
FROM
(SELECT x.key as key, count(1) as cnt FROM src1 x JOIN src1 y ON (x.key = y.key) group by x.key) xx
JOIN
(SELECT x.key as key, count(1) as cnt FROM src x JOIN src y ON (x.key = y.key) group by x.key) yy
ON xx.key=yy.key ORDER BY xx.key, xx.cnt, yy.key, yy.cnt
PREHOOK: type: QUERY
POSTHOOK: query: EXPLAIN
SELECT xx.key, xx.cnt, yy.key, yy.cnt
FROM
(SELECT x.key as key, count(1) as cnt FROM src1 x JOIN src1 y ON (x.key = y.key) group by x.key) xx
JOIN
(SELECT x.key as key, count(1) as cnt FROM src x JOIN src y ON (x.key = y.key) group by x.key) yy
ON xx.key=yy.key ORDER BY xx.key, xx.cnt, yy.key, yy.cnt
POSTHOOK: type: QUERY
STAGE DEPENDENCIES:
  Stage-1 is a root stage
  Stage-2 depends on stages: Stage-1
  Stage-0 is a root stage

STAGE PLANS:
  Stage: Stage-1
    Map Reduce
      Map Operator Tree:
          TableScan
            alias: x
            Statistics: Num rows: 58 Data size: 5812 Basic stats: COMPLETE Column stats: NONE
            Reduce Output Operator
              key expressions: key (type: string)
              sort order: +
              Map-reduce partition columns: key (type: string)
              Statistics: Num rows: 58 Data size: 5812 Basic stats: COMPLETE Column stats: NONE
              value expressions: key (type: string)
          TableScan
            alias: y
            Statistics: Num rows: 58 Data size: 5812 Basic stats: COMPLETE Column stats: NONE
            Reduce Output Operator
              key expressions: key (type: string)
              sort order: +
              Map-reduce partition columns: key (type: string)
              Statistics: Num rows: 58 Data size: 5812 Basic stats: COMPLETE Column stats: NONE
          TableScan
            alias: x
            Statistics: Num rows: 2 Data size: 216 Basic stats: COMPLETE Column stats: NONE
            Reduce Output Operator
              key expressions: key (type: string)
              sort order: +
              Map-reduce partition columns: key (type: string)
              Statistics: Num rows: 2 Data size: 216 Basic stats: COMPLETE Column stats: NONE
              value expressions: key (type: string)
          TableScan
            alias: y
            Statistics: Num rows: 2 Data size: 216 Basic stats: COMPLETE Column stats: NONE
            Reduce Output Operator
              key expressions: key (type: string)
              sort order: +
              Map-reduce partition columns: key (type: string)
              Statistics: Num rows: 2 Data size: 216 Basic stats: COMPLETE Column stats: NONE
      Reduce Operator Tree:
        Demux Operator
          Statistics: Num rows: 120 Data size: 12056 Basic stats: COMPLETE Column stats: NONE
          Join Operator
            condition map:
                 Inner Join 0 to 1
            condition expressions:
              0 {VALUE._col0}
              1 
            outputColumnNames: _col0
            Statistics: Num rows: 0 Data size: 0 Basic stats: NONE Column stats: NONE
            Select Operator
              expressions: _col0 (type: string)
              outputColumnNames: _col0
              Statistics: Num rows: 0 Data size: 0 Basic stats: NONE Column stats: NONE
              Mux Operator
                Statistics: Num rows: 0 Data size: 0 Basic stats: NONE Column stats: NONE
                Group By Operator
                  aggregations: count(1)
                  keys: _col0 (type: string)
                  mode: complete
                  outputColumnNames: _col0, _col1
                  Statistics: Num rows: 0 Data size: 0 Basic stats: NONE Column stats: NONE
                  Select Operator
                    expressions: _col0 (type: string), _col1 (type: bigint)
                    outputColumnNames: _col0, _col1
                    Statistics: Num rows: 0 Data size: 0 Basic stats: NONE Column stats: NONE
                    Mux Operator
                      Statistics: Num rows: 0 Data size: 0 Basic stats: NONE Column stats: NONE
                      Join Operator
                        condition map:
                             Inner Join 0 to 1
                        condition expressions:
                          0 {VALUE._col0} {VALUE._col1}
                          1 {VALUE._col0} {VALUE._col1}
                        outputColumnNames: _col0, _col1, _col2, _col3
                        Statistics: Num rows: 0 Data size: 0 Basic stats: NONE Column stats: NONE
                        Select Operator
                          expressions: _col0 (type: string), _col1 (type: bigint), _col2 (type: string), _col3 (type: bigint)
                          outputColumnNames: _col0, _col1, _col2, _col3
                          Statistics: Num rows: 0 Data size: 0 Basic stats: NONE Column stats: NONE
                          File Output Operator
                            compressed: false
                            table:
                                input format: org.apache.hadoop.mapred.SequenceFileInputFormat
                                output format: org.apache.hadoop.hive.ql.io.HiveSequenceFileOutputFormat
                                serde: org.apache.hadoop.hive.serde2.lazybinary.LazyBinarySerDe
          Join Operator
            condition map:
                 Inner Join 0 to 1
            condition expressions:
              0 {VALUE._col0}
              1 
            outputColumnNames: _col0
            Statistics: Num rows: 0 Data size: 0 Basic stats: NONE Column stats: NONE
            Select Operator
              expressions: _col0 (type: string)
              outputColumnNames: _col0
              Statistics: Num rows: 0 Data size: 0 Basic stats: NONE Column stats: NONE
              Mux Operator
                Statistics: Num rows: 0 Data size: 0 Basic stats: NONE Column stats: NONE
                Group By Operator
                  aggregations: count(1)
                  keys: _col0 (type: string)
                  mode: complete
                  outputColumnNames: _col0, _col1
                  Statistics: Num rows: 0 Data size: 0 Basic stats: NONE Column stats: NONE
                  Select Operator
                    expressions: _col0 (type: string), _col1 (type: bigint)
                    outputColumnNames: _col0, _col1
                    Statistics: Num rows: 0 Data size: 0 Basic stats: NONE Column stats: NONE
                    Mux Operator
                      Statistics: Num rows: 0 Data size: 0 Basic stats: NONE Column stats: NONE
                      Join Operator
                        condition map:
                             Inner Join 0 to 1
                        condition expressions:
                          0 {VALUE._col0} {VALUE._col1}
                          1 {VALUE._col0} {VALUE._col1}
                        outputColumnNames: _col0, _col1, _col2, _col3
                        Statistics: Num rows: 0 Data size: 0 Basic stats: NONE Column stats: NONE
                        Select Operator
                          expressions: _col0 (type: string), _col1 (type: bigint), _col2 (type: string), _col3 (type: bigint)
                          outputColumnNames: _col0, _col1, _col2, _col3
                          Statistics: Num rows: 0 Data size: 0 Basic stats: NONE Column stats: NONE
                          File Output Operator
                            compressed: false
                            table:
                                input format: org.apache.hadoop.mapred.SequenceFileInputFormat
                                output format: org.apache.hadoop.hive.ql.io.HiveSequenceFileOutputFormat
                                serde: org.apache.hadoop.hive.serde2.lazybinary.LazyBinarySerDe

  Stage: Stage-2
    Map Reduce
      Map Operator Tree:
          TableScan
            Reduce Output Operator
              key expressions: _col0 (type: string), _col1 (type: bigint), _col2 (type: string), _col3 (type: bigint)
              sort order: ++++
              Statistics: Num rows: 0 Data size: 0 Basic stats: NONE Column stats: NONE
              value expressions: _col0 (type: string), _col1 (type: bigint), _col2 (type: string), _col3 (type: bigint)
      Reduce Operator Tree:
        Extract
          Statistics: Num rows: 0 Data size: 0 Basic stats: NONE Column stats: NONE
          File Output Operator
            compressed: false
            Statistics: Num rows: 0 Data size: 0 Basic stats: NONE Column stats: NONE
            table:
                input format: org.apache.hadoop.mapred.TextInputFormat
                output format: org.apache.hadoop.hive.ql.io.HiveIgnoreKeyTextOutputFormat
                serde: org.apache.hadoop.hive.serde2.lazy.LazySimpleSerDe

  Stage: Stage-0
    Fetch Operator
      limit: -1

PREHOOK: query: SELECT xx.key, xx.cnt, yy.key, yy.cnt
FROM
(SELECT x.key as key, count(1) as cnt FROM src1 x JOIN src1 y ON (x.key = y.key) group by x.key) xx
JOIN
(SELECT x.key as key, count(1) as cnt FROM src x JOIN src y ON (x.key = y.key) group by x.key) yy
ON xx.key=yy.key ORDER BY xx.key, xx.cnt, yy.key, yy.cnt
PREHOOK: type: QUERY
PREHOOK: Input: default@src
PREHOOK: Input: default@src1
#### A masked pattern was here ####
POSTHOOK: query: SELECT xx.key, xx.cnt, yy.key, yy.cnt
FROM
(SELECT x.key as key, count(1) as cnt FROM src1 x JOIN src1 y ON (x.key = y.key) group by x.key) xx
JOIN
(SELECT x.key as key, count(1) as cnt FROM src x JOIN src y ON (x.key = y.key) group by x.key) yy
ON xx.key=yy.key ORDER BY xx.key, xx.cnt, yy.key, yy.cnt
POSTHOOK: type: QUERY
POSTHOOK: Input: default@src
POSTHOOK: Input: default@src1
#### A masked pattern was here ####
128	1	128	9
146	1	146	4
150	1	150	1
213	1	213	4
224	1	224	4
238	1	238	4
255	1	255	4
273	1	273	9
278	1	278	4
311	1	311	9
369	1	369	9
401	1	401	25
406	1	406	16
66	1	66	1
98	1	98	4
PREHOOK: query: -- Enable hive.auto.convert.join.
EXPLAIN
SELECT xx.key, xx.cnt, yy.key, yy.cnt
FROM
(SELECT x.key as key, count(1) as cnt FROM src1 x JOIN src1 y ON (x.key = y.key) group by x.key) xx
JOIN
(SELECT x.key as key, count(1) as cnt FROM src x JOIN src y ON (x.key = y.key) group by x.key) yy
ON xx.key=yy.key ORDER BY xx.key, xx.cnt, yy.key, yy.cnt
PREHOOK: type: QUERY
POSTHOOK: query: -- Enable hive.auto.convert.join.
EXPLAIN
SELECT xx.key, xx.cnt, yy.key, yy.cnt
FROM
(SELECT x.key as key, count(1) as cnt FROM src1 x JOIN src1 y ON (x.key = y.key) group by x.key) xx
JOIN
(SELECT x.key as key, count(1) as cnt FROM src x JOIN src y ON (x.key = y.key) group by x.key) yy
ON xx.key=yy.key ORDER BY xx.key, xx.cnt, yy.key, yy.cnt
POSTHOOK: type: QUERY
STAGE DEPENDENCIES:
  Stage-9 is a root stage
  Stage-2 depends on stages: Stage-9
  Stage-3 depends on stages: Stage-2
  Stage-0 is a root stage

STAGE PLANS:
  Stage: Stage-9
    Map Reduce Local Work
      Alias -> Map Local Tables:
        xx:x 
          Fetch Operator
            limit: -1
        yy:x 
          Fetch Operator
            limit: -1
      Alias -> Map Local Operator Tree:
        xx:x 
          TableScan
            alias: x
            Statistics: Num rows: 2 Data size: 216 Basic stats: COMPLETE Column stats: NONE
            HashTable Sink Operator
              condition expressions:
                0 {key}
                1 
              keys:
                0 key (type: string)
                1 key (type: string)
        yy:x 
          TableScan
            alias: x
            Statistics: Num rows: 58 Data size: 5812 Basic stats: COMPLETE Column stats: NONE
            HashTable Sink Operator
              condition expressions:
                0 {key}
                1 
              keys:
                0 key (type: string)
                1 key (type: string)

  Stage: Stage-2
    Map Reduce
      Map Operator Tree:
          TableScan
            alias: y
            Statistics: Num rows: 58 Data size: 5812 Basic stats: COMPLETE Column stats: NONE
            Map Join Operator
              condition map:
                   Inner Join 0 to 1
              condition expressions:
                0 {key}
                1 
              keys:
                0 key (type: string)
                1 key (type: string)
              outputColumnNames: _col0
              Statistics: Num rows: 63 Data size: 6393 Basic stats: COMPLETE Column stats: NONE
              Select Operator
                expressions: _col0 (type: string)
                outputColumnNames: _col0
                Statistics: Num rows: 63 Data size: 6393 Basic stats: COMPLETE Column stats: NONE
                Group By Operator
                  aggregations: count(1)
                  keys: _col0 (type: string)
                  mode: hash
                  outputColumnNames: _col0, _col1
                  Statistics: Num rows: 63 Data size: 6393 Basic stats: COMPLETE Column stats: NONE
                  Reduce Output Operator
                    key expressions: _col0 (type: string)
                    sort order: +
                    Map-reduce partition columns: _col0 (type: string)
                    Statistics: Num rows: 63 Data size: 6393 Basic stats: COMPLETE Column stats: NONE
                    value expressions: _col1 (type: bigint)
          TableScan
            alias: y
            Statistics: Num rows: 2 Data size: 216 Basic stats: COMPLETE Column stats: NONE
            Map Join Operator
              condition map:
                   Inner Join 0 to 1
              condition expressions:
                0 {key}
                1 
              keys:
                0 key (type: string)
                1 key (type: string)
              outputColumnNames: _col0
              Statistics: Num rows: 2 Data size: 237 Basic stats: COMPLETE Column stats: NONE
              Select Operator
                expressions: _col0 (type: string)
                outputColumnNames: _col0
                Statistics: Num rows: 2 Data size: 237 Basic stats: COMPLETE Column stats: NONE
                Group By Operator
                  aggregations: count(1)
                  keys: _col0 (type: string)
                  mode: hash
                  outputColumnNames: _col0, _col1
                  Statistics: Num rows: 2 Data size: 237 Basic stats: COMPLETE Column stats: NONE
                  Reduce Output Operator
                    key expressions: _col0 (type: string)
                    sort order: +
                    Map-reduce partition columns: _col0 (type: string)
                    Statistics: Num rows: 2 Data size: 237 Basic stats: COMPLETE Column stats: NONE
                    value expressions: _col1 (type: bigint)
      Local Work:
        Map Reduce Local Work
      Reduce Operator Tree:
        Demux Operator
          Statistics: Num rows: 65 Data size: 6630 Basic stats: COMPLETE Column stats: NONE
          Group By Operator
            aggregations: count(VALUE._col0)
            keys: KEY._col0 (type: string)
            mode: mergepartial
            outputColumnNames: _col0, _col1
            Statistics: Num rows: 32 Data size: 3264 Basic stats: COMPLETE Column stats: NONE
            Select Operator
              expressions: _col0 (type: string), _col1 (type: bigint)
              outputColumnNames: _col0, _col1
              Statistics: Num rows: 32 Data size: 3264 Basic stats: COMPLETE Column stats: NONE
              Mux Operator
                Statistics: Num rows: 64 Data size: 6528 Basic stats: COMPLETE Column stats: NONE
                Join Operator
                  condition map:
                       Inner Join 0 to 1
                  condition expressions:
                    0 {VALUE._col0} {VALUE._col1}
                    1 {VALUE._col0} {VALUE._col1}
                  outputColumnNames: _col0, _col1, _col2, _col3
                  Statistics: Num rows: 0 Data size: 0 Basic stats: NONE Column stats: NONE
                  Select Operator
                    expressions: _col0 (type: string), _col1 (type: bigint), _col2 (type: string), _col3 (type: bigint)
                    outputColumnNames: _col0, _col1, _col2, _col3
                    Statistics: Num rows: 0 Data size: 0 Basic stats: NONE Column stats: NONE
                    File Output Operator
                      compressed: false
                      table:
                          input format: org.apache.hadoop.mapred.SequenceFileInputFormat
                          output format: org.apache.hadoop.hive.ql.io.HiveSequenceFileOutputFormat
                          serde: org.apache.hadoop.hive.serde2.lazybinary.LazyBinarySerDe
          Group By Operator
            aggregations: count(VALUE._col0)
            keys: KEY._col0 (type: string)
            mode: mergepartial
            outputColumnNames: _col0, _col1
            Statistics: Num rows: 32 Data size: 3264 Basic stats: COMPLETE Column stats: NONE
            Select Operator
              expressions: _col0 (type: string), _col1 (type: bigint)
              outputColumnNames: _col0, _col1
              Statistics: Num rows: 32 Data size: 3264 Basic stats: COMPLETE Column stats: NONE
              Mux Operator
                Statistics: Num rows: 64 Data size: 6528 Basic stats: COMPLETE Column stats: NONE
                Join Operator
                  condition map:
                       Inner Join 0 to 1
                  condition expressions:
                    0 {VALUE._col0} {VALUE._col1}
                    1 {VALUE._col0} {VALUE._col1}
                  outputColumnNames: _col0, _col1, _col2, _col3
                  Statistics: Num rows: 0 Data size: 0 Basic stats: NONE Column stats: NONE
                  Select Operator
                    expressions: _col0 (type: string), _col1 (type: bigint), _col2 (type: string), _col3 (type: bigint)
                    outputColumnNames: _col0, _col1, _col2, _col3
                    Statistics: Num rows: 0 Data size: 0 Basic stats: NONE Column stats: NONE
                    File Output Operator
                      compressed: false
                      table:
                          input format: org.apache.hadoop.mapred.SequenceFileInputFormat
                          output format: org.apache.hadoop.hive.ql.io.HiveSequenceFileOutputFormat
                          serde: org.apache.hadoop.hive.serde2.lazybinary.LazyBinarySerDe

  Stage: Stage-3
    Map Reduce
      Map Operator Tree:
          TableScan
            Reduce Output Operator
              key expressions: _col0 (type: string), _col1 (type: bigint), _col2 (type: string), _col3 (type: bigint)
              sort order: ++++
              Statistics: Num rows: 0 Data size: 0 Basic stats: NONE Column stats: NONE
              value expressions: _col0 (type: string), _col1 (type: bigint), _col2 (type: string), _col3 (type: bigint)
      Reduce Operator Tree:
        Extract
          Statistics: Num rows: 0 Data size: 0 Basic stats: NONE Column stats: NONE
          File Output Operator
            compressed: false
            Statistics: Num rows: 0 Data size: 0 Basic stats: NONE Column stats: NONE
            table:
                input format: org.apache.hadoop.mapred.TextInputFormat
                output format: org.apache.hadoop.hive.ql.io.HiveIgnoreKeyTextOutputFormat
                serde: org.apache.hadoop.hive.serde2.lazy.LazySimpleSerDe

  Stage: Stage-0
    Fetch Operator
      limit: -1

PREHOOK: query: SELECT xx.key, xx.cnt, yy.key, yy.cnt
FROM
(SELECT x.key as key, count(1) as cnt FROM src1 x JOIN src1 y ON (x.key = y.key) group by x.key) xx
JOIN
(SELECT x.key as key, count(1) as cnt FROM src x JOIN src y ON (x.key = y.key) group by x.key) yy
ON xx.key=yy.key ORDER BY xx.key, xx.cnt, yy.key, yy.cnt
PREHOOK: type: QUERY
PREHOOK: Input: default@src
PREHOOK: Input: default@src1
#### A masked pattern was here ####
POSTHOOK: query: SELECT xx.key, xx.cnt, yy.key, yy.cnt
FROM
(SELECT x.key as key, count(1) as cnt FROM src1 x JOIN src1 y ON (x.key = y.key) group by x.key) xx
JOIN
(SELECT x.key as key, count(1) as cnt FROM src x JOIN src y ON (x.key = y.key) group by x.key) yy
ON xx.key=yy.key ORDER BY xx.key, xx.cnt, yy.key, yy.cnt
POSTHOOK: type: QUERY
POSTHOOK: Input: default@src
POSTHOOK: Input: default@src1
#### A masked pattern was here ####
128	1	128	9
146	1	146	4
150	1	150	1
213	1	213	4
224	1	224	4
238	1	238	4
255	1	255	4
273	1	273	9
278	1	278	4
311	1	311	9
369	1	369	9
401	1	401	25
406	1	406	16
66	1	66	1
98	1	98	4
PREHOOK: query: -- When Correlation Optimizer is turned off, 3 MR jobs are needed.
-- When Correlation Optimizer is turned on, 2 MR jobs are needed.
-- The first job will evaluate subquery yy and xx join yy.
EXPLAIN
SELECT xx.key, yy.key, yy.cnt
FROM src1 xx
JOIN
(SELECT x.key as key, count(1) as cnt FROM src x GROUP BY x.key) yy
ON xx.key=yy.key ORDER BY xx.key, yy.key, yy.cnt
PREHOOK: type: QUERY
POSTHOOK: query: -- When Correlation Optimizer is turned off, 3 MR jobs are needed.
-- When Correlation Optimizer is turned on, 2 MR jobs are needed.
-- The first job will evaluate subquery yy and xx join yy.
EXPLAIN
SELECT xx.key, yy.key, yy.cnt
FROM src1 xx
JOIN
(SELECT x.key as key, count(1) as cnt FROM src x GROUP BY x.key) yy
ON xx.key=yy.key ORDER BY xx.key, yy.key, yy.cnt
POSTHOOK: type: QUERY
STAGE DEPENDENCIES:
  Stage-1 is a root stage
  Stage-2 depends on stages: Stage-1
  Stage-3 depends on stages: Stage-2
  Stage-0 is a root stage

STAGE PLANS:
  Stage: Stage-1
    Map Reduce
      Map Operator Tree:
          TableScan
            alias: x
            Statistics: Num rows: 58 Data size: 5812 Basic stats: COMPLETE Column stats: NONE
            Select Operator
              expressions: key (type: string)
              outputColumnNames: key
              Statistics: Num rows: 58 Data size: 5812 Basic stats: COMPLETE Column stats: NONE
              Group By Operator
                aggregations: count(1)
                keys: key (type: string)
                mode: hash
                outputColumnNames: _col0, _col1
                Statistics: Num rows: 58 Data size: 5812 Basic stats: COMPLETE Column stats: NONE
                Reduce Output Operator
                  key expressions: _col0 (type: string)
                  sort order: +
                  Map-reduce partition columns: _col0 (type: string)
                  Statistics: Num rows: 58 Data size: 5812 Basic stats: COMPLETE Column stats: NONE
                  value expressions: _col1 (type: bigint)
      Reduce Operator Tree:
        Group By Operator
          aggregations: count(VALUE._col0)
          keys: KEY._col0 (type: string)
          mode: mergepartial
          outputColumnNames: _col0, _col1
          Statistics: Num rows: 29 Data size: 2906 Basic stats: COMPLETE Column stats: NONE
          Select Operator
            expressions: _col0 (type: string), _col1 (type: bigint)
            outputColumnNames: _col0, _col1
            Statistics: Num rows: 29 Data size: 2906 Basic stats: COMPLETE Column stats: NONE
            File Output Operator
              compressed: false
              table:
                  input format: org.apache.hadoop.mapred.SequenceFileInputFormat
                  output format: org.apache.hadoop.hive.ql.io.HiveSequenceFileOutputFormat
                  serde: org.apache.hadoop.hive.serde2.lazybinary.LazyBinarySerDe

  Stage: Stage-2
    Map Reduce
      Map Operator Tree:
          TableScan
            Reduce Output Operator
              key expressions: _col0 (type: string)
              sort order: +
              Map-reduce partition columns: _col0 (type: string)
              Statistics: Num rows: 29 Data size: 2906 Basic stats: COMPLETE Column stats: NONE
              value expressions: _col0 (type: string), _col1 (type: bigint)
          TableScan
            alias: xx
            Statistics: Num rows: 2 Data size: 216 Basic stats: COMPLETE Column stats: NONE
            Reduce Output Operator
              key expressions: key (type: string)
              sort order: +
              Map-reduce partition columns: key (type: string)
              Statistics: Num rows: 2 Data size: 216 Basic stats: COMPLETE Column stats: NONE
              value expressions: key (type: string)
      Reduce Operator Tree:
        Join Operator
          condition map:
               Inner Join 0 to 1
          condition expressions:
            0 {VALUE._col0}
            1 {VALUE._col0} {VALUE._col1}
          outputColumnNames: _col0, _col4, _col5
          Statistics: Num rows: 31 Data size: 3196 Basic stats: COMPLETE Column stats: NONE
          Select Operator
            expressions: _col0 (type: string), _col4 (type: string), _col5 (type: bigint)
            outputColumnNames: _col0, _col1, _col2
            Statistics: Num rows: 31 Data size: 3196 Basic stats: COMPLETE Column stats: NONE
            File Output Operator
              compressed: false
              table:
                  input format: org.apache.hadoop.mapred.SequenceFileInputFormat
                  output format: org.apache.hadoop.hive.ql.io.HiveSequenceFileOutputFormat
                  serde: org.apache.hadoop.hive.serde2.lazybinary.LazyBinarySerDe

  Stage: Stage-3
    Map Reduce
      Map Operator Tree:
          TableScan
            Reduce Output Operator
              key expressions: _col0 (type: string), _col1 (type: string), _col2 (type: bigint)
              sort order: +++
              Statistics: Num rows: 31 Data size: 3196 Basic stats: COMPLETE Column stats: NONE
              value expressions: _col0 (type: string), _col1 (type: string), _col2 (type: bigint)
      Reduce Operator Tree:
        Extract
          Statistics: Num rows: 31 Data size: 3196 Basic stats: COMPLETE Column stats: NONE
          File Output Operator
            compressed: false
            Statistics: Num rows: 31 Data size: 3196 Basic stats: COMPLETE Column stats: NONE
            table:
                input format: org.apache.hadoop.mapred.TextInputFormat
                output format: org.apache.hadoop.hive.ql.io.HiveIgnoreKeyTextOutputFormat
                serde: org.apache.hadoop.hive.serde2.lazy.LazySimpleSerDe

  Stage: Stage-0
    Fetch Operator
      limit: -1

PREHOOK: query: SELECT xx.key, yy.key, yy.cnt
FROM src1 xx
JOIN
(SELECT x.key as key, count(1) as cnt FROM src x GROUP BY x.key) yy
ON xx.key=yy.key ORDER BY xx.key, yy.key, yy.cnt
PREHOOK: type: QUERY
PREHOOK: Input: default@src
PREHOOK: Input: default@src1
#### A masked pattern was here ####
POSTHOOK: query: SELECT xx.key, yy.key, yy.cnt
FROM src1 xx
JOIN
(SELECT x.key as key, count(1) as cnt FROM src x GROUP BY x.key) yy
ON xx.key=yy.key ORDER BY xx.key, yy.key, yy.cnt
POSTHOOK: type: QUERY
POSTHOOK: Input: default@src
POSTHOOK: Input: default@src1
#### A masked pattern was here ####
128	128	3
146	146	2
150	150	1
213	213	2
224	224	2
238	238	2
255	255	2
273	273	3
278	278	2
311	311	3
369	369	3
401	401	5
406	406	4
66	66	1
98	98	2
PREHOOK: query: EXPLAIN
SELECT xx.key, yy.key, yy.cnt
FROM src1 xx
JOIN
(SELECT x.key as key, count(1) as cnt FROM src x GROUP BY x.key) yy
ON xx.key=yy.key ORDER BY xx.key, yy.key, yy.cnt
PREHOOK: type: QUERY
POSTHOOK: query: EXPLAIN
SELECT xx.key, yy.key, yy.cnt
FROM src1 xx
JOIN
(SELECT x.key as key, count(1) as cnt FROM src x GROUP BY x.key) yy
ON xx.key=yy.key ORDER BY xx.key, yy.key, yy.cnt
POSTHOOK: type: QUERY
STAGE DEPENDENCIES:
  Stage-1 is a root stage
  Stage-2 depends on stages: Stage-1
  Stage-0 is a root stage

STAGE PLANS:
  Stage: Stage-1
    Map Reduce
      Map Operator Tree:
          TableScan
            alias: x
            Statistics: Num rows: 58 Data size: 5812 Basic stats: COMPLETE Column stats: NONE
            Select Operator
              expressions: key (type: string)
              outputColumnNames: key
              Statistics: Num rows: 58 Data size: 5812 Basic stats: COMPLETE Column stats: NONE
              Group By Operator
                aggregations: count(1)
                keys: key (type: string)
                mode: hash
                outputColumnNames: _col0, _col1
                Statistics: Num rows: 58 Data size: 5812 Basic stats: COMPLETE Column stats: NONE
                Reduce Output Operator
                  key expressions: _col0 (type: string)
                  sort order: +
                  Map-reduce partition columns: _col0 (type: string)
                  Statistics: Num rows: 58 Data size: 5812 Basic stats: COMPLETE Column stats: NONE
                  value expressions: _col1 (type: bigint)
          TableScan
            alias: xx
            Statistics: Num rows: 2 Data size: 216 Basic stats: COMPLETE Column stats: NONE
            Reduce Output Operator
              key expressions: key (type: string)
              sort order: +
              Map-reduce partition columns: key (type: string)
              Statistics: Num rows: 2 Data size: 216 Basic stats: COMPLETE Column stats: NONE
              value expressions: key (type: string)
      Reduce Operator Tree:
        Demux Operator
          Statistics: Num rows: 60 Data size: 6028 Basic stats: COMPLETE Column stats: NONE
          Mux Operator
            Statistics: Num rows: 90 Data size: 9042 Basic stats: COMPLETE Column stats: NONE
            Join Operator
              condition map:
                   Inner Join 0 to 1
              condition expressions:
                0 {VALUE._col0}
                1 {VALUE._col0} {VALUE._col1}
              outputColumnNames: _col0, _col4, _col5
              Statistics: Num rows: 0 Data size: 0 Basic stats: NONE Column stats: NONE
              Select Operator
                expressions: _col0 (type: string), _col4 (type: string), _col5 (type: bigint)
                outputColumnNames: _col0, _col1, _col2
                Statistics: Num rows: 0 Data size: 0 Basic stats: NONE Column stats: NONE
                File Output Operator
                  compressed: false
                  table:
                      input format: org.apache.hadoop.mapred.SequenceFileInputFormat
                      output format: org.apache.hadoop.hive.ql.io.HiveSequenceFileOutputFormat
                      serde: org.apache.hadoop.hive.serde2.lazybinary.LazyBinarySerDe
          Group By Operator
            aggregations: count(VALUE._col0)
            keys: KEY._col0 (type: string)
            mode: mergepartial
            outputColumnNames: _col0, _col1
            Statistics: Num rows: 30 Data size: 3014 Basic stats: COMPLETE Column stats: NONE
            Select Operator
              expressions: _col0 (type: string), _col1 (type: bigint)
              outputColumnNames: _col0, _col1
              Statistics: Num rows: 30 Data size: 3014 Basic stats: COMPLETE Column stats: NONE
              Mux Operator
                Statistics: Num rows: 90 Data size: 9042 Basic stats: COMPLETE Column stats: NONE
                Join Operator
                  condition map:
                       Inner Join 0 to 1
                  condition expressions:
                    0 {VALUE._col0}
                    1 {VALUE._col0} {VALUE._col1}
                  outputColumnNames: _col0, _col4, _col5
                  Statistics: Num rows: 0 Data size: 0 Basic stats: NONE Column stats: NONE
                  Select Operator
                    expressions: _col0 (type: string), _col4 (type: string), _col5 (type: bigint)
                    outputColumnNames: _col0, _col1, _col2
                    Statistics: Num rows: 0 Data size: 0 Basic stats: NONE Column stats: NONE
                    File Output Operator
                      compressed: false
                      table:
                          input format: org.apache.hadoop.mapred.SequenceFileInputFormat
                          output format: org.apache.hadoop.hive.ql.io.HiveSequenceFileOutputFormat
                          serde: org.apache.hadoop.hive.serde2.lazybinary.LazyBinarySerDe

  Stage: Stage-2
    Map Reduce
      Map Operator Tree:
          TableScan
            Reduce Output Operator
              key expressions: _col0 (type: string), _col1 (type: string), _col2 (type: bigint)
              sort order: +++
              Statistics: Num rows: 0 Data size: 0 Basic stats: NONE Column stats: NONE
              value expressions: _col0 (type: string), _col1 (type: string), _col2 (type: bigint)
      Reduce Operator Tree:
        Extract
          Statistics: Num rows: 0 Data size: 0 Basic stats: NONE Column stats: NONE
          File Output Operator
            compressed: false
            Statistics: Num rows: 0 Data size: 0 Basic stats: NONE Column stats: NONE
            table:
                input format: org.apache.hadoop.mapred.TextInputFormat
                output format: org.apache.hadoop.hive.ql.io.HiveIgnoreKeyTextOutputFormat
                serde: org.apache.hadoop.hive.serde2.lazy.LazySimpleSerDe

  Stage: Stage-0
    Fetch Operator
      limit: -1

PREHOOK: query: SELECT xx.key, yy.key, yy.cnt
FROM src1 xx
JOIN
(SELECT x.key as key, count(1) as cnt FROM src x GROUP BY x.key) yy
ON xx.key=yy.key ORDER BY xx.key, yy.key, yy.cnt
PREHOOK: type: QUERY
PREHOOK: Input: default@src
PREHOOK: Input: default@src1
#### A masked pattern was here ####
POSTHOOK: query: SELECT xx.key, yy.key, yy.cnt
FROM src1 xx
JOIN
(SELECT x.key as key, count(1) as cnt FROM src x GROUP BY x.key) yy
ON xx.key=yy.key ORDER BY xx.key, yy.key, yy.cnt
POSTHOOK: type: QUERY
POSTHOOK: Input: default@src
POSTHOOK: Input: default@src1
#### A masked pattern was here ####
128	128	3
146	146	2
150	150	1
213	213	2
224	224	2
238	238	2
255	255	2
273	273	3
278	278	2
311	311	3
369	369	3
401	401	5
406	406	4
66	66	1
98	98	2
PREHOOK: query: -- When Correlation Optimizer is turned off, 4 MR jobs are needed.
-- When Correlation Optimizer is turned on, 2 MR jobs are needed.
-- The first job will evaluate subquery yy and xx join yy.
EXPLAIN
SELECT xx.key, yy.key, yy.cnt
FROM src1 xx
JOIN
(SELECT x.key as key, count(1) as cnt FROM src x JOIN src y ON (x.key = y.key) group by x.key) yy
ON xx.key=yy.key ORDER BY xx.key, yy.key, yy.cnt
PREHOOK: type: QUERY
POSTHOOK: query: -- When Correlation Optimizer is turned off, 4 MR jobs are needed.
-- When Correlation Optimizer is turned on, 2 MR jobs are needed.
-- The first job will evaluate subquery yy and xx join yy.
EXPLAIN
SELECT xx.key, yy.key, yy.cnt
FROM src1 xx
JOIN
(SELECT x.key as key, count(1) as cnt FROM src x JOIN src y ON (x.key = y.key) group by x.key) yy
ON xx.key=yy.key ORDER BY xx.key, yy.key, yy.cnt
POSTHOOK: type: QUERY
STAGE DEPENDENCIES:
  Stage-1 is a root stage
  Stage-2 depends on stages: Stage-1
  Stage-3 depends on stages: Stage-2
  Stage-4 depends on stages: Stage-3
  Stage-0 is a root stage

STAGE PLANS:
  Stage: Stage-1
    Map Reduce
      Map Operator Tree:
          TableScan
            alias: x
            Statistics: Num rows: 58 Data size: 5812 Basic stats: COMPLETE Column stats: NONE
            Reduce Output Operator
              key expressions: key (type: string)
              sort order: +
              Map-reduce partition columns: key (type: string)
              Statistics: Num rows: 58 Data size: 5812 Basic stats: COMPLETE Column stats: NONE
              value expressions: key (type: string)
          TableScan
            alias: y
            Statistics: Num rows: 58 Data size: 5812 Basic stats: COMPLETE Column stats: NONE
            Reduce Output Operator
              key expressions: key (type: string)
              sort order: +
              Map-reduce partition columns: key (type: string)
              Statistics: Num rows: 58 Data size: 5812 Basic stats: COMPLETE Column stats: NONE
      Reduce Operator Tree:
        Join Operator
          condition map:
               Inner Join 0 to 1
          condition expressions:
            0 {VALUE._col0}
            1 
          outputColumnNames: _col0
          Statistics: Num rows: 63 Data size: 6393 Basic stats: COMPLETE Column stats: NONE
          Select Operator
            expressions: _col0 (type: string)
            outputColumnNames: _col0
            Statistics: Num rows: 63 Data size: 6393 Basic stats: COMPLETE Column stats: NONE
            Group By Operator
              aggregations: count(1)
              keys: _col0 (type: string)
              mode: hash
              outputColumnNames: _col0, _col1
              Statistics: Num rows: 63 Data size: 6393 Basic stats: COMPLETE Column stats: NONE
              File Output Operator
                compressed: false
                table:
                    input format: org.apache.hadoop.mapred.SequenceFileInputFormat
                    output format: org.apache.hadoop.hive.ql.io.HiveSequenceFileOutputFormat
                    serde: org.apache.hadoop.hive.serde2.lazybinary.LazyBinarySerDe

  Stage: Stage-2
    Map Reduce
      Map Operator Tree:
          TableScan
            Reduce Output Operator
              key expressions: _col0 (type: string)
              sort order: +
              Map-reduce partition columns: _col0 (type: string)
              Statistics: Num rows: 63 Data size: 6393 Basic stats: COMPLETE Column stats: NONE
              value expressions: _col1 (type: bigint)
      Reduce Operator Tree:
        Group By Operator
          aggregations: count(VALUE._col0)
          keys: KEY._col0 (type: string)
          mode: mergepartial
          outputColumnNames: _col0, _col1
          Statistics: Num rows: 31 Data size: 3145 Basic stats: COMPLETE Column stats: NONE
          Select Operator
            expressions: _col0 (type: string), _col1 (type: bigint)
            outputColumnNames: _col0, _col1
            Statistics: Num rows: 31 Data size: 3145 Basic stats: COMPLETE Column stats: NONE
            File Output Operator
              compressed: false
              table:
                  input format: org.apache.hadoop.mapred.SequenceFileInputFormat
                  output format: org.apache.hadoop.hive.ql.io.HiveSequenceFileOutputFormat
                  serde: org.apache.hadoop.hive.serde2.lazybinary.LazyBinarySerDe

  Stage: Stage-3
    Map Reduce
      Map Operator Tree:
          TableScan
            Reduce Output Operator
              key expressions: _col0 (type: string)
              sort order: +
              Map-reduce partition columns: _col0 (type: string)
              Statistics: Num rows: 31 Data size: 3145 Basic stats: COMPLETE Column stats: NONE
              value expressions: _col0 (type: string), _col1 (type: bigint)
          TableScan
            alias: xx
            Statistics: Num rows: 2 Data size: 216 Basic stats: COMPLETE Column stats: NONE
            Reduce Output Operator
              key expressions: key (type: string)
              sort order: +
              Map-reduce partition columns: key (type: string)
              Statistics: Num rows: 2 Data size: 216 Basic stats: COMPLETE Column stats: NONE
              value expressions: key (type: string)
      Reduce Operator Tree:
        Join Operator
          condition map:
               Inner Join 0 to 1
          condition expressions:
            0 {VALUE._col0}
            1 {VALUE._col0} {VALUE._col1}
          outputColumnNames: _col0, _col4, _col5
          Statistics: Num rows: 34 Data size: 3459 Basic stats: COMPLETE Column stats: NONE
          Select Operator
            expressions: _col0 (type: string), _col4 (type: string), _col5 (type: bigint)
            outputColumnNames: _col0, _col1, _col2
            Statistics: Num rows: 34 Data size: 3459 Basic stats: COMPLETE Column stats: NONE
            File Output Operator
              compressed: false
              table:
                  input format: org.apache.hadoop.mapred.SequenceFileInputFormat
                  output format: org.apache.hadoop.hive.ql.io.HiveSequenceFileOutputFormat
                  serde: org.apache.hadoop.hive.serde2.lazybinary.LazyBinarySerDe

  Stage: Stage-4
    Map Reduce
      Map Operator Tree:
          TableScan
            Reduce Output Operator
              key expressions: _col0 (type: string), _col1 (type: string), _col2 (type: bigint)
              sort order: +++
              Statistics: Num rows: 34 Data size: 3459 Basic stats: COMPLETE Column stats: NONE
              value expressions: _col0 (type: string), _col1 (type: string), _col2 (type: bigint)
      Reduce Operator Tree:
        Extract
          Statistics: Num rows: 34 Data size: 3459 Basic stats: COMPLETE Column stats: NONE
          File Output Operator
            compressed: false
            Statistics: Num rows: 34 Data size: 3459 Basic stats: COMPLETE Column stats: NONE
            table:
                input format: org.apache.hadoop.mapred.TextInputFormat
                output format: org.apache.hadoop.hive.ql.io.HiveIgnoreKeyTextOutputFormat
                serde: org.apache.hadoop.hive.serde2.lazy.LazySimpleSerDe

  Stage: Stage-0
    Fetch Operator
      limit: -1

PREHOOK: query: SELECT xx.key, yy.key, yy.cnt
FROM src1 xx
JOIN
(SELECT x.key as key, count(1) as cnt FROM src x JOIN src y ON (x.key = y.key) group by x.key) yy
ON xx.key=yy.key ORDER BY xx.key, yy.key, yy.cnt
PREHOOK: type: QUERY
PREHOOK: Input: default@src
PREHOOK: Input: default@src1
#### A masked pattern was here ####
POSTHOOK: query: SELECT xx.key, yy.key, yy.cnt
FROM src1 xx
JOIN
(SELECT x.key as key, count(1) as cnt FROM src x JOIN src y ON (x.key = y.key) group by x.key) yy
ON xx.key=yy.key ORDER BY xx.key, yy.key, yy.cnt
POSTHOOK: type: QUERY
POSTHOOK: Input: default@src
POSTHOOK: Input: default@src1
#### A masked pattern was here ####
128	128	9
146	146	4
150	150	1
213	213	4
224	224	4
238	238	4
255	255	4
273	273	9
278	278	4
311	311	9
369	369	9
401	401	25
406	406	16
66	66	1
98	98	4
PREHOOK: query: EXPLAIN
SELECT xx.key, yy.key, yy.cnt
FROM src1 xx
JOIN
(SELECT x.key as key, count(1) as cnt FROM src x JOIN src y ON (x.key = y.key) group by x.key) yy
ON xx.key=yy.key ORDER BY xx.key, yy.key, yy.cnt
PREHOOK: type: QUERY
POSTHOOK: query: EXPLAIN
SELECT xx.key, yy.key, yy.cnt
FROM src1 xx
JOIN
(SELECT x.key as key, count(1) as cnt FROM src x JOIN src y ON (x.key = y.key) group by x.key) yy
ON xx.key=yy.key ORDER BY xx.key, yy.key, yy.cnt
POSTHOOK: type: QUERY
STAGE DEPENDENCIES:
  Stage-1 is a root stage
  Stage-2 depends on stages: Stage-1
  Stage-0 is a root stage

STAGE PLANS:
  Stage: Stage-1
    Map Reduce
      Map Operator Tree:
          TableScan
            alias: x
            Statistics: Num rows: 58 Data size: 5812 Basic stats: COMPLETE Column stats: NONE
            Reduce Output Operator
              key expressions: key (type: string)
              sort order: +
              Map-reduce partition columns: key (type: string)
              Statistics: Num rows: 58 Data size: 5812 Basic stats: COMPLETE Column stats: NONE
              value expressions: key (type: string)
          TableScan
            alias: y
            Statistics: Num rows: 58 Data size: 5812 Basic stats: COMPLETE Column stats: NONE
            Reduce Output Operator
              key expressions: key (type: string)
              sort order: +
              Map-reduce partition columns: key (type: string)
              Statistics: Num rows: 58 Data size: 5812 Basic stats: COMPLETE Column stats: NONE
          TableScan
            alias: xx
            Statistics: Num rows: 2 Data size: 216 Basic stats: COMPLETE Column stats: NONE
            Reduce Output Operator
              key expressions: key (type: string)
              sort order: +
              Map-reduce partition columns: key (type: string)
              Statistics: Num rows: 2 Data size: 216 Basic stats: COMPLETE Column stats: NONE
              value expressions: key (type: string)
      Reduce Operator Tree:
        Demux Operator
          Statistics: Num rows: 118 Data size: 11840 Basic stats: COMPLETE Column stats: NONE
          Mux Operator
            Statistics: Num rows: 118 Data size: 11840 Basic stats: COMPLETE Column stats: NONE
            Join Operator
              condition map:
                   Inner Join 0 to 1
              condition expressions:
                0 {VALUE._col0}
                1 {VALUE._col0} {VALUE._col1}
              outputColumnNames: _col0, _col4, _col5
              Statistics: Num rows: 0 Data size: 0 Basic stats: NONE Column stats: NONE
              Select Operator
                expressions: _col0 (type: string), _col4 (type: string), _col5 (type: bigint)
                outputColumnNames: _col0, _col1, _col2
                Statistics: Num rows: 0 Data size: 0 Basic stats: NONE Column stats: NONE
                File Output Operator
                  compressed: false
                  table:
                      input format: org.apache.hadoop.mapred.SequenceFileInputFormat
                      output format: org.apache.hadoop.hive.ql.io.HiveSequenceFileOutputFormat
                      serde: org.apache.hadoop.hive.serde2.lazybinary.LazyBinarySerDe
          Join Operator
            condition map:
                 Inner Join 0 to 1
            condition expressions:
              0 {VALUE._col0}
              1 
            outputColumnNames: _col0
            Statistics: Num rows: 0 Data size: 0 Basic stats: NONE Column stats: NONE
            Select Operator
              expressions: _col0 (type: string)
              outputColumnNames: _col0
              Statistics: Num rows: 0 Data size: 0 Basic stats: NONE Column stats: NONE
              Mux Operator
                Statistics: Num rows: 0 Data size: 0 Basic stats: NONE Column stats: NONE
                Group By Operator
                  aggregations: count(1)
                  keys: _col0 (type: string)
                  mode: complete
                  outputColumnNames: _col0, _col1
                  Statistics: Num rows: 0 Data size: 0 Basic stats: NONE Column stats: NONE
                  Select Operator
                    expressions: _col0 (type: string), _col1 (type: bigint)
                    outputColumnNames: _col0, _col1
                    Statistics: Num rows: 0 Data size: 0 Basic stats: NONE Column stats: NONE
                    Mux Operator
                      Statistics: Num rows: 118 Data size: 11840 Basic stats: COMPLETE Column stats: NONE
                      Join Operator
                        condition map:
                             Inner Join 0 to 1
                        condition expressions:
                          0 {VALUE._col0}
                          1 {VALUE._col0} {VALUE._col1}
                        outputColumnNames: _col0, _col4, _col5
                        Statistics: Num rows: 0 Data size: 0 Basic stats: NONE Column stats: NONE
                        Select Operator
                          expressions: _col0 (type: string), _col4 (type: string), _col5 (type: bigint)
                          outputColumnNames: _col0, _col1, _col2
                          Statistics: Num rows: 0 Data size: 0 Basic stats: NONE Column stats: NONE
                          File Output Operator
                            compressed: false
                            table:
                                input format: org.apache.hadoop.mapred.SequenceFileInputFormat
                                output format: org.apache.hadoop.hive.ql.io.HiveSequenceFileOutputFormat
                                serde: org.apache.hadoop.hive.serde2.lazybinary.LazyBinarySerDe

  Stage: Stage-2
    Map Reduce
      Map Operator Tree:
          TableScan
            Reduce Output Operator
              key expressions: _col0 (type: string), _col1 (type: string), _col2 (type: bigint)
              sort order: +++
              Statistics: Num rows: 0 Data size: 0 Basic stats: NONE Column stats: NONE
              value expressions: _col0 (type: string), _col1 (type: string), _col2 (type: bigint)
      Reduce Operator Tree:
        Extract
          Statistics: Num rows: 0 Data size: 0 Basic stats: NONE Column stats: NONE
          File Output Operator
            compressed: false
            Statistics: Num rows: 0 Data size: 0 Basic stats: NONE Column stats: NONE
            table:
                input format: org.apache.hadoop.mapred.TextInputFormat
                output format: org.apache.hadoop.hive.ql.io.HiveIgnoreKeyTextOutputFormat
                serde: org.apache.hadoop.hive.serde2.lazy.LazySimpleSerDe

  Stage: Stage-0
    Fetch Operator
      limit: -1

PREHOOK: query: SELECT xx.key, yy.key, yy.cnt
FROM src1 xx
JOIN
(SELECT x.key as key, count(1) as cnt FROM src x JOIN src y ON (x.key = y.key) group by x.key) yy
ON xx.key=yy.key ORDER BY xx.key, yy.key, yy.cnt
PREHOOK: type: QUERY
PREHOOK: Input: default@src
PREHOOK: Input: default@src1
#### A masked pattern was here ####
POSTHOOK: query: SELECT xx.key, yy.key, yy.cnt
FROM src1 xx
JOIN
(SELECT x.key as key, count(1) as cnt FROM src x JOIN src y ON (x.key = y.key) group by x.key) yy
ON xx.key=yy.key ORDER BY xx.key, yy.key, yy.cnt
POSTHOOK: type: QUERY
POSTHOOK: Input: default@src
POSTHOOK: Input: default@src1
#### A masked pattern was here ####
128	128	9
146	146	4
150	150	1
213	213	4
224	224	4
238	238	4
255	255	4
273	273	9
278	278	4
311	311	9
369	369	9
401	401	25
406	406	16
66	66	1
98	98	4
PREHOOK: query: -- When Correlation Optimizer is turned off, 4 MR jobs are needed.
-- When Correlation Optimizer is turned on, 2 MR jobs are needed.
-- The first job will evaluate subquery xx and xx join yy.
EXPLAIN
SELECT xx.key, xx.cnt, yy.key
FROM
(SELECT x.key as key, count(1) as cnt FROM src1 x JOIN src1 y ON (x.key = y.key) group by x.key) xx
JOIN src yy
ON xx.key=yy.key ORDER BY xx.key, xx.cnt, yy.key
PREHOOK: type: QUERY
POSTHOOK: query: -- When Correlation Optimizer is turned off, 4 MR jobs are needed.
-- When Correlation Optimizer is turned on, 2 MR jobs are needed.
-- The first job will evaluate subquery xx and xx join yy.
EXPLAIN
SELECT xx.key, xx.cnt, yy.key
FROM
(SELECT x.key as key, count(1) as cnt FROM src1 x JOIN src1 y ON (x.key = y.key) group by x.key) xx
JOIN src yy
ON xx.key=yy.key ORDER BY xx.key, xx.cnt, yy.key
POSTHOOK: type: QUERY
STAGE DEPENDENCIES:
  Stage-3 is a root stage
  Stage-4 depends on stages: Stage-3
  Stage-1 depends on stages: Stage-4
  Stage-2 depends on stages: Stage-1
  Stage-0 is a root stage

STAGE PLANS:
  Stage: Stage-3
    Map Reduce
      Map Operator Tree:
          TableScan
            alias: x
            Statistics: Num rows: 2 Data size: 216 Basic stats: COMPLETE Column stats: NONE
            Reduce Output Operator
              key expressions: key (type: string)
              sort order: +
              Map-reduce partition columns: key (type: string)
              Statistics: Num rows: 2 Data size: 216 Basic stats: COMPLETE Column stats: NONE
              value expressions: key (type: string)
          TableScan
            alias: y
            Statistics: Num rows: 2 Data size: 216 Basic stats: COMPLETE Column stats: NONE
            Reduce Output Operator
              key expressions: key (type: string)
              sort order: +
              Map-reduce partition columns: key (type: string)
              Statistics: Num rows: 2 Data size: 216 Basic stats: COMPLETE Column stats: NONE
      Reduce Operator Tree:
        Join Operator
          condition map:
               Inner Join 0 to 1
          condition expressions:
            0 {VALUE._col0}
            1 
          outputColumnNames: _col0
          Statistics: Num rows: 2 Data size: 237 Basic stats: COMPLETE Column stats: NONE
          Select Operator
            expressions: _col0 (type: string)
            outputColumnNames: _col0
            Statistics: Num rows: 2 Data size: 237 Basic stats: COMPLETE Column stats: NONE
            Group By Operator
              aggregations: count(1)
              keys: _col0 (type: string)
              mode: hash
              outputColumnNames: _col0, _col1
              Statistics: Num rows: 2 Data size: 237 Basic stats: COMPLETE Column stats: NONE
              File Output Operator
                compressed: false
                table:
                    input format: org.apache.hadoop.mapred.SequenceFileInputFormat
                    output format: org.apache.hadoop.hive.ql.io.HiveSequenceFileOutputFormat
                    serde: org.apache.hadoop.hive.serde2.lazybinary.LazyBinarySerDe

  Stage: Stage-4
    Map Reduce
      Map Operator Tree:
          TableScan
            Reduce Output Operator
              key expressions: _col0 (type: string)
              sort order: +
              Map-reduce partition columns: _col0 (type: string)
              Statistics: Num rows: 2 Data size: 237 Basic stats: COMPLETE Column stats: NONE
              value expressions: _col1 (type: bigint)
      Reduce Operator Tree:
        Group By Operator
          aggregations: count(VALUE._col0)
          keys: KEY._col0 (type: string)
          mode: mergepartial
          outputColumnNames: _col0, _col1
          Statistics: Num rows: 1 Data size: 118 Basic stats: COMPLETE Column stats: NONE
          Select Operator
            expressions: _col0 (type: string), _col1 (type: bigint)
            outputColumnNames: _col0, _col1
            Statistics: Num rows: 1 Data size: 118 Basic stats: COMPLETE Column stats: NONE
            File Output Operator
              compressed: false
              table:
                  input format: org.apache.hadoop.mapred.SequenceFileInputFormat
                  output format: org.apache.hadoop.hive.ql.io.HiveSequenceFileOutputFormat
                  serde: org.apache.hadoop.hive.serde2.lazybinary.LazyBinarySerDe

  Stage: Stage-1
    Map Reduce
      Map Operator Tree:
          TableScan
            alias: yy
            Statistics: Num rows: 58 Data size: 5812 Basic stats: COMPLETE Column stats: NONE
            Reduce Output Operator
              key expressions: key (type: string)
              sort order: +
              Map-reduce partition columns: key (type: string)
              Statistics: Num rows: 58 Data size: 5812 Basic stats: COMPLETE Column stats: NONE
              value expressions: key (type: string)
          TableScan
            Reduce Output Operator
              key expressions: _col0 (type: string)
              sort order: +
              Map-reduce partition columns: _col0 (type: string)
              Statistics: Num rows: 1 Data size: 118 Basic stats: COMPLETE Column stats: NONE
              value expressions: _col0 (type: string), _col1 (type: bigint)
      Reduce Operator Tree:
        Join Operator
          condition map:
               Inner Join 0 to 1
          condition expressions:
            0 {VALUE._col0} {VALUE._col1}
            1 {VALUE._col0}
          outputColumnNames: _col0, _col1, _col2
          Statistics: Num rows: 63 Data size: 6393 Basic stats: COMPLETE Column stats: NONE
          Select Operator
            expressions: _col0 (type: string), _col1 (type: bigint), _col2 (type: string)
            outputColumnNames: _col0, _col1, _col2
            Statistics: Num rows: 63 Data size: 6393 Basic stats: COMPLETE Column stats: NONE
            File Output Operator
              compressed: false
              table:
                  input format: org.apache.hadoop.mapred.SequenceFileInputFormat
                  output format: org.apache.hadoop.hive.ql.io.HiveSequenceFileOutputFormat
                  serde: org.apache.hadoop.hive.serde2.lazybinary.LazyBinarySerDe

  Stage: Stage-2
    Map Reduce
      Map Operator Tree:
          TableScan
            Reduce Output Operator
              key expressions: _col0 (type: string), _col1 (type: bigint), _col2 (type: string)
              sort order: +++
              Statistics: Num rows: 63 Data size: 6393 Basic stats: COMPLETE Column stats: NONE
              value expressions: _col0 (type: string), _col1 (type: bigint), _col2 (type: string)
      Reduce Operator Tree:
        Extract
          Statistics: Num rows: 63 Data size: 6393 Basic stats: COMPLETE Column stats: NONE
          File Output Operator
            compressed: false
            Statistics: Num rows: 63 Data size: 6393 Basic stats: COMPLETE Column stats: NONE
            table:
                input format: org.apache.hadoop.mapred.TextInputFormat
                output format: org.apache.hadoop.hive.ql.io.HiveIgnoreKeyTextOutputFormat
                serde: org.apache.hadoop.hive.serde2.lazy.LazySimpleSerDe

  Stage: Stage-0
    Fetch Operator
      limit: -1

PREHOOK: query: SELECT xx.key, xx.cnt, yy.key
FROM
(SELECT x.key as key, count(1) as cnt FROM src1 x JOIN src1 y ON (x.key = y.key) group by x.key) xx
JOIN src yy
ON xx.key=yy.key ORDER BY xx.key, xx.cnt, yy.key
PREHOOK: type: QUERY
PREHOOK: Input: default@src
PREHOOK: Input: default@src1
#### A masked pattern was here ####
POSTHOOK: query: SELECT xx.key, xx.cnt, yy.key
FROM
(SELECT x.key as key, count(1) as cnt FROM src1 x JOIN src1 y ON (x.key = y.key) group by x.key) xx
JOIN src yy
ON xx.key=yy.key ORDER BY xx.key, xx.cnt, yy.key
POSTHOOK: type: QUERY
POSTHOOK: Input: default@src
POSTHOOK: Input: default@src1
#### A masked pattern was here ####
128	1	128
128	1	128
128	1	128
146	1	146
146	1	146
150	1	150
213	1	213
213	1	213
224	1	224
224	1	224
238	1	238
238	1	238
255	1	255
255	1	255
273	1	273
273	1	273
273	1	273
278	1	278
278	1	278
311	1	311
311	1	311
311	1	311
369	1	369
369	1	369
369	1	369
401	1	401
401	1	401
401	1	401
401	1	401
401	1	401
406	1	406
406	1	406
406	1	406
406	1	406
66	1	66
98	1	98
98	1	98
PREHOOK: query: EXPLAIN
SELECT xx.key, xx.cnt, yy.key
FROM
(SELECT x.key as key, count(1) as cnt FROM src1 x JOIN src1 y ON (x.key = y.key) group by x.key) xx
JOIN src yy
ON xx.key=yy.key ORDER BY xx.key, xx.cnt, yy.key
PREHOOK: type: QUERY
POSTHOOK: query: EXPLAIN
SELECT xx.key, xx.cnt, yy.key
FROM
(SELECT x.key as key, count(1) as cnt FROM src1 x JOIN src1 y ON (x.key = y.key) group by x.key) xx
JOIN src yy
ON xx.key=yy.key ORDER BY xx.key, xx.cnt, yy.key
POSTHOOK: type: QUERY
STAGE DEPENDENCIES:
  Stage-1 is a root stage
  Stage-2 depends on stages: Stage-1
  Stage-0 is a root stage

STAGE PLANS:
  Stage: Stage-1
    Map Reduce
      Map Operator Tree:
          TableScan
            alias: yy
            Statistics: Num rows: 58 Data size: 5812 Basic stats: COMPLETE Column stats: NONE
            Reduce Output Operator
              key expressions: key (type: string)
              sort order: +
              Map-reduce partition columns: key (type: string)
              Statistics: Num rows: 58 Data size: 5812 Basic stats: COMPLETE Column stats: NONE
              value expressions: key (type: string)
          TableScan
            alias: x
            Statistics: Num rows: 2 Data size: 216 Basic stats: COMPLETE Column stats: NONE
            Reduce Output Operator
              key expressions: key (type: string)
              sort order: +
              Map-reduce partition columns: key (type: string)
              Statistics: Num rows: 2 Data size: 216 Basic stats: COMPLETE Column stats: NONE
              value expressions: key (type: string)
          TableScan
            alias: y
            Statistics: Num rows: 2 Data size: 216 Basic stats: COMPLETE Column stats: NONE
            Reduce Output Operator
              key expressions: key (type: string)
              sort order: +
              Map-reduce partition columns: key (type: string)
              Statistics: Num rows: 2 Data size: 216 Basic stats: COMPLETE Column stats: NONE
      Reduce Operator Tree:
        Demux Operator
          Statistics: Num rows: 62 Data size: 6244 Basic stats: COMPLETE Column stats: NONE
          Join Operator
            condition map:
                 Inner Join 0 to 1
            condition expressions:
              0 {VALUE._col0}
              1 
            outputColumnNames: _col0
            Statistics: Num rows: 0 Data size: 0 Basic stats: NONE Column stats: NONE
            Select Operator
              expressions: _col0 (type: string)
              outputColumnNames: _col0
              Statistics: Num rows: 0 Data size: 0 Basic stats: NONE Column stats: NONE
              Mux Operator
                Statistics: Num rows: 0 Data size: 0 Basic stats: NONE Column stats: NONE
                Group By Operator
                  aggregations: count(1)
                  keys: _col0 (type: string)
                  mode: complete
                  outputColumnNames: _col0, _col1
                  Statistics: Num rows: 0 Data size: 0 Basic stats: NONE Column stats: NONE
                  Select Operator
                    expressions: _col0 (type: string), _col1 (type: bigint)
                    outputColumnNames: _col0, _col1
                    Statistics: Num rows: 0 Data size: 0 Basic stats: NONE Column stats: NONE
                    Mux Operator
                      Statistics: Num rows: 62 Data size: 6244 Basic stats: COMPLETE Column stats: NONE
                      Join Operator
                        condition map:
                             Inner Join 0 to 1
                        condition expressions:
                          0 {VALUE._col0} {VALUE._col1}
                          1 {VALUE._col0}
                        outputColumnNames: _col0, _col1, _col2
                        Statistics: Num rows: 0 Data size: 0 Basic stats: NONE Column stats: NONE
                        Select Operator
                          expressions: _col0 (type: string), _col1 (type: bigint), _col2 (type: string)
                          outputColumnNames: _col0, _col1, _col2
                          Statistics: Num rows: 0 Data size: 0 Basic stats: NONE Column stats: NONE
                          File Output Operator
                            compressed: false
                            table:
                                input format: org.apache.hadoop.mapred.SequenceFileInputFormat
                                output format: org.apache.hadoop.hive.ql.io.HiveSequenceFileOutputFormat
                                serde: org.apache.hadoop.hive.serde2.lazybinary.LazyBinarySerDe
          Mux Operator
            Statistics: Num rows: 62 Data size: 6244 Basic stats: COMPLETE Column stats: NONE
            Join Operator
              condition map:
                   Inner Join 0 to 1
              condition expressions:
                0 {VALUE._col0} {VALUE._col1}
                1 {VALUE._col0}
              outputColumnNames: _col0, _col1, _col2
              Statistics: Num rows: 0 Data size: 0 Basic stats: NONE Column stats: NONE
              Select Operator
                expressions: _col0 (type: string), _col1 (type: bigint), _col2 (type: string)
                outputColumnNames: _col0, _col1, _col2
                Statistics: Num rows: 0 Data size: 0 Basic stats: NONE Column stats: NONE
                File Output Operator
                  compressed: false
                  table:
                      input format: org.apache.hadoop.mapred.SequenceFileInputFormat
                      output format: org.apache.hadoop.hive.ql.io.HiveSequenceFileOutputFormat
                      serde: org.apache.hadoop.hive.serde2.lazybinary.LazyBinarySerDe

  Stage: Stage-2
    Map Reduce
      Map Operator Tree:
          TableScan
            Reduce Output Operator
              key expressions: _col0 (type: string), _col1 (type: bigint), _col2 (type: string)
              sort order: +++
              Statistics: Num rows: 0 Data size: 0 Basic stats: NONE Column stats: NONE
              value expressions: _col0 (type: string), _col1 (type: bigint), _col2 (type: string)
      Reduce Operator Tree:
        Extract
          Statistics: Num rows: 0 Data size: 0 Basic stats: NONE Column stats: NONE
          File Output Operator
            compressed: false
            Statistics: Num rows: 0 Data size: 0 Basic stats: NONE Column stats: NONE
            table:
                input format: org.apache.hadoop.mapred.TextInputFormat
                output format: org.apache.hadoop.hive.ql.io.HiveIgnoreKeyTextOutputFormat
                serde: org.apache.hadoop.hive.serde2.lazy.LazySimpleSerDe

  Stage: Stage-0
    Fetch Operator
      limit: -1

PREHOOK: query: SELECT xx.key, xx.cnt, yy.key
FROM
(SELECT x.key as key, count(1) as cnt FROM src1 x JOIN src1 y ON (x.key = y.key) group by x.key) xx
JOIN src yy
ON xx.key=yy.key ORDER BY xx.key, xx.cnt, yy.key
PREHOOK: type: QUERY
PREHOOK: Input: default@src
PREHOOK: Input: default@src1
#### A masked pattern was here ####
POSTHOOK: query: SELECT xx.key, xx.cnt, yy.key
FROM
(SELECT x.key as key, count(1) as cnt FROM src1 x JOIN src1 y ON (x.key = y.key) group by x.key) xx
JOIN src yy
ON xx.key=yy.key ORDER BY xx.key, xx.cnt, yy.key
POSTHOOK: type: QUERY
POSTHOOK: Input: default@src
POSTHOOK: Input: default@src1
#### A masked pattern was here ####
128	1	128
128	1	128
128	1	128
146	1	146
146	1	146
150	1	150
213	1	213
213	1	213
224	1	224
224	1	224
238	1	238
238	1	238
255	1	255
255	1	255
273	1	273
273	1	273
273	1	273
278	1	278
278	1	278
311	1	311
311	1	311
311	1	311
369	1	369
369	1	369
369	1	369
401	1	401
401	1	401
401	1	401
401	1	401
401	1	401
406	1	406
406	1	406
406	1	406
406	1	406
66	1	66
98	1	98
98	1	98
PREHOOK: query: -- When Correlation Optimizer is turned off, 4 MR jobs are needed.
-- When Correlation Optimizer is turned on, 2 MR jobs are needed.
-- The first job will evaluate subquery xx and xx join yy join zz.
EXPLAIN
SELECT xx.key, yy.key, yy.cnt
FROM src1 xx
JOIN src zz ON xx.key=zz.key
JOIN
(SELECT x.key as key, count(1) as cnt FROM src x JOIN src y ON (x.key = y.key) group by x.key) yy
ON zz.key=yy.key 
ORDER BY xx.key, yy.key, yy.cnt
PREHOOK: type: QUERY
POSTHOOK: query: -- When Correlation Optimizer is turned off, 4 MR jobs are needed.
-- When Correlation Optimizer is turned on, 2 MR jobs are needed.
-- The first job will evaluate subquery xx and xx join yy join zz.
EXPLAIN
SELECT xx.key, yy.key, yy.cnt
FROM src1 xx
JOIN src zz ON xx.key=zz.key
JOIN
(SELECT x.key as key, count(1) as cnt FROM src x JOIN src y ON (x.key = y.key) group by x.key) yy
ON zz.key=yy.key 
ORDER BY xx.key, yy.key, yy.cnt
POSTHOOK: type: QUERY
STAGE DEPENDENCIES:
  Stage-3 is a root stage
  Stage-4 depends on stages: Stage-3
  Stage-1 depends on stages: Stage-4
  Stage-2 depends on stages: Stage-1
  Stage-0 is a root stage

STAGE PLANS:
  Stage: Stage-3
    Map Reduce
      Map Operator Tree:
          TableScan
            alias: x
            Statistics: Num rows: 58 Data size: 5812 Basic stats: COMPLETE Column stats: NONE
            Reduce Output Operator
              key expressions: key (type: string)
              sort order: +
              Map-reduce partition columns: key (type: string)
              Statistics: Num rows: 58 Data size: 5812 Basic stats: COMPLETE Column stats: NONE
              value expressions: key (type: string)
          TableScan
            alias: y
            Statistics: Num rows: 58 Data size: 5812 Basic stats: COMPLETE Column stats: NONE
            Reduce Output Operator
              key expressions: key (type: string)
              sort order: +
              Map-reduce partition columns: key (type: string)
              Statistics: Num rows: 58 Data size: 5812 Basic stats: COMPLETE Column stats: NONE
      Reduce Operator Tree:
        Join Operator
          condition map:
               Inner Join 0 to 1
          condition expressions:
            0 {VALUE._col0}
            1 
          outputColumnNames: _col0
          Statistics: Num rows: 63 Data size: 6393 Basic stats: COMPLETE Column stats: NONE
          Select Operator
            expressions: _col0 (type: string)
            outputColumnNames: _col0
            Statistics: Num rows: 63 Data size: 6393 Basic stats: COMPLETE Column stats: NONE
            Group By Operator
              aggregations: count(1)
              keys: _col0 (type: string)
              mode: hash
              outputColumnNames: _col0, _col1
              Statistics: Num rows: 63 Data size: 6393 Basic stats: COMPLETE Column stats: NONE
              File Output Operator
                compressed: false
                table:
                    input format: org.apache.hadoop.mapred.SequenceFileInputFormat
                    output format: org.apache.hadoop.hive.ql.io.HiveSequenceFileOutputFormat
                    serde: org.apache.hadoop.hive.serde2.lazybinary.LazyBinarySerDe

  Stage: Stage-4
    Map Reduce
      Map Operator Tree:
          TableScan
            Reduce Output Operator
              key expressions: _col0 (type: string)
              sort order: +
              Map-reduce partition columns: _col0 (type: string)
              Statistics: Num rows: 63 Data size: 6393 Basic stats: COMPLETE Column stats: NONE
              value expressions: _col1 (type: bigint)
      Reduce Operator Tree:
        Group By Operator
          aggregations: count(VALUE._col0)
          keys: KEY._col0 (type: string)
          mode: mergepartial
          outputColumnNames: _col0, _col1
          Statistics: Num rows: 31 Data size: 3145 Basic stats: COMPLETE Column stats: NONE
          Select Operator
            expressions: _col0 (type: string), _col1 (type: bigint)
            outputColumnNames: _col0, _col1
            Statistics: Num rows: 31 Data size: 3145 Basic stats: COMPLETE Column stats: NONE
            File Output Operator
              compressed: false
              table:
                  input format: org.apache.hadoop.mapred.SequenceFileInputFormat
                  output format: org.apache.hadoop.hive.ql.io.HiveSequenceFileOutputFormat
                  serde: org.apache.hadoop.hive.serde2.lazybinary.LazyBinarySerDe

  Stage: Stage-1
    Map Reduce
      Map Operator Tree:
          TableScan
            alias: zz
            Statistics: Num rows: 58 Data size: 5812 Basic stats: COMPLETE Column stats: NONE
            Reduce Output Operator
              key expressions: key (type: string)
              sort order: +
              Map-reduce partition columns: key (type: string)
              Statistics: Num rows: 58 Data size: 5812 Basic stats: COMPLETE Column stats: NONE
          TableScan
            Reduce Output Operator
              key expressions: _col0 (type: string)
              sort order: +
              Map-reduce partition columns: _col0 (type: string)
              Statistics: Num rows: 31 Data size: 3145 Basic stats: COMPLETE Column stats: NONE
              value expressions: _col0 (type: string), _col1 (type: bigint)
          TableScan
            alias: xx
            Statistics: Num rows: 2 Data size: 216 Basic stats: COMPLETE Column stats: NONE
            Reduce Output Operator
              key expressions: key (type: string)
              sort order: +
              Map-reduce partition columns: key (type: string)
              Statistics: Num rows: 2 Data size: 216 Basic stats: COMPLETE Column stats: NONE
              value expressions: key (type: string)
      Reduce Operator Tree:
        Join Operator
          condition map:
               Inner Join 0 to 1
               Inner Join 1 to 2
          condition expressions:
            0 {VALUE._col0}
            1 
            2 {VALUE._col0} {VALUE._col1}
          outputColumnNames: _col0, _col8, _col9
          Statistics: Num rows: 127 Data size: 12786 Basic stats: COMPLETE Column stats: NONE
          Select Operator
            expressions: _col0 (type: string), _col8 (type: string), _col9 (type: bigint)
            outputColumnNames: _col0, _col1, _col2
            Statistics: Num rows: 127 Data size: 12786 Basic stats: COMPLETE Column stats: NONE
            File Output Operator
              compressed: false
              table:
                  input format: org.apache.hadoop.mapred.SequenceFileInputFormat
                  output format: org.apache.hadoop.hive.ql.io.HiveSequenceFileOutputFormat
                  serde: org.apache.hadoop.hive.serde2.lazybinary.LazyBinarySerDe

  Stage: Stage-2
    Map Reduce
      Map Operator Tree:
          TableScan
            Reduce Output Operator
              key expressions: _col0 (type: string), _col1 (type: string), _col2 (type: bigint)
              sort order: +++
              Statistics: Num rows: 127 Data size: 12786 Basic stats: COMPLETE Column stats: NONE
              value expressions: _col0 (type: string), _col1 (type: string), _col2 (type: bigint)
      Reduce Operator Tree:
        Extract
          Statistics: Num rows: 127 Data size: 12786 Basic stats: COMPLETE Column stats: NONE
          File Output Operator
            compressed: false
            Statistics: Num rows: 127 Data size: 12786 Basic stats: COMPLETE Column stats: NONE
            table:
                input format: org.apache.hadoop.mapred.TextInputFormat
                output format: org.apache.hadoop.hive.ql.io.HiveIgnoreKeyTextOutputFormat
                serde: org.apache.hadoop.hive.serde2.lazy.LazySimpleSerDe

  Stage: Stage-0
    Fetch Operator
      limit: -1

PREHOOK: query: SELECT xx.key, yy.key, yy.cnt
FROM src1 xx
JOIN src zz ON xx.key=zz.key
JOIN
(SELECT x.key as key, count(1) as cnt FROM src x JOIN src y ON (x.key = y.key) group by x.key) yy
ON zz.key=yy.key 
ORDER BY xx.key, yy.key, yy.cnt
PREHOOK: type: QUERY
PREHOOK: Input: default@src
PREHOOK: Input: default@src1
#### A masked pattern was here ####
POSTHOOK: query: SELECT xx.key, yy.key, yy.cnt
FROM src1 xx
JOIN src zz ON xx.key=zz.key
JOIN
(SELECT x.key as key, count(1) as cnt FROM src x JOIN src y ON (x.key = y.key) group by x.key) yy
ON zz.key=yy.key 
ORDER BY xx.key, yy.key, yy.cnt
POSTHOOK: type: QUERY
POSTHOOK: Input: default@src
POSTHOOK: Input: default@src1
#### A masked pattern was here ####
128	128	9
128	128	9
128	128	9
146	146	4
146	146	4
150	150	1
213	213	4
213	213	4
224	224	4
224	224	4
238	238	4
238	238	4
255	255	4
255	255	4
273	273	9
273	273	9
273	273	9
278	278	4
278	278	4
311	311	9
311	311	9
311	311	9
369	369	9
369	369	9
369	369	9
401	401	25
401	401	25
401	401	25
401	401	25
401	401	25
406	406	16
406	406	16
406	406	16
406	406	16
66	66	1
98	98	4
98	98	4
PREHOOK: query: -- When Correlation Optimizer is turned off, 4 MR jobs are needed.
-- When Correlation Optimizer is turned on, 2 MR jobs are needed.
-- The first job will evaluate subquery yy and xx join yy join zz.
EXPLAIN
SELECT xx.key, yy.key, yy.cnt
FROM src1 xx
JOIN src zz ON xx.key=zz.key
JOIN
(SELECT x.key as key, count(1) as cnt FROM src x JOIN src y ON (x.key = y.key) group by x.key) yy
ON zz.key=yy.key 
ORDER BY xx.key, yy.key, yy.cnt
PREHOOK: type: QUERY
POSTHOOK: query: -- When Correlation Optimizer is turned off, 4 MR jobs are needed.
-- When Correlation Optimizer is turned on, 2 MR jobs are needed.
-- The first job will evaluate subquery yy and xx join yy join zz.
EXPLAIN
SELECT xx.key, yy.key, yy.cnt
FROM src1 xx
JOIN src zz ON xx.key=zz.key
JOIN
(SELECT x.key as key, count(1) as cnt FROM src x JOIN src y ON (x.key = y.key) group by x.key) yy
ON zz.key=yy.key 
ORDER BY xx.key, yy.key, yy.cnt
POSTHOOK: type: QUERY
STAGE DEPENDENCIES:
  Stage-1 is a root stage
  Stage-2 depends on stages: Stage-1
  Stage-0 is a root stage

STAGE PLANS:
  Stage: Stage-1
    Map Reduce
      Map Operator Tree:
          TableScan
            alias: zz
            Statistics: Num rows: 58 Data size: 5812 Basic stats: COMPLETE Column stats: NONE
            Reduce Output Operator
              key expressions: key (type: string)
              sort order: +
              Map-reduce partition columns: key (type: string)
              Statistics: Num rows: 58 Data size: 5812 Basic stats: COMPLETE Column stats: NONE
          TableScan
            alias: x
            Statistics: Num rows: 58 Data size: 5812 Basic stats: COMPLETE Column stats: NONE
            Reduce Output Operator
              key expressions: key (type: string)
              sort order: +
              Map-reduce partition columns: key (type: string)
              Statistics: Num rows: 58 Data size: 5812 Basic stats: COMPLETE Column stats: NONE
              value expressions: key (type: string)
          TableScan
            alias: y
            Statistics: Num rows: 58 Data size: 5812 Basic stats: COMPLETE Column stats: NONE
            Reduce Output Operator
              key expressions: key (type: string)
              sort order: +
              Map-reduce partition columns: key (type: string)
              Statistics: Num rows: 58 Data size: 5812 Basic stats: COMPLETE Column stats: NONE
          TableScan
            alias: xx
            Statistics: Num rows: 2 Data size: 216 Basic stats: COMPLETE Column stats: NONE
            Reduce Output Operator
              key expressions: key (type: string)
              sort order: +
              Map-reduce partition columns: key (type: string)
              Statistics: Num rows: 2 Data size: 216 Basic stats: COMPLETE Column stats: NONE
              value expressions: key (type: string)
      Reduce Operator Tree:
        Demux Operator
          Statistics: Num rows: 176 Data size: 17652 Basic stats: COMPLETE Column stats: NONE
          Mux Operator
            Statistics: Num rows: 352 Data size: 35304 Basic stats: COMPLETE Column stats: NONE
            Join Operator
              condition map:
                   Inner Join 0 to 1
                   Inner Join 1 to 2
              condition expressions:
                0 {VALUE._col0}
                1 
                2 {VALUE._col0} {VALUE._col1}
              outputColumnNames: _col0, _col8, _col9
              Statistics: Num rows: 0 Data size: 0 Basic stats: NONE Column stats: NONE
              Select Operator
                expressions: _col0 (type: string), _col8 (type: string), _col9 (type: bigint)
                outputColumnNames: _col0, _col1, _col2
                Statistics: Num rows: 0 Data size: 0 Basic stats: NONE Column stats: NONE
                File Output Operator
                  compressed: false
                  table:
                      input format: org.apache.hadoop.mapred.SequenceFileInputFormat
                      output format: org.apache.hadoop.hive.ql.io.HiveSequenceFileOutputFormat
                      serde: org.apache.hadoop.hive.serde2.lazybinary.LazyBinarySerDe
          Join Operator
            condition map:
                 Inner Join 0 to 1
            condition expressions:
              0 {VALUE._col0}
              1 
            outputColumnNames: _col0
            Statistics: Num rows: 0 Data size: 0 Basic stats: NONE Column stats: NONE
            Select Operator
              expressions: _col0 (type: string)
              outputColumnNames: _col0
              Statistics: Num rows: 0 Data size: 0 Basic stats: NONE Column stats: NONE
              Mux Operator
                Statistics: Num rows: 0 Data size: 0 Basic stats: NONE Column stats: NONE
                Group By Operator
                  aggregations: count(1)
                  keys: _col0 (type: string)
                  mode: complete
                  outputColumnNames: _col0, _col1
                  Statistics: Num rows: 0 Data size: 0 Basic stats: NONE Column stats: NONE
                  Select Operator
                    expressions: _col0 (type: string), _col1 (type: bigint)
                    outputColumnNames: _col0, _col1
                    Statistics: Num rows: 0 Data size: 0 Basic stats: NONE Column stats: NONE
                    Mux Operator
                      Statistics: Num rows: 352 Data size: 35304 Basic stats: COMPLETE Column stats: NONE
                      Join Operator
                        condition map:
                             Inner Join 0 to 1
                             Inner Join 1 to 2
                        condition expressions:
                          0 {VALUE._col0}
                          1 
                          2 {VALUE._col0} {VALUE._col1}
                        outputColumnNames: _col0, _col8, _col9
                        Statistics: Num rows: 0 Data size: 0 Basic stats: NONE Column stats: NONE
                        Select Operator
                          expressions: _col0 (type: string), _col8 (type: string), _col9 (type: bigint)
                          outputColumnNames: _col0, _col1, _col2
                          Statistics: Num rows: 0 Data size: 0 Basic stats: NONE Column stats: NONE
                          File Output Operator
                            compressed: false
                            table:
                                input format: org.apache.hadoop.mapred.SequenceFileInputFormat
                                output format: org.apache.hadoop.hive.ql.io.HiveSequenceFileOutputFormat
                                serde: org.apache.hadoop.hive.serde2.lazybinary.LazyBinarySerDe

  Stage: Stage-2
    Map Reduce
      Map Operator Tree:
          TableScan
            Reduce Output Operator
              key expressions: _col0 (type: string), _col1 (type: string), _col2 (type: bigint)
              sort order: +++
              Statistics: Num rows: 0 Data size: 0 Basic stats: NONE Column stats: NONE
              value expressions: _col0 (type: string), _col1 (type: string), _col2 (type: bigint)
      Reduce Operator Tree:
        Extract
          Statistics: Num rows: 0 Data size: 0 Basic stats: NONE Column stats: NONE
          File Output Operator
            compressed: false
            Statistics: Num rows: 0 Data size: 0 Basic stats: NONE Column stats: NONE
            table:
                input format: org.apache.hadoop.mapred.TextInputFormat
                output format: org.apache.hadoop.hive.ql.io.HiveIgnoreKeyTextOutputFormat
                serde: org.apache.hadoop.hive.serde2.lazy.LazySimpleSerDe

  Stage: Stage-0
    Fetch Operator
      limit: -1

PREHOOK: query: SELECT xx.key, yy.key, yy.cnt
FROM src1 xx
JOIN src zz ON xx.key=zz.key
JOIN
(SELECT x.key as key, count(1) as cnt FROM src x JOIN src y ON (x.key = y.key) group by x.key) yy
ON zz.key=yy.key 
ORDER BY xx.key, yy.key, yy.cnt
PREHOOK: type: QUERY
PREHOOK: Input: default@src
PREHOOK: Input: default@src1
#### A masked pattern was here ####
POSTHOOK: query: SELECT xx.key, yy.key, yy.cnt
FROM src1 xx
JOIN src zz ON xx.key=zz.key
JOIN
(SELECT x.key as key, count(1) as cnt FROM src x JOIN src y ON (x.key = y.key) group by x.key) yy
ON zz.key=yy.key 
ORDER BY xx.key, yy.key, yy.cnt
POSTHOOK: type: QUERY
POSTHOOK: Input: default@src
POSTHOOK: Input: default@src1
#### A masked pattern was here ####
128	128	9
128	128	9
128	128	9
146	146	4
146	146	4
150	150	1
213	213	4
213	213	4
224	224	4
224	224	4
238	238	4
238	238	4
255	255	4
255	255	4
273	273	9
273	273	9
273	273	9
278	278	4
278	278	4
311	311	9
311	311	9
311	311	9
369	369	9
369	369	9
369	369	9
401	401	25
401	401	25
401	401	25
401	401	25
401	401	25
406	406	16
406	406	16
406	406	16
406	406	16
66	66	1
98	98	4
98	98	4
PREHOOK: query: -- When Correlation Optimizer is turned off, 4 MR jobs are needed.
-- When Correlation Optimizer is turned on, 2 MR jobs are needed.
-- The first job will evaluate subquery yy and xx join yy join zz.
EXPLAIN
SELECT xx.key, yy.key, yy.cnt
FROM src1 xx
JOIN
(SELECT x.key as key, count(1) as cnt FROM src x JOIN src y ON (x.key = y.key) group by x.key) yy
ON xx.key=yy.key JOIN src zz
ON yy.key=zz.key ORDER BY xx.key, yy.key, yy.cnt
PREHOOK: type: QUERY
POSTHOOK: query: -- When Correlation Optimizer is turned off, 4 MR jobs are needed.
-- When Correlation Optimizer is turned on, 2 MR jobs are needed.
-- The first job will evaluate subquery yy and xx join yy join zz.
EXPLAIN
SELECT xx.key, yy.key, yy.cnt
FROM src1 xx
JOIN
(SELECT x.key as key, count(1) as cnt FROM src x JOIN src y ON (x.key = y.key) group by x.key) yy
ON xx.key=yy.key JOIN src zz
ON yy.key=zz.key ORDER BY xx.key, yy.key, yy.cnt
POSTHOOK: type: QUERY
STAGE DEPENDENCIES:
  Stage-3 is a root stage
  Stage-4 depends on stages: Stage-3
  Stage-1 depends on stages: Stage-4
  Stage-2 depends on stages: Stage-1
  Stage-0 is a root stage

STAGE PLANS:
  Stage: Stage-3
    Map Reduce
      Map Operator Tree:
          TableScan
            alias: x
            Statistics: Num rows: 58 Data size: 5812 Basic stats: COMPLETE Column stats: NONE
            Reduce Output Operator
              key expressions: key (type: string)
              sort order: +
              Map-reduce partition columns: key (type: string)
              Statistics: Num rows: 58 Data size: 5812 Basic stats: COMPLETE Column stats: NONE
              value expressions: key (type: string)
          TableScan
            alias: y
            Statistics: Num rows: 58 Data size: 5812 Basic stats: COMPLETE Column stats: NONE
            Reduce Output Operator
              key expressions: key (type: string)
              sort order: +
              Map-reduce partition columns: key (type: string)
              Statistics: Num rows: 58 Data size: 5812 Basic stats: COMPLETE Column stats: NONE
      Reduce Operator Tree:
        Join Operator
          condition map:
               Inner Join 0 to 1
          condition expressions:
            0 {VALUE._col0}
            1 
          outputColumnNames: _col0
          Statistics: Num rows: 63 Data size: 6393 Basic stats: COMPLETE Column stats: NONE
          Select Operator
            expressions: _col0 (type: string)
            outputColumnNames: _col0
            Statistics: Num rows: 63 Data size: 6393 Basic stats: COMPLETE Column stats: NONE
            Group By Operator
              aggregations: count(1)
              keys: _col0 (type: string)
              mode: hash
              outputColumnNames: _col0, _col1
              Statistics: Num rows: 63 Data size: 6393 Basic stats: COMPLETE Column stats: NONE
              File Output Operator
                compressed: false
                table:
                    input format: org.apache.hadoop.mapred.SequenceFileInputFormat
                    output format: org.apache.hadoop.hive.ql.io.HiveSequenceFileOutputFormat
                    serde: org.apache.hadoop.hive.serde2.lazybinary.LazyBinarySerDe

  Stage: Stage-4
    Map Reduce
      Map Operator Tree:
          TableScan
            Reduce Output Operator
              key expressions: _col0 (type: string)
              sort order: +
              Map-reduce partition columns: _col0 (type: string)
              Statistics: Num rows: 63 Data size: 6393 Basic stats: COMPLETE Column stats: NONE
              value expressions: _col1 (type: bigint)
      Reduce Operator Tree:
        Group By Operator
          aggregations: count(VALUE._col0)
          keys: KEY._col0 (type: string)
          mode: mergepartial
          outputColumnNames: _col0, _col1
          Statistics: Num rows: 31 Data size: 3145 Basic stats: COMPLETE Column stats: NONE
          Select Operator
            expressions: _col0 (type: string), _col1 (type: bigint)
            outputColumnNames: _col0, _col1
            Statistics: Num rows: 31 Data size: 3145 Basic stats: COMPLETE Column stats: NONE
            File Output Operator
              compressed: false
              table:
                  input format: org.apache.hadoop.mapred.SequenceFileInputFormat
                  output format: org.apache.hadoop.hive.ql.io.HiveSequenceFileOutputFormat
                  serde: org.apache.hadoop.hive.serde2.lazybinary.LazyBinarySerDe

  Stage: Stage-1
    Map Reduce
      Map Operator Tree:
          TableScan
            alias: zz
            Statistics: Num rows: 58 Data size: 5812 Basic stats: COMPLETE Column stats: NONE
            Reduce Output Operator
              key expressions: key (type: string)
              sort order: +
              Map-reduce partition columns: key (type: string)
              Statistics: Num rows: 58 Data size: 5812 Basic stats: COMPLETE Column stats: NONE
          TableScan
            Reduce Output Operator
              key expressions: _col0 (type: string)
              sort order: +
              Map-reduce partition columns: _col0 (type: string)
              Statistics: Num rows: 31 Data size: 3145 Basic stats: COMPLETE Column stats: NONE
              value expressions: _col0 (type: string), _col1 (type: bigint)
          TableScan
            alias: xx
            Statistics: Num rows: 2 Data size: 216 Basic stats: COMPLETE Column stats: NONE
            Reduce Output Operator
              key expressions: key (type: string)
              sort order: +
              Map-reduce partition columns: key (type: string)
              Statistics: Num rows: 2 Data size: 216 Basic stats: COMPLETE Column stats: NONE
              value expressions: key (type: string)
      Reduce Operator Tree:
        Join Operator
          condition map:
               Inner Join 0 to 1
               Inner Join 1 to 2
          condition expressions:
            0 {VALUE._col0}
            1 {VALUE._col0} {VALUE._col1}
            2 
          outputColumnNames: _col0, _col4, _col5
          Statistics: Num rows: 127 Data size: 12786 Basic stats: COMPLETE Column stats: NONE
          Select Operator
            expressions: _col0 (type: string), _col4 (type: string), _col5 (type: bigint)
            outputColumnNames: _col0, _col1, _col2
            Statistics: Num rows: 127 Data size: 12786 Basic stats: COMPLETE Column stats: NONE
            File Output Operator
              compressed: false
              table:
                  input format: org.apache.hadoop.mapred.SequenceFileInputFormat
                  output format: org.apache.hadoop.hive.ql.io.HiveSequenceFileOutputFormat
                  serde: org.apache.hadoop.hive.serde2.lazybinary.LazyBinarySerDe

  Stage: Stage-2
    Map Reduce
      Map Operator Tree:
          TableScan
            Reduce Output Operator
              key expressions: _col0 (type: string), _col1 (type: string), _col2 (type: bigint)
              sort order: +++
              Statistics: Num rows: 127 Data size: 12786 Basic stats: COMPLETE Column stats: NONE
              value expressions: _col0 (type: string), _col1 (type: string), _col2 (type: bigint)
      Reduce Operator Tree:
        Extract
          Statistics: Num rows: 127 Data size: 12786 Basic stats: COMPLETE Column stats: NONE
          File Output Operator
            compressed: false
            Statistics: Num rows: 127 Data size: 12786 Basic stats: COMPLETE Column stats: NONE
            table:
                input format: org.apache.hadoop.mapred.TextInputFormat
                output format: org.apache.hadoop.hive.ql.io.HiveIgnoreKeyTextOutputFormat
                serde: org.apache.hadoop.hive.serde2.lazy.LazySimpleSerDe

  Stage: Stage-0
    Fetch Operator
      limit: -1

PREHOOK: query: SELECT xx.key, yy.key, yy.cnt
FROM src1 xx
JOIN
(SELECT x.key as key, count(1) as cnt FROM src x JOIN src y ON (x.key = y.key) group by x.key) yy
ON xx.key=yy.key JOIN src zz
ON yy.key=zz.key ORDER BY xx.key, yy.key, yy.cnt
PREHOOK: type: QUERY
PREHOOK: Input: default@src
PREHOOK: Input: default@src1
#### A masked pattern was here ####
POSTHOOK: query: SELECT xx.key, yy.key, yy.cnt
FROM src1 xx
JOIN
(SELECT x.key as key, count(1) as cnt FROM src x JOIN src y ON (x.key = y.key) group by x.key) yy
ON xx.key=yy.key JOIN src zz
ON yy.key=zz.key ORDER BY xx.key, yy.key, yy.cnt
POSTHOOK: type: QUERY
POSTHOOK: Input: default@src
POSTHOOK: Input: default@src1
#### A masked pattern was here ####
128	128	9
128	128	9
128	128	9
146	146	4
146	146	4
150	150	1
213	213	4
213	213	4
224	224	4
224	224	4
238	238	4
238	238	4
255	255	4
255	255	4
273	273	9
273	273	9
273	273	9
278	278	4
278	278	4
311	311	9
311	311	9
311	311	9
369	369	9
369	369	9
369	369	9
401	401	25
401	401	25
401	401	25
401	401	25
401	401	25
406	406	16
406	406	16
406	406	16
406	406	16
66	66	1
98	98	4
98	98	4
PREHOOK: query: EXPLAIN
SELECT xx.key, yy.key, yy.cnt
FROM src1 xx
JOIN
(SELECT x.key as key, count(1) as cnt FROM src x JOIN src y ON (x.key = y.key) group by x.key) yy
ON xx.key=yy.key JOIN src zz
ON yy.key=zz.key ORDER BY xx.key, yy.key, yy.cnt
PREHOOK: type: QUERY
POSTHOOK: query: EXPLAIN
SELECT xx.key, yy.key, yy.cnt
FROM src1 xx
JOIN
(SELECT x.key as key, count(1) as cnt FROM src x JOIN src y ON (x.key = y.key) group by x.key) yy
ON xx.key=yy.key JOIN src zz
ON yy.key=zz.key ORDER BY xx.key, yy.key, yy.cnt
POSTHOOK: type: QUERY
STAGE DEPENDENCIES:
  Stage-1 is a root stage
  Stage-2 depends on stages: Stage-1
  Stage-0 is a root stage

STAGE PLANS:
  Stage: Stage-1
    Map Reduce
      Map Operator Tree:
          TableScan
            alias: zz
            Statistics: Num rows: 58 Data size: 5812 Basic stats: COMPLETE Column stats: NONE
            Reduce Output Operator
              key expressions: key (type: string)
              sort order: +
              Map-reduce partition columns: key (type: string)
              Statistics: Num rows: 58 Data size: 5812 Basic stats: COMPLETE Column stats: NONE
          TableScan
            alias: x
            Statistics: Num rows: 58 Data size: 5812 Basic stats: COMPLETE Column stats: NONE
            Reduce Output Operator
              key expressions: key (type: string)
              sort order: +
              Map-reduce partition columns: key (type: string)
              Statistics: Num rows: 58 Data size: 5812 Basic stats: COMPLETE Column stats: NONE
              value expressions: key (type: string)
          TableScan
            alias: y
            Statistics: Num rows: 58 Data size: 5812 Basic stats: COMPLETE Column stats: NONE
            Reduce Output Operator
              key expressions: key (type: string)
              sort order: +
              Map-reduce partition columns: key (type: string)
              Statistics: Num rows: 58 Data size: 5812 Basic stats: COMPLETE Column stats: NONE
          TableScan
            alias: xx
            Statistics: Num rows: 2 Data size: 216 Basic stats: COMPLETE Column stats: NONE
            Reduce Output Operator
              key expressions: key (type: string)
              sort order: +
              Map-reduce partition columns: key (type: string)
              Statistics: Num rows: 2 Data size: 216 Basic stats: COMPLETE Column stats: NONE
              value expressions: key (type: string)
      Reduce Operator Tree:
        Demux Operator
          Statistics: Num rows: 176 Data size: 17652 Basic stats: COMPLETE Column stats: NONE
          Mux Operator
            Statistics: Num rows: 352 Data size: 35304 Basic stats: COMPLETE Column stats: NONE
            Join Operator
              condition map:
                   Inner Join 0 to 1
                   Inner Join 1 to 2
              condition expressions:
                0 {VALUE._col0}
                1 {VALUE._col0} {VALUE._col1}
                2 
              outputColumnNames: _col0, _col4, _col5
              Statistics: Num rows: 0 Data size: 0 Basic stats: NONE Column stats: NONE
              Select Operator
                expressions: _col0 (type: string), _col4 (type: string), _col5 (type: bigint)
                outputColumnNames: _col0, _col1, _col2
                Statistics: Num rows: 0 Data size: 0 Basic stats: NONE Column stats: NONE
                File Output Operator
                  compressed: false
                  table:
                      input format: org.apache.hadoop.mapred.SequenceFileInputFormat
                      output format: org.apache.hadoop.hive.ql.io.HiveSequenceFileOutputFormat
                      serde: org.apache.hadoop.hive.serde2.lazybinary.LazyBinarySerDe
          Join Operator
            condition map:
                 Inner Join 0 to 1
            condition expressions:
              0 {VALUE._col0}
              1 
            outputColumnNames: _col0
            Statistics: Num rows: 0 Data size: 0 Basic stats: NONE Column stats: NONE
            Select Operator
              expressions: _col0 (type: string)
              outputColumnNames: _col0
              Statistics: Num rows: 0 Data size: 0 Basic stats: NONE Column stats: NONE
              Mux Operator
                Statistics: Num rows: 0 Data size: 0 Basic stats: NONE Column stats: NONE
                Group By Operator
                  aggregations: count(1)
                  keys: _col0 (type: string)
                  mode: complete
                  outputColumnNames: _col0, _col1
                  Statistics: Num rows: 0 Data size: 0 Basic stats: NONE Column stats: NONE
                  Select Operator
                    expressions: _col0 (type: string), _col1 (type: bigint)
                    outputColumnNames: _col0, _col1
                    Statistics: Num rows: 0 Data size: 0 Basic stats: NONE Column stats: NONE
                    Mux Operator
                      Statistics: Num rows: 352 Data size: 35304 Basic stats: COMPLETE Column stats: NONE
                      Join Operator
                        condition map:
                             Inner Join 0 to 1
                             Inner Join 1 to 2
                        condition expressions:
                          0 {VALUE._col0}
                          1 {VALUE._col0} {VALUE._col1}
                          2 
                        outputColumnNames: _col0, _col4, _col5
                        Statistics: Num rows: 0 Data size: 0 Basic stats: NONE Column stats: NONE
                        Select Operator
                          expressions: _col0 (type: string), _col4 (type: string), _col5 (type: bigint)
                          outputColumnNames: _col0, _col1, _col2
                          Statistics: Num rows: 0 Data size: 0 Basic stats: NONE Column stats: NONE
                          File Output Operator
                            compressed: false
                            table:
                                input format: org.apache.hadoop.mapred.SequenceFileInputFormat
                                output format: org.apache.hadoop.hive.ql.io.HiveSequenceFileOutputFormat
                                serde: org.apache.hadoop.hive.serde2.lazybinary.LazyBinarySerDe

  Stage: Stage-2
    Map Reduce
      Map Operator Tree:
          TableScan
            Reduce Output Operator
              key expressions: _col0 (type: string), _col1 (type: string), _col2 (type: bigint)
              sort order: +++
              Statistics: Num rows: 0 Data size: 0 Basic stats: NONE Column stats: NONE
              value expressions: _col0 (type: string), _col1 (type: string), _col2 (type: bigint)
      Reduce Operator Tree:
        Extract
          Statistics: Num rows: 0 Data size: 0 Basic stats: NONE Column stats: NONE
          File Output Operator
            compressed: false
            Statistics: Num rows: 0 Data size: 0 Basic stats: NONE Column stats: NONE
            table:
                input format: org.apache.hadoop.mapred.TextInputFormat
                output format: org.apache.hadoop.hive.ql.io.HiveIgnoreKeyTextOutputFormat
                serde: org.apache.hadoop.hive.serde2.lazy.LazySimpleSerDe

  Stage: Stage-0
    Fetch Operator
      limit: -1

PREHOOK: query: SELECT xx.key, yy.key, yy.cnt
FROM src1 xx
JOIN
(SELECT x.key as key, count(1) as cnt FROM src x JOIN src y ON (x.key = y.key) group by x.key) yy
ON xx.key=yy.key JOIN src zz
ON yy.key=zz.key ORDER BY xx.key, yy.key, yy.cnt
PREHOOK: type: QUERY
PREHOOK: Input: default@src
PREHOOK: Input: default@src1
#### A masked pattern was here ####
POSTHOOK: query: SELECT xx.key, yy.key, yy.cnt
FROM src1 xx
JOIN
(SELECT x.key as key, count(1) as cnt FROM src x JOIN src y ON (x.key = y.key) group by x.key) yy
ON xx.key=yy.key JOIN src zz
ON yy.key=zz.key ORDER BY xx.key, yy.key, yy.cnt
POSTHOOK: type: QUERY
POSTHOOK: Input: default@src
POSTHOOK: Input: default@src1
#### A masked pattern was here ####
128	128	9
128	128	9
128	128	9
146	146	4
146	146	4
150	150	1
213	213	4
213	213	4
224	224	4
224	224	4
238	238	4
238	238	4
255	255	4
255	255	4
273	273	9
273	273	9
273	273	9
278	278	4
278	278	4
311	311	9
311	311	9
311	311	9
369	369	9
369	369	9
369	369	9
401	401	25
401	401	25
401	401	25
401	401	25
401	401	25
406	406	16
406	406	16
406	406	16
406	406	16
66	66	1
98	98	4
98	98	4
PREHOOK: query: -- When Correlation Optimizer is turned off, 6 MR jobs are needed.
-- When Correlation Optimizer is turned on, 2 MR jobs are needed.
-- The first job will evaluate subquery tmp and tmp join z.
EXPLAIN
SELECT tmp.key, tmp.sum1, tmp.sum2, z.key, z.value
FROM
(SELECT xx.key as key, sum(xx.cnt) as sum1, sum(yy.cnt) as sum2
 FROM (SELECT x.key as key, count(*) AS cnt FROM src x group by x.key) xx
 JOIN (SELECT y.key as key, count(*) AS cnt FROM src1 y group by y.key) yy
 ON (xx.key=yy.key) GROUP BY xx.key) tmp
JOIN src z ON tmp.key=z.key
ORDER BY tmp.key, tmp.sum1, tmp.sum2, z.key, z.value
PREHOOK: type: QUERY
POSTHOOK: query: -- When Correlation Optimizer is turned off, 6 MR jobs are needed.
-- When Correlation Optimizer is turned on, 2 MR jobs are needed.
-- The first job will evaluate subquery tmp and tmp join z.
EXPLAIN
SELECT tmp.key, tmp.sum1, tmp.sum2, z.key, z.value
FROM
(SELECT xx.key as key, sum(xx.cnt) as sum1, sum(yy.cnt) as sum2
 FROM (SELECT x.key as key, count(*) AS cnt FROM src x group by x.key) xx
 JOIN (SELECT y.key as key, count(*) AS cnt FROM src1 y group by y.key) yy
 ON (xx.key=yy.key) GROUP BY xx.key) tmp
JOIN src z ON tmp.key=z.key
ORDER BY tmp.key, tmp.sum1, tmp.sum2, z.key, z.value
POSTHOOK: type: QUERY
STAGE DEPENDENCIES:
  Stage-1 is a root stage
  Stage-2 depends on stages: Stage-1, Stage-7
  Stage-3 depends on stages: Stage-2
  Stage-4 depends on stages: Stage-3
  Stage-5 depends on stages: Stage-4
  Stage-7 is a root stage
  Stage-0 is a root stage

STAGE PLANS:
  Stage: Stage-1
    Map Reduce
      Map Operator Tree:
          TableScan
            alias: y
            Statistics: Num rows: 2 Data size: 216 Basic stats: COMPLETE Column stats: NONE
            Select Operator
              expressions: key (type: string)
              outputColumnNames: key
              Statistics: Num rows: 2 Data size: 216 Basic stats: COMPLETE Column stats: NONE
              Group By Operator
                aggregations: count()
                keys: key (type: string)
                mode: hash
                outputColumnNames: _col0, _col1
                Statistics: Num rows: 2 Data size: 216 Basic stats: COMPLETE Column stats: NONE
                Reduce Output Operator
                  key expressions: _col0 (type: string)
                  sort order: +
                  Map-reduce partition columns: _col0 (type: string)
                  Statistics: Num rows: 2 Data size: 216 Basic stats: COMPLETE Column stats: NONE
                  value expressions: _col1 (type: bigint)
      Reduce Operator Tree:
        Group By Operator
          aggregations: count(VALUE._col0)
          keys: KEY._col0 (type: string)
          mode: mergepartial
          outputColumnNames: _col0, _col1
          Statistics: Num rows: 1 Data size: 108 Basic stats: COMPLETE Column stats: NONE
          Select Operator
            expressions: _col0 (type: string), _col1 (type: bigint)
            outputColumnNames: _col0, _col1
            Statistics: Num rows: 1 Data size: 108 Basic stats: COMPLETE Column stats: NONE
            File Output Operator
              compressed: false
              table:
                  input format: org.apache.hadoop.mapred.SequenceFileInputFormat
                  output format: org.apache.hadoop.hive.ql.io.HiveSequenceFileOutputFormat
                  serde: org.apache.hadoop.hive.serde2.lazybinary.LazyBinarySerDe

  Stage: Stage-2
    Map Reduce
      Map Operator Tree:
          TableScan
            Reduce Output Operator
              key expressions: _col0 (type: string)
              sort order: +
              Map-reduce partition columns: _col0 (type: string)
              Statistics: Num rows: 1 Data size: 108 Basic stats: COMPLETE Column stats: NONE
              value expressions: _col1 (type: bigint)
          TableScan
            Reduce Output Operator
              key expressions: _col0 (type: string)
              sort order: +
              Map-reduce partition columns: _col0 (type: string)
              Statistics: Num rows: 29 Data size: 2906 Basic stats: COMPLETE Column stats: NONE
              value expressions: _col0 (type: string), _col1 (type: bigint)
      Reduce Operator Tree:
        Join Operator
          condition map:
               Inner Join 0 to 1
          condition expressions:
            0 {VALUE._col0} {VALUE._col1}
            1 {VALUE._col1}
          outputColumnNames: _col0, _col1, _col3
          Statistics: Num rows: 31 Data size: 3196 Basic stats: COMPLETE Column stats: NONE
          Select Operator
            expressions: _col0 (type: string), _col1 (type: bigint), _col3 (type: bigint)
            outputColumnNames: _col0, _col1, _col3
            Statistics: Num rows: 31 Data size: 3196 Basic stats: COMPLETE Column stats: NONE
            Group By Operator
              aggregations: sum(_col1), sum(_col3)
              keys: _col0 (type: string)
              mode: hash
              outputColumnNames: _col0, _col1, _col2
              Statistics: Num rows: 31 Data size: 3196 Basic stats: COMPLETE Column stats: NONE
              File Output Operator
                compressed: false
                table:
                    input format: org.apache.hadoop.mapred.SequenceFileInputFormat
                    output format: org.apache.hadoop.hive.ql.io.HiveSequenceFileOutputFormat
                    serde: org.apache.hadoop.hive.serde2.lazybinary.LazyBinarySerDe

  Stage: Stage-3
    Map Reduce
      Map Operator Tree:
          TableScan
            Reduce Output Operator
              key expressions: _col0 (type: string)
              sort order: +
              Map-reduce partition columns: _col0 (type: string)
              Statistics: Num rows: 31 Data size: 3196 Basic stats: COMPLETE Column stats: NONE
              value expressions: _col1 (type: bigint), _col2 (type: bigint)
      Reduce Operator Tree:
        Group By Operator
          aggregations: sum(VALUE._col0), sum(VALUE._col1)
          keys: KEY._col0 (type: string)
          mode: mergepartial
          outputColumnNames: _col0, _col1, _col2
          Statistics: Num rows: 15 Data size: 1546 Basic stats: COMPLETE Column stats: NONE
          Select Operator
            expressions: _col0 (type: string), _col1 (type: bigint), _col2 (type: bigint)
            outputColumnNames: _col0, _col1, _col2
            Statistics: Num rows: 15 Data size: 1546 Basic stats: COMPLETE Column stats: NONE
            File Output Operator
              compressed: false
              table:
                  input format: org.apache.hadoop.mapred.SequenceFileInputFormat
                  output format: org.apache.hadoop.hive.ql.io.HiveSequenceFileOutputFormat
                  serde: org.apache.hadoop.hive.serde2.lazybinary.LazyBinarySerDe

  Stage: Stage-4
    Map Reduce
      Map Operator Tree:
          TableScan
            Reduce Output Operator
              key expressions: _col0 (type: string)
              sort order: +
              Map-reduce partition columns: _col0 (type: string)
              Statistics: Num rows: 15 Data size: 1546 Basic stats: COMPLETE Column stats: NONE
              value expressions: _col0 (type: string), _col1 (type: bigint), _col2 (type: bigint)
          TableScan
            alias: z
            Statistics: Num rows: 29 Data size: 5812 Basic stats: COMPLETE Column stats: NONE
            Reduce Output Operator
              key expressions: key (type: string)
              sort order: +
              Map-reduce partition columns: key (type: string)
              Statistics: Num rows: 29 Data size: 5812 Basic stats: COMPLETE Column stats: NONE
              value expressions: key (type: string), value (type: string)
      Reduce Operator Tree:
        Join Operator
          condition map:
               Inner Join 0 to 1
          condition expressions:
            0 {VALUE._col0} {VALUE._col1} {VALUE._col2}
            1 {VALUE._col0} {VALUE._col1}
          outputColumnNames: _col0, _col1, _col2, _col3, _col4
          Statistics: Num rows: 31 Data size: 6393 Basic stats: COMPLETE Column stats: NONE
          Select Operator
            expressions: _col0 (type: string), _col1 (type: bigint), _col2 (type: bigint), _col3 (type: string), _col4 (type: string)
            outputColumnNames: _col0, _col1, _col2, _col3, _col4
            Statistics: Num rows: 31 Data size: 6393 Basic stats: COMPLETE Column stats: NONE
            File Output Operator
              compressed: false
              table:
                  input format: org.apache.hadoop.mapred.SequenceFileInputFormat
                  output format: org.apache.hadoop.hive.ql.io.HiveSequenceFileOutputFormat
                  serde: org.apache.hadoop.hive.serde2.lazybinary.LazyBinarySerDe

  Stage: Stage-5
    Map Reduce
      Map Operator Tree:
          TableScan
            Reduce Output Operator
              key expressions: _col0 (type: string), _col1 (type: bigint), _col2 (type: bigint), _col3 (type: string), _col4 (type: string)
              sort order: +++++
              Statistics: Num rows: 31 Data size: 6393 Basic stats: COMPLETE Column stats: NONE
              value expressions: _col0 (type: string), _col1 (type: bigint), _col2 (type: bigint), _col3 (type: string), _col4 (type: string)
      Reduce Operator Tree:
        Extract
          Statistics: Num rows: 31 Data size: 6393 Basic stats: COMPLETE Column stats: NONE
          File Output Operator
            compressed: false
            Statistics: Num rows: 31 Data size: 6393 Basic stats: COMPLETE Column stats: NONE
            table:
                input format: org.apache.hadoop.mapred.TextInputFormat
                output format: org.apache.hadoop.hive.ql.io.HiveIgnoreKeyTextOutputFormat
                serde: org.apache.hadoop.hive.serde2.lazy.LazySimpleSerDe

  Stage: Stage-7
    Map Reduce
      Map Operator Tree:
          TableScan
            alias: x
            Statistics: Num rows: 58 Data size: 5812 Basic stats: COMPLETE Column stats: NONE
            Select Operator
              expressions: key (type: string)
              outputColumnNames: key
              Statistics: Num rows: 58 Data size: 5812 Basic stats: COMPLETE Column stats: NONE
              Group By Operator
                aggregations: count()
                keys: key (type: string)
                mode: hash
                outputColumnNames: _col0, _col1
                Statistics: Num rows: 58 Data size: 5812 Basic stats: COMPLETE Column stats: NONE
                Reduce Output Operator
                  key expressions: _col0 (type: string)
                  sort order: +
                  Map-reduce partition columns: _col0 (type: string)
                  Statistics: Num rows: 58 Data size: 5812 Basic stats: COMPLETE Column stats: NONE
                  value expressions: _col1 (type: bigint)
      Reduce Operator Tree:
        Group By Operator
          aggregations: count(VALUE._col0)
          keys: KEY._col0 (type: string)
          mode: mergepartial
          outputColumnNames: _col0, _col1
          Statistics: Num rows: 29 Data size: 2906 Basic stats: COMPLETE Column stats: NONE
          Select Operator
            expressions: _col0 (type: string), _col1 (type: bigint)
            outputColumnNames: _col0, _col1
            Statistics: Num rows: 29 Data size: 2906 Basic stats: COMPLETE Column stats: NONE
            File Output Operator
              compressed: false
              table:
                  input format: org.apache.hadoop.mapred.SequenceFileInputFormat
                  output format: org.apache.hadoop.hive.ql.io.HiveSequenceFileOutputFormat
                  serde: org.apache.hadoop.hive.serde2.lazybinary.LazyBinarySerDe

  Stage: Stage-0
    Fetch Operator
      limit: -1

PREHOOK: query: SELECT tmp.key, tmp.sum1, tmp.sum2, z.key, z.value
FROM
(SELECT xx.key as key, sum(xx.cnt) as sum1, sum(yy.cnt) as sum2
 FROM (SELECT x.key as key, count(*) AS cnt FROM src x group by x.key) xx
 JOIN (SELECT y.key as key, count(*) AS cnt FROM src1 y group by y.key) yy
 ON (xx.key=yy.key) GROUP BY xx.key) tmp
JOIN src z ON tmp.key=z.key
ORDER BY tmp.key, tmp.sum1, tmp.sum2, z.key, z.value
PREHOOK: type: QUERY
PREHOOK: Input: default@src
PREHOOK: Input: default@src1
#### A masked pattern was here ####
POSTHOOK: query: SELECT tmp.key, tmp.sum1, tmp.sum2, z.key, z.value
FROM
(SELECT xx.key as key, sum(xx.cnt) as sum1, sum(yy.cnt) as sum2
 FROM (SELECT x.key as key, count(*) AS cnt FROM src x group by x.key) xx
 JOIN (SELECT y.key as key, count(*) AS cnt FROM src1 y group by y.key) yy
 ON (xx.key=yy.key) GROUP BY xx.key) tmp
JOIN src z ON tmp.key=z.key
ORDER BY tmp.key, tmp.sum1, tmp.sum2, z.key, z.value
POSTHOOK: type: QUERY
POSTHOOK: Input: default@src
POSTHOOK: Input: default@src1
#### A masked pattern was here ####
128	3	1	128	val_128
128	3	1	128	val_128
128	3	1	128	val_128
146	2	1	146	val_146
146	2	1	146	val_146
150	1	1	150	val_150
213	2	1	213	val_213
213	2	1	213	val_213
224	2	1	224	val_224
224	2	1	224	val_224
238	2	1	238	val_238
238	2	1	238	val_238
255	2	1	255	val_255
255	2	1	255	val_255
273	3	1	273	val_273
273	3	1	273	val_273
273	3	1	273	val_273
278	2	1	278	val_278
278	2	1	278	val_278
311	3	1	311	val_311
311	3	1	311	val_311
311	3	1	311	val_311
369	3	1	369	val_369
369	3	1	369	val_369
369	3	1	369	val_369
401	5	1	401	val_401
401	5	1	401	val_401
401	5	1	401	val_401
401	5	1	401	val_401
401	5	1	401	val_401
406	4	1	406	val_406
406	4	1	406	val_406
406	4	1	406	val_406
406	4	1	406	val_406
66	1	1	66	val_66
98	2	1	98	val_98
98	2	1	98	val_98
PREHOOK: query: EXPLAIN
SELECT tmp.key, tmp.sum1, tmp.sum2, z.key, z.value
FROM
(SELECT xx.key as key, sum(xx.cnt) as sum1, sum(yy.cnt) as sum2
 FROM (SELECT x.key as key, count(*) AS cnt FROM src x group by x.key) xx
 JOIN (SELECT y.key as key, count(*) AS cnt FROM src1 y group by y.key) yy
 ON (xx.key=yy.key) GROUP BY xx.key) tmp
JOIN src z ON tmp.key=z.key
ORDER BY tmp.key, tmp.sum1, tmp.sum2, z.key, z.value
PREHOOK: type: QUERY
POSTHOOK: query: EXPLAIN
SELECT tmp.key, tmp.sum1, tmp.sum2, z.key, z.value
FROM
(SELECT xx.key as key, sum(xx.cnt) as sum1, sum(yy.cnt) as sum2
 FROM (SELECT x.key as key, count(*) AS cnt FROM src x group by x.key) xx
 JOIN (SELECT y.key as key, count(*) AS cnt FROM src1 y group by y.key) yy
 ON (xx.key=yy.key) GROUP BY xx.key) tmp
JOIN src z ON tmp.key=z.key
ORDER BY tmp.key, tmp.sum1, tmp.sum2, z.key, z.value
POSTHOOK: type: QUERY
STAGE DEPENDENCIES:
  Stage-1 is a root stage
  Stage-2 depends on stages: Stage-1
  Stage-0 is a root stage

STAGE PLANS:
  Stage: Stage-1
    Map Reduce
      Map Operator Tree:
          TableScan
            alias: y
            Statistics: Num rows: 2 Data size: 216 Basic stats: COMPLETE Column stats: NONE
            Select Operator
              expressions: key (type: string)
              outputColumnNames: key
              Statistics: Num rows: 2 Data size: 216 Basic stats: COMPLETE Column stats: NONE
              Group By Operator
                aggregations: count()
                keys: key (type: string)
                mode: hash
                outputColumnNames: _col0, _col1
                Statistics: Num rows: 2 Data size: 216 Basic stats: COMPLETE Column stats: NONE
                Reduce Output Operator
                  key expressions: _col0 (type: string)
                  sort order: +
                  Map-reduce partition columns: _col0 (type: string)
                  Statistics: Num rows: 2 Data size: 216 Basic stats: COMPLETE Column stats: NONE
                  value expressions: _col1 (type: bigint)
          TableScan
            alias: z
            Statistics: Num rows: 29 Data size: 5812 Basic stats: COMPLETE Column stats: NONE
            Reduce Output Operator
              key expressions: key (type: string)
              sort order: +
              Map-reduce partition columns: key (type: string)
              Statistics: Num rows: 29 Data size: 5812 Basic stats: COMPLETE Column stats: NONE
              value expressions: key (type: string), value (type: string)
          TableScan
            alias: x
            Statistics: Num rows: 58 Data size: 5812 Basic stats: COMPLETE Column stats: NONE
            Select Operator
              expressions: key (type: string)
              outputColumnNames: key
              Statistics: Num rows: 58 Data size: 5812 Basic stats: COMPLETE Column stats: NONE
              Group By Operator
                aggregations: count()
                keys: key (type: string)
                mode: hash
                outputColumnNames: _col0, _col1
                Statistics: Num rows: 58 Data size: 5812 Basic stats: COMPLETE Column stats: NONE
                Reduce Output Operator
                  key expressions: _col0 (type: string)
                  sort order: +
                  Map-reduce partition columns: _col0 (type: string)
                  Statistics: Num rows: 58 Data size: 5812 Basic stats: COMPLETE Column stats: NONE
                  value expressions: _col1 (type: bigint)
      Reduce Operator Tree:
        Demux Operator
          Statistics: Num rows: 89 Data size: 11840 Basic stats: COMPLETE Column stats: NONE
          Group By Operator
            aggregations: count(VALUE._col0)
            keys: KEY._col0 (type: string)
            mode: mergepartial
            outputColumnNames: _col0, _col1
            Statistics: Num rows: 44 Data size: 5853 Basic stats: COMPLETE Column stats: NONE
            Select Operator
              expressions: _col0 (type: string), _col1 (type: bigint)
              outputColumnNames: _col0, _col1
              Statistics: Num rows: 44 Data size: 5853 Basic stats: COMPLETE Column stats: NONE
              Mux Operator
                Statistics: Num rows: 88 Data size: 11706 Basic stats: COMPLETE Column stats: NONE
                Join Operator
                  condition map:
                       Inner Join 0 to 1
                  condition expressions:
                    0 {VALUE._col0} {VALUE._col1}
                    1 {VALUE._col1}
                  outputColumnNames: _col0, _col1, _col3
                  Statistics: Num rows: 0 Data size: 0 Basic stats: NONE Column stats: NONE
                  Select Operator
                    expressions: _col0 (type: string), _col1 (type: bigint), _col3 (type: bigint)
                    outputColumnNames: _col0, _col1, _col3
                    Statistics: Num rows: 0 Data size: 0 Basic stats: NONE Column stats: NONE
                    Mux Operator
                      Statistics: Num rows: 0 Data size: 0 Basic stats: NONE Column stats: NONE
                      Group By Operator
                        aggregations: sum(_col1), sum(_col3)
                        keys: _col0 (type: string)
                        mode: complete
                        outputColumnNames: _col0, _col1, _col2
                        Statistics: Num rows: 0 Data size: 0 Basic stats: NONE Column stats: NONE
                        Select Operator
                          expressions: _col0 (type: string), _col1 (type: bigint), _col2 (type: bigint)
                          outputColumnNames: _col0, _col1, _col2
                          Statistics: Num rows: 0 Data size: 0 Basic stats: NONE Column stats: NONE
                          Mux Operator
                            Statistics: Num rows: 89 Data size: 11840 Basic stats: COMPLETE Column stats: NONE
                            Join Operator
                              condition map:
                                   Inner Join 0 to 1
                              condition expressions:
                                0 {VALUE._col0} {VALUE._col1} {VALUE._col2}
                                1 {VALUE._col0} {VALUE._col1}
                              outputColumnNames: _col0, _col1, _col2, _col3, _col4
                              Statistics: Num rows: 0 Data size: 0 Basic stats: NONE Column stats: NONE
                              Select Operator
                                expressions: _col0 (type: string), _col1 (type: bigint), _col2 (type: bigint), _col3 (type: string), _col4 (type: string)
                                outputColumnNames: _col0, _col1, _col2, _col3, _col4
                                Statistics: Num rows: 0 Data size: 0 Basic stats: NONE Column stats: NONE
                                File Output Operator
                                  compressed: false
                                  table:
                                      input format: org.apache.hadoop.mapred.SequenceFileInputFormat
                                      output format: org.apache.hadoop.hive.ql.io.HiveSequenceFileOutputFormat
                                      serde: org.apache.hadoop.hive.serde2.lazybinary.LazyBinarySerDe
          Group By Operator
            aggregations: count(VALUE._col0)
            keys: KEY._col0 (type: string)
            mode: mergepartial
            outputColumnNames: _col0, _col1
            Statistics: Num rows: 44 Data size: 5853 Basic stats: COMPLETE Column stats: NONE
            Select Operator
              expressions: _col0 (type: string), _col1 (type: bigint)
              outputColumnNames: _col0, _col1
              Statistics: Num rows: 44 Data size: 5853 Basic stats: COMPLETE Column stats: NONE
              Mux Operator
                Statistics: Num rows: 88 Data size: 11706 Basic stats: COMPLETE Column stats: NONE
                Join Operator
                  condition map:
                       Inner Join 0 to 1
                  condition expressions:
                    0 {VALUE._col0} {VALUE._col1}
                    1 {VALUE._col1}
                  outputColumnNames: _col0, _col1, _col3
                  Statistics: Num rows: 0 Data size: 0 Basic stats: NONE Column stats: NONE
                  Select Operator
                    expressions: _col0 (type: string), _col1 (type: bigint), _col3 (type: bigint)
                    outputColumnNames: _col0, _col1, _col3
                    Statistics: Num rows: 0 Data size: 0 Basic stats: NONE Column stats: NONE
                    Mux Operator
                      Statistics: Num rows: 0 Data size: 0 Basic stats: NONE Column stats: NONE
                      Group By Operator
                        aggregations: sum(_col1), sum(_col3)
                        keys: _col0 (type: string)
                        mode: complete
                        outputColumnNames: _col0, _col1, _col2
                        Statistics: Num rows: 0 Data size: 0 Basic stats: NONE Column stats: NONE
                        Select Operator
                          expressions: _col0 (type: string), _col1 (type: bigint), _col2 (type: bigint)
                          outputColumnNames: _col0, _col1, _col2
                          Statistics: Num rows: 0 Data size: 0 Basic stats: NONE Column stats: NONE
                          Mux Operator
                            Statistics: Num rows: 89 Data size: 11840 Basic stats: COMPLETE Column stats: NONE
                            Join Operator
                              condition map:
                                   Inner Join 0 to 1
                              condition expressions:
                                0 {VALUE._col0} {VALUE._col1} {VALUE._col2}
                                1 {VALUE._col0} {VALUE._col1}
                              outputColumnNames: _col0, _col1, _col2, _col3, _col4
                              Statistics: Num rows: 0 Data size: 0 Basic stats: NONE Column stats: NONE
                              Select Operator
                                expressions: _col0 (type: string), _col1 (type: bigint), _col2 (type: bigint), _col3 (type: string), _col4 (type: string)
                                outputColumnNames: _col0, _col1, _col2, _col3, _col4
                                Statistics: Num rows: 0 Data size: 0 Basic stats: NONE Column stats: NONE
                                File Output Operator
                                  compressed: false
                                  table:
                                      input format: org.apache.hadoop.mapred.SequenceFileInputFormat
                                      output format: org.apache.hadoop.hive.ql.io.HiveSequenceFileOutputFormat
                                      serde: org.apache.hadoop.hive.serde2.lazybinary.LazyBinarySerDe
          Mux Operator
            Statistics: Num rows: 89 Data size: 11840 Basic stats: COMPLETE Column stats: NONE
            Join Operator
              condition map:
                   Inner Join 0 to 1
              condition expressions:
                0 {VALUE._col0} {VALUE._col1} {VALUE._col2}
                1 {VALUE._col0} {VALUE._col1}
              outputColumnNames: _col0, _col1, _col2, _col3, _col4
              Statistics: Num rows: 0 Data size: 0 Basic stats: NONE Column stats: NONE
              Select Operator
                expressions: _col0 (type: string), _col1 (type: bigint), _col2 (type: bigint), _col3 (type: string), _col4 (type: string)
                outputColumnNames: _col0, _col1, _col2, _col3, _col4
                Statistics: Num rows: 0 Data size: 0 Basic stats: NONE Column stats: NONE
                File Output Operator
                  compressed: false
                  table:
                      input format: org.apache.hadoop.mapred.SequenceFileInputFormat
                      output format: org.apache.hadoop.hive.ql.io.HiveSequenceFileOutputFormat
                      serde: org.apache.hadoop.hive.serde2.lazybinary.LazyBinarySerDe

  Stage: Stage-2
    Map Reduce
      Map Operator Tree:
          TableScan
            Reduce Output Operator
              key expressions: _col0 (type: string), _col1 (type: bigint), _col2 (type: bigint), _col3 (type: string), _col4 (type: string)
              sort order: +++++
              Statistics: Num rows: 0 Data size: 0 Basic stats: NONE Column stats: NONE
              value expressions: _col0 (type: string), _col1 (type: bigint), _col2 (type: bigint), _col3 (type: string), _col4 (type: string)
      Reduce Operator Tree:
        Extract
          Statistics: Num rows: 0 Data size: 0 Basic stats: NONE Column stats: NONE
          File Output Operator
            compressed: false
            Statistics: Num rows: 0 Data size: 0 Basic stats: NONE Column stats: NONE
            table:
                input format: org.apache.hadoop.mapred.TextInputFormat
                output format: org.apache.hadoop.hive.ql.io.HiveIgnoreKeyTextOutputFormat
                serde: org.apache.hadoop.hive.serde2.lazy.LazySimpleSerDe

  Stage: Stage-0
    Fetch Operator
      limit: -1

PREHOOK: query: SELECT tmp.key, tmp.sum1, tmp.sum2, z.key, z.value
FROM
(SELECT xx.key as key, sum(xx.cnt) as sum1, sum(yy.cnt) as sum2
 FROM (SELECT x.key as key, count(*) AS cnt FROM src x group by x.key) xx
 JOIN (SELECT y.key as key, count(*) AS cnt FROM src1 y group by y.key) yy
 ON (xx.key=yy.key) GROUP BY xx.key) tmp
JOIN src z ON tmp.key=z.key
ORDER BY tmp.key, tmp.sum1, tmp.sum2, z.key, z.value
PREHOOK: type: QUERY
PREHOOK: Input: default@src
PREHOOK: Input: default@src1
#### A masked pattern was here ####
POSTHOOK: query: SELECT tmp.key, tmp.sum1, tmp.sum2, z.key, z.value
FROM
(SELECT xx.key as key, sum(xx.cnt) as sum1, sum(yy.cnt) as sum2
 FROM (SELECT x.key as key, count(*) AS cnt FROM src x group by x.key) xx
 JOIN (SELECT y.key as key, count(*) AS cnt FROM src1 y group by y.key) yy
 ON (xx.key=yy.key) GROUP BY xx.key) tmp
JOIN src z ON tmp.key=z.key
ORDER BY tmp.key, tmp.sum1, tmp.sum2, z.key, z.value
POSTHOOK: type: QUERY
POSTHOOK: Input: default@src
POSTHOOK: Input: default@src1
#### A masked pattern was here ####
128	3	1	128	val_128
128	3	1	128	val_128
128	3	1	128	val_128
146	2	1	146	val_146
146	2	1	146	val_146
150	1	1	150	val_150
213	2	1	213	val_213
213	2	1	213	val_213
224	2	1	224	val_224
224	2	1	224	val_224
238	2	1	238	val_238
238	2	1	238	val_238
255	2	1	255	val_255
255	2	1	255	val_255
273	3	1	273	val_273
273	3	1	273	val_273
273	3	1	273	val_273
278	2	1	278	val_278
278	2	1	278	val_278
311	3	1	311	val_311
311	3	1	311	val_311
311	3	1	311	val_311
369	3	1	369	val_369
369	3	1	369	val_369
369	3	1	369	val_369
401	5	1	401	val_401
401	5	1	401	val_401
401	5	1	401	val_401
401	5	1	401	val_401
401	5	1	401	val_401
406	4	1	406	val_406
406	4	1	406	val_406
406	4	1	406	val_406
406	4	1	406	val_406
66	1	1	66	val_66
98	2	1	98	val_98
98	2	1	98	val_98
PREHOOK: query: -- When Correlation Optimizer is turned off, 6 MR jobs are needed.
-- When Correlation Optimizer is turned on, 4 MR jobs are needed.
-- 2 MR jobs are used to evaluate yy, 1 MR is used to evaluate xx and xx join yy.
-- The last MR is used for ordering. 
EXPLAIN
SELECT xx.key, xx.cnt, yy.key, yy.value, yy.cnt
FROM
(SELECT x.key as key, count(1) as cnt FROM src1 x JOIN src1 y ON (x.key = y.key) group by x.key) xx
JOIN
(SELECT x.key as key, x.value as value, count(1) as cnt FROM src x JOIN src y ON (x.key = y.key) group by x.key, x.value) yy
ON xx.key=yy.key ORDER BY xx.key, xx.cnt, yy.key, yy.value, yy.cnt
PREHOOK: type: QUERY
POSTHOOK: query: -- When Correlation Optimizer is turned off, 6 MR jobs are needed.
-- When Correlation Optimizer is turned on, 4 MR jobs are needed.
-- 2 MR jobs are used to evaluate yy, 1 MR is used to evaluate xx and xx join yy.
-- The last MR is used for ordering. 
EXPLAIN
SELECT xx.key, xx.cnt, yy.key, yy.value, yy.cnt
FROM
(SELECT x.key as key, count(1) as cnt FROM src1 x JOIN src1 y ON (x.key = y.key) group by x.key) xx
JOIN
(SELECT x.key as key, x.value as value, count(1) as cnt FROM src x JOIN src y ON (x.key = y.key) group by x.key, x.value) yy
ON xx.key=yy.key ORDER BY xx.key, xx.cnt, yy.key, yy.value, yy.cnt
POSTHOOK: type: QUERY
STAGE DEPENDENCIES:
  Stage-1 is a root stage
  Stage-2 depends on stages: Stage-1
  Stage-3 depends on stages: Stage-2, Stage-7
  Stage-4 depends on stages: Stage-3
  Stage-6 is a root stage
  Stage-7 depends on stages: Stage-6
  Stage-0 is a root stage

STAGE PLANS:
  Stage: Stage-1
    Map Reduce
      Map Operator Tree:
          TableScan
            alias: x
            Statistics: Num rows: 29 Data size: 5812 Basic stats: COMPLETE Column stats: NONE
            Reduce Output Operator
              key expressions: key (type: string)
              sort order: +
              Map-reduce partition columns: key (type: string)
              Statistics: Num rows: 29 Data size: 5812 Basic stats: COMPLETE Column stats: NONE
              value expressions: key (type: string), value (type: string)
          TableScan
            alias: y
            Statistics: Num rows: 58 Data size: 5812 Basic stats: COMPLETE Column stats: NONE
            Reduce Output Operator
              key expressions: key (type: string)
              sort order: +
              Map-reduce partition columns: key (type: string)
              Statistics: Num rows: 58 Data size: 5812 Basic stats: COMPLETE Column stats: NONE
      Reduce Operator Tree:
        Join Operator
          condition map:
               Inner Join 0 to 1
          condition expressions:
            0 {VALUE._col0} {VALUE._col1}
            1 
          outputColumnNames: _col0, _col1
          Statistics: Num rows: 63 Data size: 6393 Basic stats: COMPLETE Column stats: NONE
          Select Operator
            expressions: _col0 (type: string), _col1 (type: string)
            outputColumnNames: _col0, _col1
            Statistics: Num rows: 63 Data size: 6393 Basic stats: COMPLETE Column stats: NONE
            Group By Operator
              aggregations: count(1)
              keys: _col0 (type: string), _col1 (type: string)
              mode: hash
              outputColumnNames: _col0, _col1, _col2
              Statistics: Num rows: 63 Data size: 6393 Basic stats: COMPLETE Column stats: NONE
              File Output Operator
                compressed: false
                table:
                    input format: org.apache.hadoop.mapred.SequenceFileInputFormat
                    output format: org.apache.hadoop.hive.ql.io.HiveSequenceFileOutputFormat
                    serde: org.apache.hadoop.hive.serde2.lazybinary.LazyBinarySerDe

  Stage: Stage-2
    Map Reduce
      Map Operator Tree:
          TableScan
            Reduce Output Operator
              key expressions: _col0 (type: string), _col1 (type: string)
              sort order: ++
              Map-reduce partition columns: _col0 (type: string), _col1 (type: string)
              Statistics: Num rows: 63 Data size: 6393 Basic stats: COMPLETE Column stats: NONE
              value expressions: _col2 (type: bigint)
      Reduce Operator Tree:
        Group By Operator
          aggregations: count(VALUE._col0)
          keys: KEY._col0 (type: string), KEY._col1 (type: string)
          mode: mergepartial
          outputColumnNames: _col0, _col1, _col2
          Statistics: Num rows: 31 Data size: 3145 Basic stats: COMPLETE Column stats: NONE
          Select Operator
            expressions: _col0 (type: string), _col1 (type: string), _col2 (type: bigint)
            outputColumnNames: _col0, _col1, _col2
            Statistics: Num rows: 31 Data size: 3145 Basic stats: COMPLETE Column stats: NONE
            File Output Operator
              compressed: false
              table:
                  input format: org.apache.hadoop.mapred.SequenceFileInputFormat
                  output format: org.apache.hadoop.hive.ql.io.HiveSequenceFileOutputFormat
                  serde: org.apache.hadoop.hive.serde2.lazybinary.LazyBinarySerDe

  Stage: Stage-3
    Map Reduce
      Map Operator Tree:
          TableScan
            Reduce Output Operator
              key expressions: _col0 (type: string)
              sort order: +
              Map-reduce partition columns: _col0 (type: string)
              Statistics: Num rows: 31 Data size: 3145 Basic stats: COMPLETE Column stats: NONE
              value expressions: _col0 (type: string), _col1 (type: string), _col2 (type: bigint)
          TableScan
            Reduce Output Operator
              key expressions: _col0 (type: string)
              sort order: +
              Map-reduce partition columns: _col0 (type: string)
              Statistics: Num rows: 1 Data size: 118 Basic stats: COMPLETE Column stats: NONE
              value expressions: _col0 (type: string), _col1 (type: bigint)
      Reduce Operator Tree:
        Join Operator
          condition map:
               Inner Join 0 to 1
          condition expressions:
            0 {VALUE._col0} {VALUE._col1}
            1 {VALUE._col0} {VALUE._col1} {VALUE._col2}
          outputColumnNames: _col0, _col1, _col2, _col3, _col4
          Statistics: Num rows: 34 Data size: 3459 Basic stats: COMPLETE Column stats: NONE
          Select Operator
            expressions: _col0 (type: string), _col1 (type: bigint), _col2 (type: string), _col3 (type: string), _col4 (type: bigint)
            outputColumnNames: _col0, _col1, _col2, _col3, _col4
            Statistics: Num rows: 34 Data size: 3459 Basic stats: COMPLETE Column stats: NONE
            File Output Operator
              compressed: false
              table:
                  input format: org.apache.hadoop.mapred.SequenceFileInputFormat
                  output format: org.apache.hadoop.hive.ql.io.HiveSequenceFileOutputFormat
                  serde: org.apache.hadoop.hive.serde2.lazybinary.LazyBinarySerDe

  Stage: Stage-4
    Map Reduce
      Map Operator Tree:
          TableScan
            Reduce Output Operator
              key expressions: _col0 (type: string), _col1 (type: bigint), _col2 (type: string), _col3 (type: string), _col4 (type: bigint)
              sort order: +++++
              Statistics: Num rows: 34 Data size: 3459 Basic stats: COMPLETE Column stats: NONE
              value expressions: _col0 (type: string), _col1 (type: bigint), _col2 (type: string), _col3 (type: string), _col4 (type: bigint)
      Reduce Operator Tree:
        Extract
          Statistics: Num rows: 34 Data size: 3459 Basic stats: COMPLETE Column stats: NONE
          File Output Operator
            compressed: false
            Statistics: Num rows: 34 Data size: 3459 Basic stats: COMPLETE Column stats: NONE
            table:
                input format: org.apache.hadoop.mapred.TextInputFormat
                output format: org.apache.hadoop.hive.ql.io.HiveIgnoreKeyTextOutputFormat
                serde: org.apache.hadoop.hive.serde2.lazy.LazySimpleSerDe

  Stage: Stage-6
    Map Reduce
      Map Operator Tree:
          TableScan
            alias: x
            Statistics: Num rows: 2 Data size: 216 Basic stats: COMPLETE Column stats: NONE
            Reduce Output Operator
              key expressions: key (type: string)
              sort order: +
              Map-reduce partition columns: key (type: string)
              Statistics: Num rows: 2 Data size: 216 Basic stats: COMPLETE Column stats: NONE
              value expressions: key (type: string)
          TableScan
            alias: y
            Statistics: Num rows: 2 Data size: 216 Basic stats: COMPLETE Column stats: NONE
            Reduce Output Operator
              key expressions: key (type: string)
              sort order: +
              Map-reduce partition columns: key (type: string)
              Statistics: Num rows: 2 Data size: 216 Basic stats: COMPLETE Column stats: NONE
      Reduce Operator Tree:
        Join Operator
          condition map:
               Inner Join 0 to 1
          condition expressions:
            0 {VALUE._col0}
            1 
          outputColumnNames: _col0
          Statistics: Num rows: 2 Data size: 237 Basic stats: COMPLETE Column stats: NONE
          Select Operator
            expressions: _col0 (type: string)
            outputColumnNames: _col0
            Statistics: Num rows: 2 Data size: 237 Basic stats: COMPLETE Column stats: NONE
            Group By Operator
              aggregations: count(1)
              keys: _col0 (type: string)
              mode: hash
              outputColumnNames: _col0, _col1
              Statistics: Num rows: 2 Data size: 237 Basic stats: COMPLETE Column stats: NONE
              File Output Operator
                compressed: false
                table:
                    input format: org.apache.hadoop.mapred.SequenceFileInputFormat
                    output format: org.apache.hadoop.hive.ql.io.HiveSequenceFileOutputFormat
                    serde: org.apache.hadoop.hive.serde2.lazybinary.LazyBinarySerDe

  Stage: Stage-7
    Map Reduce
      Map Operator Tree:
          TableScan
            Reduce Output Operator
              key expressions: _col0 (type: string)
              sort order: +
              Map-reduce partition columns: _col0 (type: string)
              Statistics: Num rows: 2 Data size: 237 Basic stats: COMPLETE Column stats: NONE
              value expressions: _col1 (type: bigint)
      Reduce Operator Tree:
        Group By Operator
          aggregations: count(VALUE._col0)
          keys: KEY._col0 (type: string)
          mode: mergepartial
          outputColumnNames: _col0, _col1
          Statistics: Num rows: 1 Data size: 118 Basic stats: COMPLETE Column stats: NONE
          Select Operator
            expressions: _col0 (type: string), _col1 (type: bigint)
            outputColumnNames: _col0, _col1
            Statistics: Num rows: 1 Data size: 118 Basic stats: COMPLETE Column stats: NONE
            File Output Operator
              compressed: false
              table:
                  input format: org.apache.hadoop.mapred.SequenceFileInputFormat
                  output format: org.apache.hadoop.hive.ql.io.HiveSequenceFileOutputFormat
                  serde: org.apache.hadoop.hive.serde2.lazybinary.LazyBinarySerDe

  Stage: Stage-0
    Fetch Operator
      limit: -1

PREHOOK: query: SELECT xx.key, xx.cnt, yy.key, yy.value, yy.cnt
FROM
(SELECT x.key as key, count(1) as cnt FROM src1 x JOIN src1 y ON (x.key = y.key) group by x.key) xx
JOIN
(SELECT x.key as key, x.value as value, count(1) as cnt FROM src x JOIN src y ON (x.key = y.key) group by x.key, x.value) yy
ON xx.key=yy.key ORDER BY xx.key, xx.cnt, yy.key, yy.value, yy.cnt
PREHOOK: type: QUERY
PREHOOK: Input: default@src
PREHOOK: Input: default@src1
#### A masked pattern was here ####
POSTHOOK: query: SELECT xx.key, xx.cnt, yy.key, yy.value, yy.cnt
FROM
(SELECT x.key as key, count(1) as cnt FROM src1 x JOIN src1 y ON (x.key = y.key) group by x.key) xx
JOIN
(SELECT x.key as key, x.value as value, count(1) as cnt FROM src x JOIN src y ON (x.key = y.key) group by x.key, x.value) yy
ON xx.key=yy.key ORDER BY xx.key, xx.cnt, yy.key, yy.value, yy.cnt
POSTHOOK: type: QUERY
POSTHOOK: Input: default@src
POSTHOOK: Input: default@src1
#### A masked pattern was here ####
128	1	128	val_128	9
146	1	146	val_146	4
150	1	150	val_150	1
213	1	213	val_213	4
224	1	224	val_224	4
238	1	238	val_238	4
255	1	255	val_255	4
273	1	273	val_273	9
278	1	278	val_278	4
311	1	311	val_311	9
369	1	369	val_369	9
401	1	401	val_401	25
406	1	406	val_406	16
66	1	66	val_66	1
98	1	98	val_98	4
PREHOOK: query: EXPLAIN
SELECT xx.key, xx.cnt, yy.key, yy.value, yy.cnt
FROM
(SELECT x.key as key, count(1) as cnt FROM src1 x JOIN src1 y ON (x.key = y.key) group by x.key) xx
JOIN
(SELECT x.key as key, x.value as value, count(1) as cnt FROM src x JOIN src y ON (x.key = y.key) group by x.key, x.value) yy
ON xx.key=yy.key ORDER BY xx.key, xx.cnt, yy.key, yy.value, yy.cnt
PREHOOK: type: QUERY
POSTHOOK: query: EXPLAIN
SELECT xx.key, xx.cnt, yy.key, yy.value, yy.cnt
FROM
(SELECT x.key as key, count(1) as cnt FROM src1 x JOIN src1 y ON (x.key = y.key) group by x.key) xx
JOIN
(SELECT x.key as key, x.value as value, count(1) as cnt FROM src x JOIN src y ON (x.key = y.key) group by x.key, x.value) yy
ON xx.key=yy.key ORDER BY xx.key, xx.cnt, yy.key, yy.value, yy.cnt
POSTHOOK: type: QUERY
STAGE DEPENDENCIES:
  Stage-1 is a root stage
  Stage-2 depends on stages: Stage-1
  Stage-3 depends on stages: Stage-2
  Stage-4 depends on stages: Stage-3
  Stage-0 is a root stage

STAGE PLANS:
  Stage: Stage-1
    Map Reduce
      Map Operator Tree:
          TableScan
            alias: x
            Statistics: Num rows: 29 Data size: 5812 Basic stats: COMPLETE Column stats: NONE
            Reduce Output Operator
              key expressions: key (type: string)
              sort order: +
              Map-reduce partition columns: key (type: string)
              Statistics: Num rows: 29 Data size: 5812 Basic stats: COMPLETE Column stats: NONE
              value expressions: key (type: string), value (type: string)
          TableScan
            alias: y
            Statistics: Num rows: 58 Data size: 5812 Basic stats: COMPLETE Column stats: NONE
            Reduce Output Operator
              key expressions: key (type: string)
              sort order: +
              Map-reduce partition columns: key (type: string)
              Statistics: Num rows: 58 Data size: 5812 Basic stats: COMPLETE Column stats: NONE
      Reduce Operator Tree:
        Join Operator
          condition map:
               Inner Join 0 to 1
          condition expressions:
            0 {VALUE._col0} {VALUE._col1}
            1 
          outputColumnNames: _col0, _col1
          Statistics: Num rows: 63 Data size: 6393 Basic stats: COMPLETE Column stats: NONE
          Select Operator
            expressions: _col0 (type: string), _col1 (type: string)
            outputColumnNames: _col0, _col1
            Statistics: Num rows: 63 Data size: 6393 Basic stats: COMPLETE Column stats: NONE
            Group By Operator
              aggregations: count(1)
              keys: _col0 (type: string), _col1 (type: string)
              mode: hash
              outputColumnNames: _col0, _col1, _col2
              Statistics: Num rows: 63 Data size: 6393 Basic stats: COMPLETE Column stats: NONE
              File Output Operator
                compressed: false
                table:
                    input format: org.apache.hadoop.mapred.SequenceFileInputFormat
                    output format: org.apache.hadoop.hive.ql.io.HiveSequenceFileOutputFormat
                    serde: org.apache.hadoop.hive.serde2.lazybinary.LazyBinarySerDe

  Stage: Stage-2
    Map Reduce
      Map Operator Tree:
          TableScan
            Reduce Output Operator
              key expressions: _col0 (type: string), _col1 (type: string)
              sort order: ++
              Map-reduce partition columns: _col0 (type: string), _col1 (type: string)
              Statistics: Num rows: 63 Data size: 6393 Basic stats: COMPLETE Column stats: NONE
              value expressions: _col2 (type: bigint)
      Reduce Operator Tree:
        Group By Operator
          aggregations: count(VALUE._col0)
          keys: KEY._col0 (type: string), KEY._col1 (type: string)
          mode: mergepartial
          outputColumnNames: _col0, _col1, _col2
          Statistics: Num rows: 31 Data size: 3145 Basic stats: COMPLETE Column stats: NONE
          Select Operator
            expressions: _col0 (type: string), _col1 (type: string), _col2 (type: bigint)
            outputColumnNames: _col0, _col1, _col2
            Statistics: Num rows: 31 Data size: 3145 Basic stats: COMPLETE Column stats: NONE
            File Output Operator
              compressed: false
              table:
                  input format: org.apache.hadoop.mapred.SequenceFileInputFormat
                  output format: org.apache.hadoop.hive.ql.io.HiveSequenceFileOutputFormat
                  serde: org.apache.hadoop.hive.serde2.lazybinary.LazyBinarySerDe

  Stage: Stage-3
    Map Reduce
      Map Operator Tree:
          TableScan
            Reduce Output Operator
              key expressions: _col0 (type: string)
              sort order: +
              Map-reduce partition columns: _col0 (type: string)
              Statistics: Num rows: 31 Data size: 3145 Basic stats: COMPLETE Column stats: NONE
              value expressions: _col0 (type: string), _col1 (type: string), _col2 (type: bigint)
          TableScan
            alias: x
            Statistics: Num rows: 2 Data size: 216 Basic stats: COMPLETE Column stats: NONE
            Reduce Output Operator
              key expressions: key (type: string)
              sort order: +
              Map-reduce partition columns: key (type: string)
              Statistics: Num rows: 2 Data size: 216 Basic stats: COMPLETE Column stats: NONE
              value expressions: key (type: string)
          TableScan
            alias: y
            Statistics: Num rows: 2 Data size: 216 Basic stats: COMPLETE Column stats: NONE
            Reduce Output Operator
              key expressions: key (type: string)
              sort order: +
              Map-reduce partition columns: key (type: string)
              Statistics: Num rows: 2 Data size: 216 Basic stats: COMPLETE Column stats: NONE
      Reduce Operator Tree:
        Demux Operator
          Statistics: Num rows: 35 Data size: 3577 Basic stats: COMPLETE Column stats: NONE
          Join Operator
            condition map:
                 Inner Join 0 to 1
            condition expressions:
              0 {VALUE._col0}
              1 
            outputColumnNames: _col0
            Statistics: Num rows: 0 Data size: 0 Basic stats: NONE Column stats: NONE
            Select Operator
              expressions: _col0 (type: string)
              outputColumnNames: _col0
              Statistics: Num rows: 0 Data size: 0 Basic stats: NONE Column stats: NONE
              Mux Operator
                Statistics: Num rows: 0 Data size: 0 Basic stats: NONE Column stats: NONE
                Group By Operator
                  aggregations: count(1)
                  keys: _col0 (type: string)
                  mode: complete
                  outputColumnNames: _col0, _col1
                  Statistics: Num rows: 0 Data size: 0 Basic stats: NONE Column stats: NONE
                  Select Operator
                    expressions: _col0 (type: string), _col1 (type: bigint)
                    outputColumnNames: _col0, _col1
                    Statistics: Num rows: 0 Data size: 0 Basic stats: NONE Column stats: NONE
                    Mux Operator
                      Statistics: Num rows: 35 Data size: 3577 Basic stats: COMPLETE Column stats: NONE
                      Join Operator
                        condition map:
                             Inner Join 0 to 1
                        condition expressions:
                          0 {VALUE._col0} {VALUE._col1}
                          1 {VALUE._col0} {VALUE._col1} {VALUE._col2}
                        outputColumnNames: _col0, _col1, _col2, _col3, _col4
                        Statistics: Num rows: 0 Data size: 0 Basic stats: NONE Column stats: NONE
                        Select Operator
                          expressions: _col0 (type: string), _col1 (type: bigint), _col2 (type: string), _col3 (type: string), _col4 (type: bigint)
                          outputColumnNames: _col0, _col1, _col2, _col3, _col4
                          Statistics: Num rows: 0 Data size: 0 Basic stats: NONE Column stats: NONE
                          File Output Operator
                            compressed: false
                            table:
                                input format: org.apache.hadoop.mapred.SequenceFileInputFormat
                                output format: org.apache.hadoop.hive.ql.io.HiveSequenceFileOutputFormat
                                serde: org.apache.hadoop.hive.serde2.lazybinary.LazyBinarySerDe
          Mux Operator
            Statistics: Num rows: 35 Data size: 3577 Basic stats: COMPLETE Column stats: NONE
            Join Operator
              condition map:
                   Inner Join 0 to 1
              condition expressions:
                0 {VALUE._col0} {VALUE._col1}
                1 {VALUE._col0} {VALUE._col1} {VALUE._col2}
              outputColumnNames: _col0, _col1, _col2, _col3, _col4
              Statistics: Num rows: 0 Data size: 0 Basic stats: NONE Column stats: NONE
              Select Operator
                expressions: _col0 (type: string), _col1 (type: bigint), _col2 (type: string), _col3 (type: string), _col4 (type: bigint)
                outputColumnNames: _col0, _col1, _col2, _col3, _col4
                Statistics: Num rows: 0 Data size: 0 Basic stats: NONE Column stats: NONE
                File Output Operator
                  compressed: false
                  table:
                      input format: org.apache.hadoop.mapred.SequenceFileInputFormat
                      output format: org.apache.hadoop.hive.ql.io.HiveSequenceFileOutputFormat
                      serde: org.apache.hadoop.hive.serde2.lazybinary.LazyBinarySerDe

  Stage: Stage-4
    Map Reduce
      Map Operator Tree:
          TableScan
            Reduce Output Operator
              key expressions: _col0 (type: string), _col1 (type: bigint), _col2 (type: string), _col3 (type: string), _col4 (type: bigint)
              sort order: +++++
              Statistics: Num rows: 0 Data size: 0 Basic stats: NONE Column stats: NONE
              value expressions: _col0 (type: string), _col1 (type: bigint), _col2 (type: string), _col3 (type: string), _col4 (type: bigint)
      Reduce Operator Tree:
        Extract
          Statistics: Num rows: 0 Data size: 0 Basic stats: NONE Column stats: NONE
          File Output Operator
            compressed: false
            Statistics: Num rows: 0 Data size: 0 Basic stats: NONE Column stats: NONE
            table:
                input format: org.apache.hadoop.mapred.TextInputFormat
                output format: org.apache.hadoop.hive.ql.io.HiveIgnoreKeyTextOutputFormat
                serde: org.apache.hadoop.hive.serde2.lazy.LazySimpleSerDe

  Stage: Stage-0
    Fetch Operator
      limit: -1

PREHOOK: query: SELECT xx.key, xx.cnt, yy.key, yy.value, yy.cnt
FROM
(SELECT x.key as key, count(1) as cnt FROM src1 x JOIN src1 y ON (x.key = y.key) group by x.key) xx
JOIN
(SELECT x.key as key, x.value as value, count(1) as cnt FROM src x JOIN src y ON (x.key = y.key) group by x.key, x.value) yy
ON xx.key=yy.key ORDER BY xx.key, xx.cnt, yy.key, yy.value, yy.cnt
PREHOOK: type: QUERY
PREHOOK: Input: default@src
PREHOOK: Input: default@src1
#### A masked pattern was here ####
POSTHOOK: query: SELECT xx.key, xx.cnt, yy.key, yy.value, yy.cnt
FROM
(SELECT x.key as key, count(1) as cnt FROM src1 x JOIN src1 y ON (x.key = y.key) group by x.key) xx
JOIN
(SELECT x.key as key, x.value as value, count(1) as cnt FROM src x JOIN src y ON (x.key = y.key) group by x.key, x.value) yy
ON xx.key=yy.key ORDER BY xx.key, xx.cnt, yy.key, yy.value, yy.cnt
POSTHOOK: type: QUERY
POSTHOOK: Input: default@src
POSTHOOK: Input: default@src1
#### A masked pattern was here ####
128	1	128	val_128	9
146	1	146	val_146	4
150	1	150	val_150	1
213	1	213	val_213	4
224	1	224	val_224	4
238	1	238	val_238	4
255	1	255	val_255	4
273	1	273	val_273	9
278	1	278	val_278	4
311	1	311	val_311	9
369	1	369	val_369	9
401	1	401	val_401	25
406	1	406	val_406	16
66	1	66	val_66	1
98	1	98	val_98	4
PREHOOK: query: EXPLAIN
SELECT xx.key, xx.cnt, yy.key, yy.value, yy.cnt
FROM
(SELECT x.key as key, count(1) as cnt FROM src1 x JOIN src1 y ON (x.key = y.key) group by x.key) xx
JOIN
(SELECT x.key as key, x.value as value, count(1) as cnt FROM src x JOIN src y ON (x.key = y.key) group by x.key, x.value) yy
ON xx.key=yy.key ORDER BY xx.key, xx.cnt, yy.key, yy.value, yy.cnt
PREHOOK: type: QUERY
POSTHOOK: query: EXPLAIN
SELECT xx.key, xx.cnt, yy.key, yy.value, yy.cnt
FROM
(SELECT x.key as key, count(1) as cnt FROM src1 x JOIN src1 y ON (x.key = y.key) group by x.key) xx
JOIN
(SELECT x.key as key, x.value as value, count(1) as cnt FROM src x JOIN src y ON (x.key = y.key) group by x.key, x.value) yy
ON xx.key=yy.key ORDER BY xx.key, xx.cnt, yy.key, yy.value, yy.cnt
POSTHOOK: type: QUERY
STAGE DEPENDENCIES:
  Stage-11 is a root stage
  Stage-2 depends on stages: Stage-11
  Stage-10 depends on stages: Stage-2
  Stage-3 depends on stages: Stage-10
  Stage-4 depends on stages: Stage-3
  Stage-0 is a root stage

STAGE PLANS:
  Stage: Stage-11
    Map Reduce Local Work
      Alias -> Map Local Tables:
        yy:x 
          Fetch Operator
            limit: -1
      Alias -> Map Local Operator Tree:
        yy:x 
          TableScan
            alias: x
            Statistics: Num rows: 29 Data size: 5812 Basic stats: COMPLETE Column stats: NONE
            HashTable Sink Operator
              condition expressions:
                0 {key} {value}
                1 
              keys:
                0 key (type: string)
                1 key (type: string)

  Stage: Stage-2
    Map Reduce
      Map Operator Tree:
          TableScan
            alias: y
            Statistics: Num rows: 58 Data size: 5812 Basic stats: COMPLETE Column stats: NONE
            Map Join Operator
              condition map:
                   Inner Join 0 to 1
              condition expressions:
                0 {key} {value}
                1 
              keys:
                0 key (type: string)
                1 key (type: string)
              outputColumnNames: _col0, _col1
              Statistics: Num rows: 63 Data size: 6393 Basic stats: COMPLETE Column stats: NONE
              Select Operator
                expressions: _col0 (type: string), _col1 (type: string)
                outputColumnNames: _col0, _col1
                Statistics: Num rows: 63 Data size: 6393 Basic stats: COMPLETE Column stats: NONE
                Group By Operator
                  aggregations: count(1)
                  keys: _col0 (type: string), _col1 (type: string)
                  mode: hash
                  outputColumnNames: _col0, _col1, _col2
                  Statistics: Num rows: 63 Data size: 6393 Basic stats: COMPLETE Column stats: NONE
                  Reduce Output Operator
                    key expressions: _col0 (type: string), _col1 (type: string)
                    sort order: ++
                    Map-reduce partition columns: _col0 (type: string), _col1 (type: string)
                    Statistics: Num rows: 63 Data size: 6393 Basic stats: COMPLETE Column stats: NONE
                    value expressions: _col2 (type: bigint)
      Local Work:
        Map Reduce Local Work
      Reduce Operator Tree:
        Group By Operator
          aggregations: count(VALUE._col0)
          keys: KEY._col0 (type: string), KEY._col1 (type: string)
          mode: mergepartial
          outputColumnNames: _col0, _col1, _col2
          Statistics: Num rows: 31 Data size: 3145 Basic stats: COMPLETE Column stats: NONE
          Select Operator
            expressions: _col0 (type: string), _col1 (type: string), _col2 (type: bigint)
            outputColumnNames: _col0, _col1, _col2
            Statistics: Num rows: 31 Data size: 3145 Basic stats: COMPLETE Column stats: NONE
            File Output Operator
              compressed: false
              table:
                  input format: org.apache.hadoop.mapred.SequenceFileInputFormat
                  output format: org.apache.hadoop.hive.ql.io.HiveSequenceFileOutputFormat
                  serde: org.apache.hadoop.hive.serde2.lazybinary.LazyBinarySerDe

  Stage: Stage-10
    Map Reduce Local Work
      Alias -> Map Local Tables:
        xx:x 
          Fetch Operator
            limit: -1
      Alias -> Map Local Operator Tree:
        xx:x 
          TableScan
            alias: x
            Statistics: Num rows: 2 Data size: 216 Basic stats: COMPLETE Column stats: NONE
            HashTable Sink Operator
              condition expressions:
                0 {key}
                1 
              keys:
                0 key (type: string)
                1 key (type: string)

  Stage: Stage-3
    Map Reduce
      Map Operator Tree:
          TableScan
            Reduce Output Operator
              key expressions: _col0 (type: string)
              sort order: +
              Map-reduce partition columns: _col0 (type: string)
              Statistics: Num rows: 31 Data size: 3145 Basic stats: COMPLETE Column stats: NONE
              value expressions: _col0 (type: string), _col1 (type: string), _col2 (type: bigint)
          TableScan
            alias: y
            Statistics: Num rows: 2 Data size: 216 Basic stats: COMPLETE Column stats: NONE
            Map Join Operator
              condition map:
                   Inner Join 0 to 1
              condition expressions:
                0 {key}
                1 
              keys:
                0 key (type: string)
                1 key (type: string)
              outputColumnNames: _col0
              Statistics: Num rows: 2 Data size: 237 Basic stats: COMPLETE Column stats: NONE
              Select Operator
                expressions: _col0 (type: string)
                outputColumnNames: _col0
                Statistics: Num rows: 2 Data size: 237 Basic stats: COMPLETE Column stats: NONE
                Group By Operator
                  aggregations: count(1)
                  keys: _col0 (type: string)
                  mode: hash
                  outputColumnNames: _col0, _col1
                  Statistics: Num rows: 2 Data size: 237 Basic stats: COMPLETE Column stats: NONE
                  Reduce Output Operator
                    key expressions: _col0 (type: string)
                    sort order: +
                    Map-reduce partition columns: _col0 (type: string)
                    Statistics: Num rows: 2 Data size: 237 Basic stats: COMPLETE Column stats: NONE
                    value expressions: _col1 (type: bigint)
      Local Work:
        Map Reduce Local Work
      Reduce Operator Tree:
        Demux Operator
          Statistics: Num rows: 33 Data size: 3382 Basic stats: COMPLETE Column stats: NONE
          Group By Operator
            aggregations: count(VALUE._col0)
            keys: KEY._col0 (type: string)
            mode: mergepartial
            outputColumnNames: _col0, _col1
            Statistics: Num rows: 16 Data size: 1639 Basic stats: COMPLETE Column stats: NONE
            Select Operator
              expressions: _col0 (type: string), _col1 (type: bigint)
              outputColumnNames: _col0, _col1
              Statistics: Num rows: 16 Data size: 1639 Basic stats: COMPLETE Column stats: NONE
              Mux Operator
                Statistics: Num rows: 49 Data size: 5021 Basic stats: COMPLETE Column stats: NONE
                Join Operator
                  condition map:
                       Inner Join 0 to 1
                  condition expressions:
                    0 {VALUE._col0} {VALUE._col1}
                    1 {VALUE._col0} {VALUE._col1} {VALUE._col2}
                  outputColumnNames: _col0, _col1, _col2, _col3, _col4
                  Statistics: Num rows: 0 Data size: 0 Basic stats: NONE Column stats: NONE
                  Select Operator
                    expressions: _col0 (type: string), _col1 (type: bigint), _col2 (type: string), _col3 (type: string), _col4 (type: bigint)
                    outputColumnNames: _col0, _col1, _col2, _col3, _col4
                    Statistics: Num rows: 0 Data size: 0 Basic stats: NONE Column stats: NONE
                    File Output Operator
                      compressed: false
                      table:
                          input format: org.apache.hadoop.mapred.SequenceFileInputFormat
                          output format: org.apache.hadoop.hive.ql.io.HiveSequenceFileOutputFormat
                          serde: org.apache.hadoop.hive.serde2.lazybinary.LazyBinarySerDe
          Mux Operator
            Statistics: Num rows: 49 Data size: 5021 Basic stats: COMPLETE Column stats: NONE
            Join Operator
              condition map:
                   Inner Join 0 to 1
              condition expressions:
                0 {VALUE._col0} {VALUE._col1}
                1 {VALUE._col0} {VALUE._col1} {VALUE._col2}
              outputColumnNames: _col0, _col1, _col2, _col3, _col4
              Statistics: Num rows: 0 Data size: 0 Basic stats: NONE Column stats: NONE
              Select Operator
                expressions: _col0 (type: string), _col1 (type: bigint), _col2 (type: string), _col3 (type: string), _col4 (type: bigint)
                outputColumnNames: _col0, _col1, _col2, _col3, _col4
                Statistics: Num rows: 0 Data size: 0 Basic stats: NONE Column stats: NONE
                File Output Operator
                  compressed: false
                  table:
                      input format: org.apache.hadoop.mapred.SequenceFileInputFormat
                      output format: org.apache.hadoop.hive.ql.io.HiveSequenceFileOutputFormat
                      serde: org.apache.hadoop.hive.serde2.lazybinary.LazyBinarySerDe

  Stage: Stage-4
    Map Reduce
      Map Operator Tree:
          TableScan
            Reduce Output Operator
              key expressions: _col0 (type: string), _col1 (type: bigint), _col2 (type: string), _col3 (type: string), _col4 (type: bigint)
              sort order: +++++
              Statistics: Num rows: 0 Data size: 0 Basic stats: NONE Column stats: NONE
              value expressions: _col0 (type: string), _col1 (type: bigint), _col2 (type: string), _col3 (type: string), _col4 (type: bigint)
      Reduce Operator Tree:
        Extract
          Statistics: Num rows: 0 Data size: 0 Basic stats: NONE Column stats: NONE
          File Output Operator
            compressed: false
            Statistics: Num rows: 0 Data size: 0 Basic stats: NONE Column stats: NONE
            table:
                input format: org.apache.hadoop.mapred.TextInputFormat
                output format: org.apache.hadoop.hive.ql.io.HiveIgnoreKeyTextOutputFormat
                serde: org.apache.hadoop.hive.serde2.lazy.LazySimpleSerDe

  Stage: Stage-0
    Fetch Operator
      limit: -1

PREHOOK: query: SELECT xx.key, xx.cnt, yy.key, yy.value, yy.cnt
FROM
(SELECT x.key as key, count(1) as cnt FROM src1 x JOIN src1 y ON (x.key = y.key) group by x.key) xx
JOIN
(SELECT x.key as key, x.value as value, count(1) as cnt FROM src x JOIN src y ON (x.key = y.key) group by x.key, x.value) yy
ON xx.key=yy.key ORDER BY xx.key, xx.cnt, yy.key, yy.value, yy.cnt
PREHOOK: type: QUERY
PREHOOK: Input: default@src
PREHOOK: Input: default@src1
#### A masked pattern was here ####
POSTHOOK: query: SELECT xx.key, xx.cnt, yy.key, yy.value, yy.cnt
FROM
(SELECT x.key as key, count(1) as cnt FROM src1 x JOIN src1 y ON (x.key = y.key) group by x.key) xx
JOIN
(SELECT x.key as key, x.value as value, count(1) as cnt FROM src x JOIN src y ON (x.key = y.key) group by x.key, x.value) yy
ON xx.key=yy.key ORDER BY xx.key, xx.cnt, yy.key, yy.value, yy.cnt
POSTHOOK: type: QUERY
POSTHOOK: Input: default@src
POSTHOOK: Input: default@src1
#### A masked pattern was here ####
128	1	128	val_128	9
146	1	146	val_146	4
150	1	150	val_150	1
213	1	213	val_213	4
224	1	224	val_224	4
238	1	238	val_238	4
255	1	255	val_255	4
273	1	273	val_273	9
278	1	278	val_278	4
311	1	311	val_311	9
369	1	369	val_369	9
401	1	401	val_401	25
406	1	406	val_406	16
66	1	66	val_66	1
98	1	98	val_98	4
