PREHOOK: query: -- When the Correlation Optimizer is turned off, this query will be evaluated by
-- 4 MR jobs. 
-- When the Correlation Optimizer is turned on, because both inputs of the 
-- UnionOperator are correlated, we can use 2 MR jobs to evaluate this query.
-- The first MR job will evaluate subquery subq1 and subq1 join x. The second
-- MR is for ordering. 
EXPLAIN
SELECT x.key, x.value, subq1.cnt
FROM 
( SELECT x.key as key, count(1) as cnt from src x where x.key < 20 group by x.key
     UNION ALL
  SELECT x1.key as key, count(1) as cnt from src x1 where x1.key > 100 group by x1.key
) subq1
JOIN src1 x ON (x.key = subq1.key) ORDER BY x.key, x.value, subq1.cnt
PREHOOK: type: QUERY
POSTHOOK: query: -- When the Correlation Optimizer is turned off, this query will be evaluated by
-- 4 MR jobs. 
-- When the Correlation Optimizer is turned on, because both inputs of the 
-- UnionOperator are correlated, we can use 2 MR jobs to evaluate this query.
-- The first MR job will evaluate subquery subq1 and subq1 join x. The second
-- MR is for ordering. 
EXPLAIN
SELECT x.key, x.value, subq1.cnt
FROM 
( SELECT x.key as key, count(1) as cnt from src x where x.key < 20 group by x.key
     UNION ALL
  SELECT x1.key as key, count(1) as cnt from src x1 where x1.key > 100 group by x1.key
) subq1
JOIN src1 x ON (x.key = subq1.key) ORDER BY x.key, x.value, subq1.cnt
POSTHOOK: type: QUERY
STAGE DEPENDENCIES:
  Stage-1 is a root stage
  Stage-2 depends on stages: Stage-1, Stage-4
  Stage-3 depends on stages: Stage-2
  Stage-4 is a root stage
  Stage-0 is a root stage

STAGE PLANS:
  Stage: Stage-1
    Map Reduce
      Map Operator Tree:
          TableScan
            alias: x
            Statistics: Num rows: 58 Data size: 5812 Basic stats: COMPLETE Column stats: NONE
            Filter Operator
              predicate: (key < 20) (type: boolean)
              Statistics: Num rows: 19 Data size: 1903 Basic stats: COMPLETE Column stats: NONE
              Select Operator
                expressions: key (type: string)
                outputColumnNames: key
                Statistics: Num rows: 19 Data size: 1903 Basic stats: COMPLETE Column stats: NONE
                Group By Operator
                  aggregations: count(1)
                  keys: key (type: string)
                  mode: hash
                  outputColumnNames: _col0, _col1
                  Statistics: Num rows: 19 Data size: 1903 Basic stats: COMPLETE Column stats: NONE
                  Reduce Output Operator
                    key expressions: _col0 (type: string)
                    sort order: +
                    Map-reduce partition columns: _col0 (type: string)
                    Statistics: Num rows: 19 Data size: 1903 Basic stats: COMPLETE Column stats: NONE
                    value expressions: _col1 (type: bigint)
      Reduce Operator Tree:
        Group By Operator
          aggregations: count(VALUE._col0)
          keys: KEY._col0 (type: string)
          mode: mergepartial
          outputColumnNames: _col0, _col1
          Statistics: Num rows: 9 Data size: 901 Basic stats: COMPLETE Column stats: NONE
          Select Operator
            expressions: _col0 (type: string), _col1 (type: bigint)
            outputColumnNames: _col0, _col1
            Statistics: Num rows: 9 Data size: 901 Basic stats: COMPLETE Column stats: NONE
            File Output Operator
              compressed: false
              table:
                  input format: org.apache.hadoop.mapred.SequenceFileInputFormat
                  output format: org.apache.hadoop.hive.ql.io.HiveSequenceFileOutputFormat
                  serde: org.apache.hadoop.hive.serde2.lazybinary.LazyBinarySerDe

  Stage: Stage-2
    Map Reduce
      Map Operator Tree:
          TableScan
            Union
              Statistics: Num rows: 18 Data size: 1802 Basic stats: COMPLETE Column stats: NONE
              Reduce Output Operator
                key expressions: _col0 (type: string)
                sort order: +
                Map-reduce partition columns: _col0 (type: string)
                Statistics: Num rows: 18 Data size: 1802 Basic stats: COMPLETE Column stats: NONE
                value expressions: _col1 (type: bigint)
          TableScan
            Union
              Statistics: Num rows: 18 Data size: 1802 Basic stats: COMPLETE Column stats: NONE
              Reduce Output Operator
                key expressions: _col0 (type: string)
                sort order: +
                Map-reduce partition columns: _col0 (type: string)
                Statistics: Num rows: 18 Data size: 1802 Basic stats: COMPLETE Column stats: NONE
                value expressions: _col1 (type: bigint)
          TableScan
            alias: x
            Statistics: Num rows: 1 Data size: 216 Basic stats: COMPLETE Column stats: NONE
            Reduce Output Operator
              key expressions: key (type: string)
              sort order: +
              Map-reduce partition columns: key (type: string)
              Statistics: Num rows: 1 Data size: 216 Basic stats: COMPLETE Column stats: NONE
              value expressions: key (type: string), value (type: string)
      Reduce Operator Tree:
        Join Operator
          condition map:
               Inner Join 0 to 1
          condition expressions:
            0 {VALUE._col1}
            1 {VALUE._col0} {VALUE._col1}
          outputColumnNames: _col1, _col2, _col3
          Statistics: Num rows: 19 Data size: 1982 Basic stats: COMPLETE Column stats: NONE
          Select Operator
            expressions: _col2 (type: string), _col3 (type: string), _col1 (type: bigint)
            outputColumnNames: _col0, _col1, _col2
            Statistics: Num rows: 19 Data size: 1982 Basic stats: COMPLETE Column stats: NONE
            File Output Operator
              compressed: false
              table:
                  input format: org.apache.hadoop.mapred.SequenceFileInputFormat
                  output format: org.apache.hadoop.hive.ql.io.HiveSequenceFileOutputFormat
                  serde: org.apache.hadoop.hive.serde2.lazybinary.LazyBinarySerDe

  Stage: Stage-3
    Map Reduce
      Map Operator Tree:
          TableScan
            Reduce Output Operator
              key expressions: _col0 (type: string), _col1 (type: string), _col2 (type: bigint)
              sort order: +++
              Statistics: Num rows: 19 Data size: 1982 Basic stats: COMPLETE Column stats: NONE
              value expressions: _col0 (type: string), _col1 (type: string), _col2 (type: bigint)
      Reduce Operator Tree:
        Extract
          Statistics: Num rows: 19 Data size: 1982 Basic stats: COMPLETE Column stats: NONE
          File Output Operator
            compressed: false
            Statistics: Num rows: 19 Data size: 1982 Basic stats: COMPLETE Column stats: NONE
            table:
                input format: org.apache.hadoop.mapred.TextInputFormat
                output format: org.apache.hadoop.hive.ql.io.HiveIgnoreKeyTextOutputFormat
                serde: org.apache.hadoop.hive.serde2.lazy.LazySimpleSerDe

  Stage: Stage-4
    Map Reduce
      Map Operator Tree:
          TableScan
            alias: x1
            Statistics: Num rows: 58 Data size: 5812 Basic stats: COMPLETE Column stats: NONE
            Filter Operator
              predicate: (key > 100) (type: boolean)
              Statistics: Num rows: 19 Data size: 1903 Basic stats: COMPLETE Column stats: NONE
              Select Operator
                expressions: key (type: string)
                outputColumnNames: key
                Statistics: Num rows: 19 Data size: 1903 Basic stats: COMPLETE Column stats: NONE
                Group By Operator
                  aggregations: count(1)
                  keys: key (type: string)
                  mode: hash
                  outputColumnNames: _col0, _col1
                  Statistics: Num rows: 19 Data size: 1903 Basic stats: COMPLETE Column stats: NONE
                  Reduce Output Operator
                    key expressions: _col0 (type: string)
                    sort order: +
                    Map-reduce partition columns: _col0 (type: string)
                    Statistics: Num rows: 19 Data size: 1903 Basic stats: COMPLETE Column stats: NONE
                    value expressions: _col1 (type: bigint)
      Reduce Operator Tree:
        Group By Operator
          aggregations: count(VALUE._col0)
          keys: KEY._col0 (type: string)
          mode: mergepartial
          outputColumnNames: _col0, _col1
          Statistics: Num rows: 9 Data size: 901 Basic stats: COMPLETE Column stats: NONE
          Select Operator
            expressions: _col0 (type: string), _col1 (type: bigint)
            outputColumnNames: _col0, _col1
            Statistics: Num rows: 9 Data size: 901 Basic stats: COMPLETE Column stats: NONE
            File Output Operator
              compressed: false
              table:
                  input format: org.apache.hadoop.mapred.SequenceFileInputFormat
                  output format: org.apache.hadoop.hive.ql.io.HiveSequenceFileOutputFormat
                  serde: org.apache.hadoop.hive.serde2.lazybinary.LazyBinarySerDe

  Stage: Stage-0
    Fetch Operator
      limit: -1

PREHOOK: query: SELECT x.key, x.value, subq1.cnt
FROM 
( SELECT x.key as key, count(1) as cnt from src x where x.key < 20 group by x.key
     UNION ALL
  SELECT x1.key as key, count(1) as cnt from src x1 where x1.key > 100 group by x1.key
) subq1
JOIN src1 x ON (x.key = subq1.key) ORDER BY x.key, x.value, subq1.cnt
PREHOOK: type: QUERY
PREHOOK: Input: default@src
PREHOOK: Input: default@src1
#### A masked pattern was here ####
POSTHOOK: query: SELECT x.key, x.value, subq1.cnt
FROM 
( SELECT x.key as key, count(1) as cnt from src x where x.key < 20 group by x.key
     UNION ALL
  SELECT x1.key as key, count(1) as cnt from src x1 where x1.key > 100 group by x1.key
) subq1
JOIN src1 x ON (x.key = subq1.key) ORDER BY x.key, x.value, subq1.cnt
POSTHOOK: type: QUERY
POSTHOOK: Input: default@src
POSTHOOK: Input: default@src1
#### A masked pattern was here ####
128		3
146	val_146	2
150	val_150	1
213	val_213	2
224		2
238	val_238	2
255	val_255	2
273	val_273	3
278	val_278	2
311	val_311	3
369		3
401	val_401	5
406	val_406	4
PREHOOK: query: EXPLAIN
SELECT x.key, x.value, subq1.cnt
FROM 
( SELECT x.key as key, count(1) as cnt from src x where x.key < 20 group by x.key
     UNION ALL
  SELECT x1.key as key, count(1) as cnt from src x1 where x1.key > 100 group by x1.key
) subq1
JOIN src1 x ON (x.key = subq1.key) ORDER BY x.key, x.value, subq1.cnt
PREHOOK: type: QUERY
POSTHOOK: query: EXPLAIN
SELECT x.key, x.value, subq1.cnt
FROM 
( SELECT x.key as key, count(1) as cnt from src x where x.key < 20 group by x.key
     UNION ALL
  SELECT x1.key as key, count(1) as cnt from src x1 where x1.key > 100 group by x1.key
) subq1
JOIN src1 x ON (x.key = subq1.key) ORDER BY x.key, x.value, subq1.cnt
POSTHOOK: type: QUERY
STAGE DEPENDENCIES:
  Stage-1 is a root stage
  Stage-2 depends on stages: Stage-1
  Stage-0 is a root stage

STAGE PLANS:
  Stage: Stage-1
    Map Reduce
      Map Operator Tree:
          TableScan
            alias: x
            Statistics: Num rows: 58 Data size: 5812 Basic stats: COMPLETE Column stats: NONE
            Filter Operator
              predicate: (key < 20) (type: boolean)
              Statistics: Num rows: 19 Data size: 1903 Basic stats: COMPLETE Column stats: NONE
              Select Operator
                expressions: key (type: string)
                outputColumnNames: key
                Statistics: Num rows: 19 Data size: 1903 Basic stats: COMPLETE Column stats: NONE
                Group By Operator
                  aggregations: count(1)
                  keys: key (type: string)
                  mode: hash
                  outputColumnNames: _col0, _col1
                  Statistics: Num rows: 19 Data size: 1903 Basic stats: COMPLETE Column stats: NONE
                  Reduce Output Operator
                    key expressions: _col0 (type: string)
                    sort order: +
                    Map-reduce partition columns: _col0 (type: string)
                    Statistics: Num rows: 19 Data size: 1903 Basic stats: COMPLETE Column stats: NONE
                    value expressions: _col1 (type: bigint)
          TableScan
            alias: x1
            Statistics: Num rows: 58 Data size: 5812 Basic stats: COMPLETE Column stats: NONE
            Filter Operator
              predicate: (key > 100) (type: boolean)
              Statistics: Num rows: 19 Data size: 1903 Basic stats: COMPLETE Column stats: NONE
              Select Operator
                expressions: key (type: string)
                outputColumnNames: key
                Statistics: Num rows: 19 Data size: 1903 Basic stats: COMPLETE Column stats: NONE
                Group By Operator
                  aggregations: count(1)
                  keys: key (type: string)
                  mode: hash
                  outputColumnNames: _col0, _col1
                  Statistics: Num rows: 19 Data size: 1903 Basic stats: COMPLETE Column stats: NONE
                  Reduce Output Operator
                    key expressions: _col0 (type: string)
                    sort order: +
                    Map-reduce partition columns: _col0 (type: string)
                    Statistics: Num rows: 19 Data size: 1903 Basic stats: COMPLETE Column stats: NONE
                    value expressions: _col1 (type: bigint)
          TableScan
            alias: x
            Statistics: Num rows: 1 Data size: 216 Basic stats: COMPLETE Column stats: NONE
            Reduce Output Operator
              key expressions: key (type: string)
              sort order: +
              Map-reduce partition columns: key (type: string)
              Statistics: Num rows: 1 Data size: 216 Basic stats: COMPLETE Column stats: NONE
              value expressions: key (type: string), value (type: string)
      Reduce Operator Tree:
        Demux Operator
          Statistics: Num rows: 39 Data size: 4022 Basic stats: COMPLETE Column stats: NONE
          Group By Operator
            aggregations: count(VALUE._col0)
            keys: KEY._col0 (type: string)
            mode: mergepartial
            outputColumnNames: _col0, _col1
            Statistics: Num rows: 19 Data size: 1959 Basic stats: COMPLETE Column stats: NONE
            Select Operator
              expressions: _col0 (type: string), _col1 (type: bigint)
              outputColumnNames: _col0, _col1
              Statistics: Num rows: 19 Data size: 1959 Basic stats: COMPLETE Column stats: NONE
              Union
                Statistics: Num rows: 38 Data size: 3918 Basic stats: COMPLETE Column stats: NONE
                Mux Operator
                  Statistics: Num rows: 77 Data size: 7940 Basic stats: COMPLETE Column stats: NONE
                  Join Operator
                    condition map:
                         Inner Join 0 to 1
                    condition expressions:
                      0 {VALUE._col1}
                      1 {VALUE._col0} {VALUE._col1}
                    outputColumnNames: _col1, _col2, _col3
                    Statistics: Num rows: 0 Data size: 0 Basic stats: NONE Column stats: NONE
                    Select Operator
                      expressions: _col2 (type: string), _col3 (type: string), _col1 (type: bigint)
                      outputColumnNames: _col0, _col1, _col2
                      Statistics: Num rows: 0 Data size: 0 Basic stats: NONE Column stats: NONE
                      File Output Operator
                        compressed: false
                        table:
                            input format: org.apache.hadoop.mapred.SequenceFileInputFormat
                            output format: org.apache.hadoop.hive.ql.io.HiveSequenceFileOutputFormat
                            serde: org.apache.hadoop.hive.serde2.lazybinary.LazyBinarySerDe
          Group By Operator
            aggregations: count(VALUE._col0)
            keys: KEY._col0 (type: string)
            mode: mergepartial
            outputColumnNames: _col0, _col1
            Statistics: Num rows: 19 Data size: 1959 Basic stats: COMPLETE Column stats: NONE
            Select Operator
              expressions: _col0 (type: string), _col1 (type: bigint)
              outputColumnNames: _col0, _col1
              Statistics: Num rows: 19 Data size: 1959 Basic stats: COMPLETE Column stats: NONE
              Union
                Statistics: Num rows: 38 Data size: 3918 Basic stats: COMPLETE Column stats: NONE
                Mux Operator
                  Statistics: Num rows: 77 Data size: 7940 Basic stats: COMPLETE Column stats: NONE
                  Join Operator
                    condition map:
                         Inner Join 0 to 1
                    condition expressions:
                      0 {VALUE._col1}
                      1 {VALUE._col0} {VALUE._col1}
                    outputColumnNames: _col1, _col2, _col3
                    Statistics: Num rows: 0 Data size: 0 Basic stats: NONE Column stats: NONE
                    Select Operator
                      expressions: _col2 (type: string), _col3 (type: string), _col1 (type: bigint)
                      outputColumnNames: _col0, _col1, _col2
                      Statistics: Num rows: 0 Data size: 0 Basic stats: NONE Column stats: NONE
                      File Output Operator
                        compressed: false
                        table:
                            input format: org.apache.hadoop.mapred.SequenceFileInputFormat
                            output format: org.apache.hadoop.hive.ql.io.HiveSequenceFileOutputFormat
                            serde: org.apache.hadoop.hive.serde2.lazybinary.LazyBinarySerDe
          Mux Operator
            Statistics: Num rows: 77 Data size: 7940 Basic stats: COMPLETE Column stats: NONE
            Join Operator
              condition map:
                   Inner Join 0 to 1
              condition expressions:
                0 {VALUE._col1}
                1 {VALUE._col0} {VALUE._col1}
              outputColumnNames: _col1, _col2, _col3
              Statistics: Num rows: 0 Data size: 0 Basic stats: NONE Column stats: NONE
              Select Operator
                expressions: _col2 (type: string), _col3 (type: string), _col1 (type: bigint)
                outputColumnNames: _col0, _col1, _col2
                Statistics: Num rows: 0 Data size: 0 Basic stats: NONE Column stats: NONE
                File Output Operator
                  compressed: false
                  table:
                      input format: org.apache.hadoop.mapred.SequenceFileInputFormat
                      output format: org.apache.hadoop.hive.ql.io.HiveSequenceFileOutputFormat
                      serde: org.apache.hadoop.hive.serde2.lazybinary.LazyBinarySerDe

  Stage: Stage-2
    Map Reduce
      Map Operator Tree:
          TableScan
            Reduce Output Operator
              key expressions: _col0 (type: string), _col1 (type: string), _col2 (type: bigint)
              sort order: +++
              Statistics: Num rows: 0 Data size: 0 Basic stats: NONE Column stats: NONE
              value expressions: _col0 (type: string), _col1 (type: string), _col2 (type: bigint)
      Reduce Operator Tree:
        Extract
          Statistics: Num rows: 0 Data size: 0 Basic stats: NONE Column stats: NONE
          File Output Operator
            compressed: false
            Statistics: Num rows: 0 Data size: 0 Basic stats: NONE Column stats: NONE
            table:
                input format: org.apache.hadoop.mapred.TextInputFormat
                output format: org.apache.hadoop.hive.ql.io.HiveIgnoreKeyTextOutputFormat
                serde: org.apache.hadoop.hive.serde2.lazy.LazySimpleSerDe

  Stage: Stage-0
    Fetch Operator
      limit: -1

PREHOOK: query: SELECT x.key, x.value, subq1.cnt
FROM 
( SELECT x.key as key, count(1) as cnt from src x where x.key < 20 group by x.key
     UNION ALL
  SELECT x1.key as key, count(1) as cnt from src x1 where x1.key > 100 group by x1.key
) subq1
JOIN src1 x ON (x.key = subq1.key) ORDER BY x.key, x.value, subq1.cnt
PREHOOK: type: QUERY
PREHOOK: Input: default@src
PREHOOK: Input: default@src1
#### A masked pattern was here ####
POSTHOOK: query: SELECT x.key, x.value, subq1.cnt
FROM 
( SELECT x.key as key, count(1) as cnt from src x where x.key < 20 group by x.key
     UNION ALL
  SELECT x1.key as key, count(1) as cnt from src x1 where x1.key > 100 group by x1.key
) subq1
JOIN src1 x ON (x.key = subq1.key) ORDER BY x.key, x.value, subq1.cnt
POSTHOOK: type: QUERY
POSTHOOK: Input: default@src
POSTHOOK: Input: default@src1
#### A masked pattern was here ####
128		3
146	val_146	2
150	val_150	1
213	val_213	2
224		2
238	val_238	2
255	val_255	2
273	val_273	3
278	val_278	2
311	val_311	3
369		3
401	val_401	5
406	val_406	4
PREHOOK: query: -- When the Correlation Optimizer is turned off, this query will be evaluated by
-- 4 MR jobs. 
-- When the Correlation Optimizer is turned on, because both inputs of the 
-- UnionOperator are correlated, we can use 2 MR jobs to evaluate this query.
-- The first MR job will evaluate subquery subq1 and subq1 join x. The second
-- MR is for ordering. 
EXPLAIN
SELECT subq1.key, subq1.cnt, x.key, x.value
FROM 
( SELECT x.key as key, count(1) as cnt from src x where x.key < 20 group by x.key
     UNION ALL
  SELECT x1.value as key, count(1) as cnt from src1 x1 where x1.key > 100 group by x1.value
) subq1
LEFT OUTER JOIN src1 x ON (x.key = subq1.key) ORDER BY subq1.key, subq1.cnt, x.key, x.value
PREHOOK: type: QUERY
POSTHOOK: query: -- When the Correlation Optimizer is turned off, this query will be evaluated by
-- 4 MR jobs. 
-- When the Correlation Optimizer is turned on, because both inputs of the 
-- UnionOperator are correlated, we can use 2 MR jobs to evaluate this query.
-- The first MR job will evaluate subquery subq1 and subq1 join x. The second
-- MR is for ordering. 
EXPLAIN
SELECT subq1.key, subq1.cnt, x.key, x.value
FROM 
( SELECT x.key as key, count(1) as cnt from src x where x.key < 20 group by x.key
     UNION ALL
  SELECT x1.value as key, count(1) as cnt from src1 x1 where x1.key > 100 group by x1.value
) subq1
LEFT OUTER JOIN src1 x ON (x.key = subq1.key) ORDER BY subq1.key, subq1.cnt, x.key, x.value
POSTHOOK: type: QUERY
STAGE DEPENDENCIES:
  Stage-1 is a root stage
  Stage-2 depends on stages: Stage-1, Stage-4
  Stage-3 depends on stages: Stage-2
  Stage-4 is a root stage
  Stage-0 is a root stage

STAGE PLANS:
  Stage: Stage-1
    Map Reduce
      Map Operator Tree:
          TableScan
            alias: x
            Statistics: Num rows: 58 Data size: 5812 Basic stats: COMPLETE Column stats: NONE
            Filter Operator
              predicate: (key < 20) (type: boolean)
              Statistics: Num rows: 19 Data size: 1903 Basic stats: COMPLETE Column stats: NONE
              Select Operator
                expressions: key (type: string)
                outputColumnNames: key
                Statistics: Num rows: 19 Data size: 1903 Basic stats: COMPLETE Column stats: NONE
                Group By Operator
                  aggregations: count(1)
                  keys: key (type: string)
                  mode: hash
                  outputColumnNames: _col0, _col1
                  Statistics: Num rows: 19 Data size: 1903 Basic stats: COMPLETE Column stats: NONE
                  Reduce Output Operator
                    key expressions: _col0 (type: string)
                    sort order: +
                    Map-reduce partition columns: _col0 (type: string)
                    Statistics: Num rows: 19 Data size: 1903 Basic stats: COMPLETE Column stats: NONE
                    value expressions: _col1 (type: bigint)
      Reduce Operator Tree:
        Group By Operator
          aggregations: count(VALUE._col0)
          keys: KEY._col0 (type: string)
          mode: mergepartial
          outputColumnNames: _col0, _col1
          Statistics: Num rows: 9 Data size: 901 Basic stats: COMPLETE Column stats: NONE
          Select Operator
            expressions: _col0 (type: string), _col1 (type: bigint)
            outputColumnNames: _col0, _col1
            Statistics: Num rows: 9 Data size: 901 Basic stats: COMPLETE Column stats: NONE
            File Output Operator
              compressed: false
              table:
                  input format: org.apache.hadoop.mapred.SequenceFileInputFormat
                  output format: org.apache.hadoop.hive.ql.io.HiveSequenceFileOutputFormat
                  serde: org.apache.hadoop.hive.serde2.lazybinary.LazyBinarySerDe

  Stage: Stage-2
    Map Reduce
      Map Operator Tree:
          TableScan
            Union
              Statistics: Num rows: 9 Data size: 901 Basic stats: COMPLETE Column stats: NONE
              Reduce Output Operator
                key expressions: _col0 (type: string)
                sort order: +
                Map-reduce partition columns: _col0 (type: string)
                Statistics: Num rows: 9 Data size: 901 Basic stats: COMPLETE Column stats: NONE
                value expressions: _col0 (type: string), _col1 (type: bigint)
          TableScan
            Union
              Statistics: Num rows: 9 Data size: 901 Basic stats: COMPLETE Column stats: NONE
              Reduce Output Operator
                key expressions: _col0 (type: string)
                sort order: +
                Map-reduce partition columns: _col0 (type: string)
                Statistics: Num rows: 9 Data size: 901 Basic stats: COMPLETE Column stats: NONE
                value expressions: _col0 (type: string), _col1 (type: bigint)
          TableScan
            alias: x
            Statistics: Num rows: 1 Data size: 216 Basic stats: COMPLETE Column stats: NONE
            Reduce Output Operator
              key expressions: key (type: string)
              sort order: +
              Map-reduce partition columns: key (type: string)
              Statistics: Num rows: 1 Data size: 216 Basic stats: COMPLETE Column stats: NONE
              value expressions: key (type: string), value (type: string)
      Reduce Operator Tree:
        Join Operator
          condition map:
               Left Outer Join0 to 1
          condition expressions:
            0 {VALUE._col0} {VALUE._col1}
            1 {VALUE._col0} {VALUE._col1}
          outputColumnNames: _col0, _col1, _col2, _col3
          Statistics: Num rows: 9 Data size: 991 Basic stats: COMPLETE Column stats: NONE
          Select Operator
            expressions: _col0 (type: string), _col1 (type: bigint), _col2 (type: string), _col3 (type: string)
            outputColumnNames: _col0, _col1, _col2, _col3
            Statistics: Num rows: 9 Data size: 991 Basic stats: COMPLETE Column stats: NONE
            File Output Operator
              compressed: false
              table:
                  input format: org.apache.hadoop.mapred.SequenceFileInputFormat
                  output format: org.apache.hadoop.hive.ql.io.HiveSequenceFileOutputFormat
                  serde: org.apache.hadoop.hive.serde2.lazybinary.LazyBinarySerDe

  Stage: Stage-3
    Map Reduce
      Map Operator Tree:
          TableScan
            Reduce Output Operator
              key expressions: _col0 (type: string), _col1 (type: bigint), _col2 (type: string), _col3 (type: string)
              sort order: ++++
              Statistics: Num rows: 9 Data size: 991 Basic stats: COMPLETE Column stats: NONE
              value expressions: _col0 (type: string), _col1 (type: bigint), _col2 (type: string), _col3 (type: string)
      Reduce Operator Tree:
        Extract
          Statistics: Num rows: 9 Data size: 991 Basic stats: COMPLETE Column stats: NONE
          File Output Operator
            compressed: false
            Statistics: Num rows: 9 Data size: 991 Basic stats: COMPLETE Column stats: NONE
            table:
                input format: org.apache.hadoop.mapred.TextInputFormat
                output format: org.apache.hadoop.hive.ql.io.HiveIgnoreKeyTextOutputFormat
                serde: org.apache.hadoop.hive.serde2.lazy.LazySimpleSerDe

  Stage: Stage-4
    Map Reduce
      Map Operator Tree:
          TableScan
            alias: x1
            Statistics: Num rows: 1 Data size: 216 Basic stats: COMPLETE Column stats: NONE
            Filter Operator
              predicate: (key > 100) (type: boolean)
              Statistics: Num rows: 0 Data size: 0 Basic stats: NONE Column stats: NONE
              Select Operator
                expressions: value (type: string)
                outputColumnNames: value
                Statistics: Num rows: 0 Data size: 0 Basic stats: NONE Column stats: NONE
                Group By Operator
                  aggregations: count(1)
                  keys: value (type: string)
                  mode: hash
                  outputColumnNames: _col0, _col1
                  Statistics: Num rows: 0 Data size: 0 Basic stats: NONE Column stats: NONE
                  Reduce Output Operator
                    key expressions: _col0 (type: string)
                    sort order: +
                    Map-reduce partition columns: _col0 (type: string)
                    Statistics: Num rows: 0 Data size: 0 Basic stats: NONE Column stats: NONE
                    value expressions: _col1 (type: bigint)
      Reduce Operator Tree:
        Group By Operator
          aggregations: count(VALUE._col0)
          keys: KEY._col0 (type: string)
          mode: mergepartial
          outputColumnNames: _col0, _col1
          Statistics: Num rows: 0 Data size: 0 Basic stats: NONE Column stats: NONE
          Select Operator
            expressions: _col0 (type: string), _col1 (type: bigint)
            outputColumnNames: _col0, _col1
            Statistics: Num rows: 0 Data size: 0 Basic stats: NONE Column stats: NONE
            File Output Operator
              compressed: false
              table:
                  input format: org.apache.hadoop.mapred.SequenceFileInputFormat
                  output format: org.apache.hadoop.hive.ql.io.HiveSequenceFileOutputFormat
                  serde: org.apache.hadoop.hive.serde2.lazybinary.LazyBinarySerDe

  Stage: Stage-0
    Fetch Operator
      limit: -1

PREHOOK: query: SELECT subq1.key, subq1.cnt, x.key, x.value
FROM 
( SELECT x.key as key, count(1) as cnt from src x where x.key < 20 group by x.key
     UNION ALL
  SELECT x1.value as key, count(1) as cnt from src1 x1 where x1.key > 100 group by x1.value
) subq1
LEFT OUTER JOIN src1 x ON (x.key = subq1.key) ORDER BY subq1.key, subq1.cnt, x.key, x.value
PREHOOK: type: QUERY
PREHOOK: Input: default@src
PREHOOK: Input: default@src1
#### A masked pattern was here ####
POSTHOOK: query: SELECT subq1.key, subq1.cnt, x.key, x.value
FROM 
( SELECT x.key as key, count(1) as cnt from src x where x.key < 20 group by x.key
     UNION ALL
  SELECT x1.value as key, count(1) as cnt from src1 x1 where x1.key > 100 group by x1.value
) subq1
LEFT OUTER JOIN src1 x ON (x.key = subq1.key) ORDER BY subq1.key, subq1.cnt, x.key, x.value
POSTHOOK: type: QUERY
POSTHOOK: Input: default@src
POSTHOOK: Input: default@src1
#### A masked pattern was here ####
	3		
	3		
	3		
	3		
	3		val_165
	3		val_193
	3		val_265
	3		val_27
	3		val_409
	3		val_484
0	3	NULL	NULL
10	1	NULL	NULL
11	1	NULL	NULL
12	2	NULL	NULL
15	2	NULL	NULL
17	1	NULL	NULL
18	2	NULL	NULL
19	1	NULL	NULL
2	1	NULL	NULL
4	1	NULL	NULL
5	3	NULL	NULL
8	1	NULL	NULL
9	1	NULL	NULL
val_146	1	NULL	NULL
val_150	1	NULL	NULL
val_213	1	NULL	NULL
val_238	1	NULL	NULL
val_255	1	NULL	NULL
val_273	1	NULL	NULL
val_278	1	NULL	NULL
val_311	1	NULL	NULL
val_401	1	NULL	NULL
val_406	1	NULL	NULL
PREHOOK: query: EXPLAIN
SELECT subq1.key, subq1.cnt, x.key, x.value
FROM 
( SELECT x.key as key, count(1) as cnt from src x where x.key < 20 group by x.key
     UNION ALL
  SELECT x1.value as key, count(1) as cnt from src1 x1 where x1.key > 100 group by x1.value
) subq1
LEFT OUTER JOIN src1 x ON (x.key = subq1.key) ORDER BY subq1.key, subq1.cnt, x.key, x.value
PREHOOK: type: QUERY
POSTHOOK: query: EXPLAIN
SELECT subq1.key, subq1.cnt, x.key, x.value
FROM 
( SELECT x.key as key, count(1) as cnt from src x where x.key < 20 group by x.key
     UNION ALL
  SELECT x1.value as key, count(1) as cnt from src1 x1 where x1.key > 100 group by x1.value
) subq1
LEFT OUTER JOIN src1 x ON (x.key = subq1.key) ORDER BY subq1.key, subq1.cnt, x.key, x.value
POSTHOOK: type: QUERY
STAGE DEPENDENCIES:
  Stage-1 is a root stage
  Stage-2 depends on stages: Stage-1
  Stage-0 is a root stage

STAGE PLANS:
  Stage: Stage-1
    Map Reduce
      Map Operator Tree:
          TableScan
            alias: x
            Statistics: Num rows: 58 Data size: 5812 Basic stats: COMPLETE Column stats: NONE
            Filter Operator
              predicate: (key < 20) (type: boolean)
              Statistics: Num rows: 19 Data size: 1903 Basic stats: COMPLETE Column stats: NONE
              Select Operator
                expressions: key (type: string)
                outputColumnNames: key
                Statistics: Num rows: 19 Data size: 1903 Basic stats: COMPLETE Column stats: NONE
                Group By Operator
                  aggregations: count(1)
                  keys: key (type: string)
                  mode: hash
                  outputColumnNames: _col0, _col1
                  Statistics: Num rows: 19 Data size: 1903 Basic stats: COMPLETE Column stats: NONE
                  Reduce Output Operator
                    key expressions: _col0 (type: string)
                    sort order: +
                    Map-reduce partition columns: _col0 (type: string)
                    Statistics: Num rows: 19 Data size: 1903 Basic stats: COMPLETE Column stats: NONE
                    value expressions: _col1 (type: bigint)
          TableScan
            alias: x1
            Statistics: Num rows: 1 Data size: 216 Basic stats: COMPLETE Column stats: NONE
            Filter Operator
              predicate: (key > 100) (type: boolean)
              Statistics: Num rows: 0 Data size: 0 Basic stats: NONE Column stats: NONE
              Select Operator
                expressions: value (type: string)
                outputColumnNames: value
                Statistics: Num rows: 0 Data size: 0 Basic stats: NONE Column stats: NONE
                Group By Operator
                  aggregations: count(1)
                  keys: value (type: string)
                  mode: hash
                  outputColumnNames: _col0, _col1
                  Statistics: Num rows: 0 Data size: 0 Basic stats: NONE Column stats: NONE
                  Reduce Output Operator
                    key expressions: _col0 (type: string)
                    sort order: +
                    Map-reduce partition columns: _col0 (type: string)
                    Statistics: Num rows: 0 Data size: 0 Basic stats: NONE Column stats: NONE
                    value expressions: _col1 (type: bigint)
          TableScan
            alias: x
            Statistics: Num rows: 1 Data size: 216 Basic stats: COMPLETE Column stats: NONE
            Reduce Output Operator
              key expressions: key (type: string)
              sort order: +
              Map-reduce partition columns: key (type: string)
              Statistics: Num rows: 1 Data size: 216 Basic stats: COMPLETE Column stats: NONE
              value expressions: key (type: string), value (type: string)
      Reduce Operator Tree:
        Demux Operator
          Statistics: Num rows: 20 Data size: 2119 Basic stats: COMPLETE Column stats: NONE
          Group By Operator
            aggregations: count(VALUE._col0)
            keys: KEY._col0 (type: string)
            mode: mergepartial
            outputColumnNames: _col0, _col1
            Statistics: Num rows: 10 Data size: 1059 Basic stats: COMPLETE Column stats: NONE
            Select Operator
              expressions: _col0 (type: string), _col1 (type: bigint)
              outputColumnNames: _col0, _col1
              Statistics: Num rows: 10 Data size: 1059 Basic stats: COMPLETE Column stats: NONE
              Union
                Statistics: Num rows: 20 Data size: 2118 Basic stats: COMPLETE Column stats: NONE
                Mux Operator
                  Statistics: Num rows: 40 Data size: 4237 Basic stats: COMPLETE Column stats: NONE
                  Join Operator
                    condition map:
                         Left Outer Join0 to 1
                    condition expressions:
                      0 {VALUE._col0} {VALUE._col1}
                      1 {VALUE._col0} {VALUE._col1}
                    outputColumnNames: _col0, _col1, _col2, _col3
                    Statistics: Num rows: 0 Data size: 0 Basic stats: NONE Column stats: NONE
                    Select Operator
                      expressions: _col0 (type: string), _col1 (type: bigint), _col2 (type: string), _col3 (type: string)
                      outputColumnNames: _col0, _col1, _col2, _col3
                      Statistics: Num rows: 0 Data size: 0 Basic stats: NONE Column stats: NONE
                      File Output Operator
                        compressed: false
                        table:
                            input format: org.apache.hadoop.mapred.SequenceFileInputFormat
                            output format: org.apache.hadoop.hive.ql.io.HiveSequenceFileOutputFormat
                            serde: org.apache.hadoop.hive.serde2.lazybinary.LazyBinarySerDe
          Group By Operator
            aggregations: count(VALUE._col0)
            keys: KEY._col0 (type: string)
            mode: mergepartial
            outputColumnNames: _col0, _col1
            Statistics: Num rows: 10 Data size: 1059 Basic stats: COMPLETE Column stats: NONE
            Select Operator
              expressions: _col0 (type: string), _col1 (type: bigint)
              outputColumnNames: _col0, _col1
              Statistics: Num rows: 10 Data size: 1059 Basic stats: COMPLETE Column stats: NONE
              Union
                Statistics: Num rows: 20 Data size: 2118 Basic stats: COMPLETE Column stats: NONE
                Mux Operator
                  Statistics: Num rows: 40 Data size: 4237 Basic stats: COMPLETE Column stats: NONE
                  Join Operator
                    condition map:
                         Left Outer Join0 to 1
                    condition expressions:
                      0 {VALUE._col0} {VALUE._col1}
                      1 {VALUE._col0} {VALUE._col1}
                    outputColumnNames: _col0, _col1, _col2, _col3
                    Statistics: Num rows: 0 Data size: 0 Basic stats: NONE Column stats: NONE
                    Select Operator
                      expressions: _col0 (type: string), _col1 (type: bigint), _col2 (type: string), _col3 (type: string)
                      outputColumnNames: _col0, _col1, _col2, _col3
                      Statistics: Num rows: 0 Data size: 0 Basic stats: NONE Column stats: NONE
                      File Output Operator
                        compressed: false
                        table:
                            input format: org.apache.hadoop.mapred.SequenceFileInputFormat
                            output format: org.apache.hadoop.hive.ql.io.HiveSequenceFileOutputFormat
                            serde: org.apache.hadoop.hive.serde2.lazybinary.LazyBinarySerDe
          Mux Operator
            Statistics: Num rows: 40 Data size: 4237 Basic stats: COMPLETE Column stats: NONE
            Join Operator
              condition map:
                   Left Outer Join0 to 1
              condition expressions:
                0 {VALUE._col0} {VALUE._col1}
                1 {VALUE._col0} {VALUE._col1}
              outputColumnNames: _col0, _col1, _col2, _col3
              Statistics: Num rows: 0 Data size: 0 Basic stats: NONE Column stats: NONE
              Select Operator
                expressions: _col0 (type: string), _col1 (type: bigint), _col2 (type: string), _col3 (type: string)
                outputColumnNames: _col0, _col1, _col2, _col3
                Statistics: Num rows: 0 Data size: 0 Basic stats: NONE Column stats: NONE
                File Output Operator
                  compressed: false
                  table:
                      input format: org.apache.hadoop.mapred.SequenceFileInputFormat
                      output format: org.apache.hadoop.hive.ql.io.HiveSequenceFileOutputFormat
                      serde: org.apache.hadoop.hive.serde2.lazybinary.LazyBinarySerDe

  Stage: Stage-2
    Map Reduce
      Map Operator Tree:
          TableScan
            Reduce Output Operator
              key expressions: _col0 (type: string), _col1 (type: bigint), _col2 (type: string), _col3 (type: string)
              sort order: ++++
              Statistics: Num rows: 0 Data size: 0 Basic stats: NONE Column stats: NONE
              value expressions: _col0 (type: string), _col1 (type: bigint), _col2 (type: string), _col3 (type: string)
      Reduce Operator Tree:
        Extract
          Statistics: Num rows: 0 Data size: 0 Basic stats: NONE Column stats: NONE
          File Output Operator
            compressed: false
            Statistics: Num rows: 0 Data size: 0 Basic stats: NONE Column stats: NONE
            table:
                input format: org.apache.hadoop.mapred.TextInputFormat
                output format: org.apache.hadoop.hive.ql.io.HiveIgnoreKeyTextOutputFormat
                serde: org.apache.hadoop.hive.serde2.lazy.LazySimpleSerDe

  Stage: Stage-0
    Fetch Operator
      limit: -1

PREHOOK: query: SELECT subq1.key, subq1.cnt, x.key, x.value
FROM 
( SELECT x.key as key, count(1) as cnt from src x where x.key < 20 group by x.key
     UNION ALL
  SELECT x1.value as key, count(1) as cnt from src1 x1 where x1.key > 100 group by x1.value
) subq1
LEFT OUTER JOIN src1 x ON (x.key = subq1.key) ORDER BY subq1.key, subq1.cnt, x.key, x.value
PREHOOK: type: QUERY
PREHOOK: Input: default@src
PREHOOK: Input: default@src1
#### A masked pattern was here ####
POSTHOOK: query: SELECT subq1.key, subq1.cnt, x.key, x.value
FROM 
( SELECT x.key as key, count(1) as cnt from src x where x.key < 20 group by x.key
     UNION ALL
  SELECT x1.value as key, count(1) as cnt from src1 x1 where x1.key > 100 group by x1.value
) subq1
LEFT OUTER JOIN src1 x ON (x.key = subq1.key) ORDER BY subq1.key, subq1.cnt, x.key, x.value
POSTHOOK: type: QUERY
POSTHOOK: Input: default@src
POSTHOOK: Input: default@src1
#### A masked pattern was here ####
	3		
	3		
	3		
	3		
	3		val_165
	3		val_193
	3		val_265
	3		val_27
	3		val_409
	3		val_484
0	3	NULL	NULL
10	1	NULL	NULL
11	1	NULL	NULL
12	2	NULL	NULL
15	2	NULL	NULL
17	1	NULL	NULL
18	2	NULL	NULL
19	1	NULL	NULL
2	1	NULL	NULL
4	1	NULL	NULL
5	3	NULL	NULL
8	1	NULL	NULL
9	1	NULL	NULL
val_146	1	NULL	NULL
val_150	1	NULL	NULL
val_213	1	NULL	NULL
val_238	1	NULL	NULL
val_255	1	NULL	NULL
val_273	1	NULL	NULL
val_278	1	NULL	NULL
val_311	1	NULL	NULL
val_401	1	NULL	NULL
val_406	1	NULL	NULL
PREHOOK: query: -- When the Correlation Optimizer is turned on, because a input of UnionOperator is
-- not correlated, we cannot handle this case right now. So, this query will not be
-- optimized. 
EXPLAIN
SELECT x.key, x.value, subq1.cnt
FROM 
( SELECT x.key as key, count(1) as cnt from src x where x.key < 20 group by x.key
     UNION ALL
  SELECT x1.key as key, count(1) as cnt from src x1 where x1.key > 100 group by x1.key, x1.value
) subq1
JOIN src1 x ON (x.key = subq1.key) ORDER BY x.key, x.value, subq1.cnt
PREHOOK: type: QUERY
POSTHOOK: query: -- When the Correlation Optimizer is turned on, because a input of UnionOperator is
-- not correlated, we cannot handle this case right now. So, this query will not be
-- optimized. 
EXPLAIN
SELECT x.key, x.value, subq1.cnt
FROM 
( SELECT x.key as key, count(1) as cnt from src x where x.key < 20 group by x.key
     UNION ALL
  SELECT x1.key as key, count(1) as cnt from src x1 where x1.key > 100 group by x1.key, x1.value
) subq1
JOIN src1 x ON (x.key = subq1.key) ORDER BY x.key, x.value, subq1.cnt
POSTHOOK: type: QUERY
STAGE DEPENDENCIES:
  Stage-1 is a root stage
  Stage-2 depends on stages: Stage-1, Stage-4
  Stage-3 depends on stages: Stage-2
  Stage-4 is a root stage
  Stage-0 is a root stage

STAGE PLANS:
  Stage: Stage-1
    Map Reduce
      Map Operator Tree:
          TableScan
            alias: x
            Statistics: Num rows: 58 Data size: 5812 Basic stats: COMPLETE Column stats: NONE
            Filter Operator
              predicate: (key < 20) (type: boolean)
              Statistics: Num rows: 19 Data size: 1903 Basic stats: COMPLETE Column stats: NONE
              Select Operator
                expressions: key (type: string)
                outputColumnNames: key
                Statistics: Num rows: 19 Data size: 1903 Basic stats: COMPLETE Column stats: NONE
                Group By Operator
                  aggregations: count(1)
                  keys: key (type: string)
                  mode: hash
                  outputColumnNames: _col0, _col1
                  Statistics: Num rows: 19 Data size: 1903 Basic stats: COMPLETE Column stats: NONE
                  Reduce Output Operator
                    key expressions: _col0 (type: string)
                    sort order: +
                    Map-reduce partition columns: _col0 (type: string)
                    Statistics: Num rows: 19 Data size: 1903 Basic stats: COMPLETE Column stats: NONE
                    value expressions: _col1 (type: bigint)
      Reduce Operator Tree:
        Group By Operator
          aggregations: count(VALUE._col0)
          keys: KEY._col0 (type: string)
          mode: mergepartial
          outputColumnNames: _col0, _col1
          Statistics: Num rows: 9 Data size: 901 Basic stats: COMPLETE Column stats: NONE
          Select Operator
            expressions: _col0 (type: string), _col1 (type: bigint)
            outputColumnNames: _col0, _col1
            Statistics: Num rows: 9 Data size: 901 Basic stats: COMPLETE Column stats: NONE
            File Output Operator
              compressed: false
              table:
                  input format: org.apache.hadoop.mapred.SequenceFileInputFormat
                  output format: org.apache.hadoop.hive.ql.io.HiveSequenceFileOutputFormat
                  serde: org.apache.hadoop.hive.serde2.lazybinary.LazyBinarySerDe

  Stage: Stage-2
    Map Reduce
      Map Operator Tree:
          TableScan
            Union
              Statistics: Num rows: 13 Data size: 1702 Basic stats: COMPLETE Column stats: NONE
              Reduce Output Operator
                key expressions: _col0 (type: string)
                sort order: +
                Map-reduce partition columns: _col0 (type: string)
                Statistics: Num rows: 13 Data size: 1702 Basic stats: COMPLETE Column stats: NONE
                value expressions: _col1 (type: bigint)
          TableScan
            Union
              Statistics: Num rows: 13 Data size: 1702 Basic stats: COMPLETE Column stats: NONE
              Reduce Output Operator
                key expressions: _col0 (type: string)
                sort order: +
                Map-reduce partition columns: _col0 (type: string)
                Statistics: Num rows: 13 Data size: 1702 Basic stats: COMPLETE Column stats: NONE
                value expressions: _col1 (type: bigint)
          TableScan
            alias: x
            Statistics: Num rows: 1 Data size: 216 Basic stats: COMPLETE Column stats: NONE
            Reduce Output Operator
              key expressions: key (type: string)
              sort order: +
              Map-reduce partition columns: key (type: string)
              Statistics: Num rows: 1 Data size: 216 Basic stats: COMPLETE Column stats: NONE
              value expressions: key (type: string), value (type: string)
      Reduce Operator Tree:
        Join Operator
          condition map:
               Inner Join 0 to 1
          condition expressions:
            0 {VALUE._col1}
            1 {VALUE._col0} {VALUE._col1}
          outputColumnNames: _col1, _col2, _col3
          Statistics: Num rows: 14 Data size: 1872 Basic stats: COMPLETE Column stats: NONE
          Select Operator
            expressions: _col2 (type: string), _col3 (type: string), _col1 (type: bigint)
            outputColumnNames: _col0, _col1, _col2
            Statistics: Num rows: 14 Data size: 1872 Basic stats: COMPLETE Column stats: NONE
            File Output Operator
              compressed: false
              table:
                  input format: org.apache.hadoop.mapred.SequenceFileInputFormat
                  output format: org.apache.hadoop.hive.ql.io.HiveSequenceFileOutputFormat
                  serde: org.apache.hadoop.hive.serde2.lazybinary.LazyBinarySerDe

  Stage: Stage-3
    Map Reduce
      Map Operator Tree:
          TableScan
            Reduce Output Operator
              key expressions: _col0 (type: string), _col1 (type: string), _col2 (type: bigint)
              sort order: +++
              Statistics: Num rows: 14 Data size: 1872 Basic stats: COMPLETE Column stats: NONE
              value expressions: _col0 (type: string), _col1 (type: string), _col2 (type: bigint)
      Reduce Operator Tree:
        Extract
          Statistics: Num rows: 14 Data size: 1872 Basic stats: COMPLETE Column stats: NONE
          File Output Operator
            compressed: false
            Statistics: Num rows: 14 Data size: 1872 Basic stats: COMPLETE Column stats: NONE
            table:
                input format: org.apache.hadoop.mapred.TextInputFormat
                output format: org.apache.hadoop.hive.ql.io.HiveIgnoreKeyTextOutputFormat
                serde: org.apache.hadoop.hive.serde2.lazy.LazySimpleSerDe

  Stage: Stage-4
    Map Reduce
      Map Operator Tree:
          TableScan
            alias: x1
            Statistics: Num rows: 29 Data size: 5812 Basic stats: COMPLETE Column stats: NONE
            Filter Operator
              predicate: (key > 100) (type: boolean)
              Statistics: Num rows: 9 Data size: 1803 Basic stats: COMPLETE Column stats: NONE
              Select Operator
                expressions: key (type: string), value (type: string)
                outputColumnNames: key, value
                Statistics: Num rows: 9 Data size: 1803 Basic stats: COMPLETE Column stats: NONE
                Group By Operator
                  aggregations: count(1)
                  keys: key (type: string), value (type: string)
                  mode: hash
                  outputColumnNames: _col0, _col1, _col2
                  Statistics: Num rows: 9 Data size: 1803 Basic stats: COMPLETE Column stats: NONE
                  Reduce Output Operator
                    key expressions: _col0 (type: string), _col1 (type: string)
                    sort order: ++
                    Map-reduce partition columns: _col0 (type: string), _col1 (type: string)
                    Statistics: Num rows: 9 Data size: 1803 Basic stats: COMPLETE Column stats: NONE
                    value expressions: _col2 (type: bigint)
      Reduce Operator Tree:
        Group By Operator
          aggregations: count(VALUE._col0)
          keys: KEY._col0 (type: string), KEY._col1 (type: string)
          mode: mergepartial
          outputColumnNames: _col0, _col1, _col2
          Statistics: Num rows: 4 Data size: 801 Basic stats: COMPLETE Column stats: NONE
          Select Operator
            expressions: _col0 (type: string), _col2 (type: bigint)
            outputColumnNames: _col0, _col1
            Statistics: Num rows: 4 Data size: 801 Basic stats: COMPLETE Column stats: NONE
            File Output Operator
              compressed: false
              table:
                  input format: org.apache.hadoop.mapred.SequenceFileInputFormat
                  output format: org.apache.hadoop.hive.ql.io.HiveSequenceFileOutputFormat
                  serde: org.apache.hadoop.hive.serde2.lazybinary.LazyBinarySerDe

  Stage: Stage-0
    Fetch Operator
      limit: -1

PREHOOK: query: -- When the Correlation Optimizer is turned on, because a input of UnionOperator is
-- not correlated, we cannot handle this case right now. So, this query will not be
-- optimized. 
EXPLAIN
SELECT subq1.key, subq1.value, x.key, x.value
FROM 
( SELECT cast(x.key as INT) as key, count(1) as value from src x where x.key < 20 group by x.key
     UNION ALL
  SELECT count(1) as key, cast(x1.key as INT) as value from src x1 where x1.key > 100 group by x1.key
) subq1
FULL OUTER JOIN src1 x ON (x.key = subq1.key) ORDER BY subq1.key, subq1.value, x.key, x.value
PREHOOK: type: QUERY
POSTHOOK: query: -- When the Correlation Optimizer is turned on, because a input of UnionOperator is
-- not correlated, we cannot handle this case right now. So, this query will not be
-- optimized. 
EXPLAIN
SELECT subq1.key, subq1.value, x.key, x.value
FROM 
( SELECT cast(x.key as INT) as key, count(1) as value from src x where x.key < 20 group by x.key
     UNION ALL
  SELECT count(1) as key, cast(x1.key as INT) as value from src x1 where x1.key > 100 group by x1.key
) subq1
FULL OUTER JOIN src1 x ON (x.key = subq1.key) ORDER BY subq1.key, subq1.value, x.key, x.value
POSTHOOK: type: QUERY
STAGE DEPENDENCIES:
  Stage-1 is a root stage
  Stage-2 depends on stages: Stage-1, Stage-4
  Stage-3 depends on stages: Stage-2
  Stage-4 is a root stage
  Stage-0 is a root stage

STAGE PLANS:
  Stage: Stage-1
    Map Reduce
      Map Operator Tree:
          TableScan
            alias: x
            Statistics: Num rows: 58 Data size: 5812 Basic stats: COMPLETE Column stats: NONE
            Filter Operator
              predicate: (key < 20) (type: boolean)
              Statistics: Num rows: 19 Data size: 1903 Basic stats: COMPLETE Column stats: NONE
              Select Operator
                expressions: key (type: string)
                outputColumnNames: key
                Statistics: Num rows: 19 Data size: 1903 Basic stats: COMPLETE Column stats: NONE
                Group By Operator
                  aggregations: count(1)
                  keys: key (type: string)
                  mode: hash
                  outputColumnNames: _col0, _col1
                  Statistics: Num rows: 19 Data size: 1903 Basic stats: COMPLETE Column stats: NONE
                  Reduce Output Operator
                    key expressions: _col0 (type: string)
                    sort order: +
                    Map-reduce partition columns: _col0 (type: string)
                    Statistics: Num rows: 19 Data size: 1903 Basic stats: COMPLETE Column stats: NONE
                    value expressions: _col1 (type: bigint)
      Reduce Operator Tree:
        Group By Operator
          aggregations: count(VALUE._col0)
          keys: KEY._col0 (type: string)
          mode: mergepartial
          outputColumnNames: _col0, _col1
          Statistics: Num rows: 9 Data size: 901 Basic stats: COMPLETE Column stats: NONE
          Select Operator
            expressions: UDFToLong(UDFToInteger(_col0)) (type: bigint), _col1 (type: bigint)
            outputColumnNames: _col0, _col1
            Statistics: Num rows: 9 Data size: 901 Basic stats: COMPLETE Column stats: NONE
            File Output Operator
              compressed: false
              table:
                  input format: org.apache.hadoop.mapred.SequenceFileInputFormat
                  output format: org.apache.hadoop.hive.ql.io.HiveSequenceFileOutputFormat
                  serde: org.apache.hadoop.hive.serde2.lazybinary.LazyBinarySerDe

  Stage: Stage-2
    Map Reduce
      Map Operator Tree:
          TableScan
            Union
              Statistics: Num rows: 18 Data size: 1802 Basic stats: COMPLETE Column stats: NONE
              Reduce Output Operator
                key expressions: UDFToDouble(_col0) (type: double)
                sort order: +
                Map-reduce partition columns: UDFToDouble(_col0) (type: double)
                Statistics: Num rows: 18 Data size: 1802 Basic stats: COMPLETE Column stats: NONE
                value expressions: _col0 (type: bigint), _col1 (type: bigint)
          TableScan
            Union
              Statistics: Num rows: 18 Data size: 1802 Basic stats: COMPLETE Column stats: NONE
              Reduce Output Operator
                key expressions: UDFToDouble(_col0) (type: double)
                sort order: +
                Map-reduce partition columns: UDFToDouble(_col0) (type: double)
                Statistics: Num rows: 18 Data size: 1802 Basic stats: COMPLETE Column stats: NONE
                value expressions: _col0 (type: bigint), _col1 (type: bigint)
          TableScan
            alias: x
            Statistics: Num rows: 1 Data size: 216 Basic stats: COMPLETE Column stats: NONE
            Reduce Output Operator
              key expressions: UDFToDouble(key) (type: double)
              sort order: +
              Map-reduce partition columns: UDFToDouble(key) (type: double)
              Statistics: Num rows: 1 Data size: 216 Basic stats: COMPLETE Column stats: NONE
              value expressions: key (type: string), value (type: string)
      Reduce Operator Tree:
        Join Operator
          condition map:
               Outer Join 0 to 1
          condition expressions:
            0 {VALUE._col0} {VALUE._col1}
            1 {VALUE._col0} {VALUE._col1}
          outputColumnNames: _col0, _col1, _col2, _col3
          Statistics: Num rows: 19 Data size: 1982 Basic stats: COMPLETE Column stats: NONE
          Select Operator
            expressions: _col0 (type: bigint), _col1 (type: bigint), _col2 (type: string), _col3 (type: string)
            outputColumnNames: _col0, _col1, _col2, _col3
            Statistics: Num rows: 19 Data size: 1982 Basic stats: COMPLETE Column stats: NONE
            File Output Operator
              compressed: false
              table:
                  input format: org.apache.hadoop.mapred.SequenceFileInputFormat
                  output format: org.apache.hadoop.hive.ql.io.HiveSequenceFileOutputFormat
                  serde: org.apache.hadoop.hive.serde2.lazybinary.LazyBinarySerDe

  Stage: Stage-3
    Map Reduce
      Map Operator Tree:
          TableScan
            Reduce Output Operator
              key expressions: _col0 (type: bigint), _col1 (type: bigint), _col2 (type: string), _col3 (type: string)
              sort order: ++++
              Statistics: Num rows: 19 Data size: 1982 Basic stats: COMPLETE Column stats: NONE
              value expressions: _col0 (type: bigint), _col1 (type: bigint), _col2 (type: string), _col3 (type: string)
      Reduce Operator Tree:
        Extract
          Statistics: Num rows: 19 Data size: 1982 Basic stats: COMPLETE Column stats: NONE
          File Output Operator
            compressed: false
            Statistics: Num rows: 19 Data size: 1982 Basic stats: COMPLETE Column stats: NONE
            table:
                input format: org.apache.hadoop.mapred.TextInputFormat
                output format: org.apache.hadoop.hive.ql.io.HiveIgnoreKeyTextOutputFormat
                serde: org.apache.hadoop.hive.serde2.lazy.LazySimpleSerDe

  Stage: Stage-4
    Map Reduce
      Map Operator Tree:
          TableScan
            alias: x1
            Statistics: Num rows: 58 Data size: 5812 Basic stats: COMPLETE Column stats: NONE
            Filter Operator
              predicate: (key > 100) (type: boolean)
              Statistics: Num rows: 19 Data size: 1903 Basic stats: COMPLETE Column stats: NONE
              Select Operator
                expressions: key (type: string)
                outputColumnNames: key
                Statistics: Num rows: 19 Data size: 1903 Basic stats: COMPLETE Column stats: NONE
                Group By Operator
                  aggregations: count(1)
                  keys: key (type: string)
                  mode: hash
                  outputColumnNames: _col0, _col1
                  Statistics: Num rows: 19 Data size: 1903 Basic stats: COMPLETE Column stats: NONE
                  Reduce Output Operator
                    key expressions: _col0 (type: string)
                    sort order: +
                    Map-reduce partition columns: _col0 (type: string)
                    Statistics: Num rows: 19 Data size: 1903 Basic stats: COMPLETE Column stats: NONE
                    value expressions: _col1 (type: bigint)
      Reduce Operator Tree:
        Group By Operator
          aggregations: count(VALUE._col0)
          keys: KEY._col0 (type: string)
          mode: mergepartial
          outputColumnNames: _col0, _col1
          Statistics: Num rows: 9 Data size: 901 Basic stats: COMPLETE Column stats: NONE
          Select Operator
            expressions: _col1 (type: bigint), UDFToLong(UDFToInteger(_col0)) (type: bigint)
            outputColumnNames: _col0, _col1
            Statistics: Num rows: 9 Data size: 901 Basic stats: COMPLETE Column stats: NONE
            File Output Operator
              compressed: false
              table:
                  input format: org.apache.hadoop.mapred.SequenceFileInputFormat
                  output format: org.apache.hadoop.hive.ql.io.HiveSequenceFileOutputFormat
                  serde: org.apache.hadoop.hive.serde2.lazybinary.LazyBinarySerDe

  Stage: Stage-0
    Fetch Operator
      limit: -1

