PREHOOK: query: -- When Correlation Optimizer is turned off, 4 MR jobs are needed.
-- When Correlation Optimizer is turned on, 2 MR jobs are needed.
-- The first job will evaluate subquery xx and xx join yy.
-- This case is used to test LEFT SEMI JOIN since Hive will
-- introduce a GroupByOperator before the ReduceSinkOperator of
-- the right table (yy in queries below)
-- of LEFT SEMI JOIN.
EXPLAIN
SELECT xx.key, xx.cnt
FROM
(SELECT x.key as key, count(1) as cnt FROM src1 x JOIN src1 y ON (x.key = y.key) group by x.key) xx
LEFT SEMI JOIN src yy
ON xx.key=yy.key ORDER BY xx.key, xx.cnt
PREHOOK: type: QUERY
POSTHOOK: query: -- When Correlation Optimizer is turned off, 4 MR jobs are needed.
-- When Correlation Optimizer is turned on, 2 MR jobs are needed.
-- The first job will evaluate subquery xx and xx join yy.
-- This case is used to test LEFT SEMI JOIN since Hive will
-- introduce a GroupByOperator before the ReduceSinkOperator of
-- the right table (yy in queries below)
-- of LEFT SEMI JOIN.
EXPLAIN
SELECT xx.key, xx.cnt
FROM
(SELECT x.key as key, count(1) as cnt FROM src1 x JOIN src1 y ON (x.key = y.key) group by x.key) xx
LEFT SEMI JOIN src yy
ON xx.key=yy.key ORDER BY xx.key, xx.cnt
POSTHOOK: type: QUERY
STAGE DEPENDENCIES:
  Stage-3 is a root stage
  Stage-4 depends on stages: Stage-3
  Stage-1 depends on stages: Stage-4
  Stage-2 depends on stages: Stage-1
  Stage-0 is a root stage

STAGE PLANS:
  Stage: Stage-3
    Map Reduce
      Map Operator Tree:
          TableScan
            alias: x
            Statistics: Num rows: 2 Data size: 216 Basic stats: COMPLETE Column stats: NONE
            Reduce Output Operator
              key expressions: key (type: string)
              sort order: +
              Map-reduce partition columns: key (type: string)
              Statistics: Num rows: 2 Data size: 216 Basic stats: COMPLETE Column stats: NONE
              value expressions: key (type: string)
          TableScan
            alias: y
            Statistics: Num rows: 2 Data size: 216 Basic stats: COMPLETE Column stats: NONE
            Reduce Output Operator
              key expressions: key (type: string)
              sort order: +
              Map-reduce partition columns: key (type: string)
              Statistics: Num rows: 2 Data size: 216 Basic stats: COMPLETE Column stats: NONE
      Reduce Operator Tree:
        Join Operator
          condition map:
               Inner Join 0 to 1
          condition expressions:
            0 {VALUE._col0}
            1 
          outputColumnNames: _col0
          Statistics: Num rows: 2 Data size: 237 Basic stats: COMPLETE Column stats: NONE
          Select Operator
            expressions: _col0 (type: string)
            outputColumnNames: _col0
            Statistics: Num rows: 2 Data size: 237 Basic stats: COMPLETE Column stats: NONE
            Group By Operator
              aggregations: count(1)
              keys: _col0 (type: string)
              mode: hash
              outputColumnNames: _col0, _col1
              Statistics: Num rows: 2 Data size: 237 Basic stats: COMPLETE Column stats: NONE
              File Output Operator
                compressed: false
                table:
                    input format: org.apache.hadoop.mapred.SequenceFileInputFormat
                    output format: org.apache.hadoop.hive.ql.io.HiveSequenceFileOutputFormat
                    serde: org.apache.hadoop.hive.serde2.lazybinary.LazyBinarySerDe

  Stage: Stage-4
    Map Reduce
      Map Operator Tree:
          TableScan
            Reduce Output Operator
              key expressions: _col0 (type: string)
              sort order: +
              Map-reduce partition columns: _col0 (type: string)
              Statistics: Num rows: 2 Data size: 237 Basic stats: COMPLETE Column stats: NONE
              value expressions: _col1 (type: bigint)
      Reduce Operator Tree:
        Group By Operator
          aggregations: count(VALUE._col0)
          keys: KEY._col0 (type: string)
          mode: mergepartial
          outputColumnNames: _col0, _col1
          Statistics: Num rows: 1 Data size: 118 Basic stats: COMPLETE Column stats: NONE
          Select Operator
            expressions: _col0 (type: string), _col1 (type: bigint)
            outputColumnNames: _col0, _col1
            Statistics: Num rows: 1 Data size: 118 Basic stats: COMPLETE Column stats: NONE
            File Output Operator
              compressed: false
              table:
                  input format: org.apache.hadoop.mapred.SequenceFileInputFormat
                  output format: org.apache.hadoop.hive.ql.io.HiveSequenceFileOutputFormat
                  serde: org.apache.hadoop.hive.serde2.lazybinary.LazyBinarySerDe

  Stage: Stage-1
    Map Reduce
      Map Operator Tree:
          TableScan
            alias: yy
            Statistics: Num rows: 58 Data size: 5812 Basic stats: COMPLETE Column stats: NONE
            Select Operator
              expressions: key (type: string)
              outputColumnNames: key
              Statistics: Num rows: 58 Data size: 5812 Basic stats: COMPLETE Column stats: NONE
              Group By Operator
                keys: key (type: string)
                mode: hash
                outputColumnNames: _col0
                Statistics: Num rows: 58 Data size: 5812 Basic stats: COMPLETE Column stats: NONE
                Reduce Output Operator
                  key expressions: _col0 (type: string)
                  sort order: +
                  Map-reduce partition columns: _col0 (type: string)
                  Statistics: Num rows: 58 Data size: 5812 Basic stats: COMPLETE Column stats: NONE
          TableScan
            Reduce Output Operator
              key expressions: _col0 (type: string)
              sort order: +
              Map-reduce partition columns: _col0 (type: string)
              Statistics: Num rows: 1 Data size: 118 Basic stats: COMPLETE Column stats: NONE
              value expressions: _col0 (type: string), _col1 (type: bigint)
      Reduce Operator Tree:
        Join Operator
          condition map:
               Left Semi Join 0 to 1
          condition expressions:
            0 {VALUE._col0} {VALUE._col1}
            1 
          outputColumnNames: _col0, _col1
          Statistics: Num rows: 63 Data size: 6393 Basic stats: COMPLETE Column stats: NONE
          Select Operator
            expressions: _col0 (type: string), _col1 (type: bigint)
            outputColumnNames: _col0, _col1
            Statistics: Num rows: 63 Data size: 6393 Basic stats: COMPLETE Column stats: NONE
            File Output Operator
              compressed: false
              table:
                  input format: org.apache.hadoop.mapred.SequenceFileInputFormat
                  output format: org.apache.hadoop.hive.ql.io.HiveSequenceFileOutputFormat
                  serde: org.apache.hadoop.hive.serde2.lazybinary.LazyBinarySerDe

  Stage: Stage-2
    Map Reduce
      Map Operator Tree:
          TableScan
            Reduce Output Operator
              key expressions: _col0 (type: string), _col1 (type: bigint)
              sort order: ++
              Statistics: Num rows: 63 Data size: 6393 Basic stats: COMPLETE Column stats: NONE
              value expressions: _col0 (type: string), _col1 (type: bigint)
      Reduce Operator Tree:
        Extract
          Statistics: Num rows: 63 Data size: 6393 Basic stats: COMPLETE Column stats: NONE
          File Output Operator
            compressed: false
            Statistics: Num rows: 63 Data size: 6393 Basic stats: COMPLETE Column stats: NONE
            table:
                input format: org.apache.hadoop.mapred.TextInputFormat
                output format: org.apache.hadoop.hive.ql.io.HiveIgnoreKeyTextOutputFormat
                serde: org.apache.hadoop.hive.serde2.lazy.LazySimpleSerDe

  Stage: Stage-0
    Fetch Operator
      limit: -1

PREHOOK: query: SELECT xx.key, xx.cnt
FROM
(SELECT x.key as key, count(1) as cnt FROM src1 x JOIN src1 y ON (x.key = y.key) group by x.key) xx
LEFT SEMI JOIN src yy
ON xx.key=yy.key ORDER BY xx.key, xx.cnt
PREHOOK: type: QUERY
PREHOOK: Input: default@src
PREHOOK: Input: default@src1
#### A masked pattern was here ####
POSTHOOK: query: SELECT xx.key, xx.cnt
FROM
(SELECT x.key as key, count(1) as cnt FROM src1 x JOIN src1 y ON (x.key = y.key) group by x.key) xx
LEFT SEMI JOIN src yy
ON xx.key=yy.key ORDER BY xx.key, xx.cnt
POSTHOOK: type: QUERY
POSTHOOK: Input: default@src
POSTHOOK: Input: default@src1
#### A masked pattern was here ####
128	1
146	1
150	1
213	1
224	1
238	1
255	1
273	1
278	1
311	1
369	1
401	1
406	1
66	1
98	1
PREHOOK: query: EXPLAIN
SELECT xx.key, xx.cnt
FROM
(SELECT x.key as key, count(1) as cnt FROM src1 x JOIN src1 y ON (x.key = y.key) group by x.key) xx
LEFT SEMI JOIN src yy
ON xx.key=yy.key ORDER BY xx.key, xx.cnt
PREHOOK: type: QUERY
POSTHOOK: query: EXPLAIN
SELECT xx.key, xx.cnt
FROM
(SELECT x.key as key, count(1) as cnt FROM src1 x JOIN src1 y ON (x.key = y.key) group by x.key) xx
LEFT SEMI JOIN src yy
ON xx.key=yy.key ORDER BY xx.key, xx.cnt
POSTHOOK: type: QUERY
STAGE DEPENDENCIES:
  Stage-1 is a root stage
  Stage-2 depends on stages: Stage-1
  Stage-0 is a root stage

STAGE PLANS:
  Stage: Stage-1
    Map Reduce
      Map Operator Tree:
          TableScan
            alias: yy
            Statistics: Num rows: 58 Data size: 5812 Basic stats: COMPLETE Column stats: NONE
            Select Operator
              expressions: key (type: string)
              outputColumnNames: key
              Statistics: Num rows: 58 Data size: 5812 Basic stats: COMPLETE Column stats: NONE
              Group By Operator
                keys: key (type: string)
                mode: hash
                outputColumnNames: _col0
                Statistics: Num rows: 58 Data size: 5812 Basic stats: COMPLETE Column stats: NONE
                Reduce Output Operator
                  key expressions: _col0 (type: string)
                  sort order: +
                  Map-reduce partition columns: _col0 (type: string)
                  Statistics: Num rows: 58 Data size: 5812 Basic stats: COMPLETE Column stats: NONE
          TableScan
            alias: x
            Statistics: Num rows: 2 Data size: 216 Basic stats: COMPLETE Column stats: NONE
            Reduce Output Operator
              key expressions: key (type: string)
              sort order: +
              Map-reduce partition columns: key (type: string)
              Statistics: Num rows: 2 Data size: 216 Basic stats: COMPLETE Column stats: NONE
              value expressions: key (type: string)
          TableScan
            alias: y
            Statistics: Num rows: 2 Data size: 216 Basic stats: COMPLETE Column stats: NONE
            Reduce Output Operator
              key expressions: key (type: string)
              sort order: +
              Map-reduce partition columns: key (type: string)
              Statistics: Num rows: 2 Data size: 216 Basic stats: COMPLETE Column stats: NONE
      Reduce Operator Tree:
        Demux Operator
          Statistics: Num rows: 62 Data size: 6244 Basic stats: COMPLETE Column stats: NONE
          Join Operator
            condition map:
                 Inner Join 0 to 1
            condition expressions:
              0 {VALUE._col0}
              1 
            outputColumnNames: _col0
            Statistics: Num rows: 0 Data size: 0 Basic stats: NONE Column stats: NONE
            Select Operator
              expressions: _col0 (type: string)
              outputColumnNames: _col0
              Statistics: Num rows: 0 Data size: 0 Basic stats: NONE Column stats: NONE
              Mux Operator
                Statistics: Num rows: 0 Data size: 0 Basic stats: NONE Column stats: NONE
                Group By Operator
                  aggregations: count(1)
                  keys: _col0 (type: string)
                  mode: complete
                  outputColumnNames: _col0, _col1
                  Statistics: Num rows: 0 Data size: 0 Basic stats: NONE Column stats: NONE
                  Select Operator
                    expressions: _col0 (type: string), _col1 (type: bigint)
                    outputColumnNames: _col0, _col1
                    Statistics: Num rows: 0 Data size: 0 Basic stats: NONE Column stats: NONE
                    Mux Operator
                      Statistics: Num rows: 62 Data size: 6244 Basic stats: COMPLETE Column stats: NONE
                      Join Operator
                        condition map:
                             Left Semi Join 0 to 1
                        condition expressions:
                          0 {VALUE._col0} {VALUE._col1}
                          1 
                        outputColumnNames: _col0, _col1
                        Statistics: Num rows: 0 Data size: 0 Basic stats: NONE Column stats: NONE
                        Select Operator
                          expressions: _col0 (type: string), _col1 (type: bigint)
                          outputColumnNames: _col0, _col1
                          Statistics: Num rows: 0 Data size: 0 Basic stats: NONE Column stats: NONE
                          File Output Operator
                            compressed: false
                            table:
                                input format: org.apache.hadoop.mapred.SequenceFileInputFormat
                                output format: org.apache.hadoop.hive.ql.io.HiveSequenceFileOutputFormat
                                serde: org.apache.hadoop.hive.serde2.lazybinary.LazyBinarySerDe
          Mux Operator
            Statistics: Num rows: 62 Data size: 6244 Basic stats: COMPLETE Column stats: NONE
            Join Operator
              condition map:
                   Left Semi Join 0 to 1
              condition expressions:
                0 {VALUE._col0} {VALUE._col1}
                1 
              outputColumnNames: _col0, _col1
              Statistics: Num rows: 0 Data size: 0 Basic stats: NONE Column stats: NONE
              Select Operator
                expressions: _col0 (type: string), _col1 (type: bigint)
                outputColumnNames: _col0, _col1
                Statistics: Num rows: 0 Data size: 0 Basic stats: NONE Column stats: NONE
                File Output Operator
                  compressed: false
                  table:
                      input format: org.apache.hadoop.mapred.SequenceFileInputFormat
                      output format: org.apache.hadoop.hive.ql.io.HiveSequenceFileOutputFormat
                      serde: org.apache.hadoop.hive.serde2.lazybinary.LazyBinarySerDe

  Stage: Stage-2
    Map Reduce
      Map Operator Tree:
          TableScan
            Reduce Output Operator
              key expressions: _col0 (type: string), _col1 (type: bigint)
              sort order: ++
              Statistics: Num rows: 0 Data size: 0 Basic stats: NONE Column stats: NONE
              value expressions: _col0 (type: string), _col1 (type: bigint)
      Reduce Operator Tree:
        Extract
          Statistics: Num rows: 0 Data size: 0 Basic stats: NONE Column stats: NONE
          File Output Operator
            compressed: false
            Statistics: Num rows: 0 Data size: 0 Basic stats: NONE Column stats: NONE
            table:
                input format: org.apache.hadoop.mapred.TextInputFormat
                output format: org.apache.hadoop.hive.ql.io.HiveIgnoreKeyTextOutputFormat
                serde: org.apache.hadoop.hive.serde2.lazy.LazySimpleSerDe

  Stage: Stage-0
    Fetch Operator
      limit: -1

PREHOOK: query: SELECT xx.key, xx.cnt
FROM
(SELECT x.key as key, count(1) as cnt FROM src1 x JOIN src1 y ON (x.key = y.key) group by x.key) xx
LEFT SEMI JOIN src yy
ON xx.key=yy.key ORDER BY xx.key, xx.cnt
PREHOOK: type: QUERY
PREHOOK: Input: default@src
PREHOOK: Input: default@src1
#### A masked pattern was here ####
POSTHOOK: query: SELECT xx.key, xx.cnt
FROM
(SELECT x.key as key, count(1) as cnt FROM src1 x JOIN src1 y ON (x.key = y.key) group by x.key) xx
LEFT SEMI JOIN src yy
ON xx.key=yy.key ORDER BY xx.key, xx.cnt
POSTHOOK: type: QUERY
POSTHOOK: Input: default@src
POSTHOOK: Input: default@src1
#### A masked pattern was here ####
128	1
146	1
150	1
213	1
224	1
238	1
255	1
273	1
278	1
311	1
369	1
401	1
406	1
66	1
98	1
PREHOOK: query: -- When Correlation Optimizer is turned off, 4 MR jobs are needed.
-- When Correlation Optimizer is turned on, 2 MR jobs are needed.
-- The first job will evaluate subquery xx and xx join yy.
-- This case is used to test LEFT SEMI JOIN since Hive will
-- introduce a GroupByOperator before the ReduceSinkOperator of
-- the right table (yy in queries below)
-- of LEFT SEMI JOIN.
EXPLAIN
SELECT xx.key, xx.value
FROM
src1 xx
LEFT SEMI JOIN 
(SELECT x.key as key 
 FROM src x JOIN src y ON (x.key = y.key)
 WHERE x.key < 200 AND
       y.key > 20) yy
ON xx.key=yy.key ORDER BY xx.key, xx.value
PREHOOK: type: QUERY
POSTHOOK: query: -- When Correlation Optimizer is turned off, 4 MR jobs are needed.
-- When Correlation Optimizer is turned on, 2 MR jobs are needed.
-- The first job will evaluate subquery xx and xx join yy.
-- This case is used to test LEFT SEMI JOIN since Hive will
-- introduce a GroupByOperator before the ReduceSinkOperator of
-- the right table (yy in queries below)
-- of LEFT SEMI JOIN.
EXPLAIN
SELECT xx.key, xx.value
FROM
src1 xx
LEFT SEMI JOIN 
(SELECT x.key as key 
 FROM src x JOIN src y ON (x.key = y.key)
 WHERE x.key < 200 AND
       y.key > 20) yy
ON xx.key=yy.key ORDER BY xx.key, xx.value
POSTHOOK: type: QUERY
STAGE DEPENDENCIES:
  Stage-1 is a root stage
  Stage-2 depends on stages: Stage-1
  Stage-3 depends on stages: Stage-2
  Stage-0 is a root stage

STAGE PLANS:
  Stage: Stage-1
    Map Reduce
      Map Operator Tree:
          TableScan
            alias: x
            Statistics: Num rows: 58 Data size: 5812 Basic stats: COMPLETE Column stats: NONE
            Filter Operator
              predicate: ((key < 200) and (key > 20)) (type: boolean)
              Statistics: Num rows: 6 Data size: 601 Basic stats: COMPLETE Column stats: NONE
              Reduce Output Operator
                key expressions: key (type: string)
                sort order: +
                Map-reduce partition columns: key (type: string)
                Statistics: Num rows: 6 Data size: 601 Basic stats: COMPLETE Column stats: NONE
                value expressions: key (type: string)
          TableScan
            alias: y
            Statistics: Num rows: 58 Data size: 5812 Basic stats: COMPLETE Column stats: NONE
            Filter Operator
              predicate: ((key > 20) and (key < 200)) (type: boolean)
              Statistics: Num rows: 6 Data size: 601 Basic stats: COMPLETE Column stats: NONE
              Reduce Output Operator
                key expressions: key (type: string)
                sort order: +
                Map-reduce partition columns: key (type: string)
                Statistics: Num rows: 6 Data size: 601 Basic stats: COMPLETE Column stats: NONE
      Reduce Operator Tree:
        Join Operator
          condition map:
               Inner Join 0 to 1
          condition expressions:
            0 {VALUE._col0}
            1 
          outputColumnNames: _col0
          Statistics: Num rows: 6 Data size: 661 Basic stats: COMPLETE Column stats: NONE
          Select Operator
            expressions: _col0 (type: string)
            outputColumnNames: _col0
            Statistics: Num rows: 6 Data size: 661 Basic stats: COMPLETE Column stats: NONE
            Group By Operator
              keys: _col0 (type: string)
              mode: hash
              outputColumnNames: _col0
              Statistics: Num rows: 6 Data size: 661 Basic stats: COMPLETE Column stats: NONE
              File Output Operator
                compressed: false
                table:
                    input format: org.apache.hadoop.mapred.SequenceFileInputFormat
                    output format: org.apache.hadoop.hive.ql.io.HiveSequenceFileOutputFormat
                    serde: org.apache.hadoop.hive.serde2.lazybinary.LazyBinarySerDe

  Stage: Stage-2
    Map Reduce
      Map Operator Tree:
          TableScan
            Reduce Output Operator
              key expressions: _col0 (type: string)
              sort order: +
              Map-reduce partition columns: _col0 (type: string)
              Statistics: Num rows: 6 Data size: 661 Basic stats: COMPLETE Column stats: NONE
          TableScan
            alias: xx
            Statistics: Num rows: 1 Data size: 216 Basic stats: COMPLETE Column stats: NONE
            Reduce Output Operator
              key expressions: key (type: string)
              sort order: +
              Map-reduce partition columns: key (type: string)
              Statistics: Num rows: 1 Data size: 216 Basic stats: COMPLETE Column stats: NONE
              value expressions: key (type: string), value (type: string)
      Reduce Operator Tree:
        Join Operator
          condition map:
               Left Semi Join 0 to 1
          condition expressions:
            0 {VALUE._col0} {VALUE._col1}
            1 
          outputColumnNames: _col0, _col1
          Statistics: Num rows: 6 Data size: 727 Basic stats: COMPLETE Column stats: NONE
          Select Operator
            expressions: _col0 (type: string), _col1 (type: string)
            outputColumnNames: _col0, _col1
            Statistics: Num rows: 6 Data size: 727 Basic stats: COMPLETE Column stats: NONE
            File Output Operator
              compressed: false
              table:
                  input format: org.apache.hadoop.mapred.SequenceFileInputFormat
                  output format: org.apache.hadoop.hive.ql.io.HiveSequenceFileOutputFormat
                  serde: org.apache.hadoop.hive.serde2.lazybinary.LazyBinarySerDe

  Stage: Stage-3
    Map Reduce
      Map Operator Tree:
          TableScan
            Reduce Output Operator
              key expressions: _col0 (type: string), _col1 (type: string)
              sort order: ++
              Statistics: Num rows: 6 Data size: 727 Basic stats: COMPLETE Column stats: NONE
              value expressions: _col0 (type: string), _col1 (type: string)
      Reduce Operator Tree:
        Extract
          Statistics: Num rows: 6 Data size: 727 Basic stats: COMPLETE Column stats: NONE
          File Output Operator
            compressed: false
            Statistics: Num rows: 6 Data size: 727 Basic stats: COMPLETE Column stats: NONE
            table:
                input format: org.apache.hadoop.mapred.TextInputFormat
                output format: org.apache.hadoop.hive.ql.io.HiveIgnoreKeyTextOutputFormat
                serde: org.apache.hadoop.hive.serde2.lazy.LazySimpleSerDe

  Stage: Stage-0
    Fetch Operator
      limit: -1

PREHOOK: query: SELECT xx.key, xx.value
FROM
src1 xx
LEFT SEMI JOIN 
(SELECT x.key as key 
 FROM src x JOIN src y ON (x.key = y.key)
 WHERE x.key < 200 AND
       y.key > 20) yy
ON xx.key=yy.key ORDER BY xx.key, xx.value
PREHOOK: type: QUERY
PREHOOK: Input: default@src
PREHOOK: Input: default@src1
#### A masked pattern was here ####
POSTHOOK: query: SELECT xx.key, xx.value
FROM
src1 xx
LEFT SEMI JOIN 
(SELECT x.key as key 
 FROM src x JOIN src y ON (x.key = y.key)
 WHERE x.key < 200 AND
       y.key > 20) yy
ON xx.key=yy.key ORDER BY xx.key, xx.value
POSTHOOK: type: QUERY
POSTHOOK: Input: default@src
POSTHOOK: Input: default@src1
#### A masked pattern was here ####
128	
146	val_146
150	val_150
66	val_66
98	val_98
PREHOOK: query: EXPLAIN
SELECT xx.key, xx.value
FROM
src1 xx
LEFT SEMI JOIN 
(SELECT x.key as key 
 FROM src x JOIN src y ON (x.key = y.key)
 WHERE x.key < 200 AND
       y.key > 20) yy
ON xx.key=yy.key ORDER BY xx.key, xx.value
PREHOOK: type: QUERY
POSTHOOK: query: EXPLAIN
SELECT xx.key, xx.value
FROM
src1 xx
LEFT SEMI JOIN 
(SELECT x.key as key 
 FROM src x JOIN src y ON (x.key = y.key)
 WHERE x.key < 200 AND
       y.key > 20) yy
ON xx.key=yy.key ORDER BY xx.key, xx.value
POSTHOOK: type: QUERY
STAGE DEPENDENCIES:
  Stage-1 is a root stage
  Stage-2 depends on stages: Stage-1
  Stage-0 is a root stage

STAGE PLANS:
  Stage: Stage-1
    Map Reduce
      Map Operator Tree:
          TableScan
            alias: x
            Statistics: Num rows: 58 Data size: 5812 Basic stats: COMPLETE Column stats: NONE
            Filter Operator
              predicate: ((key < 200) and (key > 20)) (type: boolean)
              Statistics: Num rows: 6 Data size: 601 Basic stats: COMPLETE Column stats: NONE
              Reduce Output Operator
                key expressions: key (type: string)
                sort order: +
                Map-reduce partition columns: key (type: string)
                Statistics: Num rows: 6 Data size: 601 Basic stats: COMPLETE Column stats: NONE
                value expressions: key (type: string)
          TableScan
            alias: y
            Statistics: Num rows: 58 Data size: 5812 Basic stats: COMPLETE Column stats: NONE
            Filter Operator
              predicate: ((key > 20) and (key < 200)) (type: boolean)
              Statistics: Num rows: 6 Data size: 601 Basic stats: COMPLETE Column stats: NONE
              Reduce Output Operator
                key expressions: key (type: string)
                sort order: +
                Map-reduce partition columns: key (type: string)
                Statistics: Num rows: 6 Data size: 601 Basic stats: COMPLETE Column stats: NONE
          TableScan
            alias: xx
            Statistics: Num rows: 1 Data size: 216 Basic stats: COMPLETE Column stats: NONE
            Reduce Output Operator
              key expressions: key (type: string)
              sort order: +
              Map-reduce partition columns: key (type: string)
              Statistics: Num rows: 1 Data size: 216 Basic stats: COMPLETE Column stats: NONE
              value expressions: key (type: string), value (type: string)
      Reduce Operator Tree:
        Demux Operator
          Statistics: Num rows: 13 Data size: 1418 Basic stats: COMPLETE Column stats: NONE
          Mux Operator
            Statistics: Num rows: 13 Data size: 1418 Basic stats: COMPLETE Column stats: NONE
            Join Operator
              condition map:
                   Left Semi Join 0 to 1
              condition expressions:
                0 {VALUE._col0} {VALUE._col1}
                1 
              outputColumnNames: _col0, _col1
              Statistics: Num rows: 0 Data size: 0 Basic stats: NONE Column stats: NONE
              Select Operator
                expressions: _col0 (type: string), _col1 (type: string)
                outputColumnNames: _col0, _col1
                Statistics: Num rows: 0 Data size: 0 Basic stats: NONE Column stats: NONE
                File Output Operator
                  compressed: false
                  table:
                      input format: org.apache.hadoop.mapred.SequenceFileInputFormat
                      output format: org.apache.hadoop.hive.ql.io.HiveSequenceFileOutputFormat
                      serde: org.apache.hadoop.hive.serde2.lazybinary.LazyBinarySerDe
          Join Operator
            condition map:
                 Inner Join 0 to 1
            condition expressions:
              0 {VALUE._col0}
              1 
            outputColumnNames: _col0
            Statistics: Num rows: 0 Data size: 0 Basic stats: NONE Column stats: NONE
            Select Operator
              expressions: _col0 (type: string)
              outputColumnNames: _col0
              Statistics: Num rows: 0 Data size: 0 Basic stats: NONE Column stats: NONE
              Mux Operator
                Statistics: Num rows: 13 Data size: 1418 Basic stats: COMPLETE Column stats: NONE
                Join Operator
                  condition map:
                       Left Semi Join 0 to 1
                  condition expressions:
                    0 {VALUE._col0} {VALUE._col1}
                    1 
                  outputColumnNames: _col0, _col1
                  Statistics: Num rows: 0 Data size: 0 Basic stats: NONE Column stats: NONE
                  Select Operator
                    expressions: _col0 (type: string), _col1 (type: string)
                    outputColumnNames: _col0, _col1
                    Statistics: Num rows: 0 Data size: 0 Basic stats: NONE Column stats: NONE
                    File Output Operator
                      compressed: false
                      table:
                          input format: org.apache.hadoop.mapred.SequenceFileInputFormat
                          output format: org.apache.hadoop.hive.ql.io.HiveSequenceFileOutputFormat
                          serde: org.apache.hadoop.hive.serde2.lazybinary.LazyBinarySerDe

  Stage: Stage-2
    Map Reduce
      Map Operator Tree:
          TableScan
            Reduce Output Operator
              key expressions: _col0 (type: string), _col1 (type: string)
              sort order: ++
              Statistics: Num rows: 0 Data size: 0 Basic stats: NONE Column stats: NONE
              value expressions: _col0 (type: string), _col1 (type: string)
      Reduce Operator Tree:
        Extract
          Statistics: Num rows: 0 Data size: 0 Basic stats: NONE Column stats: NONE
          File Output Operator
            compressed: false
            Statistics: Num rows: 0 Data size: 0 Basic stats: NONE Column stats: NONE
            table:
                input format: org.apache.hadoop.mapred.TextInputFormat
                output format: org.apache.hadoop.hive.ql.io.HiveIgnoreKeyTextOutputFormat
                serde: org.apache.hadoop.hive.serde2.lazy.LazySimpleSerDe

  Stage: Stage-0
    Fetch Operator
      limit: -1

PREHOOK: query: SELECT xx.key, xx.value
FROM
src1 xx
LEFT SEMI JOIN 
(SELECT x.key as key 
 FROM src x JOIN src y ON (x.key = y.key)
 WHERE x.key < 200 AND
       y.key > 20) yy
ON xx.key=yy.key ORDER BY xx.key, xx.value
PREHOOK: type: QUERY
PREHOOK: Input: default@src
PREHOOK: Input: default@src1
#### A masked pattern was here ####
POSTHOOK: query: SELECT xx.key, xx.value
FROM
src1 xx
LEFT SEMI JOIN 
(SELECT x.key as key 
 FROM src x JOIN src y ON (x.key = y.key)
 WHERE x.key < 200 AND
       y.key > 20) yy
ON xx.key=yy.key ORDER BY xx.key, xx.value
POSTHOOK: type: QUERY
POSTHOOK: Input: default@src
POSTHOOK: Input: default@src1
#### A masked pattern was here ####
128	
146	val_146
150	val_150
66	val_66
98	val_98
PREHOOK: query: -- When Correlation Optimizer is turned off, 4 MR jobs are needed.
-- When Correlation Optimizer is turned on, 2 MR jobs are needed.
-- This test is used to test if we can use shared scan for 
-- xx, yy:x, and yy:y.
EXPLAIN
SELECT xx.key, xx.value
FROM
src xx
LEFT SEMI JOIN 
(SELECT x.key as key 
 FROM src x JOIN src y ON (x.key = y.key)
 WHERE x.key < 200 AND x.key > 180) yy
ON xx.key=yy.key ORDER BY xx.key, xx.value
PREHOOK: type: QUERY
POSTHOOK: query: -- When Correlation Optimizer is turned off, 4 MR jobs are needed.
-- When Correlation Optimizer is turned on, 2 MR jobs are needed.
-- This test is used to test if we can use shared scan for 
-- xx, yy:x, and yy:y.
EXPLAIN
SELECT xx.key, xx.value
FROM
src xx
LEFT SEMI JOIN 
(SELECT x.key as key 
 FROM src x JOIN src y ON (x.key = y.key)
 WHERE x.key < 200 AND x.key > 180) yy
ON xx.key=yy.key ORDER BY xx.key, xx.value
POSTHOOK: type: QUERY
STAGE DEPENDENCIES:
  Stage-1 is a root stage
  Stage-2 depends on stages: Stage-1
  Stage-3 depends on stages: Stage-2
  Stage-0 is a root stage

STAGE PLANS:
  Stage: Stage-1
    Map Reduce
      Map Operator Tree:
          TableScan
            alias: x
            Statistics: Num rows: 58 Data size: 5812 Basic stats: COMPLETE Column stats: NONE
            Filter Operator
              predicate: ((key < 200) and (key > 180)) (type: boolean)
              Statistics: Num rows: 6 Data size: 601 Basic stats: COMPLETE Column stats: NONE
              Reduce Output Operator
                key expressions: key (type: string)
                sort order: +
                Map-reduce partition columns: key (type: string)
                Statistics: Num rows: 6 Data size: 601 Basic stats: COMPLETE Column stats: NONE
                value expressions: key (type: string)
          TableScan
            alias: y
            Statistics: Num rows: 58 Data size: 5812 Basic stats: COMPLETE Column stats: NONE
            Filter Operator
              predicate: ((key < 200) and (key > 180)) (type: boolean)
              Statistics: Num rows: 6 Data size: 601 Basic stats: COMPLETE Column stats: NONE
              Reduce Output Operator
                key expressions: key (type: string)
                sort order: +
                Map-reduce partition columns: key (type: string)
                Statistics: Num rows: 6 Data size: 601 Basic stats: COMPLETE Column stats: NONE
      Reduce Operator Tree:
        Join Operator
          condition map:
               Inner Join 0 to 1
          condition expressions:
            0 {VALUE._col0}
            1 
          outputColumnNames: _col0
          Statistics: Num rows: 6 Data size: 661 Basic stats: COMPLETE Column stats: NONE
          Select Operator
            expressions: _col0 (type: string)
            outputColumnNames: _col0
            Statistics: Num rows: 6 Data size: 661 Basic stats: COMPLETE Column stats: NONE
            Group By Operator
              keys: _col0 (type: string)
              mode: hash
              outputColumnNames: _col0
              Statistics: Num rows: 6 Data size: 661 Basic stats: COMPLETE Column stats: NONE
              File Output Operator
                compressed: false
                table:
                    input format: org.apache.hadoop.mapred.SequenceFileInputFormat
                    output format: org.apache.hadoop.hive.ql.io.HiveSequenceFileOutputFormat
                    serde: org.apache.hadoop.hive.serde2.lazybinary.LazyBinarySerDe

  Stage: Stage-2
    Map Reduce
      Map Operator Tree:
          TableScan
            Reduce Output Operator
              key expressions: _col0 (type: string)
              sort order: +
              Map-reduce partition columns: _col0 (type: string)
              Statistics: Num rows: 6 Data size: 661 Basic stats: COMPLETE Column stats: NONE
          TableScan
            alias: xx
            Statistics: Num rows: 29 Data size: 5812 Basic stats: COMPLETE Column stats: NONE
            Reduce Output Operator
              key expressions: key (type: string)
              sort order: +
              Map-reduce partition columns: key (type: string)
              Statistics: Num rows: 29 Data size: 5812 Basic stats: COMPLETE Column stats: NONE
              value expressions: key (type: string), value (type: string)
      Reduce Operator Tree:
        Join Operator
          condition map:
               Left Semi Join 0 to 1
          condition expressions:
            0 {VALUE._col0} {VALUE._col1}
            1 
          outputColumnNames: _col0, _col1
          Statistics: Num rows: 31 Data size: 6393 Basic stats: COMPLETE Column stats: NONE
          Select Operator
            expressions: _col0 (type: string), _col1 (type: string)
            outputColumnNames: _col0, _col1
            Statistics: Num rows: 31 Data size: 6393 Basic stats: COMPLETE Column stats: NONE
            File Output Operator
              compressed: false
              table:
                  input format: org.apache.hadoop.mapred.SequenceFileInputFormat
                  output format: org.apache.hadoop.hive.ql.io.HiveSequenceFileOutputFormat
                  serde: org.apache.hadoop.hive.serde2.lazybinary.LazyBinarySerDe

  Stage: Stage-3
    Map Reduce
      Map Operator Tree:
          TableScan
            Reduce Output Operator
              key expressions: _col0 (type: string), _col1 (type: string)
              sort order: ++
              Statistics: Num rows: 31 Data size: 6393 Basic stats: COMPLETE Column stats: NONE
              value expressions: _col0 (type: string), _col1 (type: string)
      Reduce Operator Tree:
        Extract
          Statistics: Num rows: 31 Data size: 6393 Basic stats: COMPLETE Column stats: NONE
          File Output Operator
            compressed: false
            Statistics: Num rows: 31 Data size: 6393 Basic stats: COMPLETE Column stats: NONE
            table:
                input format: org.apache.hadoop.mapred.TextInputFormat
                output format: org.apache.hadoop.hive.ql.io.HiveIgnoreKeyTextOutputFormat
                serde: org.apache.hadoop.hive.serde2.lazy.LazySimpleSerDe

  Stage: Stage-0
    Fetch Operator
      limit: -1

PREHOOK: query: SELECT xx.key, xx.value
FROM
src xx
LEFT SEMI JOIN 
(SELECT x.key as key 
 FROM src x JOIN src y ON (x.key = y.key)
 WHERE x.key < 200 AND x.key > 180) yy
ON xx.key=yy.key ORDER BY xx.key, xx.value
PREHOOK: type: QUERY
PREHOOK: Input: default@src
#### A masked pattern was here ####
POSTHOOK: query: SELECT xx.key, xx.value
FROM
src xx
LEFT SEMI JOIN 
(SELECT x.key as key 
 FROM src x JOIN src y ON (x.key = y.key)
 WHERE x.key < 200 AND x.key > 180) yy
ON xx.key=yy.key ORDER BY xx.key, xx.value
POSTHOOK: type: QUERY
POSTHOOK: Input: default@src
#### A masked pattern was here ####
181	val_181
183	val_183
186	val_186
187	val_187
187	val_187
187	val_187
189	val_189
190	val_190
191	val_191
191	val_191
192	val_192
193	val_193
193	val_193
193	val_193
194	val_194
195	val_195
195	val_195
196	val_196
197	val_197
197	val_197
199	val_199
199	val_199
199	val_199
PREHOOK: query: EXPLAIN
SELECT xx.key, xx.value
FROM
src xx
LEFT SEMI JOIN 
(SELECT x.key as key 
 FROM src x JOIN src y ON (x.key = y.key)
 WHERE x.key < 200 AND x.key > 180) yy
ON xx.key=yy.key ORDER BY xx.key, xx.value
PREHOOK: type: QUERY
POSTHOOK: query: EXPLAIN
SELECT xx.key, xx.value
FROM
src xx
LEFT SEMI JOIN 
(SELECT x.key as key 
 FROM src x JOIN src y ON (x.key = y.key)
 WHERE x.key < 200 AND x.key > 180) yy
ON xx.key=yy.key ORDER BY xx.key, xx.value
POSTHOOK: type: QUERY
STAGE DEPENDENCIES:
  Stage-1 is a root stage
  Stage-2 depends on stages: Stage-1
  Stage-0 is a root stage

STAGE PLANS:
  Stage: Stage-1
    Map Reduce
      Map Operator Tree:
          TableScan
            alias: x
            Statistics: Num rows: 58 Data size: 5812 Basic stats: COMPLETE Column stats: NONE
            Filter Operator
              predicate: ((key < 200) and (key > 180)) (type: boolean)
              Statistics: Num rows: 6 Data size: 601 Basic stats: COMPLETE Column stats: NONE
              Reduce Output Operator
                key expressions: key (type: string)
                sort order: +
                Map-reduce partition columns: key (type: string)
                Statistics: Num rows: 6 Data size: 601 Basic stats: COMPLETE Column stats: NONE
                value expressions: key (type: string)
          TableScan
            alias: y
            Statistics: Num rows: 58 Data size: 5812 Basic stats: COMPLETE Column stats: NONE
            Filter Operator
              predicate: ((key < 200) and (key > 180)) (type: boolean)
              Statistics: Num rows: 6 Data size: 601 Basic stats: COMPLETE Column stats: NONE
              Reduce Output Operator
                key expressions: key (type: string)
                sort order: +
                Map-reduce partition columns: key (type: string)
                Statistics: Num rows: 6 Data size: 601 Basic stats: COMPLETE Column stats: NONE
          TableScan
            alias: xx
            Statistics: Num rows: 29 Data size: 5812 Basic stats: COMPLETE Column stats: NONE
            Reduce Output Operator
              key expressions: key (type: string)
              sort order: +
              Map-reduce partition columns: key (type: string)
              Statistics: Num rows: 29 Data size: 5812 Basic stats: COMPLETE Column stats: NONE
              value expressions: key (type: string), value (type: string)
      Reduce Operator Tree:
        Demux Operator
          Statistics: Num rows: 41 Data size: 7014 Basic stats: COMPLETE Column stats: NONE
          Mux Operator
            Statistics: Num rows: 41 Data size: 7014 Basic stats: COMPLETE Column stats: NONE
            Join Operator
              condition map:
                   Left Semi Join 0 to 1
              condition expressions:
                0 {VALUE._col0} {VALUE._col1}
                1 
              outputColumnNames: _col0, _col1
              Statistics: Num rows: 0 Data size: 0 Basic stats: NONE Column stats: NONE
              Select Operator
                expressions: _col0 (type: string), _col1 (type: string)
                outputColumnNames: _col0, _col1
                Statistics: Num rows: 0 Data size: 0 Basic stats: NONE Column stats: NONE
                File Output Operator
                  compressed: false
                  table:
                      input format: org.apache.hadoop.mapred.SequenceFileInputFormat
                      output format: org.apache.hadoop.hive.ql.io.HiveSequenceFileOutputFormat
                      serde: org.apache.hadoop.hive.serde2.lazybinary.LazyBinarySerDe
          Join Operator
            condition map:
                 Inner Join 0 to 1
            condition expressions:
              0 {VALUE._col0}
              1 
            outputColumnNames: _col0
            Statistics: Num rows: 0 Data size: 0 Basic stats: NONE Column stats: NONE
            Select Operator
              expressions: _col0 (type: string)
              outputColumnNames: _col0
              Statistics: Num rows: 0 Data size: 0 Basic stats: NONE Column stats: NONE
              Mux Operator
                Statistics: Num rows: 41 Data size: 7014 Basic stats: COMPLETE Column stats: NONE
                Join Operator
                  condition map:
                       Left Semi Join 0 to 1
                  condition expressions:
                    0 {VALUE._col0} {VALUE._col1}
                    1 
                  outputColumnNames: _col0, _col1
                  Statistics: Num rows: 0 Data size: 0 Basic stats: NONE Column stats: NONE
                  Select Operator
                    expressions: _col0 (type: string), _col1 (type: string)
                    outputColumnNames: _col0, _col1
                    Statistics: Num rows: 0 Data size: 0 Basic stats: NONE Column stats: NONE
                    File Output Operator
                      compressed: false
                      table:
                          input format: org.apache.hadoop.mapred.SequenceFileInputFormat
                          output format: org.apache.hadoop.hive.ql.io.HiveSequenceFileOutputFormat
                          serde: org.apache.hadoop.hive.serde2.lazybinary.LazyBinarySerDe

  Stage: Stage-2
    Map Reduce
      Map Operator Tree:
          TableScan
            Reduce Output Operator
              key expressions: _col0 (type: string), _col1 (type: string)
              sort order: ++
              Statistics: Num rows: 0 Data size: 0 Basic stats: NONE Column stats: NONE
              value expressions: _col0 (type: string), _col1 (type: string)
      Reduce Operator Tree:
        Extract
          Statistics: Num rows: 0 Data size: 0 Basic stats: NONE Column stats: NONE
          File Output Operator
            compressed: false
            Statistics: Num rows: 0 Data size: 0 Basic stats: NONE Column stats: NONE
            table:
                input format: org.apache.hadoop.mapred.TextInputFormat
                output format: org.apache.hadoop.hive.ql.io.HiveIgnoreKeyTextOutputFormat
                serde: org.apache.hadoop.hive.serde2.lazy.LazySimpleSerDe

  Stage: Stage-0
    Fetch Operator
      limit: -1

PREHOOK: query: SELECT xx.key, xx.value
FROM
src xx
LEFT SEMI JOIN 
(SELECT x.key as key 
 FROM src x JOIN src y ON (x.key = y.key)
 WHERE x.key < 200 AND x.key > 180) yy
ON xx.key=yy.key ORDER BY xx.key, xx.value
PREHOOK: type: QUERY
PREHOOK: Input: default@src
#### A masked pattern was here ####
POSTHOOK: query: SELECT xx.key, xx.value
FROM
src xx
LEFT SEMI JOIN 
(SELECT x.key as key 
 FROM src x JOIN src y ON (x.key = y.key)
 WHERE x.key < 200 AND x.key > 180) yy
ON xx.key=yy.key ORDER BY xx.key, xx.value
POSTHOOK: type: QUERY
POSTHOOK: Input: default@src
#### A masked pattern was here ####
181	val_181
183	val_183
186	val_186
187	val_187
187	val_187
187	val_187
189	val_189
190	val_190
191	val_191
191	val_191
192	val_192
193	val_193
193	val_193
193	val_193
194	val_194
195	val_195
195	val_195
196	val_196
197	val_197
197	val_197
199	val_199
199	val_199
199	val_199
