PREHOOK: query: -- HIVE-4392, column aliases from expressionRR (GBY, etc.) are not valid name for table
-- use internal name as column name instead

-- group by
explain
create table summary as select *, sum(key), count(value) from src
PREHOOK: type: CREATETABLE_AS_SELECT
POSTHOOK: query: -- HIVE-4392, column aliases from expressionRR (GBY, etc.) are not valid name for table
-- use internal name as column name instead

-- group by
explain
create table summary as select *, sum(key), count(value) from src
POSTHOOK: type: CREATETABLE_AS_SELECT
STAGE DEPENDENCIES:
  Stage-1 is a root stage
  Stage-0 depends on stages: Stage-1
  Stage-3 depends on stages: Stage-0
  Stage-2 depends on stages: Stage-3

STAGE PLANS:
  Stage: Stage-1
    Map Reduce
      Map Operator Tree:
          TableScan
            alias: src
            Statistics: Num rows: 29 Data size: 5812 Basic stats: COMPLETE Column stats: NONE
            Select Operator
              expressions: key (type: string), value (type: string)
              outputColumnNames: key, value
              Statistics: Num rows: 29 Data size: 5812 Basic stats: COMPLETE Column stats: NONE
              Group By Operator
                aggregations: sum(key), count(value)
                mode: hash
                outputColumnNames: _col0, _col1
                Statistics: Num rows: 1 Data size: 16 Basic stats: COMPLETE Column stats: NONE
                Reduce Output Operator
                  sort order: 
                  Statistics: Num rows: 1 Data size: 16 Basic stats: COMPLETE Column stats: NONE
                  value expressions: _col0 (type: double), _col1 (type: bigint)
      Reduce Operator Tree:
        Group By Operator
          aggregations: sum(VALUE._col0), count(VALUE._col1)
          mode: mergepartial
          outputColumnNames: _col0, _col1
          Statistics: Num rows: 1 Data size: 16 Basic stats: COMPLETE Column stats: NONE
          Select Operator
            expressions: _col0 (type: double), _col1 (type: bigint), _col0 (type: double), _col1 (type: bigint)
            outputColumnNames: _col0, _col1, _col2, _col3
            Statistics: Num rows: 1 Data size: 16 Basic stats: COMPLETE Column stats: NONE
            File Output Operator
              compressed: false
              Statistics: Num rows: 1 Data size: 16 Basic stats: COMPLETE Column stats: NONE
              table:
                  input format: org.apache.hadoop.mapred.TextInputFormat
                  output format: org.apache.hadoop.hive.ql.io.HiveIgnoreKeyTextOutputFormat
                  serde: org.apache.hadoop.hive.serde2.lazy.LazySimpleSerDe
                  name: default.summary

  Stage: Stage-0
    Move Operator
      files:
          hdfs directory: true
#### A masked pattern was here ####

  Stage: Stage-3
      Create Table Operator:
        Create Table
          columns: _col0 double, _col1 bigint, _c1 double, _c2 bigint
          input format: org.apache.hadoop.mapred.TextInputFormat
          output format: org.apache.hadoop.hive.ql.io.IgnoreKeyTextOutputFormat
          name: summary

  Stage: Stage-2
    Stats-Aggr Operator

PREHOOK: query: create table summary as select *, sum(key), count(value) from src
PREHOOK: type: CREATETABLE_AS_SELECT
PREHOOK: Input: default@src
POSTHOOK: query: create table summary as select *, sum(key), count(value) from src
POSTHOOK: type: CREATETABLE_AS_SELECT
POSTHOOK: Input: default@src
POSTHOOK: Output: default@summary
PREHOOK: query: describe formatted summary
PREHOOK: type: DESCTABLE
PREHOOK: Input: default@summary
POSTHOOK: query: describe formatted summary
POSTHOOK: type: DESCTABLE
POSTHOOK: Input: default@summary
# col_name            	data_type           	comment             
	 	 
_col0               	double              	                    
_col1               	bigint              	                    
_c1                 	double              	                    
_c2                 	bigint              	                    
	 	 
# Detailed Table Information	 	 
Database:           	default             	 
#### A masked pattern was here ####
Protect Mode:       	None                	 
Retention:          	0                   	 
#### A masked pattern was here ####
Table Type:         	MANAGED_TABLE       	 
Table Parameters:	 	 
	COLUMN_STATS_ACCURATE	true                
	numFiles            	1                   
	numRows             	1                   
	rawDataSize         	25                  
	totalSize           	26                  
#### A masked pattern was here ####
	 	 
# Storage Information	 	 
SerDe Library:      	org.apache.hadoop.hive.serde2.lazy.LazySimpleSerDe	 
InputFormat:        	org.apache.hadoop.mapred.TextInputFormat	 
OutputFormat:       	org.apache.hadoop.hive.ql.io.HiveIgnoreKeyTextOutputFormat	 
Compressed:         	No                  	 
Num Buckets:        	-1                  	 
Bucket Columns:     	[]                  	 
Sort Columns:       	[]                  	 
Storage Desc Params:	 	 
	serialization.format	1                   
PREHOOK: query: select * from summary order by `_col0`, `_col1`, `_c1`, `_c2`
PREHOOK: type: QUERY
PREHOOK: Input: default@summary
#### A masked pattern was here ####
POSTHOOK: query: select * from summary order by `_col0`, `_col1`, `_c1`, `_c2`
POSTHOOK: type: QUERY
POSTHOOK: Input: default@summary
#### A masked pattern was here ####
130091.0	500	130091.0	500
PREHOOK: query: -- window functions
explain
create table x4 as select *, rank() over(partition by key order by value) as rr from src1
PREHOOK: type: CREATETABLE_AS_SELECT
POSTHOOK: query: -- window functions
explain
create table x4 as select *, rank() over(partition by key order by value) as rr from src1
POSTHOOK: type: CREATETABLE_AS_SELECT
STAGE DEPENDENCIES:
  Stage-1 is a root stage
  Stage-0 depends on stages: Stage-1
  Stage-3 depends on stages: Stage-0
  Stage-2 depends on stages: Stage-3

STAGE PLANS:
  Stage: Stage-1
    Map Reduce
      Map Operator Tree:
          TableScan
            alias: src1
            Statistics: Num rows: 1 Data size: 216 Basic stats: COMPLETE Column stats: NONE
            Reduce Output Operator
              key expressions: key (type: string), value (type: string)
              sort order: ++
              Map-reduce partition columns: key (type: string)
              Statistics: Num rows: 1 Data size: 216 Basic stats: COMPLETE Column stats: NONE
              value expressions: key (type: string), value (type: string)
      Reduce Operator Tree:
        Extract
          Statistics: Num rows: 1 Data size: 216 Basic stats: COMPLETE Column stats: NONE
          PTF Operator
            Statistics: Num rows: 1 Data size: 216 Basic stats: COMPLETE Column stats: NONE
            Select Operator
              expressions: _col0 (type: string), _col1 (type: string), _wcol0 (type: int)
              outputColumnNames: _col0, _col1, _col2
              Statistics: Num rows: 1 Data size: 216 Basic stats: COMPLETE Column stats: NONE
              File Output Operator
                compressed: false
                Statistics: Num rows: 1 Data size: 216 Basic stats: COMPLETE Column stats: NONE
                table:
                    input format: org.apache.hadoop.mapred.TextInputFormat
                    output format: org.apache.hadoop.hive.ql.io.HiveIgnoreKeyTextOutputFormat
                    serde: org.apache.hadoop.hive.serde2.lazy.LazySimpleSerDe
                    name: default.x4

  Stage: Stage-0
    Move Operator
      files:
          hdfs directory: true
#### A masked pattern was here ####

  Stage: Stage-3
      Create Table Operator:
        Create Table
          columns: key string, value string, rr int
          input format: org.apache.hadoop.mapred.TextInputFormat
          output format: org.apache.hadoop.hive.ql.io.IgnoreKeyTextOutputFormat
          name: x4

  Stage: Stage-2
    Stats-Aggr Operator

PREHOOK: query: create table x4 as select *, rank() over(partition by key order by value) as rr from src1
PREHOOK: type: CREATETABLE_AS_SELECT
PREHOOK: Input: default@src1
POSTHOOK: query: create table x4 as select *, rank() over(partition by key order by value) as rr from src1
POSTHOOK: type: CREATETABLE_AS_SELECT
POSTHOOK: Input: default@src1
POSTHOOK: Output: default@x4
PREHOOK: query: describe formatted x4
PREHOOK: type: DESCTABLE
PREHOOK: Input: default@x4
POSTHOOK: query: describe formatted x4
POSTHOOK: type: DESCTABLE
POSTHOOK: Input: default@x4
# col_name            	data_type           	comment             
	 	 
key                 	string              	                    
value               	string              	                    
rr                  	int                 	                    
	 	 
# Detailed Table Information	 	 
Database:           	default             	 
#### A masked pattern was here ####
Protect Mode:       	None                	 
Retention:          	0                   	 
#### A masked pattern was here ####
Table Type:         	MANAGED_TABLE       	 
Table Parameters:	 	 
	COLUMN_STATS_ACCURATE	true                
	numFiles            	1                   
	numRows             	25                  
	rawDataSize         	242                 
	totalSize           	267                 
#### A masked pattern was here ####
	 	 
# Storage Information	 	 
SerDe Library:      	org.apache.hadoop.hive.serde2.lazy.LazySimpleSerDe	 
InputFormat:        	org.apache.hadoop.mapred.TextInputFormat	 
OutputFormat:       	org.apache.hadoop.hive.ql.io.HiveIgnoreKeyTextOutputFormat	 
Compressed:         	No                  	 
Num Buckets:        	-1                  	 
Bucket Columns:     	[]                  	 
Sort Columns:       	[]                  	 
Storage Desc Params:	 	 
	serialization.format	1                   
PREHOOK: query: select * from x4 order by key, value, rr
PREHOOK: type: QUERY
PREHOOK: Input: default@x4
#### A masked pattern was here ####
POSTHOOK: query: select * from x4 order by key, value, rr
POSTHOOK: type: QUERY
POSTHOOK: Input: default@x4
#### A masked pattern was here ####
		1
		1
		1
		1
	val_165	5
	val_193	6
	val_265	7
	val_27	8
	val_409	9
	val_484	10
128		1
146	val_146	1
150	val_150	1
213	val_213	1
224		1
238	val_238	1
255	val_255	1
273	val_273	1
278	val_278	1
311	val_311	1
369		1
401	val_401	1
406	val_406	1
66	val_66	1
98	val_98	1
PREHOOK: query: explain
create table x5 as select *, lead(key,1) over(partition by key order by value) as lead1 from src limit 20
PREHOOK: type: CREATETABLE_AS_SELECT
POSTHOOK: query: explain
create table x5 as select *, lead(key,1) over(partition by key order by value) as lead1 from src limit 20
POSTHOOK: type: CREATETABLE_AS_SELECT
STAGE DEPENDENCIES:
  Stage-1 is a root stage
  Stage-2 depends on stages: Stage-1
  Stage-0 depends on stages: Stage-2
  Stage-4 depends on stages: Stage-0
  Stage-3 depends on stages: Stage-4

STAGE PLANS:
  Stage: Stage-1
    Map Reduce
      Map Operator Tree:
          TableScan
            alias: src
            Statistics: Num rows: 29 Data size: 5812 Basic stats: COMPLETE Column stats: NONE
            Reduce Output Operator
              key expressions: key (type: string), value (type: string)
              sort order: ++
              Map-reduce partition columns: key (type: string)
              Statistics: Num rows: 29 Data size: 5812 Basic stats: COMPLETE Column stats: NONE
              value expressions: key (type: string), value (type: string)
      Reduce Operator Tree:
        Extract
          Statistics: Num rows: 29 Data size: 5812 Basic stats: COMPLETE Column stats: NONE
          PTF Operator
            Statistics: Num rows: 29 Data size: 5812 Basic stats: COMPLETE Column stats: NONE
            Select Operator
              expressions: _col0 (type: string), _col1 (type: string), _wcol0 (type: string)
              outputColumnNames: _col0, _col1, _col2
              Statistics: Num rows: 29 Data size: 5812 Basic stats: COMPLETE Column stats: NONE
              Limit
                Number of rows: 20
                Statistics: Num rows: 20 Data size: 4000 Basic stats: COMPLETE Column stats: NONE
                File Output Operator
                  compressed: false
                  table:
                      input format: org.apache.hadoop.mapred.SequenceFileInputFormat
                      output format: org.apache.hadoop.hive.ql.io.HiveSequenceFileOutputFormat
                      serde: org.apache.hadoop.hive.serde2.lazybinary.LazyBinarySerDe

  Stage: Stage-2
    Map Reduce
      Map Operator Tree:
          TableScan
            Reduce Output Operator
              sort order: 
              Statistics: Num rows: 20 Data size: 4000 Basic stats: COMPLETE Column stats: NONE
              value expressions: _col0 (type: string), _col1 (type: string), _col2 (type: string)
      Reduce Operator Tree:
        Extract
          Statistics: Num rows: 20 Data size: 4000 Basic stats: COMPLETE Column stats: NONE
          Limit
            Number of rows: 20
            Statistics: Num rows: 20 Data size: 4000 Basic stats: COMPLETE Column stats: NONE
            File Output Operator
              compressed: false
              Statistics: Num rows: 20 Data size: 4000 Basic stats: COMPLETE Column stats: NONE
              table:
                  input format: org.apache.hadoop.mapred.TextInputFormat
                  output format: org.apache.hadoop.hive.ql.io.HiveIgnoreKeyTextOutputFormat
                  serde: org.apache.hadoop.hive.serde2.lazy.LazySimpleSerDe
                  name: default.x5

  Stage: Stage-0
    Move Operator
      files:
          hdfs directory: true
#### A masked pattern was here ####

  Stage: Stage-4
      Create Table Operator:
        Create Table
          columns: key string, value string, lead1 string
          input format: org.apache.hadoop.mapred.TextInputFormat
          output format: org.apache.hadoop.hive.ql.io.IgnoreKeyTextOutputFormat
          name: x5

  Stage: Stage-3
    Stats-Aggr Operator

PREHOOK: query: create table x5 as select *, lead(key,1) over(partition by key order by value) as lead1 from src limit 20
PREHOOK: type: CREATETABLE_AS_SELECT
PREHOOK: Input: default@src
POSTHOOK: query: create table x5 as select *, lead(key,1) over(partition by key order by value) as lead1 from src limit 20
POSTHOOK: type: CREATETABLE_AS_SELECT
POSTHOOK: Input: default@src
POSTHOOK: Output: default@x5
PREHOOK: query: describe formatted x5
PREHOOK: type: DESCTABLE
PREHOOK: Input: default@x5
POSTHOOK: query: describe formatted x5
POSTHOOK: type: DESCTABLE
POSTHOOK: Input: default@x5
# col_name            	data_type           	comment             
	 	 
key                 	string              	                    
value               	string              	                    
lead1               	string              	                    
	 	 
# Detailed Table Information	 	 
Database:           	default             	 
#### A masked pattern was here ####
Protect Mode:       	None                	 
Retention:          	0                   	 
#### A masked pattern was here ####
Table Type:         	MANAGED_TABLE       	 
Table Parameters:	 	 
	COLUMN_STATS_ACCURATE	true                
	numFiles            	1                   
	numRows             	20                  
	rawDataSize         	268                 
	totalSize           	288                 
#### A masked pattern was here ####
	 	 
# Storage Information	 	 
SerDe Library:      	org.apache.hadoop.hive.serde2.lazy.LazySimpleSerDe	 
InputFormat:        	org.apache.hadoop.mapred.TextInputFormat	 
OutputFormat:       	org.apache.hadoop.hive.ql.io.HiveIgnoreKeyTextOutputFormat	 
Compressed:         	No                  	 
Num Buckets:        	-1                  	 
Bucket Columns:     	[]                  	 
Sort Columns:       	[]                  	 
Storage Desc Params:	 	 
	serialization.format	1                   
PREHOOK: query: select * from x5 order by key, value, lead1
PREHOOK: type: QUERY
PREHOOK: Input: default@x5
#### A masked pattern was here ####
POSTHOOK: query: select * from x5 order by key, value, lead1
POSTHOOK: type: QUERY
POSTHOOK: Input: default@x5
#### A masked pattern was here ####
0	val_0	NULL
0	val_0	0
0	val_0	0
10	val_10	NULL
100	val_100	NULL
100	val_100	100
103	val_103	NULL
103	val_103	103
104	val_104	NULL
104	val_104	104
105	val_105	NULL
11	val_11	NULL
111	val_111	NULL
113	val_113	NULL
113	val_113	113
114	val_114	NULL
116	val_116	NULL
118	val_118	NULL
118	val_118	118
119	val_119	119
PREHOOK: query: -- sub queries
explain
create table x6 as select * from (select *, max(key) from src1) a
PREHOOK: type: CREATETABLE_AS_SELECT
POSTHOOK: query: -- sub queries
explain
create table x6 as select * from (select *, max(key) from src1) a
POSTHOOK: type: CREATETABLE_AS_SELECT
STAGE DEPENDENCIES:
  Stage-1 is a root stage
  Stage-0 depends on stages: Stage-1
  Stage-3 depends on stages: Stage-0
  Stage-2 depends on stages: Stage-3

STAGE PLANS:
  Stage: Stage-1
    Map Reduce
      Map Operator Tree:
          TableScan
            alias: src1
            Statistics: Num rows: 2 Data size: 216 Basic stats: COMPLETE Column stats: NONE
            Select Operator
              expressions: key (type: string)
              outputColumnNames: key
              Statistics: Num rows: 2 Data size: 216 Basic stats: COMPLETE Column stats: NONE
              Group By Operator
                aggregations: max(key)
                mode: hash
                outputColumnNames: _col0
                Statistics: Num rows: 1 Data size: 84 Basic stats: COMPLETE Column stats: NONE
                Reduce Output Operator
                  sort order: 
                  Statistics: Num rows: 1 Data size: 84 Basic stats: COMPLETE Column stats: NONE
                  value expressions: _col0 (type: string)
      Reduce Operator Tree:
        Group By Operator
          aggregations: max(VALUE._col0)
          mode: mergepartial
          outputColumnNames: _col0
          Statistics: Num rows: 1 Data size: 84 Basic stats: COMPLETE Column stats: NONE
          Select Operator
            expressions: _col0 (type: string), _col0 (type: string)
            outputColumnNames: _col0, _col1
            Statistics: Num rows: 1 Data size: 84 Basic stats: COMPLETE Column stats: NONE
            File Output Operator
              compressed: false
              Statistics: Num rows: 1 Data size: 84 Basic stats: COMPLETE Column stats: NONE
              table:
                  input format: org.apache.hadoop.mapred.TextInputFormat
                  output format: org.apache.hadoop.hive.ql.io.HiveIgnoreKeyTextOutputFormat
                  serde: org.apache.hadoop.hive.serde2.lazy.LazySimpleSerDe
                  name: default.x6

  Stage: Stage-0
    Move Operator
      files:
          hdfs directory: true
#### A masked pattern was here ####

  Stage: Stage-3
      Create Table Operator:
        Create Table
          columns: _col0 string, _c1 string
          input format: org.apache.hadoop.mapred.TextInputFormat
          output format: org.apache.hadoop.hive.ql.io.IgnoreKeyTextOutputFormat
          name: x6

  Stage: Stage-2
    Stats-Aggr Operator

PREHOOK: query: create table x6 as select * from (select *, max(key) from src1) a
PREHOOK: type: CREATETABLE_AS_SELECT
PREHOOK: Input: default@src1
POSTHOOK: query: create table x6 as select * from (select *, max(key) from src1) a
POSTHOOK: type: CREATETABLE_AS_SELECT
POSTHOOK: Input: default@src1
POSTHOOK: Output: default@x6
PREHOOK: query: describe formatted x6
PREHOOK: type: DESCTABLE
PREHOOK: Input: default@x6
POSTHOOK: query: describe formatted x6
POSTHOOK: type: DESCTABLE
POSTHOOK: Input: default@x6
# col_name            	data_type           	comment             
	 	 
_col0               	string              	                    
_c1                 	string              	                    
	 	 
# Detailed Table Information	 	 
Database:           	default             	 
#### A masked pattern was here ####
Protect Mode:       	None                	 
Retention:          	0                   	 
#### A masked pattern was here ####
Table Type:         	MANAGED_TABLE       	 
Table Parameters:	 	 
	COLUMN_STATS_ACCURATE	true                
	numFiles            	1                   
	numRows             	1                   
	rawDataSize         	5                   
	totalSize           	6                   
#### A masked pattern was here ####
	 	 
# Storage Information	 	 
SerDe Library:      	org.apache.hadoop.hive.serde2.lazy.LazySimpleSerDe	 
InputFormat:        	org.apache.hadoop.mapred.TextInputFormat	 
OutputFormat:       	org.apache.hadoop.hive.ql.io.HiveIgnoreKeyTextOutputFormat	 
Compressed:         	No                  	 
Num Buckets:        	-1                  	 
Bucket Columns:     	[]                  	 
Sort Columns:       	[]                  	 
Storage Desc Params:	 	 
	serialization.format	1                   
PREHOOK: query: select * from x6 order by `_col0`, `_c1`
PREHOOK: type: QUERY
PREHOOK: Input: default@x6
#### A masked pattern was here ####
POSTHOOK: query: select * from x6 order by `_col0`, `_c1`
POSTHOOK: type: QUERY
POSTHOOK: Input: default@x6
#### A masked pattern was here ####
98	98
PREHOOK: query: explain
create table x7 as select * from (select * from src group by key) a
PREHOOK: type: CREATETABLE_AS_SELECT
POSTHOOK: query: explain
create table x7 as select * from (select * from src group by key) a
POSTHOOK: type: CREATETABLE_AS_SELECT
STAGE DEPENDENCIES:
  Stage-1 is a root stage
  Stage-0 depends on stages: Stage-1
  Stage-3 depends on stages: Stage-0
  Stage-2 depends on stages: Stage-3

STAGE PLANS:
  Stage: Stage-1
    Map Reduce
      Map Operator Tree:
          TableScan
            alias: src
            Statistics: Num rows: 58 Data size: 5812 Basic stats: COMPLETE Column stats: NONE
            Select Operator
              expressions: key (type: string)
              outputColumnNames: key
              Statistics: Num rows: 58 Data size: 5812 Basic stats: COMPLETE Column stats: NONE
              Group By Operator
                keys: key (type: string)
                mode: hash
                outputColumnNames: _col0
                Statistics: Num rows: 58 Data size: 5812 Basic stats: COMPLETE Column stats: NONE
                Reduce Output Operator
                  key expressions: _col0 (type: string)
                  sort order: +
                  Map-reduce partition columns: _col0 (type: string)
                  Statistics: Num rows: 58 Data size: 5812 Basic stats: COMPLETE Column stats: NONE
      Reduce Operator Tree:
        Group By Operator
          keys: KEY._col0 (type: string)
          mode: mergepartial
          outputColumnNames: _col0
          Statistics: Num rows: 29 Data size: 2906 Basic stats: COMPLETE Column stats: NONE
          Select Operator
            expressions: _col0 (type: string)
            outputColumnNames: _col0
            Statistics: Num rows: 29 Data size: 2906 Basic stats: COMPLETE Column stats: NONE
            File Output Operator
              compressed: false
              Statistics: Num rows: 29 Data size: 2906 Basic stats: COMPLETE Column stats: NONE
              table:
                  input format: org.apache.hadoop.mapred.TextInputFormat
                  output format: org.apache.hadoop.hive.ql.io.HiveIgnoreKeyTextOutputFormat
                  serde: org.apache.hadoop.hive.serde2.lazy.LazySimpleSerDe
                  name: default.x7

  Stage: Stage-0
    Move Operator
      files:
          hdfs directory: true
#### A masked pattern was here ####

  Stage: Stage-3
      Create Table Operator:
        Create Table
          columns: _col0 string
          input format: org.apache.hadoop.mapred.TextInputFormat
          output format: org.apache.hadoop.hive.ql.io.IgnoreKeyTextOutputFormat
          name: x7

  Stage: Stage-2
    Stats-Aggr Operator

PREHOOK: query: create table x7 as select * from (select * from src group by key) a
PREHOOK: type: CREATETABLE_AS_SELECT
PREHOOK: Input: default@src
POSTHOOK: query: create table x7 as select * from (select * from src group by key) a
POSTHOOK: type: CREATETABLE_AS_SELECT
POSTHOOK: Input: default@src
POSTHOOK: Output: default@x7
PREHOOK: query: describe formatted x7
PREHOOK: type: DESCTABLE
PREHOOK: Input: default@x7
POSTHOOK: query: describe formatted x7
POSTHOOK: type: DESCTABLE
POSTHOOK: Input: default@x7
# col_name            	data_type           	comment             
	 	 
_col0               	string              	                    
	 	 
# Detailed Table Information	 	 
Database:           	default             	 
#### A masked pattern was here ####
Protect Mode:       	None                	 
Retention:          	0                   	 
#### A masked pattern was here ####
Table Type:         	MANAGED_TABLE       	 
Table Parameters:	 	 
	COLUMN_STATS_ACCURATE	true                
	numFiles            	1                   
	numRows             	309                 
	rawDataSize         	864                 
	totalSize           	1173                
#### A masked pattern was here ####
	 	 
# Storage Information	 	 
SerDe Library:      	org.apache.hadoop.hive.serde2.lazy.LazySimpleSerDe	 
InputFormat:        	org.apache.hadoop.mapred.TextInputFormat	 
OutputFormat:       	org.apache.hadoop.hive.ql.io.HiveIgnoreKeyTextOutputFormat	 
Compressed:         	No                  	 
Num Buckets:        	-1                  	 
Bucket Columns:     	[]                  	 
Sort Columns:       	[]                  	 
Storage Desc Params:	 	 
	serialization.format	1                   
PREHOOK: query: select * from x7 order by `_col0`
PREHOOK: type: QUERY
PREHOOK: Input: default@x7
#### A masked pattern was here ####
POSTHOOK: query: select * from x7 order by `_col0`
POSTHOOK: type: QUERY
POSTHOOK: Input: default@x7
#### A masked pattern was here ####
0
10
100
103
104
105
11
111
113
114
116
118
119
12
120
125
126
128
129
131
133
134
136
137
138
143
145
146
149
15
150
152
153
155
156
157
158
160
162
163
164
165
166
167
168
169
17
170
172
174
175
176
177
178
179
18
180
181
183
186
187
189
19
190
191
192
193
194
195
196
197
199
2
20
200
201
202
203
205
207
208
209
213
214
216
217
218
219
221
222
223
224
226
228
229
230
233
235
237
238
239
24
241
242
244
247
248
249
252
255
256
257
258
26
260
262
263
265
266
27
272
273
274
275
277
278
28
280
281
282
283
284
285
286
287
288
289
291
292
296
298
30
302
305
306
307
308
309
310
311
315
316
317
318
321
322
323
325
327
33
331
332
333
335
336
338
339
34
341
342
344
345
348
35
351
353
356
360
362
364
365
366
367
368
369
37
373
374
375
377
378
379
382
384
386
389
392
393
394
395
396
397
399
4
400
401
402
403
404
406
407
409
41
411
413
414
417
418
419
42
421
424
427
429
43
430
431
432
435
436
437
438
439
44
443
444
446
448
449
452
453
454
455
457
458
459
460
462
463
466
467
468
469
47
470
472
475
477
478
479
480
481
482
483
484
485
487
489
490
491
492
493
494
495
496
497
498
5
51
53
54
57
58
64
65
66
67
69
70
72
74
76
77
78
8
80
82
83
84
85
86
87
9
90
92
95
96
97
98
PREHOOK: query: explain
create table x8 as select * from (select * from src group by key having key < 9) a
PREHOOK: type: CREATETABLE_AS_SELECT
POSTHOOK: query: explain
create table x8 as select * from (select * from src group by key having key < 9) a
POSTHOOK: type: CREATETABLE_AS_SELECT
STAGE DEPENDENCIES:
  Stage-1 is a root stage
  Stage-0 depends on stages: Stage-1
  Stage-3 depends on stages: Stage-0
  Stage-2 depends on stages: Stage-3

STAGE PLANS:
  Stage: Stage-1
    Map Reduce
      Map Operator Tree:
          TableScan
            alias: src
            Statistics: Num rows: 58 Data size: 5812 Basic stats: COMPLETE Column stats: NONE
            Filter Operator
              predicate: (key < 9) (type: boolean)
              Statistics: Num rows: 19 Data size: 1903 Basic stats: COMPLETE Column stats: NONE
              Select Operator
                expressions: key (type: string)
                outputColumnNames: key
                Statistics: Num rows: 19 Data size: 1903 Basic stats: COMPLETE Column stats: NONE
                Group By Operator
                  keys: key (type: string)
                  mode: hash
                  outputColumnNames: _col0
                  Statistics: Num rows: 19 Data size: 1903 Basic stats: COMPLETE Column stats: NONE
                  Reduce Output Operator
                    key expressions: _col0 (type: string)
                    sort order: +
                    Map-reduce partition columns: _col0 (type: string)
                    Statistics: Num rows: 19 Data size: 1903 Basic stats: COMPLETE Column stats: NONE
      Reduce Operator Tree:
        Group By Operator
          keys: KEY._col0 (type: string)
          mode: mergepartial
          outputColumnNames: _col0
          Statistics: Num rows: 9 Data size: 901 Basic stats: COMPLETE Column stats: NONE
          Select Operator
            expressions: _col0 (type: string)
            outputColumnNames: _col0
            Statistics: Num rows: 9 Data size: 901 Basic stats: COMPLETE Column stats: NONE
            File Output Operator
              compressed: false
              Statistics: Num rows: 9 Data size: 901 Basic stats: COMPLETE Column stats: NONE
              table:
                  input format: org.apache.hadoop.mapred.TextInputFormat
                  output format: org.apache.hadoop.hive.ql.io.HiveIgnoreKeyTextOutputFormat
                  serde: org.apache.hadoop.hive.serde2.lazy.LazySimpleSerDe
                  name: default.x8

  Stage: Stage-0
    Move Operator
      files:
          hdfs directory: true
#### A masked pattern was here ####

  Stage: Stage-3
      Create Table Operator:
        Create Table
          columns: _col0 string
          input format: org.apache.hadoop.mapred.TextInputFormat
          output format: org.apache.hadoop.hive.ql.io.IgnoreKeyTextOutputFormat
          name: x8

  Stage: Stage-2
    Stats-Aggr Operator

PREHOOK: query: create table x8 as select * from (select * from src group by key having key < 9) a
PREHOOK: type: CREATETABLE_AS_SELECT
PREHOOK: Input: default@src
POSTHOOK: query: create table x8 as select * from (select * from src group by key having key < 9) a
POSTHOOK: type: CREATETABLE_AS_SELECT
POSTHOOK: Input: default@src
POSTHOOK: Output: default@x8
PREHOOK: query: describe formatted x8
PREHOOK: type: DESCTABLE
PREHOOK: Input: default@x8
POSTHOOK: query: describe formatted x8
POSTHOOK: type: DESCTABLE
POSTHOOK: Input: default@x8
# col_name            	data_type           	comment             
	 	 
_col0               	string              	                    
	 	 
# Detailed Table Information	 	 
Database:           	default             	 
#### A masked pattern was here ####
Protect Mode:       	None                	 
Retention:          	0                   	 
#### A masked pattern was here ####
Table Type:         	MANAGED_TABLE       	 
Table Parameters:	 	 
	COLUMN_STATS_ACCURATE	true                
	numFiles            	1                   
	numRows             	5                   
	rawDataSize         	5                   
	totalSize           	10                  
#### A masked pattern was here ####
	 	 
# Storage Information	 	 
SerDe Library:      	org.apache.hadoop.hive.serde2.lazy.LazySimpleSerDe	 
InputFormat:        	org.apache.hadoop.mapred.TextInputFormat	 
OutputFormat:       	org.apache.hadoop.hive.ql.io.HiveIgnoreKeyTextOutputFormat	 
Compressed:         	No                  	 
Num Buckets:        	-1                  	 
Bucket Columns:     	[]                  	 
Sort Columns:       	[]                  	 
Storage Desc Params:	 	 
	serialization.format	1                   
PREHOOK: query: select * from x8 order by `_col0`
PREHOOK: type: QUERY
PREHOOK: Input: default@x8
#### A masked pattern was here ####
POSTHOOK: query: select * from x8 order by `_col0`
POSTHOOK: type: QUERY
POSTHOOK: Input: default@x8
#### A masked pattern was here ####
0
2
4
5
8
PREHOOK: query: explain
create table x9 as select * from (select max(value),key from src group by key having key < 9 AND max(value) IS NOT NULL) a
PREHOOK: type: CREATETABLE_AS_SELECT
POSTHOOK: query: explain
create table x9 as select * from (select max(value),key from src group by key having key < 9 AND max(value) IS NOT NULL) a
POSTHOOK: type: CREATETABLE_AS_SELECT
STAGE DEPENDENCIES:
  Stage-1 is a root stage
  Stage-0 depends on stages: Stage-1
  Stage-3 depends on stages: Stage-0
  Stage-2 depends on stages: Stage-3

STAGE PLANS:
  Stage: Stage-1
    Map Reduce
      Map Operator Tree:
          TableScan
            alias: src
            Statistics: Num rows: 29 Data size: 5812 Basic stats: COMPLETE Column stats: NONE
            Filter Operator
              predicate: (key < 9) (type: boolean)
              Statistics: Num rows: 9 Data size: 1803 Basic stats: COMPLETE Column stats: NONE
              Select Operator
                expressions: key (type: string), value (type: string)
                outputColumnNames: key, value
                Statistics: Num rows: 9 Data size: 1803 Basic stats: COMPLETE Column stats: NONE
                Group By Operator
                  aggregations: max(value)
                  keys: key (type: string)
                  mode: hash
                  outputColumnNames: _col0, _col1
                  Statistics: Num rows: 9 Data size: 1803 Basic stats: COMPLETE Column stats: NONE
                  Reduce Output Operator
                    key expressions: _col0 (type: string)
                    sort order: +
                    Map-reduce partition columns: _col0 (type: string)
                    Statistics: Num rows: 9 Data size: 1803 Basic stats: COMPLETE Column stats: NONE
                    value expressions: _col1 (type: string)
      Reduce Operator Tree:
        Group By Operator
          aggregations: max(VALUE._col0)
          keys: KEY._col0 (type: string)
          mode: mergepartial
          outputColumnNames: _col0, _col1
          Statistics: Num rows: 4 Data size: 801 Basic stats: COMPLETE Column stats: NONE
          Filter Operator
            predicate: _col1 is not null (type: boolean)
            Statistics: Num rows: 4 Data size: 801 Basic stats: COMPLETE Column stats: NONE
            Select Operator
              expressions: _col1 (type: string), _col0 (type: string)
              outputColumnNames: _col0, _col1
              Statistics: Num rows: 4 Data size: 801 Basic stats: COMPLETE Column stats: NONE
              File Output Operator
                compressed: false
                Statistics: Num rows: 4 Data size: 801 Basic stats: COMPLETE Column stats: NONE
                table:
                    input format: org.apache.hadoop.mapred.TextInputFormat
                    output format: org.apache.hadoop.hive.ql.io.HiveIgnoreKeyTextOutputFormat
                    serde: org.apache.hadoop.hive.serde2.lazy.LazySimpleSerDe
                    name: default.x9

  Stage: Stage-0
    Move Operator
      files:
          hdfs directory: true
#### A masked pattern was here ####

  Stage: Stage-3
      Create Table Operator:
        Create Table
          columns: _c0 string, key string
          input format: org.apache.hadoop.mapred.TextInputFormat
          output format: org.apache.hadoop.hive.ql.io.IgnoreKeyTextOutputFormat
          name: x9

  Stage: Stage-2
    Stats-Aggr Operator

PREHOOK: query: create table x9 as select * from (select max(value),key from src group by key having key < 9 AND max(value) IS NOT NULL) a
PREHOOK: type: CREATETABLE_AS_SELECT
PREHOOK: Input: default@src
POSTHOOK: query: create table x9 as select * from (select max(value),key from src group by key having key < 9 AND max(value) IS NOT NULL) a
POSTHOOK: type: CREATETABLE_AS_SELECT
POSTHOOK: Input: default@src
POSTHOOK: Output: default@x9
PREHOOK: query: describe formatted x9
PREHOOK: type: DESCTABLE
PREHOOK: Input: default@x9
POSTHOOK: query: describe formatted x9
POSTHOOK: type: DESCTABLE
POSTHOOK: Input: default@x9
# col_name            	data_type           	comment             
	 	 
_c0                 	string              	                    
key                 	string              	                    
	 	 
# Detailed Table Information	 	 
Database:           	default             	 
#### A masked pattern was here ####
Protect Mode:       	None                	 
Retention:          	0                   	 
#### A masked pattern was here ####
Table Type:         	MANAGED_TABLE       	 
Table Parameters:	 	 
	COLUMN_STATS_ACCURATE	true                
	numFiles            	1                   
	numRows             	5                   
	rawDataSize         	35                  
	totalSize           	40                  
#### A masked pattern was here ####
	 	 
# Storage Information	 	 
SerDe Library:      	org.apache.hadoop.hive.serde2.lazy.LazySimpleSerDe	 
InputFormat:        	org.apache.hadoop.mapred.TextInputFormat	 
OutputFormat:       	org.apache.hadoop.hive.ql.io.HiveIgnoreKeyTextOutputFormat	 
Compressed:         	No                  	 
Num Buckets:        	-1                  	 
Bucket Columns:     	[]                  	 
Sort Columns:       	[]                  	 
Storage Desc Params:	 	 
	serialization.format	1                   
PREHOOK: query: select * from x9 order by key, `_c0`
PREHOOK: type: QUERY
PREHOOK: Input: default@x9
#### A masked pattern was here ####
POSTHOOK: query: select * from x9 order by key, `_c0`
POSTHOOK: type: QUERY
POSTHOOK: Input: default@x9
#### A masked pattern was here ####
val_0	0
val_2	2
val_4	4
val_5	5
val_8	8
