PREHOOK: query: EXPLAIN SELECT sum(s.value) AS c FROM src s GROUP BY key HAVING sum(s.value) > 3
PREHOOK: type: QUERY
POSTHOOK: query: EXPLAIN SELECT sum(s.value) AS c FROM src s GROUP BY key HAVING sum(s.value) > 3
POSTHOOK: type: QUERY
STAGE DEPENDENCIES:
  Stage-1 is a root stage
  Stage-0 is a root stage

STAGE PLANS:
  Stage: Stage-1
    Map Reduce
      Map Operator Tree:
          TableScan
            alias: s
            Statistics: Num rows: 29 Data size: 5812 Basic stats: COMPLETE Column stats: NONE
            Select Operator
              expressions: key (type: string), value (type: string)
              outputColumnNames: key, value
              Statistics: Num rows: 29 Data size: 5812 Basic stats: COMPLETE Column stats: NONE
              Group By Operator
                aggregations: sum(value)
                keys: key (type: string)
                mode: hash
                outputColumnNames: _col0, _col1
                Statistics: Num rows: 29 Data size: 5812 Basic stats: COMPLETE Column stats: NONE
                Reduce Output Operator
                  key expressions: _col0 (type: string)
                  sort order: +
                  Map-reduce partition columns: _col0 (type: string)
                  Statistics: Num rows: 29 Data size: 5812 Basic stats: COMPLETE Column stats: NONE
                  value expressions: _col1 (type: double)
      Reduce Operator Tree:
        Group By Operator
          aggregations: sum(VALUE._col0)
          keys: KEY._col0 (type: string)
          mode: mergepartial
          outputColumnNames: _col0, _col1
          Statistics: Num rows: 14 Data size: 2805 Basic stats: COMPLETE Column stats: NONE
          Filter Operator
            predicate: (_col1 > 3.0) (type: boolean)
            Statistics: Num rows: 4 Data size: 801 Basic stats: COMPLETE Column stats: NONE
            Select Operator
              expressions: _col1 (type: double)
              outputColumnNames: _col0
              Statistics: Num rows: 4 Data size: 801 Basic stats: COMPLETE Column stats: NONE
              File Output Operator
                compressed: false
                Statistics: Num rows: 4 Data size: 801 Basic stats: COMPLETE Column stats: NONE
                table:
                    input format: org.apache.hadoop.mapred.TextInputFormat
                    output format: org.apache.hadoop.hive.ql.io.HiveIgnoreKeyTextOutputFormat
                    serde: org.apache.hadoop.hive.serde2.lazy.LazySimpleSerDe

  Stage: Stage-0
    Fetch Operator
      limit: -1

PREHOOK: query: SELECT sum(s.value) AS c FROM src s GROUP BY key HAVING sum(s.value) > 3
PREHOOK: type: QUERY
PREHOOK: Input: default@src
#### A masked pattern was here ####
POSTHOOK: query: SELECT sum(s.value) AS c FROM src s GROUP BY key HAVING sum(s.value) > 3
POSTHOOK: type: QUERY
POSTHOOK: Input: default@src
#### A masked pattern was here ####
