PREHOOK: query: explain
select * from (
  select * from srcpart a where a.ds = '2008-04-08' and a.hr = '11' order by a.key limit 5
    union all
  select * from srcpart b where b.ds = '2008-04-08' and b.hr = '14' limit 5
)subq
PREHOOK: type: QUERY
POSTHOOK: query: explain
select * from (
  select * from srcpart a where a.ds = '2008-04-08' and a.hr = '11' order by a.key limit 5
    union all
  select * from srcpart b where b.ds = '2008-04-08' and b.hr = '14' limit 5
)subq
POSTHOOK: type: QUERY
STAGE DEPENDENCIES:
  Stage-1 is a root stage
  Stage-2 depends on stages: Stage-1, Stage-3
  Stage-3 is a root stage
  Stage-0 is a root stage

STAGE PLANS:
  Stage: Stage-1
    Map Reduce
      Map Operator Tree:
          TableScan
            alias: a
            Statistics: Num rows: 29 Data size: 5812 Basic stats: COMPLETE Column stats: NONE
            Select Operator
              expressions: key (type: string), value (type: string), ds (type: string), hr (type: string)
              outputColumnNames: _col0, _col1, _col2, _col3
              Statistics: Num rows: 29 Data size: 5812 Basic stats: COMPLETE Column stats: NONE
              Reduce Output Operator
                key expressions: _col0 (type: string)
                sort order: +
                Statistics: Num rows: 29 Data size: 5812 Basic stats: COMPLETE Column stats: NONE
                value expressions: _col0 (type: string), _col1 (type: string), _col2 (type: string), _col3 (type: string)
      Reduce Operator Tree:
        Extract
          Statistics: Num rows: 29 Data size: 5812 Basic stats: COMPLETE Column stats: NONE
          Limit
            Number of rows: 5
            Statistics: Num rows: 5 Data size: 1000 Basic stats: COMPLETE Column stats: NONE
            File Output Operator
              compressed: false
              table:
                  input format: org.apache.hadoop.mapred.SequenceFileInputFormat
                  output format: org.apache.hadoop.hive.ql.io.HiveSequenceFileOutputFormat
                  serde: org.apache.hadoop.hive.serde2.lazybinary.LazyBinarySerDe

  Stage: Stage-2
    Map Reduce
      Map Operator Tree:
          TableScan
            Union
              Statistics: Num rows: 5 Data size: 1000 Basic stats: COMPLETE Column stats: NONE
              Select Operator
                expressions: _col0 (type: string), _col1 (type: string), _col2 (type: string), _col3 (type: string)
                outputColumnNames: _col0, _col1, _col2, _col3
                Statistics: Num rows: 5 Data size: 1000 Basic stats: COMPLETE Column stats: NONE
                File Output Operator
                  compressed: false
                  Statistics: Num rows: 5 Data size: 1000 Basic stats: COMPLETE Column stats: NONE
                  table:
                      input format: org.apache.hadoop.mapred.TextInputFormat
                      output format: org.apache.hadoop.hive.ql.io.HiveIgnoreKeyTextOutputFormat
                      serde: org.apache.hadoop.hive.serde2.lazy.LazySimpleSerDe
          TableScan
            Union
              Statistics: Num rows: 5 Data size: 1000 Basic stats: COMPLETE Column stats: NONE
              Select Operator
                expressions: _col0 (type: string), _col1 (type: string), _col2 (type: string), _col3 (type: string)
                outputColumnNames: _col0, _col1, _col2, _col3
                Statistics: Num rows: 5 Data size: 1000 Basic stats: COMPLETE Column stats: NONE
                File Output Operator
                  compressed: false
                  Statistics: Num rows: 5 Data size: 1000 Basic stats: COMPLETE Column stats: NONE
                  table:
                      input format: org.apache.hadoop.mapred.TextInputFormat
                      output format: org.apache.hadoop.hive.ql.io.HiveIgnoreKeyTextOutputFormat
                      serde: org.apache.hadoop.hive.serde2.lazy.LazySimpleSerDe

  Stage: Stage-3
    Map Reduce
      Reduce Operator Tree:
        Extract
          Statistics: Num rows: 0 Data size: 0 Basic stats: NONE Column stats: NONE
          Limit
            Number of rows: 5
            Statistics: Num rows: 0 Data size: 0 Basic stats: NONE Column stats: NONE
            File Output Operator
              compressed: false
              table:
                  input format: org.apache.hadoop.mapred.SequenceFileInputFormat
                  output format: org.apache.hadoop.hive.ql.io.HiveSequenceFileOutputFormat
                  serde: org.apache.hadoop.hive.serde2.lazybinary.LazyBinarySerDe

  Stage: Stage-0
    Fetch Operator
      limit: -1

PREHOOK: query: select * from (
  select * from srcpart a where a.ds = '2008-04-08' and a.hr = '11' order by a.key limit 5
    union all
  select * from srcpart b where b.ds = '2008-04-08' and b.hr = '14' limit 5
)subq
PREHOOK: type: QUERY
PREHOOK: Input: default@srcpart
PREHOOK: Input: default@srcpart@ds=2008-04-08/hr=11
#### A masked pattern was here ####
POSTHOOK: query: select * from (
  select * from srcpart a where a.ds = '2008-04-08' and a.hr = '11' order by a.key limit 5
    union all
  select * from srcpart b where b.ds = '2008-04-08' and b.hr = '14' limit 5
)subq
POSTHOOK: type: QUERY
POSTHOOK: Input: default@srcpart
POSTHOOK: Input: default@srcpart@ds=2008-04-08/hr=11
#### A masked pattern was here ####
0	val_0	2008-04-08	11
0	val_0	2008-04-08	11
0	val_0	2008-04-08	11
10	val_10	2008-04-08	11
100	val_100	2008-04-08	11
