PREHOOK: query: EXPLAIN
FROM src_thrift
SELECT src_thrift.mstringstring['key_9'], src_thrift.lintstring.myint
PREHOOK: type: QUERY
POSTHOOK: query: EXPLAIN
FROM src_thrift
SELECT src_thrift.mstringstring['key_9'], src_thrift.lintstring.myint
POSTHOOK: type: QUERY
STAGE DEPENDENCIES:
  Stage-1 is a root stage
  Stage-0 is a root stage

STAGE PLANS:
  Stage: Stage-1
    Map Reduce
      Map Operator Tree:
          TableScan
            alias: src_thrift
            Statistics: Num rows: 0 Data size: 1606 Basic stats: PARTIAL Column stats: NONE
            Select Operator
              expressions: mstringstring['key_9'] (type: string), lintstring.myint (type: array<int>)
              outputColumnNames: _col0, _col1
              Statistics: Num rows: 0 Data size: 1606 Basic stats: PARTIAL Column stats: NONE
              File Output Operator
                compressed: false
                Statistics: Num rows: 0 Data size: 1606 Basic stats: PARTIAL Column stats: NONE
                table:
                    input format: org.apache.hadoop.mapred.TextInputFormat
                    output format: org.apache.hadoop.hive.ql.io.HiveIgnoreKeyTextOutputFormat
                    serde: org.apache.hadoop.hive.serde2.lazy.LazySimpleSerDe

  Stage: Stage-0
    Fetch Operator
      limit: -1

PREHOOK: query: FROM src_thrift
SELECT src_thrift.mstringstring['key_9'], src_thrift.lintstring.myint
PREHOOK: type: QUERY
PREHOOK: Input: default@src_thrift
#### A masked pattern was here ####
POSTHOOK: query: FROM src_thrift
SELECT src_thrift.mstringstring['key_9'], src_thrift.lintstring.myint
POSTHOOK: type: QUERY
POSTHOOK: Input: default@src_thrift
#### A masked pattern was here ####
NULL	[0]
NULL	[1]
NULL	[4]
NULL	[9]
NULL	[16]
NULL	[25]
NULL	[36]
NULL	[49]
NULL	[64]
value_9	[81]
NULL	NULL
