PREHOOK: query: create table hive_foo (foo_id int, foo_name string, foo_a string, foo_b string, 
foo_c string, foo_d string) row format delimited fields terminated by ','
stored as textfile
PREHOOK: type: CREATETABLE
PREHOOK: Output: database:default
POSTHOOK: query: create table hive_foo (foo_id int, foo_name string, foo_a string, foo_b string, 
foo_c string, foo_d string) row format delimited fields terminated by ','
stored as textfile
POSTHOOK: type: CREATETABLE
POSTHOOK: Output: database:default
POSTHOOK: Output: default@hive_foo
PREHOOK: query: create table hive_bar (bar_id int, bar_0 int, foo_id int, bar_1 int, bar_name
string, bar_a string, bar_b string, bar_c string, bar_d string) row format 
delimited fields terminated by ',' stored as textfile
PREHOOK: type: CREATETABLE
PREHOOK: Output: database:default
POSTHOOK: query: create table hive_bar (bar_id int, bar_0 int, foo_id int, bar_1 int, bar_name
string, bar_a string, bar_b string, bar_c string, bar_d string) row format 
delimited fields terminated by ',' stored as textfile
POSTHOOK: type: CREATETABLE
POSTHOOK: Output: database:default
POSTHOOK: Output: default@hive_bar
PREHOOK: query: create table hive_count (bar_id int, n int) row format delimited fields 
terminated by ',' stored as textfile
PREHOOK: type: CREATETABLE
PREHOOK: Output: database:default
POSTHOOK: query: create table hive_count (bar_id int, n int) row format delimited fields 
terminated by ',' stored as textfile
POSTHOOK: type: CREATETABLE
POSTHOOK: Output: database:default
POSTHOOK: Output: default@hive_count
PREHOOK: query: load data local inpath '../../data/files/hive_626_foo.txt' overwrite into table hive_foo
PREHOOK: type: LOAD
#### A masked pattern was here ####
PREHOOK: Output: default@hive_foo
POSTHOOK: query: load data local inpath '../../data/files/hive_626_foo.txt' overwrite into table hive_foo
POSTHOOK: type: LOAD
#### A masked pattern was here ####
POSTHOOK: Output: default@hive_foo
PREHOOK: query: load data local inpath '../../data/files/hive_626_bar.txt' overwrite into table hive_bar
PREHOOK: type: LOAD
#### A masked pattern was here ####
PREHOOK: Output: default@hive_bar
POSTHOOK: query: load data local inpath '../../data/files/hive_626_bar.txt' overwrite into table hive_bar
POSTHOOK: type: LOAD
#### A masked pattern was here ####
POSTHOOK: Output: default@hive_bar
PREHOOK: query: load data local inpath '../../data/files/hive_626_count.txt' overwrite into table hive_count
PREHOOK: type: LOAD
#### A masked pattern was here ####
PREHOOK: Output: default@hive_count
POSTHOOK: query: load data local inpath '../../data/files/hive_626_count.txt' overwrite into table hive_count
POSTHOOK: type: LOAD
#### A masked pattern was here ####
POSTHOOK: Output: default@hive_count
PREHOOK: query: explain
select hive_foo.foo_name, hive_bar.bar_name, n from hive_foo join hive_bar on hive_foo.foo_id =
hive_bar.foo_id join hive_count on hive_count.bar_id = hive_bar.bar_id
PREHOOK: type: QUERY
POSTHOOK: query: explain
select hive_foo.foo_name, hive_bar.bar_name, n from hive_foo join hive_bar on hive_foo.foo_id =
hive_bar.foo_id join hive_count on hive_count.bar_id = hive_bar.bar_id
POSTHOOK: type: QUERY
STAGE DEPENDENCIES:
  Stage-1 is a root stage
  Stage-2 depends on stages: Stage-1
  Stage-0 is a root stage

STAGE PLANS:
  Stage: Stage-1
    Map Reduce
      Map Operator Tree:
          TableScan
            alias: hive_foo
            Statistics: Num rows: 0 Data size: 15 Basic stats: PARTIAL Column stats: NONE
            Reduce Output Operator
              key expressions: foo_id (type: int)
              sort order: +
              Map-reduce partition columns: foo_id (type: int)
              Statistics: Num rows: 0 Data size: 15 Basic stats: PARTIAL Column stats: NONE
              value expressions: foo_name (type: string)
          TableScan
            alias: hive_bar
            Statistics: Num rows: 0 Data size: 23 Basic stats: PARTIAL Column stats: NONE
            Reduce Output Operator
              key expressions: foo_id (type: int)
              sort order: +
              Map-reduce partition columns: foo_id (type: int)
              Statistics: Num rows: 0 Data size: 23 Basic stats: PARTIAL Column stats: NONE
              value expressions: bar_id (type: int), bar_name (type: string)
      Reduce Operator Tree:
        Join Operator
          condition map:
               Inner Join 0 to 1
          condition expressions:
            0 {VALUE._col1}
            1 {VALUE._col0} {VALUE._col4}
          outputColumnNames: _col1, _col8, _col12
          Statistics: Num rows: 0 Data size: 16 Basic stats: PARTIAL Column stats: NONE
          File Output Operator
            compressed: false
            table:
                input format: org.apache.hadoop.mapred.SequenceFileInputFormat
                output format: org.apache.hadoop.hive.ql.io.HiveSequenceFileOutputFormat
                serde: org.apache.hadoop.hive.serde2.lazybinary.LazyBinarySerDe

  Stage: Stage-2
    Map Reduce
      Map Operator Tree:
          TableScan
            Reduce Output Operator
              key expressions: _col8 (type: int)
              sort order: +
              Map-reduce partition columns: _col8 (type: int)
              Statistics: Num rows: 0 Data size: 16 Basic stats: PARTIAL Column stats: NONE
              value expressions: _col1 (type: string), _col12 (type: string)
          TableScan
            alias: hive_count
            Statistics: Num rows: 0 Data size: 5 Basic stats: PARTIAL Column stats: NONE
            Reduce Output Operator
              key expressions: bar_id (type: int)
              sort order: +
              Map-reduce partition columns: bar_id (type: int)
              Statistics: Num rows: 0 Data size: 5 Basic stats: PARTIAL Column stats: NONE
              value expressions: n (type: int)
      Reduce Operator Tree:
        Join Operator
          condition map:
               Inner Join 0 to 1
          condition expressions:
            0 {VALUE._col1} {VALUE._col12}
            1 {VALUE._col1}
          outputColumnNames: _col1, _col12, _col20
          Statistics: Num rows: 0 Data size: 17 Basic stats: PARTIAL Column stats: NONE
          Select Operator
            expressions: _col1 (type: string), _col12 (type: string), _col20 (type: int)
            outputColumnNames: _col0, _col1, _col2
            Statistics: Num rows: 0 Data size: 17 Basic stats: PARTIAL Column stats: NONE
            File Output Operator
              compressed: false
              Statistics: Num rows: 0 Data size: 17 Basic stats: PARTIAL Column stats: NONE
              table:
                  input format: org.apache.hadoop.mapred.TextInputFormat
                  output format: org.apache.hadoop.hive.ql.io.HiveIgnoreKeyTextOutputFormat
                  serde: org.apache.hadoop.hive.serde2.lazy.LazySimpleSerDe

  Stage: Stage-0
    Fetch Operator
      limit: -1

PREHOOK: query: select hive_foo.foo_name, hive_bar.bar_name, n from hive_foo join hive_bar on hive_foo.foo_id =
hive_bar.foo_id join hive_count on hive_count.bar_id = hive_bar.bar_id
PREHOOK: type: QUERY
PREHOOK: Input: default@hive_bar
PREHOOK: Input: default@hive_count
PREHOOK: Input: default@hive_foo
#### A masked pattern was here ####
POSTHOOK: query: select hive_foo.foo_name, hive_bar.bar_name, n from hive_foo join hive_bar on hive_foo.foo_id =
hive_bar.foo_id join hive_count on hive_count.bar_id = hive_bar.bar_id
POSTHOOK: type: QUERY
POSTHOOK: Input: default@hive_bar
POSTHOOK: Input: default@hive_count
POSTHOOK: Input: default@hive_foo
#### A masked pattern was here ####
foo1	bar10	2
