PREHOOK: query: CREATE TABLE part( 
    p_partkey INT,
    p_name STRING,
    p_mfgr STRING,
    p_brand STRING,
    p_type STRING,
    p_size INT,
    p_container STRING,
    p_retailprice DOUBLE,
    p_comment STRING
)
PREHOOK: type: CREATETABLE
PREHOOK: Output: database:default
POSTHOOK: query: CREATE TABLE part( 
    p_partkey INT,
    p_name STRING,
    p_mfgr STRING,
    p_brand STRING,
    p_type STRING,
    p_size INT,
    p_container STRING,
    p_retailprice DOUBLE,
    p_comment STRING
)
POSTHOOK: type: CREATETABLE
POSTHOOK: Output: database:default
POSTHOOK: Output: default@part
PREHOOK: query: explain select p1.p_size, p2.p_size 
from part p1 left outer join part p2 on p1.p_partkey = p2.p_partkey 
  right outer join part p3 on p2.p_partkey = p3.p_partkey and 
              p1.p_size > 10
PREHOOK: type: QUERY
POSTHOOK: query: explain select p1.p_size, p2.p_size 
from part p1 left outer join part p2 on p1.p_partkey = p2.p_partkey 
  right outer join part p3 on p2.p_partkey = p3.p_partkey and 
              p1.p_size > 10
POSTHOOK: type: QUERY
STAGE DEPENDENCIES:
  Stage-1 is a root stage
  Stage-0 is a root stage

STAGE PLANS:
  Stage: Stage-1
    Map Reduce
      Map Operator Tree:
          TableScan
            alias: p3
            Statistics: Num rows: 0 Data size: 0 Basic stats: NONE Column stats: NONE
            Reduce Output Operator
              key expressions: p_partkey (type: int)
              sort order: +
              Map-reduce partition columns: p_partkey (type: int)
              Statistics: Num rows: 0 Data size: 0 Basic stats: NONE Column stats: NONE
          TableScan
            alias: p2
            Statistics: Num rows: 0 Data size: 0 Basic stats: NONE Column stats: NONE
            Reduce Output Operator
              key expressions: p_partkey (type: int)
              sort order: +
              Map-reduce partition columns: p_partkey (type: int)
              Statistics: Num rows: 0 Data size: 0 Basic stats: NONE Column stats: NONE
              value expressions: p_size (type: int)
          TableScan
            alias: p1
            Statistics: Num rows: 0 Data size: 0 Basic stats: NONE Column stats: NONE
            Filter Operator
              predicate: (p_size > 10) (type: boolean)
              Statistics: Num rows: 0 Data size: 0 Basic stats: NONE Column stats: NONE
              Reduce Output Operator
                key expressions: p_partkey (type: int)
                sort order: +
                Map-reduce partition columns: p_partkey (type: int)
                Statistics: Num rows: 0 Data size: 0 Basic stats: NONE Column stats: NONE
                value expressions: p_size (type: int)
      Reduce Operator Tree:
        Join Operator
          condition map:
               Left Outer Join0 to 1
               Right Outer Join1 to 2
          condition expressions:
            0 {VALUE._col5}
            1 {VALUE._col5}
            2 
          outputColumnNames: _col5, _col16
          Statistics: Num rows: 0 Data size: 0 Basic stats: NONE Column stats: NONE
          Select Operator
            expressions: _col5 (type: int), _col16 (type: int)
            outputColumnNames: _col0, _col1
            Statistics: Num rows: 0 Data size: 0 Basic stats: NONE Column stats: NONE
            File Output Operator
              compressed: false
              Statistics: Num rows: 0 Data size: 0 Basic stats: NONE Column stats: NONE
              table:
                  input format: org.apache.hadoop.mapred.TextInputFormat
                  output format: org.apache.hadoop.hive.ql.io.HiveIgnoreKeyTextOutputFormat
                  serde: org.apache.hadoop.hive.serde2.lazy.LazySimpleSerDe

  Stage: Stage-0
    Fetch Operator
      limit: -1

PREHOOK: query: explain select p1.p_size, p2.p_size 
from part p1 left outer join part p2 on p1.p_partkey = p2.p_partkey 
  right outer join part p3 on p2.p_partkey = p3.p_partkey and 
              p1.p_size > 10 and p1.p_size > p2.p_size + 10
PREHOOK: type: QUERY
POSTHOOK: query: explain select p1.p_size, p2.p_size 
from part p1 left outer join part p2 on p1.p_partkey = p2.p_partkey 
  right outer join part p3 on p2.p_partkey = p3.p_partkey and 
              p1.p_size > 10 and p1.p_size > p2.p_size + 10
POSTHOOK: type: QUERY
STAGE DEPENDENCIES:
  Stage-1 is a root stage
  Stage-0 is a root stage

STAGE PLANS:
  Stage: Stage-1
    Map Reduce
      Map Operator Tree:
          TableScan
            alias: p3
            Statistics: Num rows: 0 Data size: 0 Basic stats: NONE Column stats: NONE
            Reduce Output Operator
              key expressions: p_partkey (type: int)
              sort order: +
              Map-reduce partition columns: p_partkey (type: int)
              Statistics: Num rows: 0 Data size: 0 Basic stats: NONE Column stats: NONE
          TableScan
            alias: p2
            Statistics: Num rows: 0 Data size: 0 Basic stats: NONE Column stats: NONE
            Reduce Output Operator
              key expressions: p_partkey (type: int)
              sort order: +
              Map-reduce partition columns: p_partkey (type: int)
              Statistics: Num rows: 0 Data size: 0 Basic stats: NONE Column stats: NONE
              value expressions: p_size (type: int)
          TableScan
            alias: p1
            Statistics: Num rows: 0 Data size: 0 Basic stats: NONE Column stats: NONE
            Filter Operator
              predicate: (p_size > 10) (type: boolean)
              Statistics: Num rows: 0 Data size: 0 Basic stats: NONE Column stats: NONE
              Reduce Output Operator
                key expressions: p_partkey (type: int)
                sort order: +
                Map-reduce partition columns: p_partkey (type: int)
                Statistics: Num rows: 0 Data size: 0 Basic stats: NONE Column stats: NONE
                value expressions: p_size (type: int)
      Reduce Operator Tree:
        Join Operator
          condition map:
               Left Outer Join0 to 1
               Right Outer Join1 to 2
          condition expressions:
            0 {VALUE._col5}
            1 {VALUE._col5}
            2 
          outputColumnNames: _col5, _col16
          Statistics: Num rows: 0 Data size: 0 Basic stats: NONE Column stats: NONE
          Filter Operator
            predicate: (_col5 > (_col16 + 10)) (type: boolean)
            Statistics: Num rows: 0 Data size: 0 Basic stats: NONE Column stats: NONE
            Select Operator
              expressions: _col5 (type: int), _col16 (type: int)
              outputColumnNames: _col0, _col1
              Statistics: Num rows: 0 Data size: 0 Basic stats: NONE Column stats: NONE
              File Output Operator
                compressed: false
                Statistics: Num rows: 0 Data size: 0 Basic stats: NONE Column stats: NONE
                table:
                    input format: org.apache.hadoop.mapred.TextInputFormat
                    output format: org.apache.hadoop.hive.ql.io.HiveIgnoreKeyTextOutputFormat
                    serde: org.apache.hadoop.hive.serde2.lazy.LazySimpleSerDe

  Stage: Stage-0
    Fetch Operator
      limit: -1

