PREHOOK: query: CREATE TABLE myinput1(key int, value int)
PREHOOK: type: CREATETABLE
PREHOOK: Output: database:default
POSTHOOK: query: CREATE TABLE myinput1(key int, value int)
POSTHOOK: type: CREATETABLE
POSTHOOK: Output: database:default
POSTHOOK: Output: default@myinput1
PREHOOK: query: LOAD DATA LOCAL INPATH '../../data/files/in8.txt' INTO TABLE myinput1
PREHOOK: type: LOAD
#### A masked pattern was here ####
PREHOOK: Output: default@myinput1
POSTHOOK: query: LOAD DATA LOCAL INPATH '../../data/files/in8.txt' INTO TABLE myinput1
POSTHOOK: type: LOAD
#### A masked pattern was here ####
POSTHOOK: Output: default@myinput1
PREHOOK: query: -- merging
explain select * from myinput1 a join myinput1 b on a.key<=>b.value ORDER BY a.key, a.value, b.key, b.value
PREHOOK: type: QUERY
POSTHOOK: query: -- merging
explain select * from myinput1 a join myinput1 b on a.key<=>b.value ORDER BY a.key, a.value, b.key, b.value
POSTHOOK: type: QUERY
STAGE DEPENDENCIES:
  Stage-1 is a root stage
  Stage-2 depends on stages: Stage-1
  Stage-0 is a root stage

STAGE PLANS:
  Stage: Stage-1
    Map Reduce
      Map Operator Tree:
          TableScan
            alias: b
            Statistics: Num rows: 3 Data size: 26 Basic stats: COMPLETE Column stats: NONE
            Reduce Output Operator
              key expressions: value (type: int)
              sort order: +
              Map-reduce partition columns: value (type: int)
              Statistics: Num rows: 3 Data size: 26 Basic stats: COMPLETE Column stats: NONE
              value expressions: key (type: int), value (type: int)
          TableScan
            alias: a
            Statistics: Num rows: 3 Data size: 26 Basic stats: COMPLETE Column stats: NONE
            Reduce Output Operator
              key expressions: key (type: int)
              sort order: +
              Map-reduce partition columns: key (type: int)
              Statistics: Num rows: 3 Data size: 26 Basic stats: COMPLETE Column stats: NONE
              value expressions: key (type: int), value (type: int)
      Reduce Operator Tree:
        Join Operator
          condition map:
               Inner Join 0 to 1
          condition expressions:
            0 {VALUE._col0} {VALUE._col1}
            1 {VALUE._col0} {VALUE._col1}
          nullSafes: [true]
          outputColumnNames: _col0, _col1, _col4, _col5
          Statistics: Num rows: 3 Data size: 28 Basic stats: COMPLETE Column stats: NONE
          Select Operator
            expressions: _col0 (type: int), _col1 (type: int), _col4 (type: int), _col5 (type: int)
            outputColumnNames: _col0, _col1, _col2, _col3
            Statistics: Num rows: 3 Data size: 28 Basic stats: COMPLETE Column stats: NONE
            File Output Operator
              compressed: false
              table:
                  input format: org.apache.hadoop.mapred.SequenceFileInputFormat
                  output format: org.apache.hadoop.hive.ql.io.HiveSequenceFileOutputFormat
                  serde: org.apache.hadoop.hive.serde2.lazybinary.LazyBinarySerDe

  Stage: Stage-2
    Map Reduce
      Map Operator Tree:
          TableScan
            Reduce Output Operator
              key expressions: _col0 (type: int), _col1 (type: int), _col2 (type: int), _col3 (type: int)
              sort order: ++++
              Statistics: Num rows: 3 Data size: 28 Basic stats: COMPLETE Column stats: NONE
              value expressions: _col0 (type: int), _col1 (type: int), _col2 (type: int), _col3 (type: int)
      Reduce Operator Tree:
        Extract
          Statistics: Num rows: 3 Data size: 28 Basic stats: COMPLETE Column stats: NONE
          File Output Operator
            compressed: false
            Statistics: Num rows: 3 Data size: 28 Basic stats: COMPLETE Column stats: NONE
            table:
                input format: org.apache.hadoop.mapred.TextInputFormat
                output format: org.apache.hadoop.hive.ql.io.HiveIgnoreKeyTextOutputFormat
                serde: org.apache.hadoop.hive.serde2.lazy.LazySimpleSerDe

  Stage: Stage-0
    Fetch Operator
      limit: -1

PREHOOK: query: select * from myinput1 a join myinput1 b on a.key<=>b.value ORDER BY a.key, a.value, b.key, b.value
PREHOOK: type: QUERY
PREHOOK: Input: default@myinput1
#### A masked pattern was here ####
POSTHOOK: query: select * from myinput1 a join myinput1 b on a.key<=>b.value ORDER BY a.key, a.value, b.key, b.value
POSTHOOK: type: QUERY
POSTHOOK: Input: default@myinput1
#### A masked pattern was here ####
NULL	NULL	NULL	NULL
NULL	NULL	10	NULL
NULL	NULL	48	NULL
NULL	10	NULL	NULL
NULL	10	10	NULL
NULL	10	48	NULL
NULL	35	NULL	NULL
NULL	35	10	NULL
NULL	35	48	NULL
10	NULL	NULL	10
100	100	100	100
PREHOOK: query: explain select * from myinput1 a join myinput1 b on a.key<=>b.value join myinput1 c on a.key=c.key ORDER BY a.key, a.value, b.key, b.value, c.key, c.value
PREHOOK: type: QUERY
POSTHOOK: query: explain select * from myinput1 a join myinput1 b on a.key<=>b.value join myinput1 c on a.key=c.key ORDER BY a.key, a.value, b.key, b.value, c.key, c.value
POSTHOOK: type: QUERY
STAGE DEPENDENCIES:
  Stage-1 is a root stage
  Stage-2 depends on stages: Stage-1
  Stage-0 is a root stage

STAGE PLANS:
  Stage: Stage-1
    Map Reduce
      Map Operator Tree:
          TableScan
            alias: b
            Statistics: Num rows: 3 Data size: 26 Basic stats: COMPLETE Column stats: NONE
            Reduce Output Operator
              key expressions: value (type: int)
              sort order: +
              Map-reduce partition columns: value (type: int)
              Statistics: Num rows: 3 Data size: 26 Basic stats: COMPLETE Column stats: NONE
              value expressions: key (type: int), value (type: int)
          TableScan
            alias: c
            Statistics: Num rows: 3 Data size: 26 Basic stats: COMPLETE Column stats: NONE
            Reduce Output Operator
              key expressions: key (type: int)
              sort order: +
              Map-reduce partition columns: key (type: int)
              Statistics: Num rows: 3 Data size: 26 Basic stats: COMPLETE Column stats: NONE
              value expressions: key (type: int), value (type: int)
          TableScan
            alias: a
            Statistics: Num rows: 3 Data size: 26 Basic stats: COMPLETE Column stats: NONE
            Reduce Output Operator
              key expressions: key (type: int)
              sort order: +
              Map-reduce partition columns: key (type: int)
              Statistics: Num rows: 3 Data size: 26 Basic stats: COMPLETE Column stats: NONE
              value expressions: key (type: int), value (type: int)
      Reduce Operator Tree:
        Join Operator
          condition map:
               Inner Join 0 to 1
               Inner Join 0 to 2
          condition expressions:
            0 {VALUE._col0} {VALUE._col1}
            1 {VALUE._col0} {VALUE._col1}
            2 {VALUE._col0} {VALUE._col1}
          outputColumnNames: _col0, _col1, _col4, _col5, _col8, _col9
          Statistics: Num rows: 6 Data size: 57 Basic stats: COMPLETE Column stats: NONE
          Select Operator
            expressions: _col0 (type: int), _col1 (type: int), _col4 (type: int), _col5 (type: int), _col8 (type: int), _col9 (type: int)
            outputColumnNames: _col0, _col1, _col2, _col3, _col4, _col5
            Statistics: Num rows: 6 Data size: 57 Basic stats: COMPLETE Column stats: NONE
            File Output Operator
              compressed: false
              table:
                  input format: org.apache.hadoop.mapred.SequenceFileInputFormat
                  output format: org.apache.hadoop.hive.ql.io.HiveSequenceFileOutputFormat
                  serde: org.apache.hadoop.hive.serde2.lazybinary.LazyBinarySerDe

  Stage: Stage-2
    Map Reduce
      Map Operator Tree:
          TableScan
            Reduce Output Operator
              key expressions: _col0 (type: int), _col1 (type: int), _col2 (type: int), _col3 (type: int), _col4 (type: int), _col5 (type: int)
              sort order: ++++++
              Statistics: Num rows: 6 Data size: 57 Basic stats: COMPLETE Column stats: NONE
              value expressions: _col0 (type: int), _col1 (type: int), _col2 (type: int), _col3 (type: int), _col4 (type: int), _col5 (type: int)
      Reduce Operator Tree:
        Extract
          Statistics: Num rows: 6 Data size: 57 Basic stats: COMPLETE Column stats: NONE
          File Output Operator
            compressed: false
            Statistics: Num rows: 6 Data size: 57 Basic stats: COMPLETE Column stats: NONE
            table:
                input format: org.apache.hadoop.mapred.TextInputFormat
                output format: org.apache.hadoop.hive.ql.io.HiveIgnoreKeyTextOutputFormat
                serde: org.apache.hadoop.hive.serde2.lazy.LazySimpleSerDe

  Stage: Stage-0
    Fetch Operator
      limit: -1

PREHOOK: query: select * from myinput1 a join myinput1 b on a.key<=>b.value join myinput1 c on a.key=c.key ORDER BY a.key, a.value, b.key, b.value, c.key, c.value
PREHOOK: type: QUERY
PREHOOK: Input: default@myinput1
#### A masked pattern was here ####
POSTHOOK: query: select * from myinput1 a join myinput1 b on a.key<=>b.value join myinput1 c on a.key=c.key ORDER BY a.key, a.value, b.key, b.value, c.key, c.value
POSTHOOK: type: QUERY
POSTHOOK: Input: default@myinput1
#### A masked pattern was here ####
10	NULL	NULL	10	10	NULL
100	100	100	100	100	100
PREHOOK: query: explain select * from myinput1 a join myinput1 b on a.key<=>b.value join myinput1 c on a.key<=>c.key ORDER BY a.key, a.value, b.key, b.value, c.key, c.value
PREHOOK: type: QUERY
POSTHOOK: query: explain select * from myinput1 a join myinput1 b on a.key<=>b.value join myinput1 c on a.key<=>c.key ORDER BY a.key, a.value, b.key, b.value, c.key, c.value
POSTHOOK: type: QUERY
STAGE DEPENDENCIES:
  Stage-1 is a root stage
  Stage-2 depends on stages: Stage-1
  Stage-0 is a root stage

STAGE PLANS:
  Stage: Stage-1
    Map Reduce
      Map Operator Tree:
          TableScan
            alias: b
            Statistics: Num rows: 3 Data size: 26 Basic stats: COMPLETE Column stats: NONE
            Reduce Output Operator
              key expressions: value (type: int)
              sort order: +
              Map-reduce partition columns: value (type: int)
              Statistics: Num rows: 3 Data size: 26 Basic stats: COMPLETE Column stats: NONE
              value expressions: key (type: int), value (type: int)
          TableScan
            alias: c
            Statistics: Num rows: 3 Data size: 26 Basic stats: COMPLETE Column stats: NONE
            Reduce Output Operator
              key expressions: key (type: int)
              sort order: +
              Map-reduce partition columns: key (type: int)
              Statistics: Num rows: 3 Data size: 26 Basic stats: COMPLETE Column stats: NONE
              value expressions: key (type: int), value (type: int)
          TableScan
            alias: a
            Statistics: Num rows: 3 Data size: 26 Basic stats: COMPLETE Column stats: NONE
            Reduce Output Operator
              key expressions: key (type: int)
              sort order: +
              Map-reduce partition columns: key (type: int)
              Statistics: Num rows: 3 Data size: 26 Basic stats: COMPLETE Column stats: NONE
              value expressions: key (type: int), value (type: int)
      Reduce Operator Tree:
        Join Operator
          condition map:
               Inner Join 0 to 1
               Inner Join 0 to 2
          condition expressions:
            0 {VALUE._col0} {VALUE._col1}
            1 {VALUE._col0} {VALUE._col1}
            2 {VALUE._col0} {VALUE._col1}
          nullSafes: [true]
          outputColumnNames: _col0, _col1, _col4, _col5, _col8, _col9
          Statistics: Num rows: 6 Data size: 57 Basic stats: COMPLETE Column stats: NONE
          Select Operator
            expressions: _col0 (type: int), _col1 (type: int), _col4 (type: int), _col5 (type: int), _col8 (type: int), _col9 (type: int)
            outputColumnNames: _col0, _col1, _col2, _col3, _col4, _col5
            Statistics: Num rows: 6 Data size: 57 Basic stats: COMPLETE Column stats: NONE
            File Output Operator
              compressed: false
              table:
                  input format: org.apache.hadoop.mapred.SequenceFileInputFormat
                  output format: org.apache.hadoop.hive.ql.io.HiveSequenceFileOutputFormat
                  serde: org.apache.hadoop.hive.serde2.lazybinary.LazyBinarySerDe

  Stage: Stage-2
    Map Reduce
      Map Operator Tree:
          TableScan
            Reduce Output Operator
              key expressions: _col0 (type: int), _col1 (type: int), _col2 (type: int), _col3 (type: int), _col4 (type: int), _col5 (type: int)
              sort order: ++++++
              Statistics: Num rows: 6 Data size: 57 Basic stats: COMPLETE Column stats: NONE
              value expressions: _col0 (type: int), _col1 (type: int), _col2 (type: int), _col3 (type: int), _col4 (type: int), _col5 (type: int)
      Reduce Operator Tree:
        Extract
          Statistics: Num rows: 6 Data size: 57 Basic stats: COMPLETE Column stats: NONE
          File Output Operator
            compressed: false
            Statistics: Num rows: 6 Data size: 57 Basic stats: COMPLETE Column stats: NONE
            table:
                input format: org.apache.hadoop.mapred.TextInputFormat
                output format: org.apache.hadoop.hive.ql.io.HiveIgnoreKeyTextOutputFormat
                serde: org.apache.hadoop.hive.serde2.lazy.LazySimpleSerDe

  Stage: Stage-0
    Fetch Operator
      limit: -1

PREHOOK: query: select * from myinput1 a join myinput1 b on a.key<=>b.value join myinput1 c on a.key<=>c.key ORDER BY a.key, a.value, b.key, b.value, c.key, c.value
PREHOOK: type: QUERY
PREHOOK: Input: default@myinput1
#### A masked pattern was here ####
POSTHOOK: query: select * from myinput1 a join myinput1 b on a.key<=>b.value join myinput1 c on a.key<=>c.key ORDER BY a.key, a.value, b.key, b.value, c.key, c.value
POSTHOOK: type: QUERY
POSTHOOK: Input: default@myinput1
#### A masked pattern was here ####
NULL	NULL	NULL	NULL	NULL	NULL
NULL	NULL	NULL	NULL	NULL	10
NULL	NULL	NULL	NULL	NULL	35
NULL	NULL	10	NULL	NULL	NULL
NULL	NULL	10	NULL	NULL	10
NULL	NULL	10	NULL	NULL	35
NULL	NULL	48	NULL	NULL	NULL
NULL	NULL	48	NULL	NULL	10
NULL	NULL	48	NULL	NULL	35
NULL	10	NULL	NULL	NULL	NULL
NULL	10	NULL	NULL	NULL	10
NULL	10	NULL	NULL	NULL	35
NULL	10	10	NULL	NULL	NULL
NULL	10	10	NULL	NULL	10
NULL	10	10	NULL	NULL	35
NULL	10	48	NULL	NULL	NULL
NULL	10	48	NULL	NULL	10
NULL	10	48	NULL	NULL	35
NULL	35	NULL	NULL	NULL	NULL
NULL	35	NULL	NULL	NULL	10
NULL	35	NULL	NULL	NULL	35
NULL	35	10	NULL	NULL	NULL
NULL	35	10	NULL	NULL	10
NULL	35	10	NULL	NULL	35
NULL	35	48	NULL	NULL	NULL
NULL	35	48	NULL	NULL	10
NULL	35	48	NULL	NULL	35
10	NULL	NULL	10	10	NULL
100	100	100	100	100	100
PREHOOK: query: explain select * from myinput1 a join myinput1 b on a.key<=>b.value AND a.value=b.key join myinput1 c on a.key<=>c.key AND a.value=c.value ORDER BY a.key, a.value, b.key, b.value, c.key, c.value
PREHOOK: type: QUERY
POSTHOOK: query: explain select * from myinput1 a join myinput1 b on a.key<=>b.value AND a.value=b.key join myinput1 c on a.key<=>c.key AND a.value=c.value ORDER BY a.key, a.value, b.key, b.value, c.key, c.value
POSTHOOK: type: QUERY
STAGE DEPENDENCIES:
  Stage-1 is a root stage
  Stage-2 depends on stages: Stage-1
  Stage-0 is a root stage

STAGE PLANS:
  Stage: Stage-1
    Map Reduce
      Map Operator Tree:
          TableScan
            alias: b
            Statistics: Num rows: 3 Data size: 26 Basic stats: COMPLETE Column stats: NONE
            Reduce Output Operator
              key expressions: value (type: int), key (type: int)
              sort order: ++
              Map-reduce partition columns: value (type: int), key (type: int)
              Statistics: Num rows: 3 Data size: 26 Basic stats: COMPLETE Column stats: NONE
              value expressions: key (type: int), value (type: int)
          TableScan
            alias: c
            Statistics: Num rows: 3 Data size: 26 Basic stats: COMPLETE Column stats: NONE
            Reduce Output Operator
              key expressions: key (type: int), value (type: int)
              sort order: ++
              Map-reduce partition columns: key (type: int), value (type: int)
              Statistics: Num rows: 3 Data size: 26 Basic stats: COMPLETE Column stats: NONE
              value expressions: key (type: int), value (type: int)
          TableScan
            alias: a
            Statistics: Num rows: 3 Data size: 26 Basic stats: COMPLETE Column stats: NONE
            Reduce Output Operator
              key expressions: key (type: int), value (type: int)
              sort order: ++
              Map-reduce partition columns: key (type: int), value (type: int)
              Statistics: Num rows: 3 Data size: 26 Basic stats: COMPLETE Column stats: NONE
              value expressions: key (type: int), value (type: int)
      Reduce Operator Tree:
        Join Operator
          condition map:
               Inner Join 0 to 1
               Inner Join 0 to 2
          condition expressions:
            0 {VALUE._col0} {VALUE._col1}
            1 {VALUE._col0} {VALUE._col1}
            2 {VALUE._col0} {VALUE._col1}
          nullSafes: [true, false]
          outputColumnNames: _col0, _col1, _col4, _col5, _col8, _col9
          Statistics: Num rows: 6 Data size: 57 Basic stats: COMPLETE Column stats: NONE
          Select Operator
            expressions: _col0 (type: int), _col1 (type: int), _col4 (type: int), _col5 (type: int), _col8 (type: int), _col9 (type: int)
            outputColumnNames: _col0, _col1, _col2, _col3, _col4, _col5
            Statistics: Num rows: 6 Data size: 57 Basic stats: COMPLETE Column stats: NONE
            File Output Operator
              compressed: false
              table:
                  input format: org.apache.hadoop.mapred.SequenceFileInputFormat
                  output format: org.apache.hadoop.hive.ql.io.HiveSequenceFileOutputFormat
                  serde: org.apache.hadoop.hive.serde2.lazybinary.LazyBinarySerDe

  Stage: Stage-2
    Map Reduce
      Map Operator Tree:
          TableScan
            Reduce Output Operator
              key expressions: _col0 (type: int), _col1 (type: int), _col2 (type: int), _col3 (type: int), _col4 (type: int), _col5 (type: int)
              sort order: ++++++
              Statistics: Num rows: 6 Data size: 57 Basic stats: COMPLETE Column stats: NONE
              value expressions: _col0 (type: int), _col1 (type: int), _col2 (type: int), _col3 (type: int), _col4 (type: int), _col5 (type: int)
      Reduce Operator Tree:
        Extract
          Statistics: Num rows: 6 Data size: 57 Basic stats: COMPLETE Column stats: NONE
          File Output Operator
            compressed: false
            Statistics: Num rows: 6 Data size: 57 Basic stats: COMPLETE Column stats: NONE
            table:
                input format: org.apache.hadoop.mapred.TextInputFormat
                output format: org.apache.hadoop.hive.ql.io.HiveIgnoreKeyTextOutputFormat
                serde: org.apache.hadoop.hive.serde2.lazy.LazySimpleSerDe

  Stage: Stage-0
    Fetch Operator
      limit: -1

PREHOOK: query: select * from myinput1 a join myinput1 b on a.key<=>b.value AND a.value=b.key join myinput1 c on a.key<=>c.key AND a.value=c.value ORDER BY a.key, a.value, b.key, b.value, c.key, c.value
PREHOOK: type: QUERY
PREHOOK: Input: default@myinput1
#### A masked pattern was here ####
POSTHOOK: query: select * from myinput1 a join myinput1 b on a.key<=>b.value AND a.value=b.key join myinput1 c on a.key<=>c.key AND a.value=c.value ORDER BY a.key, a.value, b.key, b.value, c.key, c.value
POSTHOOK: type: QUERY
POSTHOOK: Input: default@myinput1
#### A masked pattern was here ####
NULL	10	10	NULL	NULL	10
100	100	100	100	100	100
PREHOOK: query: explain select * from myinput1 a join myinput1 b on a.key<=>b.value AND a.value<=>b.key join myinput1 c on a.key<=>c.key AND a.value<=>c.value ORDER BY a.key, a.value, b.key, b.value, c.key, c.value
PREHOOK: type: QUERY
POSTHOOK: query: explain select * from myinput1 a join myinput1 b on a.key<=>b.value AND a.value<=>b.key join myinput1 c on a.key<=>c.key AND a.value<=>c.value ORDER BY a.key, a.value, b.key, b.value, c.key, c.value
POSTHOOK: type: QUERY
STAGE DEPENDENCIES:
  Stage-1 is a root stage
  Stage-2 depends on stages: Stage-1
  Stage-0 is a root stage

STAGE PLANS:
  Stage: Stage-1
    Map Reduce
      Map Operator Tree:
          TableScan
            alias: b
            Statistics: Num rows: 3 Data size: 26 Basic stats: COMPLETE Column stats: NONE
            Reduce Output Operator
              key expressions: value (type: int), key (type: int)
              sort order: ++
              Map-reduce partition columns: value (type: int), key (type: int)
              Statistics: Num rows: 3 Data size: 26 Basic stats: COMPLETE Column stats: NONE
              value expressions: key (type: int), value (type: int)
          TableScan
            alias: c
            Statistics: Num rows: 3 Data size: 26 Basic stats: COMPLETE Column stats: NONE
            Reduce Output Operator
              key expressions: key (type: int), value (type: int)
              sort order: ++
              Map-reduce partition columns: key (type: int), value (type: int)
              Statistics: Num rows: 3 Data size: 26 Basic stats: COMPLETE Column stats: NONE
              value expressions: key (type: int), value (type: int)
          TableScan
            alias: a
            Statistics: Num rows: 3 Data size: 26 Basic stats: COMPLETE Column stats: NONE
            Reduce Output Operator
              key expressions: key (type: int), value (type: int)
              sort order: ++
              Map-reduce partition columns: key (type: int), value (type: int)
              Statistics: Num rows: 3 Data size: 26 Basic stats: COMPLETE Column stats: NONE
              value expressions: key (type: int), value (type: int)
      Reduce Operator Tree:
        Join Operator
          condition map:
               Inner Join 0 to 1
               Inner Join 0 to 2
          condition expressions:
            0 {VALUE._col0} {VALUE._col1}
            1 {VALUE._col0} {VALUE._col1}
            2 {VALUE._col0} {VALUE._col1}
          nullSafes: [true, true]
          outputColumnNames: _col0, _col1, _col4, _col5, _col8, _col9
          Statistics: Num rows: 6 Data size: 57 Basic stats: COMPLETE Column stats: NONE
          Select Operator
            expressions: _col0 (type: int), _col1 (type: int), _col4 (type: int), _col5 (type: int), _col8 (type: int), _col9 (type: int)
            outputColumnNames: _col0, _col1, _col2, _col3, _col4, _col5
            Statistics: Num rows: 6 Data size: 57 Basic stats: COMPLETE Column stats: NONE
            File Output Operator
              compressed: false
              table:
                  input format: org.apache.hadoop.mapred.SequenceFileInputFormat
                  output format: org.apache.hadoop.hive.ql.io.HiveSequenceFileOutputFormat
                  serde: org.apache.hadoop.hive.serde2.lazybinary.LazyBinarySerDe

  Stage: Stage-2
    Map Reduce
      Map Operator Tree:
          TableScan
            Reduce Output Operator
              key expressions: _col0 (type: int), _col1 (type: int), _col2 (type: int), _col3 (type: int), _col4 (type: int), _col5 (type: int)
              sort order: ++++++
              Statistics: Num rows: 6 Data size: 57 Basic stats: COMPLETE Column stats: NONE
              value expressions: _col0 (type: int), _col1 (type: int), _col2 (type: int), _col3 (type: int), _col4 (type: int), _col5 (type: int)
      Reduce Operator Tree:
        Extract
          Statistics: Num rows: 6 Data size: 57 Basic stats: COMPLETE Column stats: NONE
          File Output Operator
            compressed: false
            Statistics: Num rows: 6 Data size: 57 Basic stats: COMPLETE Column stats: NONE
            table:
                input format: org.apache.hadoop.mapred.TextInputFormat
                output format: org.apache.hadoop.hive.ql.io.HiveIgnoreKeyTextOutputFormat
                serde: org.apache.hadoop.hive.serde2.lazy.LazySimpleSerDe

  Stage: Stage-0
    Fetch Operator
      limit: -1

PREHOOK: query: select * from myinput1 a join myinput1 b on a.key<=>b.value AND a.value<=>b.key join myinput1 c on a.key<=>c.key AND a.value<=>c.value ORDER BY a.key, a.value, b.key, b.value, c.key, c.value
PREHOOK: type: QUERY
PREHOOK: Input: default@myinput1
#### A masked pattern was here ####
POSTHOOK: query: select * from myinput1 a join myinput1 b on a.key<=>b.value AND a.value<=>b.key join myinput1 c on a.key<=>c.key AND a.value<=>c.value ORDER BY a.key, a.value, b.key, b.value, c.key, c.value
POSTHOOK: type: QUERY
POSTHOOK: Input: default@myinput1
#### A masked pattern was here ####
NULL	NULL	NULL	NULL	NULL	NULL
NULL	10	10	NULL	NULL	10
10	NULL	NULL	10	10	NULL
100	100	100	100	100	100
PREHOOK: query: -- outer joins
SELECT * FROM myinput1 a LEFT OUTER JOIN myinput1 b ON a.key<=>b.value ORDER BY a.key, a.value, b.key, b.value
PREHOOK: type: QUERY
PREHOOK: Input: default@myinput1
#### A masked pattern was here ####
POSTHOOK: query: -- outer joins
SELECT * FROM myinput1 a LEFT OUTER JOIN myinput1 b ON a.key<=>b.value ORDER BY a.key, a.value, b.key, b.value
POSTHOOK: type: QUERY
POSTHOOK: Input: default@myinput1
#### A masked pattern was here ####
NULL	NULL	NULL	NULL
NULL	NULL	10	NULL
NULL	NULL	48	NULL
NULL	10	NULL	NULL
NULL	10	10	NULL
NULL	10	48	NULL
NULL	35	NULL	NULL
NULL	35	10	NULL
NULL	35	48	NULL
10	NULL	NULL	10
48	NULL	NULL	NULL
100	100	100	100
PREHOOK: query: SELECT * FROM myinput1 a RIGHT OUTER JOIN myinput1 b ON a.key<=>b.value ORDER BY a.key, a.value, b.key, b.value
PREHOOK: type: QUERY
PREHOOK: Input: default@myinput1
#### A masked pattern was here ####
POSTHOOK: query: SELECT * FROM myinput1 a RIGHT OUTER JOIN myinput1 b ON a.key<=>b.value ORDER BY a.key, a.value, b.key, b.value
POSTHOOK: type: QUERY
POSTHOOK: Input: default@myinput1
#### A masked pattern was here ####
NULL	NULL	NULL	NULL
NULL	NULL	NULL	35
NULL	NULL	10	NULL
NULL	NULL	48	NULL
NULL	10	NULL	NULL
NULL	10	10	NULL
NULL	10	48	NULL
NULL	35	NULL	NULL
NULL	35	10	NULL
NULL	35	48	NULL
10	NULL	NULL	10
100	100	100	100
PREHOOK: query: SELECT * FROM myinput1 a FULL OUTER JOIN myinput1 b ON a.key<=>b.value ORDER BY a.key, a.value, b.key, b.value
PREHOOK: type: QUERY
PREHOOK: Input: default@myinput1
#### A masked pattern was here ####
POSTHOOK: query: SELECT * FROM myinput1 a FULL OUTER JOIN myinput1 b ON a.key<=>b.value ORDER BY a.key, a.value, b.key, b.value
POSTHOOK: type: QUERY
POSTHOOK: Input: default@myinput1
#### A masked pattern was here ####
NULL	NULL	NULL	NULL
NULL	NULL	NULL	35
NULL	NULL	10	NULL
NULL	NULL	48	NULL
NULL	10	NULL	NULL
NULL	10	10	NULL
NULL	10	48	NULL
NULL	35	NULL	NULL
NULL	35	10	NULL
NULL	35	48	NULL
10	NULL	NULL	10
48	NULL	NULL	NULL
100	100	100	100
PREHOOK: query: -- map joins
SELECT /*+ MAPJOIN(a) */ * FROM myinput1 a JOIN myinput1 b ON a.key<=>b.value ORDER BY a.key, a.value, b.key, b.value
PREHOOK: type: QUERY
PREHOOK: Input: default@myinput1
#### A masked pattern was here ####
POSTHOOK: query: -- map joins
SELECT /*+ MAPJOIN(a) */ * FROM myinput1 a JOIN myinput1 b ON a.key<=>b.value ORDER BY a.key, a.value, b.key, b.value
POSTHOOK: type: QUERY
POSTHOOK: Input: default@myinput1
#### A masked pattern was here ####
NULL	NULL	NULL	NULL
NULL	NULL	10	NULL
NULL	NULL	48	NULL
NULL	10	NULL	NULL
NULL	10	10	NULL
NULL	10	48	NULL
NULL	35	NULL	NULL
NULL	35	10	NULL
NULL	35	48	NULL
10	NULL	NULL	10
100	100	100	100
PREHOOK: query: SELECT /*+ MAPJOIN(b) */ * FROM myinput1 a JOIN myinput1 b ON a.key<=>b.value ORDER BY a.key, a.value, b.key, b.value
PREHOOK: type: QUERY
PREHOOK: Input: default@myinput1
#### A masked pattern was here ####
POSTHOOK: query: SELECT /*+ MAPJOIN(b) */ * FROM myinput1 a JOIN myinput1 b ON a.key<=>b.value ORDER BY a.key, a.value, b.key, b.value
POSTHOOK: type: QUERY
POSTHOOK: Input: default@myinput1
#### A masked pattern was here ####
NULL	NULL	NULL	NULL
NULL	NULL	10	NULL
NULL	NULL	48	NULL
NULL	10	NULL	NULL
NULL	10	10	NULL
NULL	10	48	NULL
NULL	35	NULL	NULL
NULL	35	10	NULL
NULL	35	48	NULL
10	NULL	NULL	10
100	100	100	100
PREHOOK: query: -- smbs
CREATE TABLE smb_input1(key int, value int) CLUSTERED BY (key) SORTED BY (key) INTO 2 BUCKETS
PREHOOK: type: CREATETABLE
PREHOOK: Output: database:default
POSTHOOK: query: -- smbs
CREATE TABLE smb_input1(key int, value int) CLUSTERED BY (key) SORTED BY (key) INTO 2 BUCKETS
POSTHOOK: type: CREATETABLE
POSTHOOK: Output: database:default
POSTHOOK: Output: default@smb_input1
PREHOOK: query: CREATE TABLE smb_input2(key int, value int) CLUSTERED BY (value) SORTED BY (value) INTO 2 BUCKETS
PREHOOK: type: CREATETABLE
PREHOOK: Output: database:default
POSTHOOK: query: CREATE TABLE smb_input2(key int, value int) CLUSTERED BY (value) SORTED BY (value) INTO 2 BUCKETS
POSTHOOK: type: CREATETABLE
POSTHOOK: Output: database:default
POSTHOOK: Output: default@smb_input2
PREHOOK: query: LOAD DATA LOCAL INPATH '../../data/files/in8.txt' into table smb_input1
PREHOOK: type: LOAD
#### A masked pattern was here ####
PREHOOK: Output: default@smb_input1
POSTHOOK: query: LOAD DATA LOCAL INPATH '../../data/files/in8.txt' into table smb_input1
POSTHOOK: type: LOAD
#### A masked pattern was here ####
POSTHOOK: Output: default@smb_input1
PREHOOK: query: LOAD DATA LOCAL INPATH '../../data/files/in9.txt' into table smb_input1
PREHOOK: type: LOAD
#### A masked pattern was here ####
PREHOOK: Output: default@smb_input1
POSTHOOK: query: LOAD DATA LOCAL INPATH '../../data/files/in9.txt' into table smb_input1
POSTHOOK: type: LOAD
#### A masked pattern was here ####
POSTHOOK: Output: default@smb_input1
PREHOOK: query: LOAD DATA LOCAL INPATH '../../data/files/in8.txt' into table smb_input2
PREHOOK: type: LOAD
#### A masked pattern was here ####
PREHOOK: Output: default@smb_input2
POSTHOOK: query: LOAD DATA LOCAL INPATH '../../data/files/in8.txt' into table smb_input2
POSTHOOK: type: LOAD
#### A masked pattern was here ####
POSTHOOK: Output: default@smb_input2
PREHOOK: query: LOAD DATA LOCAL INPATH '../../data/files/in9.txt' into table smb_input2
PREHOOK: type: LOAD
#### A masked pattern was here ####
PREHOOK: Output: default@smb_input2
POSTHOOK: query: LOAD DATA LOCAL INPATH '../../data/files/in9.txt' into table smb_input2
POSTHOOK: type: LOAD
#### A masked pattern was here ####
POSTHOOK: Output: default@smb_input2
PREHOOK: query: SELECT /*+ MAPJOIN(a) */ * FROM smb_input1 a JOIN smb_input1 b ON a.key <=> b.key ORDER BY a.key, a.value, b.key, b.value
PREHOOK: type: QUERY
PREHOOK: Input: default@smb_input1
#### A masked pattern was here ####
POSTHOOK: query: SELECT /*+ MAPJOIN(a) */ * FROM smb_input1 a JOIN smb_input1 b ON a.key <=> b.key ORDER BY a.key, a.value, b.key, b.value
POSTHOOK: type: QUERY
POSTHOOK: Input: default@smb_input1
#### A masked pattern was here ####
NULL	NULL	NULL	NULL
NULL	NULL	NULL	NULL
NULL	NULL	NULL	NULL
NULL	NULL	NULL	NULL
NULL	NULL	NULL	10
NULL	NULL	NULL	10
NULL	NULL	NULL	35
NULL	NULL	NULL	35
NULL	NULL	NULL	110
NULL	NULL	NULL	110
NULL	NULL	NULL	135
NULL	NULL	NULL	135
NULL	10	NULL	NULL
NULL	10	NULL	NULL
NULL	10	NULL	10
NULL	10	NULL	35
NULL	10	NULL	110
NULL	10	NULL	135
NULL	35	NULL	NULL
NULL	35	NULL	NULL
NULL	35	NULL	10
NULL	35	NULL	35
NULL	35	NULL	110
NULL	35	NULL	135
NULL	110	NULL	NULL
NULL	110	NULL	NULL
NULL	110	NULL	10
NULL	110	NULL	35
NULL	110	NULL	110
NULL	110	NULL	135
NULL	135	NULL	NULL
NULL	135	NULL	NULL
NULL	135	NULL	10
NULL	135	NULL	35
NULL	135	NULL	110
NULL	135	NULL	135
10	NULL	10	NULL
48	NULL	48	NULL
100	100	100	100
110	NULL	110	NULL
148	NULL	148	NULL
200	200	200	200
PREHOOK: query: SELECT /*+ MAPJOIN(a) */ * FROM smb_input1 a JOIN smb_input1 b ON a.key <=> b.key AND a.value <=> b.value ORDER BY a.key, a.value, b.key, b.value
PREHOOK: type: QUERY
PREHOOK: Input: default@smb_input1
#### A masked pattern was here ####
POSTHOOK: query: SELECT /*+ MAPJOIN(a) */ * FROM smb_input1 a JOIN smb_input1 b ON a.key <=> b.key AND a.value <=> b.value ORDER BY a.key, a.value, b.key, b.value
POSTHOOK: type: QUERY
POSTHOOK: Input: default@smb_input1
#### A masked pattern was here ####
NULL	NULL	NULL	NULL
NULL	NULL	NULL	NULL
NULL	NULL	NULL	NULL
NULL	NULL	NULL	NULL
NULL	10	NULL	10
NULL	35	NULL	35
NULL	110	NULL	110
NULL	135	NULL	135
10	NULL	10	NULL
48	NULL	48	NULL
100	100	100	100
110	NULL	110	NULL
148	NULL	148	NULL
200	200	200	200
PREHOOK: query: SELECT /*+ MAPJOIN(a) */ * FROM smb_input1 a RIGHT OUTER JOIN smb_input1 b ON a.key <=> b.key ORDER BY a.key, a.value, b.key, b.value
PREHOOK: type: QUERY
PREHOOK: Input: default@smb_input1
#### A masked pattern was here ####
POSTHOOK: query: SELECT /*+ MAPJOIN(a) */ * FROM smb_input1 a RIGHT OUTER JOIN smb_input1 b ON a.key <=> b.key ORDER BY a.key, a.value, b.key, b.value
POSTHOOK: type: QUERY
POSTHOOK: Input: default@smb_input1
#### A masked pattern was here ####
NULL	NULL	NULL	NULL
NULL	NULL	NULL	NULL
NULL	NULL	NULL	NULL
NULL	NULL	NULL	NULL
NULL	NULL	NULL	10
NULL	NULL	NULL	10
NULL	NULL	NULL	35
NULL	NULL	NULL	35
NULL	NULL	NULL	110
NULL	NULL	NULL	110
NULL	NULL	NULL	135
NULL	NULL	NULL	135
NULL	10	NULL	NULL
NULL	10	NULL	NULL
NULL	10	NULL	10
NULL	10	NULL	35
NULL	10	NULL	110
NULL	10	NULL	135
NULL	35	NULL	NULL
NULL	35	NULL	NULL
NULL	35	NULL	10
NULL	35	NULL	35
NULL	35	NULL	110
NULL	35	NULL	135
NULL	110	NULL	NULL
NULL	110	NULL	NULL
NULL	110	NULL	10
NULL	110	NULL	35
NULL	110	NULL	110
NULL	110	NULL	135
NULL	135	NULL	NULL
NULL	135	NULL	NULL
NULL	135	NULL	10
NULL	135	NULL	35
NULL	135	NULL	110
NULL	135	NULL	135
10	NULL	10	NULL
48	NULL	48	NULL
100	100	100	100
110	NULL	110	NULL
148	NULL	148	NULL
200	200	200	200
PREHOOK: query: SELECT /*+ MAPJOIN(b) */ * FROM smb_input1 a JOIN smb_input1 b ON a.key <=> b.key ORDER BY a.key, a.value, b.key, b.value
PREHOOK: type: QUERY
PREHOOK: Input: default@smb_input1
#### A masked pattern was here ####
POSTHOOK: query: SELECT /*+ MAPJOIN(b) */ * FROM smb_input1 a JOIN smb_input1 b ON a.key <=> b.key ORDER BY a.key, a.value, b.key, b.value
POSTHOOK: type: QUERY
POSTHOOK: Input: default@smb_input1
#### A masked pattern was here ####
NULL	NULL	NULL	NULL
NULL	NULL	NULL	NULL
NULL	NULL	NULL	NULL
NULL	NULL	NULL	NULL
NULL	NULL	NULL	10
NULL	NULL	NULL	10
NULL	NULL	NULL	35
NULL	NULL	NULL	35
NULL	NULL	NULL	110
NULL	NULL	NULL	110
NULL	NULL	NULL	135
NULL	NULL	NULL	135
NULL	10	NULL	NULL
NULL	10	NULL	NULL
NULL	10	NULL	10
NULL	10	NULL	35
NULL	10	NULL	110
NULL	10	NULL	135
NULL	35	NULL	NULL
NULL	35	NULL	NULL
NULL	35	NULL	10
NULL	35	NULL	35
NULL	35	NULL	110
NULL	35	NULL	135
NULL	110	NULL	NULL
NULL	110	NULL	NULL
NULL	110	NULL	10
NULL	110	NULL	35
NULL	110	NULL	110
NULL	110	NULL	135
NULL	135	NULL	NULL
NULL	135	NULL	NULL
NULL	135	NULL	10
NULL	135	NULL	35
NULL	135	NULL	110
NULL	135	NULL	135
10	NULL	10	NULL
48	NULL	48	NULL
100	100	100	100
110	NULL	110	NULL
148	NULL	148	NULL
200	200	200	200
PREHOOK: query: SELECT /*+ MAPJOIN(b) */ * FROM smb_input1 a LEFT OUTER JOIN smb_input1 b ON a.key <=> b.key ORDER BY a.key, a.value, b.key, b.value
PREHOOK: type: QUERY
PREHOOK: Input: default@smb_input1
#### A masked pattern was here ####
POSTHOOK: query: SELECT /*+ MAPJOIN(b) */ * FROM smb_input1 a LEFT OUTER JOIN smb_input1 b ON a.key <=> b.key ORDER BY a.key, a.value, b.key, b.value
POSTHOOK: type: QUERY
POSTHOOK: Input: default@smb_input1
#### A masked pattern was here ####
NULL	NULL	NULL	NULL
NULL	NULL	NULL	NULL
NULL	NULL	NULL	NULL
NULL	NULL	NULL	NULL
NULL	NULL	NULL	10
NULL	NULL	NULL	10
NULL	NULL	NULL	35
NULL	NULL	NULL	35
NULL	NULL	NULL	110
NULL	NULL	NULL	110
NULL	NULL	NULL	135
NULL	NULL	NULL	135
NULL	10	NULL	NULL
NULL	10	NULL	NULL
NULL	10	NULL	10
NULL	10	NULL	35
NULL	10	NULL	110
NULL	10	NULL	135
NULL	35	NULL	NULL
NULL	35	NULL	NULL
NULL	35	NULL	10
NULL	35	NULL	35
NULL	35	NULL	110
NULL	35	NULL	135
NULL	110	NULL	NULL
NULL	110	NULL	NULL
NULL	110	NULL	10
NULL	110	NULL	35
NULL	110	NULL	110
NULL	110	NULL	135
NULL	135	NULL	NULL
NULL	135	NULL	NULL
NULL	135	NULL	10
NULL	135	NULL	35
NULL	135	NULL	110
NULL	135	NULL	135
10	NULL	10	NULL
48	NULL	48	NULL
100	100	100	100
110	NULL	110	NULL
148	NULL	148	NULL
200	200	200	200
PREHOOK: query: SELECT /*+ MAPJOIN(a) */ * FROM smb_input1 a JOIN smb_input2 b ON a.key <=> b.value ORDER BY a.key, a.value, b.key, b.value
PREHOOK: type: QUERY
PREHOOK: Input: default@smb_input1
PREHOOK: Input: default@smb_input2
#### A masked pattern was here ####
POSTHOOK: query: SELECT /*+ MAPJOIN(a) */ * FROM smb_input1 a JOIN smb_input2 b ON a.key <=> b.value ORDER BY a.key, a.value, b.key, b.value
POSTHOOK: type: QUERY
POSTHOOK: Input: default@smb_input1
POSTHOOK: Input: default@smb_input2
#### A masked pattern was here ####
NULL	NULL	NULL	NULL
NULL	NULL	NULL	NULL
NULL	NULL	NULL	NULL
NULL	NULL	NULL	NULL
NULL	NULL	10	NULL
NULL	NULL	10	NULL
NULL	NULL	48	NULL
NULL	NULL	48	NULL
NULL	NULL	110	NULL
NULL	NULL	110	NULL
NULL	NULL	148	NULL
NULL	NULL	148	NULL
NULL	10	NULL	NULL
NULL	10	NULL	NULL
NULL	10	10	NULL
NULL	10	48	NULL
NULL	10	110	NULL
NULL	10	148	NULL
NULL	35	NULL	NULL
NULL	35	NULL	NULL
NULL	35	10	NULL
NULL	35	48	NULL
NULL	35	110	NULL
NULL	35	148	NULL
NULL	110	NULL	NULL
NULL	110	NULL	NULL
NULL	110	10	NULL
NULL	110	48	NULL
NULL	110	110	NULL
NULL	110	148	NULL
NULL	135	NULL	NULL
NULL	135	NULL	NULL
NULL	135	10	NULL
NULL	135	48	NULL
NULL	135	110	NULL
NULL	135	148	NULL
10	NULL	NULL	10
100	100	100	100
110	NULL	NULL	110
200	200	200	200
PREHOOK: query: SELECT /*+ MAPJOIN(b) */ * FROM smb_input1 a JOIN smb_input2 b ON a.key <=> b.value ORDER BY a.key, a.value, b.key, b.value
PREHOOK: type: QUERY
PREHOOK: Input: default@smb_input1
PREHOOK: Input: default@smb_input2
#### A masked pattern was here ####
POSTHOOK: query: SELECT /*+ MAPJOIN(b) */ * FROM smb_input1 a JOIN smb_input2 b ON a.key <=> b.value ORDER BY a.key, a.value, b.key, b.value
POSTHOOK: type: QUERY
POSTHOOK: Input: default@smb_input1
POSTHOOK: Input: default@smb_input2
#### A masked pattern was here ####
NULL	NULL	NULL	NULL
NULL	NULL	NULL	NULL
NULL	NULL	NULL	NULL
NULL	NULL	NULL	NULL
NULL	NULL	10	NULL
NULL	NULL	10	NULL
NULL	NULL	48	NULL
NULL	NULL	48	NULL
NULL	NULL	110	NULL
NULL	NULL	110	NULL
NULL	NULL	148	NULL
NULL	NULL	148	NULL
NULL	10	NULL	NULL
NULL	10	NULL	NULL
NULL	10	10	NULL
NULL	10	48	NULL
NULL	10	110	NULL
NULL	10	148	NULL
NULL	35	NULL	NULL
NULL	35	NULL	NULL
NULL	35	10	NULL
NULL	35	48	NULL
NULL	35	110	NULL
NULL	35	148	NULL
NULL	110	NULL	NULL
NULL	110	NULL	NULL
NULL	110	10	NULL
NULL	110	48	NULL
NULL	110	110	NULL
NULL	110	148	NULL
NULL	135	NULL	NULL
NULL	135	NULL	NULL
NULL	135	10	NULL
NULL	135	48	NULL
NULL	135	110	NULL
NULL	135	148	NULL
10	NULL	NULL	10
100	100	100	100
110	NULL	NULL	110
200	200	200	200
PREHOOK: query: SELECT /*+ MAPJOIN(b) */ * FROM smb_input1 a LEFT OUTER JOIN smb_input2 b ON a.key <=> b.value ORDER BY a.key, a.value, b.key, b.value
PREHOOK: type: QUERY
PREHOOK: Input: default@smb_input1
PREHOOK: Input: default@smb_input2
#### A masked pattern was here ####
POSTHOOK: query: SELECT /*+ MAPJOIN(b) */ * FROM smb_input1 a LEFT OUTER JOIN smb_input2 b ON a.key <=> b.value ORDER BY a.key, a.value, b.key, b.value
POSTHOOK: type: QUERY
POSTHOOK: Input: default@smb_input1
POSTHOOK: Input: default@smb_input2
#### A masked pattern was here ####
NULL	NULL	NULL	NULL
NULL	NULL	NULL	NULL
NULL	NULL	NULL	NULL
NULL	NULL	NULL	NULL
NULL	NULL	10	NULL
NULL	NULL	10	NULL
NULL	NULL	48	NULL
NULL	NULL	48	NULL
NULL	NULL	110	NULL
NULL	NULL	110	NULL
NULL	NULL	148	NULL
NULL	NULL	148	NULL
NULL	10	NULL	NULL
NULL	10	NULL	NULL
NULL	10	10	NULL
NULL	10	48	NULL
NULL	10	110	NULL
NULL	10	148	NULL
NULL	35	NULL	NULL
NULL	35	NULL	NULL
NULL	35	10	NULL
NULL	35	48	NULL
NULL	35	110	NULL
NULL	35	148	NULL
NULL	110	NULL	NULL
NULL	110	NULL	NULL
NULL	110	10	NULL
NULL	110	48	NULL
NULL	110	110	NULL
NULL	110	148	NULL
NULL	135	NULL	NULL
NULL	135	NULL	NULL
NULL	135	10	NULL
NULL	135	48	NULL
NULL	135	110	NULL
NULL	135	148	NULL
10	NULL	NULL	10
48	NULL	NULL	NULL
100	100	100	100
110	NULL	NULL	110
148	NULL	NULL	NULL
200	200	200	200
PREHOOK: query: SELECT /*+ MAPJOIN(a) */ * FROM smb_input1 a RIGHT OUTER JOIN smb_input2 b ON a.key <=> b.value ORDER BY a.key, a.value, b.key, b.value
PREHOOK: type: QUERY
PREHOOK: Input: default@smb_input1
PREHOOK: Input: default@smb_input2
#### A masked pattern was here ####
POSTHOOK: query: SELECT /*+ MAPJOIN(a) */ * FROM smb_input1 a RIGHT OUTER JOIN smb_input2 b ON a.key <=> b.value ORDER BY a.key, a.value, b.key, b.value
POSTHOOK: type: QUERY
POSTHOOK: Input: default@smb_input1
POSTHOOK: Input: default@smb_input2
#### A masked pattern was here ####
NULL	NULL	NULL	NULL
NULL	NULL	NULL	NULL
NULL	NULL	NULL	NULL
NULL	NULL	NULL	NULL
NULL	NULL	NULL	35
NULL	NULL	NULL	135
NULL	NULL	10	NULL
NULL	NULL	10	NULL
NULL	NULL	48	NULL
NULL	NULL	48	NULL
NULL	NULL	110	NULL
NULL	NULL	110	NULL
NULL	NULL	148	NULL
NULL	NULL	148	NULL
NULL	10	NULL	NULL
NULL	10	NULL	NULL
NULL	10	10	NULL
NULL	10	48	NULL
NULL	10	110	NULL
NULL	10	148	NULL
NULL	35	NULL	NULL
NULL	35	NULL	NULL
NULL	35	10	NULL
NULL	35	48	NULL
NULL	35	110	NULL
NULL	35	148	NULL
NULL	110	NULL	NULL
NULL	110	NULL	NULL
NULL	110	10	NULL
NULL	110	48	NULL
NULL	110	110	NULL
NULL	110	148	NULL
NULL	135	NULL	NULL
NULL	135	NULL	NULL
NULL	135	10	NULL
NULL	135	48	NULL
NULL	135	110	NULL
NULL	135	148	NULL
10	NULL	NULL	10
100	100	100	100
110	NULL	NULL	110
200	200	200	200
PREHOOK: query: SELECT /*+ MAPJOIN(a) */ * FROM smb_input2 a JOIN smb_input2 b ON a.value <=> b.value ORDER BY a.key, a.value, b.key, b.value
PREHOOK: type: QUERY
PREHOOK: Input: default@smb_input2
#### A masked pattern was here ####
POSTHOOK: query: SELECT /*+ MAPJOIN(a) */ * FROM smb_input2 a JOIN smb_input2 b ON a.value <=> b.value ORDER BY a.key, a.value, b.key, b.value
POSTHOOK: type: QUERY
POSTHOOK: Input: default@smb_input2
#### A masked pattern was here ####
NULL	NULL	NULL	NULL
NULL	NULL	NULL	NULL
NULL	NULL	NULL	NULL
NULL	NULL	NULL	NULL
NULL	NULL	10	NULL
NULL	NULL	10	NULL
NULL	NULL	48	NULL
NULL	NULL	48	NULL
NULL	NULL	110	NULL
NULL	NULL	110	NULL
NULL	NULL	148	NULL
NULL	NULL	148	NULL
NULL	10	NULL	10
NULL	35	NULL	35
NULL	110	NULL	110
NULL	135	NULL	135
10	NULL	NULL	NULL
10	NULL	NULL	NULL
10	NULL	10	NULL
10	NULL	48	NULL
10	NULL	110	NULL
10	NULL	148	NULL
48	NULL	NULL	NULL
48	NULL	NULL	NULL
48	NULL	10	NULL
48	NULL	48	NULL
48	NULL	110	NULL
48	NULL	148	NULL
100	100	100	100
110	NULL	NULL	NULL
110	NULL	NULL	NULL
110	NULL	10	NULL
110	NULL	48	NULL
110	NULL	110	NULL
110	NULL	148	NULL
148	NULL	NULL	NULL
148	NULL	NULL	NULL
148	NULL	10	NULL
148	NULL	48	NULL
148	NULL	110	NULL
148	NULL	148	NULL
200	200	200	200
PREHOOK: query: SELECT /*+ MAPJOIN(a) */ * FROM smb_input2 a RIGHT OUTER JOIN smb_input2 b ON a.value <=> b.value ORDER BY a.key, a.value, b.key, b.value
PREHOOK: type: QUERY
PREHOOK: Input: default@smb_input2
#### A masked pattern was here ####
POSTHOOK: query: SELECT /*+ MAPJOIN(a) */ * FROM smb_input2 a RIGHT OUTER JOIN smb_input2 b ON a.value <=> b.value ORDER BY a.key, a.value, b.key, b.value
POSTHOOK: type: QUERY
POSTHOOK: Input: default@smb_input2
#### A masked pattern was here ####
NULL	NULL	NULL	NULL
NULL	NULL	NULL	NULL
NULL	NULL	NULL	NULL
NULL	NULL	NULL	NULL
NULL	NULL	10	NULL
NULL	NULL	10	NULL
NULL	NULL	48	NULL
NULL	NULL	48	NULL
NULL	NULL	110	NULL
NULL	NULL	110	NULL
NULL	NULL	148	NULL
NULL	NULL	148	NULL
NULL	10	NULL	10
NULL	35	NULL	35
NULL	110	NULL	110
NULL	135	NULL	135
10	NULL	NULL	NULL
10	NULL	NULL	NULL
10	NULL	10	NULL
10	NULL	48	NULL
10	NULL	110	NULL
10	NULL	148	NULL
48	NULL	NULL	NULL
48	NULL	NULL	NULL
48	NULL	10	NULL
48	NULL	48	NULL
48	NULL	110	NULL
48	NULL	148	NULL
100	100	100	100
110	NULL	NULL	NULL
110	NULL	NULL	NULL
110	NULL	10	NULL
110	NULL	48	NULL
110	NULL	110	NULL
110	NULL	148	NULL
148	NULL	NULL	NULL
148	NULL	NULL	NULL
148	NULL	10	NULL
148	NULL	48	NULL
148	NULL	110	NULL
148	NULL	148	NULL
200	200	200	200
PREHOOK: query: SELECT /*+ MAPJOIN(b) */ * FROM smb_input2 a JOIN smb_input2 b ON a.value <=> b.value ORDER BY a.key, a.value, b.key, b.value
PREHOOK: type: QUERY
PREHOOK: Input: default@smb_input2
#### A masked pattern was here ####
POSTHOOK: query: SELECT /*+ MAPJOIN(b) */ * FROM smb_input2 a JOIN smb_input2 b ON a.value <=> b.value ORDER BY a.key, a.value, b.key, b.value
POSTHOOK: type: QUERY
POSTHOOK: Input: default@smb_input2
#### A masked pattern was here ####
NULL	NULL	NULL	NULL
NULL	NULL	NULL	NULL
NULL	NULL	NULL	NULL
NULL	NULL	NULL	NULL
NULL	NULL	10	NULL
NULL	NULL	10	NULL
NULL	NULL	48	NULL
NULL	NULL	48	NULL
NULL	NULL	110	NULL
NULL	NULL	110	NULL
NULL	NULL	148	NULL
NULL	NULL	148	NULL
NULL	10	NULL	10
NULL	35	NULL	35
NULL	110	NULL	110
NULL	135	NULL	135
10	NULL	NULL	NULL
10	NULL	NULL	NULL
10	NULL	10	NULL
10	NULL	48	NULL
10	NULL	110	NULL
10	NULL	148	NULL
48	NULL	NULL	NULL
48	NULL	NULL	NULL
48	NULL	10	NULL
48	NULL	48	NULL
48	NULL	110	NULL
48	NULL	148	NULL
100	100	100	100
110	NULL	NULL	NULL
110	NULL	NULL	NULL
110	NULL	10	NULL
110	NULL	48	NULL
110	NULL	110	NULL
110	NULL	148	NULL
148	NULL	NULL	NULL
148	NULL	NULL	NULL
148	NULL	10	NULL
148	NULL	48	NULL
148	NULL	110	NULL
148	NULL	148	NULL
200	200	200	200
PREHOOK: query: SELECT /*+ MAPJOIN(b) */ * FROM smb_input2 a LEFT OUTER JOIN smb_input2 b ON a.value <=> b.value ORDER BY a.key, a.value, b.key, b.value
PREHOOK: type: QUERY
PREHOOK: Input: default@smb_input2
#### A masked pattern was here ####
POSTHOOK: query: SELECT /*+ MAPJOIN(b) */ * FROM smb_input2 a LEFT OUTER JOIN smb_input2 b ON a.value <=> b.value ORDER BY a.key, a.value, b.key, b.value
POSTHOOK: type: QUERY
POSTHOOK: Input: default@smb_input2
#### A masked pattern was here ####
NULL	NULL	NULL	NULL
NULL	NULL	NULL	NULL
NULL	NULL	NULL	NULL
NULL	NULL	NULL	NULL
NULL	NULL	10	NULL
NULL	NULL	10	NULL
NULL	NULL	48	NULL
NULL	NULL	48	NULL
NULL	NULL	110	NULL
NULL	NULL	110	NULL
NULL	NULL	148	NULL
NULL	NULL	148	NULL
NULL	10	NULL	10
NULL	35	NULL	35
NULL	110	NULL	110
NULL	135	NULL	135
10	NULL	NULL	NULL
10	NULL	NULL	NULL
10	NULL	10	NULL
10	NULL	48	NULL
10	NULL	110	NULL
10	NULL	148	NULL
48	NULL	NULL	NULL
48	NULL	NULL	NULL
48	NULL	10	NULL
48	NULL	48	NULL
48	NULL	110	NULL
48	NULL	148	NULL
100	100	100	100
110	NULL	NULL	NULL
110	NULL	NULL	NULL
110	NULL	10	NULL
110	NULL	48	NULL
110	NULL	110	NULL
110	NULL	148	NULL
148	NULL	NULL	NULL
148	NULL	NULL	NULL
148	NULL	10	NULL
148	NULL	48	NULL
148	NULL	110	NULL
148	NULL	148	NULL
200	200	200	200
PREHOOK: query: --HIVE-3315 join predicate transitive
explain select * from myinput1 a join myinput1 b on a.key<=>b.value AND a.key is NULL
PREHOOK: type: QUERY
POSTHOOK: query: --HIVE-3315 join predicate transitive
explain select * from myinput1 a join myinput1 b on a.key<=>b.value AND a.key is NULL
POSTHOOK: type: QUERY
STAGE DEPENDENCIES:
  Stage-1 is a root stage
  Stage-0 is a root stage

STAGE PLANS:
  Stage: Stage-1
    Map Reduce
      Map Operator Tree:
          TableScan
            alias: b
            Statistics: Num rows: 3 Data size: 26 Basic stats: COMPLETE Column stats: NONE
            Filter Operator
              predicate: value is null (type: boolean)
              Statistics: Num rows: 1 Data size: 8 Basic stats: COMPLETE Column stats: NONE
              Reduce Output Operator
                key expressions: value (type: int)
                sort order: +
                Map-reduce partition columns: value (type: int)
                Statistics: Num rows: 1 Data size: 8 Basic stats: COMPLETE Column stats: NONE
                value expressions: key (type: int), value (type: int)
          TableScan
            alias: a
            Statistics: Num rows: 3 Data size: 26 Basic stats: COMPLETE Column stats: NONE
            Filter Operator
              predicate: key is null (type: boolean)
              Statistics: Num rows: 1 Data size: 8 Basic stats: COMPLETE Column stats: NONE
              Reduce Output Operator
                key expressions: key (type: int)
                sort order: +
                Map-reduce partition columns: key (type: int)
                Statistics: Num rows: 1 Data size: 8 Basic stats: COMPLETE Column stats: NONE
                value expressions: key (type: int), value (type: int)
      Reduce Operator Tree:
        Join Operator
          condition map:
               Inner Join 0 to 1
          condition expressions:
            0 {VALUE._col0} {VALUE._col1}
            1 {VALUE._col0} {VALUE._col1}
          nullSafes: [true]
          outputColumnNames: _col0, _col1, _col4, _col5
          Statistics: Num rows: 1 Data size: 8 Basic stats: COMPLETE Column stats: NONE
          Select Operator
            expressions: _col0 (type: int), _col1 (type: int), _col4 (type: int), _col5 (type: int)
            outputColumnNames: _col0, _col1, _col2, _col3
            Statistics: Num rows: 1 Data size: 8 Basic stats: COMPLETE Column stats: NONE
            File Output Operator
              compressed: false
              Statistics: Num rows: 1 Data size: 8 Basic stats: COMPLETE Column stats: NONE
              table:
                  input format: org.apache.hadoop.mapred.TextInputFormat
                  output format: org.apache.hadoop.hive.ql.io.HiveIgnoreKeyTextOutputFormat
                  serde: org.apache.hadoop.hive.serde2.lazy.LazySimpleSerDe

  Stage: Stage-0
    Fetch Operator
      limit: -1

PREHOOK: query: select * from myinput1 a join myinput1 b on a.key<=>b.value AND a.key is NULL order by a.value ASC, b.key ASC
PREHOOK: type: QUERY
PREHOOK: Input: default@myinput1
#### A masked pattern was here ####
POSTHOOK: query: select * from myinput1 a join myinput1 b on a.key<=>b.value AND a.key is NULL order by a.value ASC, b.key ASC
POSTHOOK: type: QUERY
POSTHOOK: Input: default@myinput1
#### A masked pattern was here ####
NULL	NULL	NULL	NULL
NULL	NULL	10	NULL
NULL	NULL	48	NULL
NULL	10	NULL	NULL
NULL	10	10	NULL
NULL	10	48	NULL
NULL	35	NULL	NULL
NULL	35	10	NULL
NULL	35	48	NULL
