PREHOOK: query: -- SORT_BEFORE_DIFF

create table test_user (user string, `group` string)
PREHOOK: type: CREATETABLE
PREHOOK: Output: database:default
POSTHOOK: query: -- SORT_BEFORE_DIFF

create table test_user (user string, `group` string)
POSTHOOK: type: CREATETABLE
POSTHOOK: Output: database:default
POSTHOOK: Output: default@test_user
PREHOOK: query: grant select on table test_user to user hive_test
PREHOOK: type: GRANT_PRIVILEGE
PREHOOK: Output: default@test_user
POSTHOOK: query: grant select on table test_user to user hive_test
POSTHOOK: type: GRANT_PRIVILEGE
POSTHOOK: Output: default@test_user
PREHOOK: query: explain select user from test_user
PREHOOK: type: QUERY
POSTHOOK: query: explain select user from test_user
POSTHOOK: type: QUERY
STAGE DEPENDENCIES:
  Stage-1 is a root stage
  Stage-0 is a root stage

STAGE PLANS:
  Stage: Stage-1
    Map Reduce
      Map Operator Tree:
          TableScan
            alias: test_user
            Statistics: Num rows: 0 Data size: 0 Basic stats: NONE Column stats: NONE
            Select Operator
              expressions: user (type: string)
              outputColumnNames: _col0
              Statistics: Num rows: 0 Data size: 0 Basic stats: NONE Column stats: NONE
              File Output Operator
                compressed: false
                Statistics: Num rows: 0 Data size: 0 Basic stats: NONE Column stats: NONE
                table:
                    input format: org.apache.hadoop.mapred.TextInputFormat
                    output format: org.apache.hadoop.hive.ql.io.HiveIgnoreKeyTextOutputFormat
                    serde: org.apache.hadoop.hive.serde2.lazy.LazySimpleSerDe

  Stage: Stage-0
    Fetch Operator
      limit: -1

PREHOOK: query: show grant user hive_test on table test_user
PREHOOK: type: SHOW_GRANT
POSTHOOK: query: show grant user hive_test on table test_user
POSTHOOK: type: SHOW_GRANT
default	test_user			hive_test	USER	Select	false	-1	hive_test_user
PREHOOK: query: drop table test_user
PREHOOK: type: DROPTABLE
PREHOOK: Input: default@test_user
PREHOOK: Output: default@test_user
POSTHOOK: query: drop table test_user
POSTHOOK: type: DROPTABLE
POSTHOOK: Input: default@test_user
POSTHOOK: Output: default@test_user
PREHOOK: query: create table test_user (role string, `group` string)
PREHOOK: type: CREATETABLE
PREHOOK: Output: database:default
POSTHOOK: query: create table test_user (role string, `group` string)
POSTHOOK: type: CREATETABLE
POSTHOOK: Output: database:default
POSTHOOK: Output: default@test_user
PREHOOK: query: grant select on table test_user to user hive_test
PREHOOK: type: GRANT_PRIVILEGE
PREHOOK: Output: default@test_user
POSTHOOK: query: grant select on table test_user to user hive_test
POSTHOOK: type: GRANT_PRIVILEGE
POSTHOOK: Output: default@test_user
PREHOOK: query: explain select role from test_user
PREHOOK: type: QUERY
POSTHOOK: query: explain select role from test_user
POSTHOOK: type: QUERY
STAGE DEPENDENCIES:
  Stage-1 is a root stage
  Stage-0 is a root stage

STAGE PLANS:
  Stage: Stage-1
    Map Reduce
      Map Operator Tree:
          TableScan
            alias: test_user
            Statistics: Num rows: 0 Data size: 0 Basic stats: NONE Column stats: NONE
            Select Operator
              expressions: role (type: string)
              outputColumnNames: _col0
              Statistics: Num rows: 0 Data size: 0 Basic stats: NONE Column stats: NONE
              File Output Operator
                compressed: false
                Statistics: Num rows: 0 Data size: 0 Basic stats: NONE Column stats: NONE
                table:
                    input format: org.apache.hadoop.mapred.TextInputFormat
                    output format: org.apache.hadoop.hive.ql.io.HiveIgnoreKeyTextOutputFormat
                    serde: org.apache.hadoop.hive.serde2.lazy.LazySimpleSerDe

  Stage: Stage-0
    Fetch Operator
      limit: -1

PREHOOK: query: show grant user hive_test on table test_user
PREHOOK: type: SHOW_GRANT
POSTHOOK: query: show grant user hive_test on table test_user
POSTHOOK: type: SHOW_GRANT
default	test_user			hive_test	USER	Select	false	-1	hive_test_user
PREHOOK: query: drop table test_user
PREHOOK: type: DROPTABLE
PREHOOK: Input: default@test_user
PREHOOK: Output: default@test_user
POSTHOOK: query: drop table test_user
POSTHOOK: type: DROPTABLE
POSTHOOK: Input: default@test_user
POSTHOOK: Output: default@test_user
