PREHOOK: query: CREATE TABLE dest_l1(key INT, value STRING) STORED AS TEXTFILE
PREHOOK: type: CREATETABLE
PREHOOK: Output: database:default
POSTHOOK: query: CREATE TABLE dest_l1(key INT, value STRING) STORED AS TEXTFILE
POSTHOOK: type: CREATETABLE
POSTHOOK: Output: database:default
POSTHOOK: Output: default@dest_l1
PREHOOK: query: EXPLAIN
INSERT OVERWRITE TABLE dest_l1
SELECT j.*
FROM (SELECT t1.key, p1.value 
      FROM src1 t1 
      LEFT OUTER JOIN src p1
      ON (t1.key = p1.key)
      UNION ALL
      SELECT t2.key, p2.value
      FROM src1 t2
      LEFT OUTER JOIN src p2
      ON (t2.key = p2.key)) j
PREHOOK: type: QUERY
POSTHOOK: query: EXPLAIN
INSERT OVERWRITE TABLE dest_l1
SELECT j.*
FROM (SELECT t1.key, p1.value 
      FROM src1 t1 
      LEFT OUTER JOIN src p1
      ON (t1.key = p1.key)
      UNION ALL
      SELECT t2.key, p2.value
      FROM src1 t2
      LEFT OUTER JOIN src p2
      ON (t2.key = p2.key)) j
POSTHOOK: type: QUERY
STAGE DEPENDENCIES:
  Stage-1 is a root stage
  Stage-2 depends on stages: Stage-1, Stage-9
  Stage-8 depends on stages: Stage-2 , consists of Stage-5, Stage-4, Stage-6
  Stage-5
  Stage-0 depends on stages: Stage-5, Stage-4, Stage-7
  Stage-3 depends on stages: Stage-0
  Stage-4
  Stage-6
  Stage-7 depends on stages: Stage-6
  Stage-9 is a root stage

STAGE PLANS:
  Stage: Stage-1
    Map Reduce
      Map Operator Tree:
          TableScan
            alias: t1
            Statistics: Num rows: 2 Data size: 216 Basic stats: COMPLETE Column stats: NONE
            Reduce Output Operator
              key expressions: key (type: string)
              sort order: +
              Map-reduce partition columns: key (type: string)
              Statistics: Num rows: 2 Data size: 216 Basic stats: COMPLETE Column stats: NONE
              value expressions: key (type: string)
          TableScan
            alias: p1
            Statistics: Num rows: 29 Data size: 5812 Basic stats: COMPLETE Column stats: NONE
            Reduce Output Operator
              key expressions: key (type: string)
              sort order: +
              Map-reduce partition columns: key (type: string)
              Statistics: Num rows: 29 Data size: 5812 Basic stats: COMPLETE Column stats: NONE
              value expressions: value (type: string)
      Reduce Operator Tree:
        Join Operator
          condition map:
               Left Outer Join0 to 1
          condition expressions:
            0 {VALUE._col0}
            1 {VALUE._col1}
          outputColumnNames: _col0, _col5
          Statistics: Num rows: 31 Data size: 6393 Basic stats: COMPLETE Column stats: NONE
          Select Operator
            expressions: _col0 (type: string), _col5 (type: string)
            outputColumnNames: _col0, _col1
            Statistics: Num rows: 31 Data size: 6393 Basic stats: COMPLETE Column stats: NONE
            File Output Operator
              compressed: false
              table:
                  input format: org.apache.hadoop.mapred.SequenceFileInputFormat
                  output format: org.apache.hadoop.hive.ql.io.HiveSequenceFileOutputFormat
                  serde: org.apache.hadoop.hive.serde2.lazybinary.LazyBinarySerDe

  Stage: Stage-2
    Map Reduce
      Map Operator Tree:
          TableScan
            Union
              Statistics: Num rows: 62 Data size: 12786 Basic stats: COMPLETE Column stats: NONE
              Select Operator
                expressions: UDFToInteger(_col0) (type: int), _col1 (type: string)
                outputColumnNames: _col0, _col1
                Statistics: Num rows: 62 Data size: 12786 Basic stats: COMPLETE Column stats: NONE
                File Output Operator
                  compressed: false
                  Statistics: Num rows: 62 Data size: 12786 Basic stats: COMPLETE Column stats: NONE
                  table:
                      input format: org.apache.hadoop.mapred.TextInputFormat
                      output format: org.apache.hadoop.hive.ql.io.HiveIgnoreKeyTextOutputFormat
                      serde: org.apache.hadoop.hive.serde2.lazy.LazySimpleSerDe
                      name: default.dest_l1
          TableScan
            Union
              Statistics: Num rows: 62 Data size: 12786 Basic stats: COMPLETE Column stats: NONE
              Select Operator
                expressions: UDFToInteger(_col0) (type: int), _col1 (type: string)
                outputColumnNames: _col0, _col1
                Statistics: Num rows: 62 Data size: 12786 Basic stats: COMPLETE Column stats: NONE
                File Output Operator
                  compressed: false
                  Statistics: Num rows: 62 Data size: 12786 Basic stats: COMPLETE Column stats: NONE
                  table:
                      input format: org.apache.hadoop.mapred.TextInputFormat
                      output format: org.apache.hadoop.hive.ql.io.HiveIgnoreKeyTextOutputFormat
                      serde: org.apache.hadoop.hive.serde2.lazy.LazySimpleSerDe
                      name: default.dest_l1

  Stage: Stage-8
    Conditional Operator

  Stage: Stage-5
    Move Operator
      files:
          hdfs directory: true
#### A masked pattern was here ####

  Stage: Stage-0
    Move Operator
      tables:
          replace: true
          table:
              input format: org.apache.hadoop.mapred.TextInputFormat
              output format: org.apache.hadoop.hive.ql.io.HiveIgnoreKeyTextOutputFormat
              serde: org.apache.hadoop.hive.serde2.lazy.LazySimpleSerDe
              name: default.dest_l1

  Stage: Stage-3
    Stats-Aggr Operator

  Stage: Stage-4
    Map Reduce
      Map Operator Tree:
          TableScan
            File Output Operator
              compressed: false
              table:
                  input format: org.apache.hadoop.mapred.TextInputFormat
                  output format: org.apache.hadoop.hive.ql.io.HiveIgnoreKeyTextOutputFormat
                  serde: org.apache.hadoop.hive.serde2.lazy.LazySimpleSerDe
                  name: default.dest_l1

  Stage: Stage-6
    Map Reduce
      Map Operator Tree:
          TableScan
            File Output Operator
              compressed: false
              table:
                  input format: org.apache.hadoop.mapred.TextInputFormat
                  output format: org.apache.hadoop.hive.ql.io.HiveIgnoreKeyTextOutputFormat
                  serde: org.apache.hadoop.hive.serde2.lazy.LazySimpleSerDe
                  name: default.dest_l1

  Stage: Stage-7
    Move Operator
      files:
          hdfs directory: true
#### A masked pattern was here ####

  Stage: Stage-9
    Map Reduce
      Map Operator Tree:
          TableScan
            alias: p2
            Statistics: Num rows: 29 Data size: 5812 Basic stats: COMPLETE Column stats: NONE
            Reduce Output Operator
              key expressions: key (type: string)
              sort order: +
              Map-reduce partition columns: key (type: string)
              Statistics: Num rows: 29 Data size: 5812 Basic stats: COMPLETE Column stats: NONE
              value expressions: value (type: string)
          TableScan
            alias: t2
            Statistics: Num rows: 2 Data size: 216 Basic stats: COMPLETE Column stats: NONE
            Reduce Output Operator
              key expressions: key (type: string)
              sort order: +
              Map-reduce partition columns: key (type: string)
              Statistics: Num rows: 2 Data size: 216 Basic stats: COMPLETE Column stats: NONE
              value expressions: key (type: string)
      Reduce Operator Tree:
        Join Operator
          condition map:
               Left Outer Join0 to 1
          condition expressions:
            0 {VALUE._col0}
            1 {VALUE._col1}
          outputColumnNames: _col0, _col5
          Statistics: Num rows: 31 Data size: 6393 Basic stats: COMPLETE Column stats: NONE
          Select Operator
            expressions: _col0 (type: string), _col5 (type: string)
            outputColumnNames: _col0, _col1
            Statistics: Num rows: 31 Data size: 6393 Basic stats: COMPLETE Column stats: NONE
            File Output Operator
              compressed: false
              table:
                  input format: org.apache.hadoop.mapred.SequenceFileInputFormat
                  output format: org.apache.hadoop.hive.ql.io.HiveSequenceFileOutputFormat
                  serde: org.apache.hadoop.hive.serde2.lazybinary.LazyBinarySerDe

PREHOOK: query: INSERT OVERWRITE TABLE dest_l1
SELECT j.*
FROM (SELECT t1.key, p1.value
      FROM src1 t1
      LEFT OUTER JOIN src p1
      ON (t1.key = p1.key)
      UNION ALL
      SELECT t2.key, p2.value
      FROM src1 t2
      LEFT OUTER JOIN src p2
      ON (t2.key = p2.key)) j
PREHOOK: type: QUERY
PREHOOK: Input: default@src
PREHOOK: Input: default@src1
PREHOOK: Output: default@dest_l1
POSTHOOK: query: INSERT OVERWRITE TABLE dest_l1
SELECT j.*
FROM (SELECT t1.key, p1.value
      FROM src1 t1
      LEFT OUTER JOIN src p1
      ON (t1.key = p1.key)
      UNION ALL
      SELECT t2.key, p2.value
      FROM src1 t2
      LEFT OUTER JOIN src p2
      ON (t2.key = p2.key)) j
POSTHOOK: type: QUERY
POSTHOOK: Input: default@src
POSTHOOK: Input: default@src1
POSTHOOK: Output: default@dest_l1
POSTHOOK: Lineage: dest_l1.key EXPRESSION [(src1)t1.FieldSchema(name:key, type:string, comment:default), (src1)t2.FieldSchema(name:key, type:string, comment:default), ]
POSTHOOK: Lineage: dest_l1.value EXPRESSION [(src)p2.FieldSchema(name:value, type:string, comment:default), (src)p1.FieldSchema(name:value, type:string, comment:default), ]
