PREHOOK: query: -- EXCLUDE_OS_WINDOWS
-- excluded on windows because of difference in file name encoding logic

create table if not exists nzhang_part14 (key string) 
  partitioned by (value string)
PREHOOK: type: CREATETABLE
PREHOOK: Output: database:default
POSTHOOK: query: -- EXCLUDE_OS_WINDOWS
-- excluded on windows because of difference in file name encoding logic

create table if not exists nzhang_part14 (key string) 
  partitioned by (value string)
POSTHOOK: type: CREATETABLE
POSTHOOK: Output: database:default
POSTHOOK: Output: default@nzhang_part14
PREHOOK: query: describe extended nzhang_part14
PREHOOK: type: DESCTABLE
PREHOOK: Input: default@nzhang_part14
POSTHOOK: query: describe extended nzhang_part14
POSTHOOK: type: DESCTABLE
POSTHOOK: Input: default@nzhang_part14
key                 	string              	                    
value               	string              	                    
	 	 
# Partition Information	 	 
# col_name            	data_type           	comment             
	 	 
value               	string              	                    
	 	 
#### A masked pattern was here ####
PREHOOK: query: explain
insert overwrite table nzhang_part14 partition(value) 
select key, value from (
  select 'k1' as key, cast(null as string) as value from src limit 2
  union all
  select 'k2' as key, '' as value from src limit 2
  union all 
  select 'k3' as key, ' ' as value from src limit 2
) T
PREHOOK: type: QUERY
POSTHOOK: query: explain
insert overwrite table nzhang_part14 partition(value) 
select key, value from (
  select 'k1' as key, cast(null as string) as value from src limit 2
  union all
  select 'k2' as key, '' as value from src limit 2
  union all 
  select 'k3' as key, ' ' as value from src limit 2
) T
POSTHOOK: type: QUERY
STAGE DEPENDENCIES:
  Stage-1 is a root stage
  Stage-2 depends on stages: Stage-1, Stage-4, Stage-5
  Stage-0 depends on stages: Stage-2
  Stage-3 depends on stages: Stage-0
  Stage-4 is a root stage
  Stage-5 is a root stage

STAGE PLANS:
  Stage: Stage-1
    Map Reduce
      Map Operator Tree:
          TableScan
            alias: src
            Statistics: Num rows: 0 Data size: 5812 Basic stats: PARTIAL Column stats: COMPLETE
            Select Operator
              expressions: 'k2' (type: string), '' (type: string)
              outputColumnNames: _col0, _col1
              Statistics: Num rows: 0 Data size: 5812 Basic stats: PARTIAL Column stats: COMPLETE
              Limit
                Number of rows: 2
                Statistics: Num rows: 0 Data size: 5812 Basic stats: PARTIAL Column stats: COMPLETE
                Reduce Output Operator
                  sort order: 
                  Statistics: Num rows: 0 Data size: 5812 Basic stats: PARTIAL Column stats: COMPLETE
                  value expressions: _col0 (type: string), _col1 (type: string)
      Reduce Operator Tree:
        Extract
          Statistics: Num rows: 0 Data size: 5812 Basic stats: PARTIAL Column stats: COMPLETE
          Limit
            Number of rows: 2
            Statistics: Num rows: 0 Data size: 5812 Basic stats: PARTIAL Column stats: COMPLETE
            File Output Operator
              compressed: false
              table:
                  input format: org.apache.hadoop.mapred.SequenceFileInputFormat
                  output format: org.apache.hadoop.hive.ql.io.HiveSequenceFileOutputFormat
                  serde: org.apache.hadoop.hive.serde2.lazybinary.LazyBinarySerDe

  Stage: Stage-2
    Map Reduce
      Map Operator Tree:
          TableScan
            Union
              Statistics: Num rows: 0 Data size: 17436 Basic stats: PARTIAL Column stats: COMPLETE
              Select Operator
                expressions: _col0 (type: string), _col1 (type: string)
                outputColumnNames: _col0, _col1
                Statistics: Num rows: 0 Data size: 17436 Basic stats: PARTIAL Column stats: COMPLETE
                Reduce Output Operator
                  key expressions: _col1 (type: string)
                  sort order: +
                  Map-reduce partition columns: _col1 (type: string)
                  Statistics: Num rows: 0 Data size: 17436 Basic stats: PARTIAL Column stats: COMPLETE
                  value expressions: _col0 (type: string), _col1 (type: string)
          TableScan
            Union
              Statistics: Num rows: 0 Data size: 17436 Basic stats: PARTIAL Column stats: COMPLETE
              Select Operator
                expressions: _col0 (type: string), _col1 (type: string)
                outputColumnNames: _col0, _col1
                Statistics: Num rows: 0 Data size: 17436 Basic stats: PARTIAL Column stats: COMPLETE
                Reduce Output Operator
                  key expressions: _col1 (type: string)
                  sort order: +
                  Map-reduce partition columns: _col1 (type: string)
                  Statistics: Num rows: 0 Data size: 17436 Basic stats: PARTIAL Column stats: COMPLETE
                  value expressions: _col0 (type: string), _col1 (type: string)
          TableScan
            Union
              Statistics: Num rows: 0 Data size: 17436 Basic stats: PARTIAL Column stats: COMPLETE
              Select Operator
                expressions: _col0 (type: string), _col1 (type: string)
                outputColumnNames: _col0, _col1
                Statistics: Num rows: 0 Data size: 17436 Basic stats: PARTIAL Column stats: COMPLETE
                Reduce Output Operator
                  key expressions: _col1 (type: string)
                  sort order: +
                  Map-reduce partition columns: _col1 (type: string)
                  Statistics: Num rows: 0 Data size: 17436 Basic stats: PARTIAL Column stats: COMPLETE
                  value expressions: _col0 (type: string), _col1 (type: string)
      Reduce Operator Tree:
        Extract
          Statistics: Num rows: 0 Data size: 17436 Basic stats: PARTIAL Column stats: COMPLETE
          Select Operator
            expressions: _col0 (type: string), _col1 (type: string)
            outputColumnNames: _col0, _col1
            Statistics: Num rows: 0 Data size: 17436 Basic stats: PARTIAL Column stats: COMPLETE
            File Output Operator
              compressed: false
              Statistics: Num rows: 0 Data size: 17436 Basic stats: PARTIAL Column stats: COMPLETE
              table:
                  input format: org.apache.hadoop.mapred.TextInputFormat
                  output format: org.apache.hadoop.hive.ql.io.HiveIgnoreKeyTextOutputFormat
                  serde: org.apache.hadoop.hive.serde2.lazy.LazySimpleSerDe
                  name: default.nzhang_part14

  Stage: Stage-0
    Move Operator
      tables:
          partition:
            value 
          replace: true
          table:
              input format: org.apache.hadoop.mapred.TextInputFormat
              output format: org.apache.hadoop.hive.ql.io.HiveIgnoreKeyTextOutputFormat
              serde: org.apache.hadoop.hive.serde2.lazy.LazySimpleSerDe
              name: default.nzhang_part14

  Stage: Stage-3
    Stats-Aggr Operator

  Stage: Stage-4
    Map Reduce
      Map Operator Tree:
          TableScan
            alias: src
            Statistics: Num rows: 0 Data size: 5812 Basic stats: PARTIAL Column stats: COMPLETE
            Select Operator
              expressions: 'k3' (type: string), ' ' (type: string)
              outputColumnNames: _col0, _col1
              Statistics: Num rows: 0 Data size: 5812 Basic stats: PARTIAL Column stats: COMPLETE
              Limit
                Number of rows: 2
                Statistics: Num rows: 0 Data size: 5812 Basic stats: PARTIAL Column stats: COMPLETE
                Reduce Output Operator
                  sort order: 
                  Statistics: Num rows: 0 Data size: 5812 Basic stats: PARTIAL Column stats: COMPLETE
                  value expressions: _col0 (type: string), _col1 (type: string)
      Reduce Operator Tree:
        Extract
          Statistics: Num rows: 0 Data size: 5812 Basic stats: PARTIAL Column stats: COMPLETE
          Limit
            Number of rows: 2
            Statistics: Num rows: 0 Data size: 5812 Basic stats: PARTIAL Column stats: COMPLETE
            File Output Operator
              compressed: false
              table:
                  input format: org.apache.hadoop.mapred.SequenceFileInputFormat
                  output format: org.apache.hadoop.hive.ql.io.HiveSequenceFileOutputFormat
                  serde: org.apache.hadoop.hive.serde2.lazybinary.LazyBinarySerDe

  Stage: Stage-5
    Map Reduce
      Map Operator Tree:
          TableScan
            alias: src
            Statistics: Num rows: 0 Data size: 5812 Basic stats: PARTIAL Column stats: COMPLETE
            Select Operator
              expressions: 'k1' (type: string), UDFToString(null) (type: string)
              outputColumnNames: _col0, _col1
              Statistics: Num rows: 0 Data size: 5812 Basic stats: PARTIAL Column stats: COMPLETE
              Limit
                Number of rows: 2
                Statistics: Num rows: 0 Data size: 5812 Basic stats: PARTIAL Column stats: COMPLETE
                Reduce Output Operator
                  sort order: 
                  Statistics: Num rows: 0 Data size: 5812 Basic stats: PARTIAL Column stats: COMPLETE
                  value expressions: _col0 (type: string), _col1 (type: string)
      Reduce Operator Tree:
        Extract
          Statistics: Num rows: 0 Data size: 5812 Basic stats: PARTIAL Column stats: COMPLETE
          Limit
            Number of rows: 2
            Statistics: Num rows: 0 Data size: 5812 Basic stats: PARTIAL Column stats: COMPLETE
            File Output Operator
              compressed: false
              table:
                  input format: org.apache.hadoop.mapred.SequenceFileInputFormat
                  output format: org.apache.hadoop.hive.ql.io.HiveSequenceFileOutputFormat
                  serde: org.apache.hadoop.hive.serde2.lazybinary.LazyBinarySerDe

PREHOOK: query: insert overwrite table nzhang_part14 partition(value) 
select key, value from (
  select 'k1' as key, cast(null as string) as value from src limit 2
  union all
  select 'k2' as key, '' as value from src limit 2
  union all 
  select 'k3' as key, ' ' as value from src limit 2
) T
PREHOOK: type: QUERY
PREHOOK: Input: default@src
PREHOOK: Output: default@nzhang_part14
POSTHOOK: query: insert overwrite table nzhang_part14 partition(value) 
select key, value from (
  select 'k1' as key, cast(null as string) as value from src limit 2
  union all
  select 'k2' as key, '' as value from src limit 2
  union all 
  select 'k3' as key, ' ' as value from src limit 2
) T
POSTHOOK: type: QUERY
POSTHOOK: Input: default@src
POSTHOOK: Output: default@nzhang_part14@value= 
POSTHOOK: Output: default@nzhang_part14@value=__HIVE_DEFAULT_PARTITION__
POSTHOOK: Lineage: nzhang_part14 PARTITION(value= ).key EXPRESSION []
POSTHOOK: Lineage: nzhang_part14 PARTITION(value=__HIVE_DEFAULT_PARTITION__).key EXPRESSION []
PREHOOK: query: show partitions nzhang_part14
PREHOOK: type: SHOWPARTITIONS
PREHOOK: Input: default@nzhang_part14
POSTHOOK: query: show partitions nzhang_part14
POSTHOOK: type: SHOWPARTITIONS
POSTHOOK: Input: default@nzhang_part14
POSTHOOK: Lineage: nzhang_part14 PARTITION(value= ).key EXPRESSION []
POSTHOOK: Lineage: nzhang_part14 PARTITION(value=__HIVE_DEFAULT_PARTITION__).key EXPRESSION []
value= 
value=__HIVE_DEFAULT_PARTITION__
PREHOOK: query: select * from nzhang_part14 where value <> 'a'
order by key, value
PREHOOK: type: QUERY
PREHOOK: Input: default@nzhang_part14
PREHOOK: Input: default@nzhang_part14@value= 
PREHOOK: Input: default@nzhang_part14@value=__HIVE_DEFAULT_PARTITION__
#### A masked pattern was here ####
POSTHOOK: query: select * from nzhang_part14 where value <> 'a'
order by key, value
POSTHOOK: type: QUERY
POSTHOOK: Input: default@nzhang_part14
POSTHOOK: Input: default@nzhang_part14@value= 
POSTHOOK: Input: default@nzhang_part14@value=__HIVE_DEFAULT_PARTITION__
#### A masked pattern was here ####
POSTHOOK: Lineage: nzhang_part14 PARTITION(value= ).key EXPRESSION []
POSTHOOK: Lineage: nzhang_part14 PARTITION(value=__HIVE_DEFAULT_PARTITION__).key EXPRESSION []
k1	__HIVE_DEFAULT_PARTITION__
k1	__HIVE_DEFAULT_PARTITION__
k2	__HIVE_DEFAULT_PARTITION__
k2	__HIVE_DEFAULT_PARTITION__
k3	 
k3	 
