PREHOOK: query: SELECT  /*+ MAPJOIN(b) */ sum(a.key) as sum_a
    FROM srcpart a
    JOIN src b ON a.key = b.key where a.ds is not null
PREHOOK: type: QUERY
PREHOOK: Input: default@src
PREHOOK: Input: default@srcpart
PREHOOK: Input: default@srcpart@ds=2008-04-08/hr=11
PREHOOK: Input: default@srcpart@ds=2008-04-08/hr=12
PREHOOK: Input: default@srcpart@ds=2008-04-09/hr=11
PREHOOK: Input: default@srcpart@ds=2008-04-09/hr=12
#### A masked pattern was here ####
POSTHOOK: query: SELECT  /*+ MAPJOIN(b) */ sum(a.key) as sum_a
    FROM srcpart a
    JOIN src b ON a.key = b.key where a.ds is not null
POSTHOOK: type: QUERY
POSTHOOK: Input: default@src
POSTHOOK: Input: default@srcpart
POSTHOOK: Input: default@srcpart@ds=2008-04-08/hr=11
POSTHOOK: Input: default@srcpart@ds=2008-04-08/hr=12
POSTHOOK: Input: default@srcpart@ds=2008-04-09/hr=11
POSTHOOK: Input: default@srcpart@ds=2008-04-09/hr=12
#### A masked pattern was here ####
1114788.0
PREHOOK: query: -- const filter on outer join
EXPLAIN
SELECT /*+ MAPJOIN(a) */ * FROM src a RIGHT OUTER JOIN src b on a.key=b.key AND true limit 10
PREHOOK: type: QUERY
POSTHOOK: query: -- const filter on outer join
EXPLAIN
SELECT /*+ MAPJOIN(a) */ * FROM src a RIGHT OUTER JOIN src b on a.key=b.key AND true limit 10
POSTHOOK: type: QUERY
STAGE DEPENDENCIES:
  Stage-3 is a root stage
  Stage-1 depends on stages: Stage-3
  Stage-0 is a root stage

STAGE PLANS:
  Stage: Stage-3
    Map Reduce Local Work
      Alias -> Map Local Tables:
        a 
          Fetch Operator
            limit: -1
      Alias -> Map Local Operator Tree:
        a 
          TableScan
            alias: a
            Statistics: Num rows: 29 Data size: 5812 Basic stats: COMPLETE Column stats: NONE
            HashTable Sink Operator
              condition expressions:
                0 {key} {value}
                1 {key} {value}
              filter predicates:
                0 
                1 {true}
              keys:
                0 key (type: string)
                1 key (type: string)

  Stage: Stage-1
    Map Reduce
      Map Operator Tree:
          TableScan
            alias: b
            Statistics: Num rows: 29 Data size: 5812 Basic stats: COMPLETE Column stats: NONE
            Map Join Operator
              condition map:
                   Right Outer Join0 to 1
              condition expressions:
                0 {key} {value}
                1 {key} {value}
              filter predicates:
                0 
                1 {true}
              keys:
                0 key (type: string)
                1 key (type: string)
              outputColumnNames: _col0, _col1, _col4, _col5
              Statistics: Num rows: 31 Data size: 6393 Basic stats: COMPLETE Column stats: NONE
              Select Operator
                expressions: _col0 (type: string), _col1 (type: string), _col4 (type: string), _col5 (type: string)
                outputColumnNames: _col0, _col1, _col2, _col3
                Statistics: Num rows: 31 Data size: 6393 Basic stats: COMPLETE Column stats: NONE
                Limit
                  Number of rows: 10
                  Statistics: Num rows: 10 Data size: 2060 Basic stats: COMPLETE Column stats: NONE
                  File Output Operator
                    compressed: false
                    Statistics: Num rows: 10 Data size: 2060 Basic stats: COMPLETE Column stats: NONE
                    table:
                        input format: org.apache.hadoop.mapred.TextInputFormat
                        output format: org.apache.hadoop.hive.ql.io.HiveIgnoreKeyTextOutputFormat
                        serde: org.apache.hadoop.hive.serde2.lazy.LazySimpleSerDe
      Local Work:
        Map Reduce Local Work

  Stage: Stage-0
    Fetch Operator
      limit: 10

PREHOOK: query: SELECT /*+ MAPJOIN(a) */ * FROM src a RIGHT OUTER JOIN src b on a.key=b.key AND true limit 10
PREHOOK: type: QUERY
PREHOOK: Input: default@src
#### A masked pattern was here ####
POSTHOOK: query: SELECT /*+ MAPJOIN(a) */ * FROM src a RIGHT OUTER JOIN src b on a.key=b.key AND true limit 10
POSTHOOK: type: QUERY
POSTHOOK: Input: default@src
#### A masked pattern was here ####
238	val_238	238	val_238
238	val_238	238	val_238
86	val_86	86	val_86
311	val_311	311	val_311
311	val_311	311	val_311
311	val_311	311	val_311
27	val_27	27	val_27
165	val_165	165	val_165
165	val_165	165	val_165
409	val_409	409	val_409
PREHOOK: query: -- func filter on outer join
EXPLAIN
SELECT /*+ MAPJOIN(a) */ * FROM src a RIGHT OUTER JOIN src b on a.key=b.key AND b.key * 10 < '1000' limit 10
PREHOOK: type: QUERY
POSTHOOK: query: -- func filter on outer join
EXPLAIN
SELECT /*+ MAPJOIN(a) */ * FROM src a RIGHT OUTER JOIN src b on a.key=b.key AND b.key * 10 < '1000' limit 10
POSTHOOK: type: QUERY
STAGE DEPENDENCIES:
  Stage-3 is a root stage
  Stage-1 depends on stages: Stage-3
  Stage-0 is a root stage

STAGE PLANS:
  Stage: Stage-3
    Map Reduce Local Work
      Alias -> Map Local Tables:
        a 
          Fetch Operator
            limit: -1
      Alias -> Map Local Operator Tree:
        a 
          TableScan
            alias: a
            Statistics: Num rows: 29 Data size: 5812 Basic stats: COMPLETE Column stats: NONE
            HashTable Sink Operator
              condition expressions:
                0 {key} {value}
                1 {key} {value}
              filter predicates:
                0 
                1 {((key * 10) < '1000')}
              keys:
                0 key (type: string)
                1 key (type: string)

  Stage: Stage-1
    Map Reduce
      Map Operator Tree:
          TableScan
            alias: b
            Statistics: Num rows: 29 Data size: 5812 Basic stats: COMPLETE Column stats: NONE
            Map Join Operator
              condition map:
                   Right Outer Join0 to 1
              condition expressions:
                0 {key} {value}
                1 {key} {value}
              filter predicates:
                0 
                1 {((key * 10) < '1000')}
              keys:
                0 key (type: string)
                1 key (type: string)
              outputColumnNames: _col0, _col1, _col4, _col5
              Statistics: Num rows: 31 Data size: 6393 Basic stats: COMPLETE Column stats: NONE
              Select Operator
                expressions: _col0 (type: string), _col1 (type: string), _col4 (type: string), _col5 (type: string)
                outputColumnNames: _col0, _col1, _col2, _col3
                Statistics: Num rows: 31 Data size: 6393 Basic stats: COMPLETE Column stats: NONE
                Limit
                  Number of rows: 10
                  Statistics: Num rows: 10 Data size: 2060 Basic stats: COMPLETE Column stats: NONE
                  File Output Operator
                    compressed: false
                    Statistics: Num rows: 10 Data size: 2060 Basic stats: COMPLETE Column stats: NONE
                    table:
                        input format: org.apache.hadoop.mapred.TextInputFormat
                        output format: org.apache.hadoop.hive.ql.io.HiveIgnoreKeyTextOutputFormat
                        serde: org.apache.hadoop.hive.serde2.lazy.LazySimpleSerDe
      Local Work:
        Map Reduce Local Work

  Stage: Stage-0
    Fetch Operator
      limit: 10

PREHOOK: query: SELECT /*+ MAPJOIN(a) */ * FROM src a RIGHT OUTER JOIN src b on a.key=b.key AND b.key * 10 < '1000' limit 10
PREHOOK: type: QUERY
PREHOOK: Input: default@src
#### A masked pattern was here ####
POSTHOOK: query: SELECT /*+ MAPJOIN(a) */ * FROM src a RIGHT OUTER JOIN src b on a.key=b.key AND b.key * 10 < '1000' limit 10
POSTHOOK: type: QUERY
POSTHOOK: Input: default@src
#### A masked pattern was here ####
NULL	NULL	238	val_238
86	val_86	86	val_86
NULL	NULL	311	val_311
27	val_27	27	val_27
NULL	NULL	165	val_165
NULL	NULL	409	val_409
NULL	NULL	255	val_255
NULL	NULL	278	val_278
98	val_98	98	val_98
98	val_98	98	val_98
PREHOOK: query: -- field filter on outer join
EXPLAIN
SELECT /*+ MAPJOIN(a) */ * FROM src a RIGHT OUTER JOIN
    (select key, named_struct('key', key, 'value', value) as kv from src) b on a.key=b.key AND b.kv.key > 200 limit 10
PREHOOK: type: QUERY
POSTHOOK: query: -- field filter on outer join
EXPLAIN
SELECT /*+ MAPJOIN(a) */ * FROM src a RIGHT OUTER JOIN
    (select key, named_struct('key', key, 'value', value) as kv from src) b on a.key=b.key AND b.kv.key > 200 limit 10
POSTHOOK: type: QUERY
STAGE DEPENDENCIES:
  Stage-3 is a root stage
  Stage-1 depends on stages: Stage-3
  Stage-0 is a root stage

STAGE PLANS:
  Stage: Stage-3
    Map Reduce Local Work
      Alias -> Map Local Tables:
        a 
          Fetch Operator
            limit: -1
      Alias -> Map Local Operator Tree:
        a 
          TableScan
            alias: a
            Statistics: Num rows: 29 Data size: 5812 Basic stats: COMPLETE Column stats: NONE
            HashTable Sink Operator
              condition expressions:
                0 {key} {value}
                1 {_col0} {_col1}
              filter predicates:
                0 
                1 {(_col1.key > 200)}
              keys:
                0 key (type: string)
                1 _col0 (type: string)

  Stage: Stage-1
    Map Reduce
      Map Operator Tree:
          TableScan
            alias: src
            Statistics: Num rows: 29 Data size: 5812 Basic stats: COMPLETE Column stats: NONE
            Select Operator
              expressions: key (type: string), named_struct('key',key,'value',value) (type: struct<key:string,value:string>)
              outputColumnNames: _col0, _col1
              Statistics: Num rows: 29 Data size: 5812 Basic stats: COMPLETE Column stats: NONE
              Map Join Operator
                condition map:
                     Right Outer Join0 to 1
                condition expressions:
                  0 {key} {value}
                  1 {_col0} {_col1}
                filter predicates:
                  0 
                  1 {(_col1.key > 200)}
                keys:
                  0 key (type: string)
                  1 _col0 (type: string)
                outputColumnNames: _col0, _col1, _col4, _col5
                Statistics: Num rows: 31 Data size: 6393 Basic stats: COMPLETE Column stats: NONE
                Select Operator
                  expressions: _col0 (type: string), _col1 (type: string), _col4 (type: string), _col5 (type: struct<key:string,value:string>)
                  outputColumnNames: _col0, _col1, _col2, _col3
                  Statistics: Num rows: 31 Data size: 6393 Basic stats: COMPLETE Column stats: NONE
                  Limit
                    Number of rows: 10
                    Statistics: Num rows: 10 Data size: 2060 Basic stats: COMPLETE Column stats: NONE
                    File Output Operator
                      compressed: false
                      Statistics: Num rows: 10 Data size: 2060 Basic stats: COMPLETE Column stats: NONE
                      table:
                          input format: org.apache.hadoop.mapred.TextInputFormat
                          output format: org.apache.hadoop.hive.ql.io.HiveIgnoreKeyTextOutputFormat
                          serde: org.apache.hadoop.hive.serde2.lazy.LazySimpleSerDe
      Local Work:
        Map Reduce Local Work

  Stage: Stage-0
    Fetch Operator
      limit: 10

PREHOOK: query: SELECT /*+ MAPJOIN(a) */ * FROM src a RIGHT OUTER JOIN
    (select key, named_struct('key', key, 'value', value) as kv from src) b on a.key=b.key AND b.kv.key > 200 limit 10
PREHOOK: type: QUERY
PREHOOK: Input: default@src
#### A masked pattern was here ####
POSTHOOK: query: SELECT /*+ MAPJOIN(a) */ * FROM src a RIGHT OUTER JOIN
    (select key, named_struct('key', key, 'value', value) as kv from src) b on a.key=b.key AND b.kv.key > 200 limit 10
POSTHOOK: type: QUERY
POSTHOOK: Input: default@src
#### A masked pattern was here ####
238	val_238	238	{"key":"238","value":"val_238"}
238	val_238	238	{"key":"238","value":"val_238"}
NULL	NULL	86	{"key":"86","value":"val_86"}
311	val_311	311	{"key":"311","value":"val_311"}
311	val_311	311	{"key":"311","value":"val_311"}
311	val_311	311	{"key":"311","value":"val_311"}
NULL	NULL	27	{"key":"27","value":"val_27"}
NULL	NULL	165	{"key":"165","value":"val_165"}
409	val_409	409	{"key":"409","value":"val_409"}
409	val_409	409	{"key":"409","value":"val_409"}
PREHOOK: query: EXPLAIN
SELECT /*+ MAPJOIN(a) */ * FROM src a RIGHT OUTER JOIN src b on a.key=b.key AND true limit 10
PREHOOK: type: QUERY
POSTHOOK: query: EXPLAIN
SELECT /*+ MAPJOIN(a) */ * FROM src a RIGHT OUTER JOIN src b on a.key=b.key AND true limit 10
POSTHOOK: type: QUERY
STAGE DEPENDENCIES:
  Stage-3 is a root stage
  Stage-1 depends on stages: Stage-3
  Stage-0 is a root stage

STAGE PLANS:
  Stage: Stage-3
    Map Reduce Local Work
      Alias -> Map Local Tables:
        a 
          Fetch Operator
            limit: -1
      Alias -> Map Local Operator Tree:
        a 
          TableScan
            alias: a
            Statistics: Num rows: 29 Data size: 5812 Basic stats: COMPLETE Column stats: NONE
            Filter Operator
              predicate: true (type: boolean)
              Statistics: Num rows: 0 Data size: 0 Basic stats: NONE Column stats: NONE
              HashTable Sink Operator
                condition expressions:
                  0 {key} {value}
                  1 {key} {value}
                keys:
                  0 key (type: string)
                  1 key (type: string)

  Stage: Stage-1
    Map Reduce
      Map Operator Tree:
          TableScan
            alias: b
            Statistics: Num rows: 29 Data size: 5812 Basic stats: COMPLETE Column stats: NONE
            Filter Operator
              predicate: true (type: boolean)
              Statistics: Num rows: 0 Data size: 0 Basic stats: NONE Column stats: NONE
              Map Join Operator
                condition map:
                     Right Outer Join0 to 1
                condition expressions:
                  0 {key} {value}
                  1 {key} {value}
                keys:
                  0 key (type: string)
                  1 key (type: string)
                outputColumnNames: _col0, _col1, _col4, _col5
                Statistics: Num rows: 0 Data size: 0 Basic stats: NONE Column stats: NONE
                Select Operator
                  expressions: _col0 (type: string), _col1 (type: string), _col4 (type: string), _col5 (type: string)
                  outputColumnNames: _col0, _col1, _col2, _col3
                  Statistics: Num rows: 0 Data size: 0 Basic stats: NONE Column stats: NONE
                  Limit
                    Number of rows: 10
                    Statistics: Num rows: 0 Data size: 0 Basic stats: NONE Column stats: NONE
                    File Output Operator
                      compressed: false
                      Statistics: Num rows: 0 Data size: 0 Basic stats: NONE Column stats: NONE
                      table:
                          input format: org.apache.hadoop.mapred.TextInputFormat
                          output format: org.apache.hadoop.hive.ql.io.HiveIgnoreKeyTextOutputFormat
                          serde: org.apache.hadoop.hive.serde2.lazy.LazySimpleSerDe
      Local Work:
        Map Reduce Local Work

  Stage: Stage-0
    Fetch Operator
      limit: 10

PREHOOK: query: SELECT /*+ MAPJOIN(a) */ * FROM src a RIGHT OUTER JOIN src b on a.key=b.key AND true limit 10
PREHOOK: type: QUERY
PREHOOK: Input: default@src
#### A masked pattern was here ####
POSTHOOK: query: SELECT /*+ MAPJOIN(a) */ * FROM src a RIGHT OUTER JOIN src b on a.key=b.key AND true limit 10
POSTHOOK: type: QUERY
POSTHOOK: Input: default@src
#### A masked pattern was here ####
238	val_238	238	val_238
238	val_238	238	val_238
86	val_86	86	val_86
311	val_311	311	val_311
311	val_311	311	val_311
311	val_311	311	val_311
27	val_27	27	val_27
165	val_165	165	val_165
165	val_165	165	val_165
409	val_409	409	val_409
PREHOOK: query: EXPLAIN
SELECT /*+ MAPJOIN(a) */ * FROM src a RIGHT OUTER JOIN src b on a.key=b.key AND b.key * 10 < '1000' limit 10
PREHOOK: type: QUERY
POSTHOOK: query: EXPLAIN
SELECT /*+ MAPJOIN(a) */ * FROM src a RIGHT OUTER JOIN src b on a.key=b.key AND b.key * 10 < '1000' limit 10
POSTHOOK: type: QUERY
STAGE DEPENDENCIES:
  Stage-3 is a root stage
  Stage-1 depends on stages: Stage-3
  Stage-0 is a root stage

STAGE PLANS:
  Stage: Stage-3
    Map Reduce Local Work
      Alias -> Map Local Tables:
        a 
          Fetch Operator
            limit: -1
      Alias -> Map Local Operator Tree:
        a 
          TableScan
            alias: a
            Statistics: Num rows: 29 Data size: 5812 Basic stats: COMPLETE Column stats: NONE
            Filter Operator
              predicate: ((key * 10) < '1000') (type: boolean)
              Statistics: Num rows: 9 Data size: 1803 Basic stats: COMPLETE Column stats: NONE
              HashTable Sink Operator
                condition expressions:
                  0 {key} {value}
                  1 {key} {value}
                keys:
                  0 key (type: string)
                  1 key (type: string)

  Stage: Stage-1
    Map Reduce
      Map Operator Tree:
          TableScan
            alias: b
            Statistics: Num rows: 29 Data size: 5812 Basic stats: COMPLETE Column stats: NONE
            Filter Operator
              predicate: ((key * 10) < '1000') (type: boolean)
              Statistics: Num rows: 9 Data size: 1803 Basic stats: COMPLETE Column stats: NONE
              Map Join Operator
                condition map:
                     Right Outer Join0 to 1
                condition expressions:
                  0 {key} {value}
                  1 {key} {value}
                keys:
                  0 key (type: string)
                  1 key (type: string)
                outputColumnNames: _col0, _col1, _col4, _col5
                Statistics: Num rows: 9 Data size: 1983 Basic stats: COMPLETE Column stats: NONE
                Select Operator
                  expressions: _col0 (type: string), _col1 (type: string), _col4 (type: string), _col5 (type: string)
                  outputColumnNames: _col0, _col1, _col2, _col3
                  Statistics: Num rows: 9 Data size: 1983 Basic stats: COMPLETE Column stats: NONE
                  Limit
                    Number of rows: 10
                    Statistics: Num rows: 9 Data size: 1983 Basic stats: COMPLETE Column stats: NONE
                    File Output Operator
                      compressed: false
                      Statistics: Num rows: 9 Data size: 1983 Basic stats: COMPLETE Column stats: NONE
                      table:
                          input format: org.apache.hadoop.mapred.TextInputFormat
                          output format: org.apache.hadoop.hive.ql.io.HiveIgnoreKeyTextOutputFormat
                          serde: org.apache.hadoop.hive.serde2.lazy.LazySimpleSerDe
      Local Work:
        Map Reduce Local Work

  Stage: Stage-0
    Fetch Operator
      limit: 10

PREHOOK: query: SELECT /*+ MAPJOIN(a) */ * FROM src a RIGHT OUTER JOIN src b on a.key=b.key AND b.key * 10 < '1000' limit 10
PREHOOK: type: QUERY
PREHOOK: Input: default@src
#### A masked pattern was here ####
POSTHOOK: query: SELECT /*+ MAPJOIN(a) */ * FROM src a RIGHT OUTER JOIN src b on a.key=b.key AND b.key * 10 < '1000' limit 10
POSTHOOK: type: QUERY
POSTHOOK: Input: default@src
#### A masked pattern was here ####
86	val_86	86	val_86
27	val_27	27	val_27
98	val_98	98	val_98
98	val_98	98	val_98
66	val_66	66	val_66
37	val_37	37	val_37
37	val_37	37	val_37
15	val_15	15	val_15
15	val_15	15	val_15
82	val_82	82	val_82
PREHOOK: query: EXPLAIN
SELECT /*+ MAPJOIN(a) */ * FROM src a RIGHT OUTER JOIN
    (select key, named_struct('key', key, 'value', value) as kv from src) b on a.key=b.key AND b.kv.key > 200 limit 10
PREHOOK: type: QUERY
POSTHOOK: query: EXPLAIN
SELECT /*+ MAPJOIN(a) */ * FROM src a RIGHT OUTER JOIN
    (select key, named_struct('key', key, 'value', value) as kv from src) b on a.key=b.key AND b.kv.key > 200 limit 10
POSTHOOK: type: QUERY
STAGE DEPENDENCIES:
  Stage-3 is a root stage
  Stage-1 depends on stages: Stage-3
  Stage-0 is a root stage

STAGE PLANS:
  Stage: Stage-3
    Map Reduce Local Work
      Alias -> Map Local Tables:
        a 
          Fetch Operator
            limit: -1
      Alias -> Map Local Operator Tree:
        a 
          TableScan
            alias: a
            Statistics: Num rows: 29 Data size: 5812 Basic stats: COMPLETE Column stats: NONE
            HashTable Sink Operator
              condition expressions:
                0 {key} {value}
                1 {_col0} {_col1}
              keys:
                0 key (type: string)
                1 _col0 (type: string)

  Stage: Stage-1
    Map Reduce
      Map Operator Tree:
          TableScan
            alias: src
            Statistics: Num rows: 29 Data size: 5812 Basic stats: COMPLETE Column stats: NONE
            Select Operator
              expressions: key (type: string), named_struct('key',key,'value',value) (type: struct<key:string,value:string>)
              outputColumnNames: _col0, _col1
              Statistics: Num rows: 29 Data size: 5812 Basic stats: COMPLETE Column stats: NONE
              Filter Operator
                predicate: (_col1.key > 200) (type: boolean)
                Statistics: Num rows: 9 Data size: 1803 Basic stats: COMPLETE Column stats: NONE
                Map Join Operator
                  condition map:
                       Right Outer Join0 to 1
                  condition expressions:
                    0 {key} {value}
                    1 {_col0} {_col1}
                  keys:
                    0 key (type: string)
                    1 _col0 (type: string)
                  outputColumnNames: _col0, _col1, _col4, _col5
                  Statistics: Num rows: 31 Data size: 6393 Basic stats: COMPLETE Column stats: NONE
                  Select Operator
                    expressions: _col0 (type: string), _col1 (type: string), _col4 (type: string), _col5 (type: struct<key:string,value:string>)
                    outputColumnNames: _col0, _col1, _col2, _col3
                    Statistics: Num rows: 31 Data size: 6393 Basic stats: COMPLETE Column stats: NONE
                    Limit
                      Number of rows: 10
                      Statistics: Num rows: 10 Data size: 2060 Basic stats: COMPLETE Column stats: NONE
                      File Output Operator
                        compressed: false
                        Statistics: Num rows: 10 Data size: 2060 Basic stats: COMPLETE Column stats: NONE
                        table:
                            input format: org.apache.hadoop.mapred.TextInputFormat
                            output format: org.apache.hadoop.hive.ql.io.HiveIgnoreKeyTextOutputFormat
                            serde: org.apache.hadoop.hive.serde2.lazy.LazySimpleSerDe
      Local Work:
        Map Reduce Local Work

  Stage: Stage-0
    Fetch Operator
      limit: 10

PREHOOK: query: SELECT /*+ MAPJOIN(a) */ * FROM src a RIGHT OUTER JOIN
    (select key, named_struct('key', key, 'value', value) as kv from src) b on a.key=b.key AND b.kv.key > 200 limit 10
PREHOOK: type: QUERY
PREHOOK: Input: default@src
#### A masked pattern was here ####
POSTHOOK: query: SELECT /*+ MAPJOIN(a) */ * FROM src a RIGHT OUTER JOIN
    (select key, named_struct('key', key, 'value', value) as kv from src) b on a.key=b.key AND b.kv.key > 200 limit 10
POSTHOOK: type: QUERY
POSTHOOK: Input: default@src
#### A masked pattern was here ####
238	val_238	238	{"key":"238","value":"val_238"}
238	val_238	238	{"key":"238","value":"val_238"}
311	val_311	311	{"key":"311","value":"val_311"}
311	val_311	311	{"key":"311","value":"val_311"}
311	val_311	311	{"key":"311","value":"val_311"}
409	val_409	409	{"key":"409","value":"val_409"}
409	val_409	409	{"key":"409","value":"val_409"}
409	val_409	409	{"key":"409","value":"val_409"}
255	val_255	255	{"key":"255","value":"val_255"}
255	val_255	255	{"key":"255","value":"val_255"}
