PREHOOK: query: create table a (val1 int, val2 int)
PREHOOK: type: CREATETABLE
PREHOOK: Output: database:default
POSTHOOK: query: create table a (val1 int, val2 int)
POSTHOOK: type: CREATETABLE
POSTHOOK: Output: database:default
POSTHOOK: Output: default@a
PREHOOK: query: create table b (val1 int, val2 int)
PREHOOK: type: CREATETABLE
PREHOOK: Output: database:default
POSTHOOK: query: create table b (val1 int, val2 int)
POSTHOOK: type: CREATETABLE
POSTHOOK: Output: database:default
POSTHOOK: Output: default@b
PREHOOK: query: create table c (val1 int, val2 int)
PREHOOK: type: CREATETABLE
PREHOOK: Output: database:default
POSTHOOK: query: create table c (val1 int, val2 int)
POSTHOOK: type: CREATETABLE
POSTHOOK: Output: database:default
POSTHOOK: Output: default@c
PREHOOK: query: create table d (val1 int, val2 int)
PREHOOK: type: CREATETABLE
PREHOOK: Output: database:default
POSTHOOK: query: create table d (val1 int, val2 int)
POSTHOOK: type: CREATETABLE
POSTHOOK: Output: database:default
POSTHOOK: Output: default@d
PREHOOK: query: create table e (val1 int, val2 int)
PREHOOK: type: CREATETABLE
PREHOOK: Output: database:default
POSTHOOK: query: create table e (val1 int, val2 int)
POSTHOOK: type: CREATETABLE
POSTHOOK: Output: database:default
POSTHOOK: Output: default@e
PREHOOK: query: explain select * from a join b on a.val1=b.val1 join c on a.val1=c.val1 join d on a.val1=d.val1 join e on a.val2=e.val2
PREHOOK: type: QUERY
POSTHOOK: query: explain select * from a join b on a.val1=b.val1 join c on a.val1=c.val1 join d on a.val1=d.val1 join e on a.val2=e.val2
POSTHOOK: type: QUERY
STAGE DEPENDENCIES:
  Stage-1 is a root stage
  Stage-2 depends on stages: Stage-1
  Stage-0 is a root stage

STAGE PLANS:
  Stage: Stage-1
    Map Reduce
      Map Operator Tree:
          TableScan
            alias: d
            Statistics: Num rows: 0 Data size: 0 Basic stats: NONE Column stats: NONE
            Reduce Output Operator
              key expressions: val1 (type: int)
              sort order: +
              Map-reduce partition columns: val1 (type: int)
              Statistics: Num rows: 0 Data size: 0 Basic stats: NONE Column stats: NONE
              value expressions: val1 (type: int), val2 (type: int)
          TableScan
            alias: b
            Statistics: Num rows: 0 Data size: 0 Basic stats: NONE Column stats: NONE
            Reduce Output Operator
              key expressions: val1 (type: int)
              sort order: +
              Map-reduce partition columns: val1 (type: int)
              Statistics: Num rows: 0 Data size: 0 Basic stats: NONE Column stats: NONE
              value expressions: val1 (type: int), val2 (type: int)
          TableScan
            alias: c
            Statistics: Num rows: 0 Data size: 0 Basic stats: NONE Column stats: NONE
            Reduce Output Operator
              key expressions: val1 (type: int)
              sort order: +
              Map-reduce partition columns: val1 (type: int)
              Statistics: Num rows: 0 Data size: 0 Basic stats: NONE Column stats: NONE
              value expressions: val1 (type: int), val2 (type: int)
          TableScan
            alias: a
            Statistics: Num rows: 0 Data size: 0 Basic stats: NONE Column stats: NONE
            Reduce Output Operator
              key expressions: val1 (type: int)
              sort order: +
              Map-reduce partition columns: val1 (type: int)
              Statistics: Num rows: 0 Data size: 0 Basic stats: NONE Column stats: NONE
              value expressions: val1 (type: int), val2 (type: int)
      Reduce Operator Tree:
        Join Operator
          condition map:
               Inner Join 0 to 1
               Inner Join 0 to 2
               Inner Join 0 to 3
          condition expressions:
            0 {VALUE._col0} {VALUE._col1}
            1 {VALUE._col0} {VALUE._col1}
            2 {VALUE._col0} {VALUE._col1}
            3 {VALUE._col0} {VALUE._col1}
          outputColumnNames: _col0, _col1, _col4, _col5, _col8, _col9, _col12, _col13
          Statistics: Num rows: 0 Data size: 0 Basic stats: NONE Column stats: NONE
          File Output Operator
            compressed: false
            table:
                input format: org.apache.hadoop.mapred.SequenceFileInputFormat
                output format: org.apache.hadoop.hive.ql.io.HiveSequenceFileOutputFormat
                serde: org.apache.hadoop.hive.serde2.lazybinary.LazyBinarySerDe

  Stage: Stage-2
    Map Reduce
      Map Operator Tree:
          TableScan
            Reduce Output Operator
              key expressions: _col1 (type: int)
              sort order: +
              Map-reduce partition columns: _col1 (type: int)
              Statistics: Num rows: 0 Data size: 0 Basic stats: NONE Column stats: NONE
              value expressions: _col12 (type: int), _col13 (type: int), _col4 (type: int), _col5 (type: int), _col8 (type: int), _col9 (type: int), _col0 (type: int), _col1 (type: int)
          TableScan
            alias: e
            Statistics: Num rows: 0 Data size: 0 Basic stats: NONE Column stats: NONE
            Reduce Output Operator
              key expressions: val2 (type: int)
              sort order: +
              Map-reduce partition columns: val2 (type: int)
              Statistics: Num rows: 0 Data size: 0 Basic stats: NONE Column stats: NONE
              value expressions: val1 (type: int), val2 (type: int)
      Reduce Operator Tree:
        Join Operator
          condition map:
               Inner Join 0 to 1
          condition expressions:
            0 {VALUE._col0} {VALUE._col1} {VALUE._col4} {VALUE._col5} {VALUE._col8} {VALUE._col9} {VALUE._col12} {VALUE._col13}
            1 {VALUE._col0} {VALUE._col1}
          outputColumnNames: _col0, _col1, _col4, _col5, _col8, _col9, _col12, _col13, _col16, _col17
          Statistics: Num rows: 0 Data size: 0 Basic stats: NONE Column stats: NONE
          Select Operator
            expressions: _col12 (type: int), _col13 (type: int), _col4 (type: int), _col5 (type: int), _col8 (type: int), _col9 (type: int), _col0 (type: int), _col1 (type: int), _col16 (type: int), _col17 (type: int)
            outputColumnNames: _col0, _col1, _col2, _col3, _col4, _col5, _col6, _col7, _col8, _col9
            Statistics: Num rows: 0 Data size: 0 Basic stats: NONE Column stats: NONE
            File Output Operator
              compressed: false
              Statistics: Num rows: 0 Data size: 0 Basic stats: NONE Column stats: NONE
              table:
                  input format: org.apache.hadoop.mapred.TextInputFormat
                  output format: org.apache.hadoop.hive.ql.io.HiveIgnoreKeyTextOutputFormat
                  serde: org.apache.hadoop.hive.serde2.lazy.LazySimpleSerDe

  Stage: Stage-0
    Fetch Operator
      limit: -1

PREHOOK: query: --HIVE-3070 filter on outer join condition removed while merging join tree
explain select * from src a join src b on a.key=b.key left outer join src c on b.key=c.key and b.key<10
PREHOOK: type: QUERY
POSTHOOK: query: --HIVE-3070 filter on outer join condition removed while merging join tree
explain select * from src a join src b on a.key=b.key left outer join src c on b.key=c.key and b.key<10
POSTHOOK: type: QUERY
STAGE DEPENDENCIES:
  Stage-1 is a root stage
  Stage-0 is a root stage

STAGE PLANS:
  Stage: Stage-1
    Map Reduce
      Map Operator Tree:
          TableScan
            alias: b
            Statistics: Num rows: 29 Data size: 5812 Basic stats: COMPLETE Column stats: NONE
            Reduce Output Operator
              key expressions: key (type: string)
              sort order: +
              Map-reduce partition columns: key (type: string)
              Statistics: Num rows: 29 Data size: 5812 Basic stats: COMPLETE Column stats: NONE
              value expressions: key (type: string), value (type: string)
          TableScan
            alias: c
            Statistics: Num rows: 29 Data size: 5812 Basic stats: COMPLETE Column stats: NONE
            Reduce Output Operator
              key expressions: key (type: string)
              sort order: +
              Map-reduce partition columns: key (type: string)
              Statistics: Num rows: 29 Data size: 5812 Basic stats: COMPLETE Column stats: NONE
              value expressions: key (type: string), value (type: string)
          TableScan
            alias: a
            Statistics: Num rows: 29 Data size: 5812 Basic stats: COMPLETE Column stats: NONE
            Reduce Output Operator
              key expressions: key (type: string)
              sort order: +
              Map-reduce partition columns: key (type: string)
              Statistics: Num rows: 29 Data size: 5812 Basic stats: COMPLETE Column stats: NONE
              value expressions: key (type: string), value (type: string)
      Reduce Operator Tree:
        Join Operator
          condition map:
               Inner Join 0 to 1
               Left Outer Join1 to 2
          condition expressions:
            0 {VALUE._col0} {VALUE._col1}
            1 {VALUE._col0} {VALUE._col1}
            2 {VALUE._col0} {VALUE._col1}
          filter predicates:
            0 
            1 {(VALUE._col0 < 10)}
            2 
          outputColumnNames: _col0, _col1, _col4, _col5, _col8, _col9
          Statistics: Num rows: 63 Data size: 12786 Basic stats: COMPLETE Column stats: NONE
          Select Operator
            expressions: _col0 (type: string), _col1 (type: string), _col4 (type: string), _col5 (type: string), _col8 (type: string), _col9 (type: string)
            outputColumnNames: _col0, _col1, _col2, _col3, _col4, _col5
            Statistics: Num rows: 63 Data size: 12786 Basic stats: COMPLETE Column stats: NONE
            File Output Operator
              compressed: false
              Statistics: Num rows: 63 Data size: 12786 Basic stats: COMPLETE Column stats: NONE
              table:
                  input format: org.apache.hadoop.mapred.TextInputFormat
                  output format: org.apache.hadoop.hive.ql.io.HiveIgnoreKeyTextOutputFormat
                  serde: org.apache.hadoop.hive.serde2.lazy.LazySimpleSerDe

  Stage: Stage-0
    Fetch Operator
      limit: -1

