PREHOOK: query: -- backward compatible (minimal)
explain select * from src limit 10
PREHOOK: type: QUERY
POSTHOOK: query: -- backward compatible (minimal)
explain select * from src limit 10
POSTHOOK: type: QUERY
STAGE DEPENDENCIES:
  Stage-0 is a root stage

STAGE PLANS:
  Stage: Stage-0
    Fetch Operator
      limit: 10
      Processor Tree:
        TableScan
          alias: src
          Statistics: Num rows: 29 Data size: 5812 Basic stats: COMPLETE Column stats: NONE
          Select Operator
            expressions: key (type: string), value (type: string)
            outputColumnNames: _col0, _col1
            Statistics: Num rows: 29 Data size: 5812 Basic stats: COMPLETE Column stats: NONE
            Limit
              Number of rows: 10
              Statistics: Num rows: 10 Data size: 2000 Basic stats: COMPLETE Column stats: NONE
              ListSink

PREHOOK: query: select * from src limit 10
PREHOOK: type: QUERY
PREHOOK: Input: default@src
#### A masked pattern was here ####
POSTHOOK: query: select * from src limit 10
POSTHOOK: type: QUERY
POSTHOOK: Input: default@src
#### A masked pattern was here ####
238	val_238
86	val_86
311	val_311
27	val_27
165	val_165
409	val_409
255	val_255
278	val_278
98	val_98
484	val_484
PREHOOK: query: explain select * from srcpart where ds='2008-04-08' AND hr='11' limit 10
PREHOOK: type: QUERY
POSTHOOK: query: explain select * from srcpart where ds='2008-04-08' AND hr='11' limit 10
POSTHOOK: type: QUERY
STAGE DEPENDENCIES:
  Stage-0 is a root stage

STAGE PLANS:
  Stage: Stage-0
    Fetch Operator
      limit: 10
      Processor Tree:
        TableScan
          alias: srcpart
          Statistics: Num rows: 29 Data size: 5812 Basic stats: COMPLETE Column stats: NONE
          Select Operator
            expressions: key (type: string), value (type: string), ds (type: string), hr (type: string)
            outputColumnNames: _col0, _col1, _col2, _col3
            Statistics: Num rows: 29 Data size: 5812 Basic stats: COMPLETE Column stats: NONE
            Limit
              Number of rows: 10
              Statistics: Num rows: 10 Data size: 2000 Basic stats: COMPLETE Column stats: NONE
              ListSink

PREHOOK: query: select * from srcpart where ds='2008-04-08' AND hr='11' limit 10
PREHOOK: type: QUERY
PREHOOK: Input: default@srcpart
PREHOOK: Input: default@srcpart@ds=2008-04-08/hr=11
#### A masked pattern was here ####
POSTHOOK: query: select * from srcpart where ds='2008-04-08' AND hr='11' limit 10
POSTHOOK: type: QUERY
POSTHOOK: Input: default@srcpart
POSTHOOK: Input: default@srcpart@ds=2008-04-08/hr=11
#### A masked pattern was here ####
238	val_238	2008-04-08	11
86	val_86	2008-04-08	11
311	val_311	2008-04-08	11
27	val_27	2008-04-08	11
165	val_165	2008-04-08	11
409	val_409	2008-04-08	11
255	val_255	2008-04-08	11
278	val_278	2008-04-08	11
98	val_98	2008-04-08	11
484	val_484	2008-04-08	11
PREHOOK: query: -- negative, select expression
explain select key from src limit 10
PREHOOK: type: QUERY
POSTHOOK: query: -- negative, select expression
explain select key from src limit 10
POSTHOOK: type: QUERY
STAGE DEPENDENCIES:
  Stage-1 is a root stage
  Stage-0 is a root stage

STAGE PLANS:
  Stage: Stage-1
    Map Reduce
      Map Operator Tree:
          TableScan
            alias: src
            Statistics: Num rows: 58 Data size: 5812 Basic stats: COMPLETE Column stats: NONE
            Select Operator
              expressions: key (type: string)
              outputColumnNames: _col0
              Statistics: Num rows: 58 Data size: 5812 Basic stats: COMPLETE Column stats: NONE
              Limit
                Number of rows: 10
                Statistics: Num rows: 10 Data size: 1000 Basic stats: COMPLETE Column stats: NONE
                File Output Operator
                  compressed: false
                  Statistics: Num rows: 10 Data size: 1000 Basic stats: COMPLETE Column stats: NONE
                  table:
                      input format: org.apache.hadoop.mapred.TextInputFormat
                      output format: org.apache.hadoop.hive.ql.io.HiveIgnoreKeyTextOutputFormat
                      serde: org.apache.hadoop.hive.serde2.lazy.LazySimpleSerDe

  Stage: Stage-0
    Fetch Operator
      limit: 10

PREHOOK: query: select key from src limit 10
PREHOOK: type: QUERY
PREHOOK: Input: default@src
#### A masked pattern was here ####
POSTHOOK: query: select key from src limit 10
POSTHOOK: type: QUERY
POSTHOOK: Input: default@src
#### A masked pattern was here ####
238
86
311
27
165
409
255
278
98
484
PREHOOK: query: -- negative, filter on non-partition column
explain select * from srcpart where key > 100 limit 10
PREHOOK: type: QUERY
POSTHOOK: query: -- negative, filter on non-partition column
explain select * from srcpart where key > 100 limit 10
POSTHOOK: type: QUERY
STAGE DEPENDENCIES:
  Stage-1 is a root stage
  Stage-0 is a root stage

STAGE PLANS:
  Stage: Stage-1
    Map Reduce
      Map Operator Tree:
          TableScan
            alias: srcpart
            Statistics: Num rows: 116 Data size: 23248 Basic stats: COMPLETE Column stats: NONE
            Filter Operator
              predicate: (key > 100) (type: boolean)
              Statistics: Num rows: 38 Data size: 7615 Basic stats: COMPLETE Column stats: NONE
              Select Operator
                expressions: key (type: string), value (type: string), ds (type: string), hr (type: string)
                outputColumnNames: _col0, _col1, _col2, _col3
                Statistics: Num rows: 38 Data size: 7615 Basic stats: COMPLETE Column stats: NONE
                Limit
                  Number of rows: 10
                  Statistics: Num rows: 10 Data size: 2000 Basic stats: COMPLETE Column stats: NONE
                  File Output Operator
                    compressed: false
                    Statistics: Num rows: 10 Data size: 2000 Basic stats: COMPLETE Column stats: NONE
                    table:
                        input format: org.apache.hadoop.mapred.TextInputFormat
                        output format: org.apache.hadoop.hive.ql.io.HiveIgnoreKeyTextOutputFormat
                        serde: org.apache.hadoop.hive.serde2.lazy.LazySimpleSerDe

  Stage: Stage-0
    Fetch Operator
      limit: 10

PREHOOK: query: select * from srcpart where key > 100 limit 10
PREHOOK: type: QUERY
PREHOOK: Input: default@srcpart
PREHOOK: Input: default@srcpart@ds=2008-04-08/hr=11
PREHOOK: Input: default@srcpart@ds=2008-04-08/hr=12
PREHOOK: Input: default@srcpart@ds=2008-04-09/hr=11
PREHOOK: Input: default@srcpart@ds=2008-04-09/hr=12
#### A masked pattern was here ####
POSTHOOK: query: select * from srcpart where key > 100 limit 10
POSTHOOK: type: QUERY
POSTHOOK: Input: default@srcpart
POSTHOOK: Input: default@srcpart@ds=2008-04-08/hr=11
POSTHOOK: Input: default@srcpart@ds=2008-04-08/hr=12
POSTHOOK: Input: default@srcpart@ds=2008-04-09/hr=11
POSTHOOK: Input: default@srcpart@ds=2008-04-09/hr=12
#### A masked pattern was here ####
238	val_238	2008-04-08	11
311	val_311	2008-04-08	11
165	val_165	2008-04-08	11
409	val_409	2008-04-08	11
255	val_255	2008-04-08	11
278	val_278	2008-04-08	11
484	val_484	2008-04-08	11
265	val_265	2008-04-08	11
193	val_193	2008-04-08	11
401	val_401	2008-04-08	11
PREHOOK: query: -- negative, table sampling
explain select * from src TABLESAMPLE (0.25 PERCENT) limit 10
PREHOOK: type: QUERY
POSTHOOK: query: -- negative, table sampling
explain select * from src TABLESAMPLE (0.25 PERCENT) limit 10
POSTHOOK: type: QUERY
STAGE DEPENDENCIES:
  Stage-1 is a root stage
  Stage-0 is a root stage

STAGE PLANS:
  Stage: Stage-1
    Map Reduce
      Map Operator Tree:
          TableScan
            alias: src
            Statistics: Num rows: 29 Data size: 5812 Basic stats: COMPLETE Column stats: NONE
            Select Operator
              expressions: key (type: string), value (type: string)
              outputColumnNames: _col0, _col1
              Statistics: Num rows: 29 Data size: 5812 Basic stats: COMPLETE Column stats: NONE
              Limit
                Number of rows: 10
                Statistics: Num rows: 10 Data size: 2000 Basic stats: COMPLETE Column stats: NONE
                File Output Operator
                  compressed: false
                  Statistics: Num rows: 10 Data size: 2000 Basic stats: COMPLETE Column stats: NONE
                  table:
                      input format: org.apache.hadoop.mapred.TextInputFormat
                      output format: org.apache.hadoop.hive.ql.io.HiveIgnoreKeyTextOutputFormat
                      serde: org.apache.hadoop.hive.serde2.lazy.LazySimpleSerDe

  Stage: Stage-0
    Fetch Operator
      limit: 10

PREHOOK: query: select * from src TABLESAMPLE (0.25 PERCENT) limit 10
PREHOOK: type: QUERY
PREHOOK: Input: default@src
#### A masked pattern was here ####
POSTHOOK: query: select * from src TABLESAMPLE (0.25 PERCENT) limit 10
POSTHOOK: type: QUERY
POSTHOOK: Input: default@src
#### A masked pattern was here ####
238	val_238
86	val_86
311	val_311
27	val_27
165	val_165
409	val_409
255	val_255
278	val_278
98	val_98
484	val_484
PREHOOK: query: -- backward compatible (more)
explain select * from src limit 10
PREHOOK: type: QUERY
POSTHOOK: query: -- backward compatible (more)
explain select * from src limit 10
POSTHOOK: type: QUERY
STAGE DEPENDENCIES:
  Stage-0 is a root stage

STAGE PLANS:
  Stage: Stage-0
    Fetch Operator
      limit: 10
      Processor Tree:
        TableScan
          alias: src
          Statistics: Num rows: 29 Data size: 5812 Basic stats: COMPLETE Column stats: NONE
          Select Operator
            expressions: key (type: string), value (type: string)
            outputColumnNames: _col0, _col1
            Statistics: Num rows: 29 Data size: 5812 Basic stats: COMPLETE Column stats: NONE
            Limit
              Number of rows: 10
              Statistics: Num rows: 10 Data size: 2000 Basic stats: COMPLETE Column stats: NONE
              ListSink

PREHOOK: query: select * from src limit 10
PREHOOK: type: QUERY
PREHOOK: Input: default@src
#### A masked pattern was here ####
POSTHOOK: query: select * from src limit 10
POSTHOOK: type: QUERY
POSTHOOK: Input: default@src
#### A masked pattern was here ####
238	val_238
86	val_86
311	val_311
27	val_27
165	val_165
409	val_409
255	val_255
278	val_278
98	val_98
484	val_484
PREHOOK: query: explain select * from srcpart where ds='2008-04-08' AND hr='11' limit 10
PREHOOK: type: QUERY
POSTHOOK: query: explain select * from srcpart where ds='2008-04-08' AND hr='11' limit 10
POSTHOOK: type: QUERY
STAGE DEPENDENCIES:
  Stage-0 is a root stage

STAGE PLANS:
  Stage: Stage-0
    Fetch Operator
      limit: 10
      Processor Tree:
        TableScan
          alias: srcpart
          Statistics: Num rows: 29 Data size: 5812 Basic stats: COMPLETE Column stats: NONE
          Select Operator
            expressions: key (type: string), value (type: string), ds (type: string), hr (type: string)
            outputColumnNames: _col0, _col1, _col2, _col3
            Statistics: Num rows: 29 Data size: 5812 Basic stats: COMPLETE Column stats: NONE
            Limit
              Number of rows: 10
              Statistics: Num rows: 10 Data size: 2000 Basic stats: COMPLETE Column stats: NONE
              ListSink

PREHOOK: query: select * from srcpart where ds='2008-04-08' AND hr='11' limit 10
PREHOOK: type: QUERY
PREHOOK: Input: default@srcpart
PREHOOK: Input: default@srcpart@ds=2008-04-08/hr=11
#### A masked pattern was here ####
POSTHOOK: query: select * from srcpart where ds='2008-04-08' AND hr='11' limit 10
POSTHOOK: type: QUERY
POSTHOOK: Input: default@srcpart
POSTHOOK: Input: default@srcpart@ds=2008-04-08/hr=11
#### A masked pattern was here ####
238	val_238	2008-04-08	11
86	val_86	2008-04-08	11
311	val_311	2008-04-08	11
27	val_27	2008-04-08	11
165	val_165	2008-04-08	11
409	val_409	2008-04-08	11
255	val_255	2008-04-08	11
278	val_278	2008-04-08	11
98	val_98	2008-04-08	11
484	val_484	2008-04-08	11
PREHOOK: query: -- select expression
explain select cast(key as int) * 10, upper(value) from src limit 10
PREHOOK: type: QUERY
POSTHOOK: query: -- select expression
explain select cast(key as int) * 10, upper(value) from src limit 10
POSTHOOK: type: QUERY
STAGE DEPENDENCIES:
  Stage-0 is a root stage

STAGE PLANS:
  Stage: Stage-0
    Fetch Operator
      limit: 10
      Processor Tree:
        TableScan
          alias: src
          Statistics: Num rows: 29 Data size: 5812 Basic stats: COMPLETE Column stats: NONE
          Select Operator
            expressions: (UDFToInteger(key) * 10) (type: int), upper(value) (type: string)
            outputColumnNames: _col0, _col1
            Statistics: Num rows: 29 Data size: 5812 Basic stats: COMPLETE Column stats: NONE
            Limit
              Number of rows: 10
              Statistics: Num rows: 10 Data size: 2000 Basic stats: COMPLETE Column stats: NONE
              ListSink

PREHOOK: query: select cast(key as int) * 10, upper(value) from src limit 10
PREHOOK: type: QUERY
PREHOOK: Input: default@src
#### A masked pattern was here ####
POSTHOOK: query: select cast(key as int) * 10, upper(value) from src limit 10
POSTHOOK: type: QUERY
POSTHOOK: Input: default@src
#### A masked pattern was here ####
2380	VAL_238
860	VAL_86
3110	VAL_311
270	VAL_27
1650	VAL_165
4090	VAL_409
2550	VAL_255
2780	VAL_278
980	VAL_98
4840	VAL_484
PREHOOK: query: -- filter on non-partition column
explain select key from src where key < 100 limit 10
PREHOOK: type: QUERY
POSTHOOK: query: -- filter on non-partition column
explain select key from src where key < 100 limit 10
POSTHOOK: type: QUERY
STAGE DEPENDENCIES:
  Stage-0 is a root stage

STAGE PLANS:
  Stage: Stage-0
    Fetch Operator
      limit: 10
      Processor Tree:
        TableScan
          alias: src
          Statistics: Num rows: 58 Data size: 5812 Basic stats: COMPLETE Column stats: NONE
          Filter Operator
            predicate: (key < 100) (type: boolean)
            Statistics: Num rows: 19 Data size: 1903 Basic stats: COMPLETE Column stats: NONE
            Select Operator
              expressions: key (type: string)
              outputColumnNames: _col0
              Statistics: Num rows: 19 Data size: 1903 Basic stats: COMPLETE Column stats: NONE
              Limit
                Number of rows: 10
                Statistics: Num rows: 10 Data size: 1000 Basic stats: COMPLETE Column stats: NONE
                ListSink

PREHOOK: query: select key from src where key < 100 limit 10
PREHOOK: type: QUERY
PREHOOK: Input: default@src
#### A masked pattern was here ####
POSTHOOK: query: select key from src where key < 100 limit 10
POSTHOOK: type: QUERY
POSTHOOK: Input: default@src
#### A masked pattern was here ####
86
27
98
66
37
15
82
17
0
57
PREHOOK: query: -- select expr for partitioned table
explain select key from srcpart where ds='2008-04-08' AND hr='11' limit 10
PREHOOK: type: QUERY
POSTHOOK: query: -- select expr for partitioned table
explain select key from srcpart where ds='2008-04-08' AND hr='11' limit 10
POSTHOOK: type: QUERY
STAGE DEPENDENCIES:
  Stage-0 is a root stage

STAGE PLANS:
  Stage: Stage-0
    Fetch Operator
      limit: 10
      Processor Tree:
        TableScan
          alias: srcpart
          Statistics: Num rows: 58 Data size: 5812 Basic stats: COMPLETE Column stats: NONE
          Select Operator
            expressions: key (type: string)
            outputColumnNames: _col0
            Statistics: Num rows: 58 Data size: 5812 Basic stats: COMPLETE Column stats: NONE
            Limit
              Number of rows: 10
              Statistics: Num rows: 10 Data size: 1000 Basic stats: COMPLETE Column stats: NONE
              ListSink

PREHOOK: query: select key from srcpart where ds='2008-04-08' AND hr='11' limit 10
PREHOOK: type: QUERY
PREHOOK: Input: default@srcpart
PREHOOK: Input: default@srcpart@ds=2008-04-08/hr=11
#### A masked pattern was here ####
POSTHOOK: query: select key from srcpart where ds='2008-04-08' AND hr='11' limit 10
POSTHOOK: type: QUERY
POSTHOOK: Input: default@srcpart
POSTHOOK: Input: default@srcpart@ds=2008-04-08/hr=11
#### A masked pattern was here ####
238
86
311
27
165
409
255
278
98
484
PREHOOK: query: -- virtual columns
explain select *, BLOCK__OFFSET__INSIDE__FILE from src where key < 10 limit 10
PREHOOK: type: QUERY
POSTHOOK: query: -- virtual columns
explain select *, BLOCK__OFFSET__INSIDE__FILE from src where key < 10 limit 10
POSTHOOK: type: QUERY
STAGE DEPENDENCIES:
  Stage-0 is a root stage

STAGE PLANS:
  Stage: Stage-0
    Fetch Operator
      limit: 10
      Processor Tree:
        TableScan
          alias: src
          Statistics: Num rows: 29 Data size: 5812 Basic stats: COMPLETE Column stats: NONE
          Filter Operator
            predicate: (key < 10) (type: boolean)
            Statistics: Num rows: 9 Data size: 1803 Basic stats: COMPLETE Column stats: NONE
            Select Operator
              expressions: key (type: string), value (type: string), BLOCK__OFFSET__INSIDE__FILE (type: bigint)
              outputColumnNames: _col0, _col1, _col2
              Statistics: Num rows: 9 Data size: 1803 Basic stats: COMPLETE Column stats: NONE
              Limit
                Number of rows: 10
                Statistics: Num rows: 9 Data size: 1803 Basic stats: COMPLETE Column stats: NONE
                ListSink

PREHOOK: query: select *, BLOCK__OFFSET__INSIDE__FILE from src where key < 100 limit 10
PREHOOK: type: QUERY
PREHOOK: Input: default@src
#### A masked pattern was here ####
POSTHOOK: query: select *, BLOCK__OFFSET__INSIDE__FILE from src where key < 100 limit 10
POSTHOOK: type: QUERY
POSTHOOK: Input: default@src
#### A masked pattern was here ####
86	val_86	12
27	val_27	34
98	val_98	92
66	val_66	198
37	val_37	328
15	val_15	386
82	val_82	396
17	val_17	910
0	val_0	968
57	val_57	1024
PREHOOK: query: -- virtual columns on partitioned table
explain select *, BLOCK__OFFSET__INSIDE__FILE from srcpart where key < 10 limit 30
PREHOOK: type: QUERY
POSTHOOK: query: -- virtual columns on partitioned table
explain select *, BLOCK__OFFSET__INSIDE__FILE from srcpart where key < 10 limit 30
POSTHOOK: type: QUERY
STAGE DEPENDENCIES:
  Stage-0 is a root stage

STAGE PLANS:
  Stage: Stage-0
    Fetch Operator
      limit: 30
      Processor Tree:
        TableScan
          alias: srcpart
          Statistics: Num rows: 116 Data size: 23248 Basic stats: COMPLETE Column stats: NONE
          Filter Operator
            predicate: (key < 10) (type: boolean)
            Statistics: Num rows: 38 Data size: 7615 Basic stats: COMPLETE Column stats: NONE
            Select Operator
              expressions: key (type: string), value (type: string), ds (type: string), hr (type: string), BLOCK__OFFSET__INSIDE__FILE (type: bigint)
              outputColumnNames: _col0, _col1, _col2, _col3, _col4
              Statistics: Num rows: 38 Data size: 7615 Basic stats: COMPLETE Column stats: NONE
              Limit
                Number of rows: 30
                Statistics: Num rows: 30 Data size: 6000 Basic stats: COMPLETE Column stats: NONE
                ListSink

PREHOOK: query: select *, BLOCK__OFFSET__INSIDE__FILE from srcpart where key < 10 limit 30
PREHOOK: type: QUERY
PREHOOK: Input: default@srcpart
PREHOOK: Input: default@srcpart@ds=2008-04-08/hr=11
PREHOOK: Input: default@srcpart@ds=2008-04-08/hr=12
PREHOOK: Input: default@srcpart@ds=2008-04-09/hr=11
PREHOOK: Input: default@srcpart@ds=2008-04-09/hr=12
#### A masked pattern was here ####
POSTHOOK: query: select *, BLOCK__OFFSET__INSIDE__FILE from srcpart where key < 10 limit 30
POSTHOOK: type: QUERY
POSTHOOK: Input: default@srcpart
POSTHOOK: Input: default@srcpart@ds=2008-04-08/hr=11
POSTHOOK: Input: default@srcpart@ds=2008-04-08/hr=12
POSTHOOK: Input: default@srcpart@ds=2008-04-09/hr=11
POSTHOOK: Input: default@srcpart@ds=2008-04-09/hr=12
#### A masked pattern was here ####
0	val_0	2008-04-08	11	968
4	val_4	2008-04-08	11	1218
8	val_8	2008-04-08	11	1916
0	val_0	2008-04-08	11	2088
0	val_0	2008-04-08	11	2632
5	val_5	2008-04-08	11	3060
5	val_5	2008-04-08	11	3864
2	val_2	2008-04-08	11	4004
5	val_5	2008-04-08	11	4540
9	val_9	2008-04-08	11	5398
0	val_0	2008-04-08	12	968
4	val_4	2008-04-08	12	1218
8	val_8	2008-04-08	12	1916
0	val_0	2008-04-08	12	2088
0	val_0	2008-04-08	12	2632
5	val_5	2008-04-08	12	3060
5	val_5	2008-04-08	12	3864
2	val_2	2008-04-08	12	4004
5	val_5	2008-04-08	12	4540
9	val_9	2008-04-08	12	5398
0	val_0	2008-04-09	11	968
4	val_4	2008-04-09	11	1218
8	val_8	2008-04-09	11	1916
0	val_0	2008-04-09	11	2088
0	val_0	2008-04-09	11	2632
5	val_5	2008-04-09	11	3060
5	val_5	2008-04-09	11	3864
2	val_2	2008-04-09	11	4004
5	val_5	2008-04-09	11	4540
9	val_9	2008-04-09	11	5398
PREHOOK: query: -- bucket sampling
explain select *, BLOCK__OFFSET__INSIDE__FILE from src TABLESAMPLE (BUCKET 1 OUT OF 40 ON key)
PREHOOK: type: QUERY
POSTHOOK: query: -- bucket sampling
explain select *, BLOCK__OFFSET__INSIDE__FILE from src TABLESAMPLE (BUCKET 1 OUT OF 40 ON key)
POSTHOOK: type: QUERY
STAGE DEPENDENCIES:
  Stage-0 is a root stage

STAGE PLANS:
  Stage: Stage-0
    Fetch Operator
      limit: -1
      Processor Tree:
        TableScan
          alias: src
          Statistics: Num rows: 29 Data size: 5812 Basic stats: COMPLETE Column stats: NONE
          Filter Operator
            predicate: (((hash(key) & 2147483647) % 40) = 0) (type: boolean)
            Statistics: Num rows: 14 Data size: 2805 Basic stats: COMPLETE Column stats: NONE
            Select Operator
              expressions: key (type: string), value (type: string), BLOCK__OFFSET__INSIDE__FILE (type: bigint)
              outputColumnNames: _col0, _col1, _col2
              Statistics: Num rows: 14 Data size: 2805 Basic stats: COMPLETE Column stats: NONE
              ListSink

PREHOOK: query: select *, BLOCK__OFFSET__INSIDE__FILE from src TABLESAMPLE (BUCKET 1 OUT OF 40 ON key)
PREHOOK: type: QUERY
PREHOOK: Input: default@src
#### A masked pattern was here ####
POSTHOOK: query: select *, BLOCK__OFFSET__INSIDE__FILE from src TABLESAMPLE (BUCKET 1 OUT OF 40 ON key)
POSTHOOK: type: QUERY
POSTHOOK: Input: default@src
#### A masked pattern was here ####
484	val_484	102
286	val_286	1404
187	val_187	1416
187	val_187	2492
77	val_77	2622
187	val_187	4516
448	val_448	5636
PREHOOK: query: explain select *, BLOCK__OFFSET__INSIDE__FILE from srcpart TABLESAMPLE (BUCKET 1 OUT OF 40 ON key)
PREHOOK: type: QUERY
POSTHOOK: query: explain select *, BLOCK__OFFSET__INSIDE__FILE from srcpart TABLESAMPLE (BUCKET 1 OUT OF 40 ON key)
POSTHOOK: type: QUERY
STAGE DEPENDENCIES:
  Stage-0 is a root stage

STAGE PLANS:
  Stage: Stage-0
    Fetch Operator
      limit: -1
      Processor Tree:
        TableScan
          alias: srcpart
          Statistics: Num rows: 116 Data size: 23248 Basic stats: COMPLETE Column stats: NONE
          Filter Operator
            predicate: (((hash(key) & 2147483647) % 40) = 0) (type: boolean)
            Statistics: Num rows: 58 Data size: 11624 Basic stats: COMPLETE Column stats: NONE
            Select Operator
              expressions: key (type: string), value (type: string), ds (type: string), hr (type: string), BLOCK__OFFSET__INSIDE__FILE (type: bigint)
              outputColumnNames: _col0, _col1, _col2, _col3, _col4
              Statistics: Num rows: 58 Data size: 11624 Basic stats: COMPLETE Column stats: NONE
              ListSink

PREHOOK: query: select *, BLOCK__OFFSET__INSIDE__FILE from srcpart TABLESAMPLE (BUCKET 1 OUT OF 40 ON key)
PREHOOK: type: QUERY
PREHOOK: Input: default@srcpart
PREHOOK: Input: default@srcpart@ds=2008-04-08/hr=11
PREHOOK: Input: default@srcpart@ds=2008-04-08/hr=12
PREHOOK: Input: default@srcpart@ds=2008-04-09/hr=11
PREHOOK: Input: default@srcpart@ds=2008-04-09/hr=12
#### A masked pattern was here ####
POSTHOOK: query: select *, BLOCK__OFFSET__INSIDE__FILE from srcpart TABLESAMPLE (BUCKET 1 OUT OF 40 ON key)
POSTHOOK: type: QUERY
POSTHOOK: Input: default@srcpart
POSTHOOK: Input: default@srcpart@ds=2008-04-08/hr=11
POSTHOOK: Input: default@srcpart@ds=2008-04-08/hr=12
POSTHOOK: Input: default@srcpart@ds=2008-04-09/hr=11
POSTHOOK: Input: default@srcpart@ds=2008-04-09/hr=12
#### A masked pattern was here ####
484	val_484	2008-04-08	11	102
286	val_286	2008-04-08	11	1404
187	val_187	2008-04-08	11	1416
187	val_187	2008-04-08	11	2492
77	val_77	2008-04-08	11	2622
187	val_187	2008-04-08	11	4516
448	val_448	2008-04-08	11	5636
484	val_484	2008-04-08	12	102
286	val_286	2008-04-08	12	1404
187	val_187	2008-04-08	12	1416
187	val_187	2008-04-08	12	2492
77	val_77	2008-04-08	12	2622
187	val_187	2008-04-08	12	4516
448	val_448	2008-04-08	12	5636
484	val_484	2008-04-09	11	102
286	val_286	2008-04-09	11	1404
187	val_187	2008-04-09	11	1416
187	val_187	2008-04-09	11	2492
77	val_77	2008-04-09	11	2622
187	val_187	2008-04-09	11	4516
448	val_448	2008-04-09	11	5636
484	val_484	2008-04-09	12	102
286	val_286	2008-04-09	12	1404
187	val_187	2008-04-09	12	1416
187	val_187	2008-04-09	12	2492
77	val_77	2008-04-09	12	2622
187	val_187	2008-04-09	12	4516
448	val_448	2008-04-09	12	5636
PREHOOK: query: -- split sampling
explain select * from src TABLESAMPLE (0.25 PERCENT)
PREHOOK: type: QUERY
POSTHOOK: query: -- split sampling
explain select * from src TABLESAMPLE (0.25 PERCENT)
POSTHOOK: type: QUERY
STAGE DEPENDENCIES:
  Stage-0 is a root stage

STAGE PLANS:
  Stage: Stage-0
    Fetch Operator
      limit: -1
      Processor Tree:
        TableScan
          alias: src
          Statistics: Num rows: 29 Data size: 5812 Basic stats: COMPLETE Column stats: NONE
          Select Operator
            expressions: key (type: string), value (type: string)
            outputColumnNames: _col0, _col1
            Statistics: Num rows: 29 Data size: 5812 Basic stats: COMPLETE Column stats: NONE
            ListSink

PREHOOK: query: select * from src TABLESAMPLE (0.25 PERCENT)
PREHOOK: type: QUERY
PREHOOK: Input: default@src
#### A masked pattern was here ####
POSTHOOK: query: select * from src TABLESAMPLE (0.25 PERCENT)
POSTHOOK: type: QUERY
POSTHOOK: Input: default@src
#### A masked pattern was here ####
238	val_238
86	val_86
PREHOOK: query: explain select *, BLOCK__OFFSET__INSIDE__FILE from srcpart TABLESAMPLE (0.25 PERCENT)
PREHOOK: type: QUERY
POSTHOOK: query: explain select *, BLOCK__OFFSET__INSIDE__FILE from srcpart TABLESAMPLE (0.25 PERCENT)
POSTHOOK: type: QUERY
STAGE DEPENDENCIES:
  Stage-0 is a root stage

STAGE PLANS:
  Stage: Stage-0
    Fetch Operator
      limit: -1
      Processor Tree:
        TableScan
          alias: srcpart
          Statistics: Num rows: 116 Data size: 23248 Basic stats: COMPLETE Column stats: NONE
          Select Operator
            expressions: key (type: string), value (type: string), ds (type: string), hr (type: string), BLOCK__OFFSET__INSIDE__FILE (type: bigint)
            outputColumnNames: _col0, _col1, _col2, _col3, _col4
            Statistics: Num rows: 116 Data size: 23248 Basic stats: COMPLETE Column stats: NONE
            ListSink

PREHOOK: query: select *, BLOCK__OFFSET__INSIDE__FILE from srcpart TABLESAMPLE (0.25 PERCENT)
PREHOOK: type: QUERY
PREHOOK: Input: default@srcpart
PREHOOK: Input: default@srcpart@ds=2008-04-08/hr=11
PREHOOK: Input: default@srcpart@ds=2008-04-08/hr=12
PREHOOK: Input: default@srcpart@ds=2008-04-09/hr=11
PREHOOK: Input: default@srcpart@ds=2008-04-09/hr=12
#### A masked pattern was here ####
POSTHOOK: query: select *, BLOCK__OFFSET__INSIDE__FILE from srcpart TABLESAMPLE (0.25 PERCENT)
POSTHOOK: type: QUERY
POSTHOOK: Input: default@srcpart
POSTHOOK: Input: default@srcpart@ds=2008-04-08/hr=11
POSTHOOK: Input: default@srcpart@ds=2008-04-08/hr=12
POSTHOOK: Input: default@srcpart@ds=2008-04-09/hr=11
POSTHOOK: Input: default@srcpart@ds=2008-04-09/hr=12
#### A masked pattern was here ####
238	val_238	2008-04-08	11	0
86	val_86	2008-04-08	11	12
238	val_238	2008-04-08	12	0
86	val_86	2008-04-08	12	12
238	val_238	2008-04-09	11	0
86	val_86	2008-04-09	11	12
238	val_238	2008-04-09	12	0
86	val_86	2008-04-09	12	12
PREHOOK: query: -- non deterministic func
explain select key, value, BLOCK__OFFSET__INSIDE__FILE from srcpart where ds="2008-04-09" AND rand() > 1
PREHOOK: type: QUERY
POSTHOOK: query: -- non deterministic func
explain select key, value, BLOCK__OFFSET__INSIDE__FILE from srcpart where ds="2008-04-09" AND rand() > 1
POSTHOOK: type: QUERY
STAGE DEPENDENCIES:
  Stage-0 is a root stage

STAGE PLANS:
  Stage: Stage-0
    Fetch Operator
      limit: -1
      Processor Tree:
        TableScan
          alias: srcpart
          Statistics: Num rows: 58 Data size: 11624 Basic stats: COMPLETE Column stats: NONE
          Filter Operator
            predicate: (rand() > 1) (type: boolean)
            Statistics: Num rows: 19 Data size: 3807 Basic stats: COMPLETE Column stats: NONE
            Select Operator
              expressions: key (type: string), value (type: string), BLOCK__OFFSET__INSIDE__FILE (type: bigint)
              outputColumnNames: _col0, _col1, _col2
              Statistics: Num rows: 19 Data size: 3807 Basic stats: COMPLETE Column stats: NONE
              ListSink

PREHOOK: query: select key, value, BLOCK__OFFSET__INSIDE__FILE from srcpart where ds="2008-04-09" AND rand() > 1
PREHOOK: type: QUERY
PREHOOK: Input: default@srcpart
PREHOOK: Input: default@srcpart@ds=2008-04-09/hr=11
PREHOOK: Input: default@srcpart@ds=2008-04-09/hr=12
#### A masked pattern was here ####
POSTHOOK: query: select key, value, BLOCK__OFFSET__INSIDE__FILE from srcpart where ds="2008-04-09" AND rand() > 1
POSTHOOK: type: QUERY
POSTHOOK: Input: default@srcpart
POSTHOOK: Input: default@srcpart@ds=2008-04-09/hr=11
POSTHOOK: Input: default@srcpart@ds=2008-04-09/hr=12
#### A masked pattern was here ####
PREHOOK: query: -- negative, groupby
explain select key, count(value) from src group by key
PREHOOK: type: QUERY
POSTHOOK: query: -- negative, groupby
explain select key, count(value) from src group by key
POSTHOOK: type: QUERY
STAGE DEPENDENCIES:
  Stage-1 is a root stage
  Stage-0 is a root stage

STAGE PLANS:
  Stage: Stage-1
    Map Reduce
      Map Operator Tree:
          TableScan
            alias: src
            Statistics: Num rows: 29 Data size: 5812 Basic stats: COMPLETE Column stats: NONE
            Select Operator
              expressions: key (type: string), value (type: string)
              outputColumnNames: key, value
              Statistics: Num rows: 29 Data size: 5812 Basic stats: COMPLETE Column stats: NONE
              Group By Operator
                aggregations: count(value)
                keys: key (type: string)
                mode: hash
                outputColumnNames: _col0, _col1
                Statistics: Num rows: 29 Data size: 5812 Basic stats: COMPLETE Column stats: NONE
                Reduce Output Operator
                  key expressions: _col0 (type: string)
                  sort order: +
                  Map-reduce partition columns: _col0 (type: string)
                  Statistics: Num rows: 29 Data size: 5812 Basic stats: COMPLETE Column stats: NONE
                  value expressions: _col1 (type: bigint)
      Reduce Operator Tree:
        Group By Operator
          aggregations: count(VALUE._col0)
          keys: KEY._col0 (type: string)
          mode: mergepartial
          outputColumnNames: _col0, _col1
          Statistics: Num rows: 14 Data size: 2805 Basic stats: COMPLETE Column stats: NONE
          Select Operator
            expressions: _col0 (type: string), _col1 (type: bigint)
            outputColumnNames: _col0, _col1
            Statistics: Num rows: 14 Data size: 2805 Basic stats: COMPLETE Column stats: NONE
            File Output Operator
              compressed: false
              Statistics: Num rows: 14 Data size: 2805 Basic stats: COMPLETE Column stats: NONE
              table:
                  input format: org.apache.hadoop.mapred.TextInputFormat
                  output format: org.apache.hadoop.hive.ql.io.HiveIgnoreKeyTextOutputFormat
                  serde: org.apache.hadoop.hive.serde2.lazy.LazySimpleSerDe

  Stage: Stage-0
    Fetch Operator
      limit: -1

PREHOOK: query: -- negative, distinct
explain select distinct key, value from src
PREHOOK: type: QUERY
POSTHOOK: query: -- negative, distinct
explain select distinct key, value from src
POSTHOOK: type: QUERY
STAGE DEPENDENCIES:
  Stage-1 is a root stage
  Stage-0 is a root stage

STAGE PLANS:
  Stage: Stage-1
    Map Reduce
      Map Operator Tree:
          TableScan
            alias: src
            Statistics: Num rows: 29 Data size: 5812 Basic stats: COMPLETE Column stats: NONE
            Select Operator
              expressions: key (type: string), value (type: string)
              outputColumnNames: key, value
              Statistics: Num rows: 29 Data size: 5812 Basic stats: COMPLETE Column stats: NONE
              Group By Operator
                keys: key (type: string), value (type: string)
                mode: hash
                outputColumnNames: _col0, _col1
                Statistics: Num rows: 29 Data size: 5812 Basic stats: COMPLETE Column stats: NONE
                Reduce Output Operator
                  key expressions: _col0 (type: string), _col1 (type: string)
                  sort order: ++
                  Map-reduce partition columns: _col0 (type: string), _col1 (type: string)
                  Statistics: Num rows: 29 Data size: 5812 Basic stats: COMPLETE Column stats: NONE
      Reduce Operator Tree:
        Group By Operator
          keys: KEY._col0 (type: string), KEY._col1 (type: string)
          mode: mergepartial
          outputColumnNames: _col0, _col1
          Statistics: Num rows: 14 Data size: 2805 Basic stats: COMPLETE Column stats: NONE
          Select Operator
            expressions: _col0 (type: string), _col1 (type: string)
            outputColumnNames: _col0, _col1
            Statistics: Num rows: 14 Data size: 2805 Basic stats: COMPLETE Column stats: NONE
            File Output Operator
              compressed: false
              Statistics: Num rows: 14 Data size: 2805 Basic stats: COMPLETE Column stats: NONE
              table:
                  input format: org.apache.hadoop.mapred.TextInputFormat
                  output format: org.apache.hadoop.hive.ql.io.HiveIgnoreKeyTextOutputFormat
                  serde: org.apache.hadoop.hive.serde2.lazy.LazySimpleSerDe

  Stage: Stage-0
    Fetch Operator
      limit: -1

PREHOOK: query: -- negative, CTAS
explain create table srcx as select distinct key, value from src
PREHOOK: type: CREATETABLE_AS_SELECT
POSTHOOK: query: -- negative, CTAS
explain create table srcx as select distinct key, value from src
POSTHOOK: type: CREATETABLE_AS_SELECT
STAGE DEPENDENCIES:
  Stage-1 is a root stage
  Stage-0 depends on stages: Stage-1
  Stage-3 depends on stages: Stage-0
  Stage-2 depends on stages: Stage-3

STAGE PLANS:
  Stage: Stage-1
    Map Reduce
      Map Operator Tree:
          TableScan
            alias: src
            Statistics: Num rows: 29 Data size: 5812 Basic stats: COMPLETE Column stats: NONE
            Select Operator
              expressions: key (type: string), value (type: string)
              outputColumnNames: key, value
              Statistics: Num rows: 29 Data size: 5812 Basic stats: COMPLETE Column stats: NONE
              Group By Operator
                keys: key (type: string), value (type: string)
                mode: hash
                outputColumnNames: _col0, _col1
                Statistics: Num rows: 29 Data size: 5812 Basic stats: COMPLETE Column stats: NONE
                Reduce Output Operator
                  key expressions: _col0 (type: string), _col1 (type: string)
                  sort order: ++
                  Map-reduce partition columns: _col0 (type: string), _col1 (type: string)
                  Statistics: Num rows: 29 Data size: 5812 Basic stats: COMPLETE Column stats: NONE
      Reduce Operator Tree:
        Group By Operator
          keys: KEY._col0 (type: string), KEY._col1 (type: string)
          mode: mergepartial
          outputColumnNames: _col0, _col1
          Statistics: Num rows: 14 Data size: 2805 Basic stats: COMPLETE Column stats: NONE
          Select Operator
            expressions: _col0 (type: string), _col1 (type: string)
            outputColumnNames: _col0, _col1
            Statistics: Num rows: 14 Data size: 2805 Basic stats: COMPLETE Column stats: NONE
            File Output Operator
              compressed: false
              Statistics: Num rows: 14 Data size: 2805 Basic stats: COMPLETE Column stats: NONE
              table:
                  input format: org.apache.hadoop.mapred.TextInputFormat
                  output format: org.apache.hadoop.hive.ql.io.HiveIgnoreKeyTextOutputFormat
                  serde: org.apache.hadoop.hive.serde2.lazy.LazySimpleSerDe
                  name: default.srcx

  Stage: Stage-0
    Move Operator
      files:
          hdfs directory: true
#### A masked pattern was here ####

  Stage: Stage-3
      Create Table Operator:
        Create Table
          columns: key string, value string
          input format: org.apache.hadoop.mapred.TextInputFormat
          output format: org.apache.hadoop.hive.ql.io.IgnoreKeyTextOutputFormat
          name: srcx

  Stage: Stage-2
    Stats-Aggr Operator

PREHOOK: query: -- negative, analyze
explain analyze table src compute statistics
PREHOOK: type: QUERY
POSTHOOK: query: -- negative, analyze
explain analyze table src compute statistics
POSTHOOK: type: QUERY
STAGE DEPENDENCIES:
  Stage-0 is a root stage
  Stage-1 depends on stages: Stage-0

STAGE PLANS:
  Stage: Stage-0
    Map Reduce
      Map Operator Tree:
          TableScan
            alias: src
            Statistics: Num rows: 0 Data size: 5812 Basic stats: PARTIAL Column stats: COMPLETE

  Stage: Stage-1
    Stats-Aggr Operator

PREHOOK: query: -- negative, subq
explain select a.* from (select * from src) a
PREHOOK: type: QUERY
POSTHOOK: query: -- negative, subq
explain select a.* from (select * from src) a
POSTHOOK: type: QUERY
STAGE DEPENDENCIES:
  Stage-1 is a root stage
  Stage-0 is a root stage

STAGE PLANS:
  Stage: Stage-1
    Map Reduce
      Map Operator Tree:
          TableScan
            alias: src
            Statistics: Num rows: 29 Data size: 5812 Basic stats: COMPLETE Column stats: NONE
            Select Operator
              expressions: key (type: string), value (type: string)
              outputColumnNames: _col0, _col1
              Statistics: Num rows: 29 Data size: 5812 Basic stats: COMPLETE Column stats: NONE
              File Output Operator
                compressed: false
                Statistics: Num rows: 29 Data size: 5812 Basic stats: COMPLETE Column stats: NONE
                table:
                    input format: org.apache.hadoop.mapred.TextInputFormat
                    output format: org.apache.hadoop.hive.ql.io.HiveIgnoreKeyTextOutputFormat
                    serde: org.apache.hadoop.hive.serde2.lazy.LazySimpleSerDe

  Stage: Stage-0
    Fetch Operator
      limit: -1

PREHOOK: query: -- negative, join
explain select * from src join src src2 on src.key=src2.key
PREHOOK: type: QUERY
POSTHOOK: query: -- negative, join
explain select * from src join src src2 on src.key=src2.key
POSTHOOK: type: QUERY
STAGE DEPENDENCIES:
  Stage-1 is a root stage
  Stage-0 is a root stage

STAGE PLANS:
  Stage: Stage-1
    Map Reduce
      Map Operator Tree:
          TableScan
            alias: src2
            Statistics: Num rows: 29 Data size: 5812 Basic stats: COMPLETE Column stats: NONE
            Reduce Output Operator
              key expressions: key (type: string)
              sort order: +
              Map-reduce partition columns: key (type: string)
              Statistics: Num rows: 29 Data size: 5812 Basic stats: COMPLETE Column stats: NONE
              value expressions: key (type: string), value (type: string)
          TableScan
            alias: src
            Statistics: Num rows: 29 Data size: 5812 Basic stats: COMPLETE Column stats: NONE
            Reduce Output Operator
              key expressions: key (type: string)
              sort order: +
              Map-reduce partition columns: key (type: string)
              Statistics: Num rows: 29 Data size: 5812 Basic stats: COMPLETE Column stats: NONE
              value expressions: key (type: string), value (type: string)
      Reduce Operator Tree:
        Join Operator
          condition map:
               Inner Join 0 to 1
          condition expressions:
            0 {VALUE._col0} {VALUE._col1}
            1 {VALUE._col0} {VALUE._col1}
          outputColumnNames: _col0, _col1, _col4, _col5
          Statistics: Num rows: 31 Data size: 6393 Basic stats: COMPLETE Column stats: NONE
          Select Operator
            expressions: _col0 (type: string), _col1 (type: string), _col4 (type: string), _col5 (type: string)
            outputColumnNames: _col0, _col1, _col2, _col3
            Statistics: Num rows: 31 Data size: 6393 Basic stats: COMPLETE Column stats: NONE
            File Output Operator
              compressed: false
              Statistics: Num rows: 31 Data size: 6393 Basic stats: COMPLETE Column stats: NONE
              table:
                  input format: org.apache.hadoop.mapred.TextInputFormat
                  output format: org.apache.hadoop.hive.ql.io.HiveIgnoreKeyTextOutputFormat
                  serde: org.apache.hadoop.hive.serde2.lazy.LazySimpleSerDe

  Stage: Stage-0
    Fetch Operator
      limit: -1

