PREHOOK: query: explain
select x.key, count(1) from src x where x.key > 9999 group by x.key
PREHOOK: type: QUERY
POSTHOOK: query: explain
select x.key, count(1) from src x where x.key > 9999 group by x.key
POSTHOOK: type: QUERY
STAGE DEPENDENCIES:
  Stage-1 is a root stage
  Stage-2 depends on stages: Stage-1
  Stage-0 is a root stage

STAGE PLANS:
  Stage: Stage-1
    Map Reduce
      Map Operator Tree:
          TableScan
            alias: x
            Statistics: Num rows: 58 Data size: 5812 Basic stats: COMPLETE Column stats: NONE
            Filter Operator
              predicate: (key > 9999) (type: boolean)
              Statistics: Num rows: 19 Data size: 1903 Basic stats: COMPLETE Column stats: NONE
              Select Operator
                expressions: key (type: string)
                outputColumnNames: key
                Statistics: Num rows: 19 Data size: 1903 Basic stats: COMPLETE Column stats: NONE
                Group By Operator
                  aggregations: count(1)
                  keys: key (type: string)
                  mode: hash
                  outputColumnNames: _col0, _col1
                  Statistics: Num rows: 19 Data size: 1903 Basic stats: COMPLETE Column stats: NONE
                  Reduce Output Operator
                    key expressions: _col0 (type: string)
                    sort order: +
                    Map-reduce partition columns: rand() (type: double)
                    Statistics: Num rows: 19 Data size: 1903 Basic stats: COMPLETE Column stats: NONE
                    value expressions: _col1 (type: bigint)
      Reduce Operator Tree:
        Group By Operator
          aggregations: count(VALUE._col0)
          keys: KEY._col0 (type: string)
          mode: partials
          outputColumnNames: _col0, _col1
          Statistics: Num rows: 19 Data size: 1903 Basic stats: COMPLETE Column stats: NONE
          File Output Operator
            compressed: false
            table:
                input format: org.apache.hadoop.mapred.SequenceFileInputFormat
                output format: org.apache.hadoop.hive.ql.io.HiveSequenceFileOutputFormat
                serde: org.apache.hadoop.hive.serde2.lazybinary.LazyBinarySerDe

  Stage: Stage-2
    Map Reduce
      Map Operator Tree:
          TableScan
            Reduce Output Operator
              key expressions: _col0 (type: string)
              sort order: +
              Map-reduce partition columns: _col0 (type: string)
              Statistics: Num rows: 19 Data size: 1903 Basic stats: COMPLETE Column stats: NONE
              value expressions: _col1 (type: bigint)
      Reduce Operator Tree:
        Group By Operator
          aggregations: count(VALUE._col0)
          keys: KEY._col0 (type: string)
          mode: final
          outputColumnNames: _col0, _col1
          Statistics: Num rows: 9 Data size: 901 Basic stats: COMPLETE Column stats: NONE
          Select Operator
            expressions: _col0 (type: string), _col1 (type: bigint)
            outputColumnNames: _col0, _col1
            Statistics: Num rows: 9 Data size: 901 Basic stats: COMPLETE Column stats: NONE
            File Output Operator
              compressed: false
              Statistics: Num rows: 9 Data size: 901 Basic stats: COMPLETE Column stats: NONE
              table:
                  input format: org.apache.hadoop.mapred.TextInputFormat
                  output format: org.apache.hadoop.hive.ql.io.HiveIgnoreKeyTextOutputFormat
                  serde: org.apache.hadoop.hive.serde2.lazy.LazySimpleSerDe

  Stage: Stage-0
    Fetch Operator
      limit: -1

PREHOOK: query: select x.key, count(1) from src x where x.key > 9999 group by x.key
PREHOOK: type: QUERY
PREHOOK: Input: default@src
#### A masked pattern was here ####
POSTHOOK: query: select x.key, count(1) from src x where x.key > 9999 group by x.key
POSTHOOK: type: QUERY
POSTHOOK: Input: default@src
#### A masked pattern was here ####
PREHOOK: query: explain
select x.key, count(1) from src x where x.key > 9999 group by x.key
PREHOOK: type: QUERY
POSTHOOK: query: explain
select x.key, count(1) from src x where x.key > 9999 group by x.key
POSTHOOK: type: QUERY
STAGE DEPENDENCIES:
  Stage-1 is a root stage
  Stage-0 is a root stage

STAGE PLANS:
  Stage: Stage-1
    Map Reduce
      Map Operator Tree:
          TableScan
            alias: x
            Statistics: Num rows: 58 Data size: 5812 Basic stats: COMPLETE Column stats: NONE
            Filter Operator
              predicate: (key > 9999) (type: boolean)
              Statistics: Num rows: 19 Data size: 1903 Basic stats: COMPLETE Column stats: NONE
              Select Operator
                expressions: key (type: string)
                outputColumnNames: key
                Statistics: Num rows: 19 Data size: 1903 Basic stats: COMPLETE Column stats: NONE
                Group By Operator
                  aggregations: count(1)
                  keys: key (type: string)
                  mode: hash
                  outputColumnNames: _col0, _col1
                  Statistics: Num rows: 19 Data size: 1903 Basic stats: COMPLETE Column stats: NONE
                  Reduce Output Operator
                    key expressions: _col0 (type: string)
                    sort order: +
                    Map-reduce partition columns: _col0 (type: string)
                    Statistics: Num rows: 19 Data size: 1903 Basic stats: COMPLETE Column stats: NONE
                    value expressions: _col1 (type: bigint)
      Reduce Operator Tree:
        Group By Operator
          aggregations: count(VALUE._col0)
          keys: KEY._col0 (type: string)
          mode: mergepartial
          outputColumnNames: _col0, _col1
          Statistics: Num rows: 9 Data size: 901 Basic stats: COMPLETE Column stats: NONE
          Select Operator
            expressions: _col0 (type: string), _col1 (type: bigint)
            outputColumnNames: _col0, _col1
            Statistics: Num rows: 9 Data size: 901 Basic stats: COMPLETE Column stats: NONE
            File Output Operator
              compressed: false
              Statistics: Num rows: 9 Data size: 901 Basic stats: COMPLETE Column stats: NONE
              table:
                  input format: org.apache.hadoop.mapred.TextInputFormat
                  output format: org.apache.hadoop.hive.ql.io.HiveIgnoreKeyTextOutputFormat
                  serde: org.apache.hadoop.hive.serde2.lazy.LazySimpleSerDe

  Stage: Stage-0
    Fetch Operator
      limit: -1

PREHOOK: query: select x.key, count(1) from src x where x.key > 9999 group by x.key
PREHOOK: type: QUERY
PREHOOK: Input: default@src
#### A masked pattern was here ####
POSTHOOK: query: select x.key, count(1) from src x where x.key > 9999 group by x.key
POSTHOOK: type: QUERY
POSTHOOK: Input: default@src
#### A masked pattern was here ####
PREHOOK: query: explain
select x.key, count(1) from src x where x.key > 9999 group by x.key
PREHOOK: type: QUERY
POSTHOOK: query: explain
select x.key, count(1) from src x where x.key > 9999 group by x.key
POSTHOOK: type: QUERY
STAGE DEPENDENCIES:
  Stage-1 is a root stage
  Stage-2 depends on stages: Stage-1
  Stage-0 is a root stage

STAGE PLANS:
  Stage: Stage-1
    Map Reduce
      Map Operator Tree:
          TableScan
            alias: x
            Statistics: Num rows: 58 Data size: 5812 Basic stats: COMPLETE Column stats: NONE
            Filter Operator
              predicate: (key > 9999) (type: boolean)
              Statistics: Num rows: 19 Data size: 1903 Basic stats: COMPLETE Column stats: NONE
              Select Operator
                expressions: key (type: string)
                outputColumnNames: key
                Statistics: Num rows: 19 Data size: 1903 Basic stats: COMPLETE Column stats: NONE
                Reduce Output Operator
                  key expressions: key (type: string)
                  sort order: +
                  Map-reduce partition columns: rand() (type: double)
                  Statistics: Num rows: 19 Data size: 1903 Basic stats: COMPLETE Column stats: NONE
      Reduce Operator Tree:
        Group By Operator
          aggregations: count(1)
          keys: KEY._col0 (type: string)
          mode: partial1
          outputColumnNames: _col0, _col1
          Statistics: Num rows: 19 Data size: 1903 Basic stats: COMPLETE Column stats: NONE
          File Output Operator
            compressed: false
            table:
                input format: org.apache.hadoop.mapred.SequenceFileInputFormat
                output format: org.apache.hadoop.hive.ql.io.HiveSequenceFileOutputFormat
                serde: org.apache.hadoop.hive.serde2.lazybinary.LazyBinarySerDe

  Stage: Stage-2
    Map Reduce
      Map Operator Tree:
          TableScan
            Reduce Output Operator
              key expressions: _col0 (type: string)
              sort order: +
              Map-reduce partition columns: _col0 (type: string)
              Statistics: Num rows: 19 Data size: 1903 Basic stats: COMPLETE Column stats: NONE
              value expressions: _col1 (type: bigint)
      Reduce Operator Tree:
        Group By Operator
          aggregations: count(VALUE._col0)
          keys: KEY._col0 (type: string)
          mode: final
          outputColumnNames: _col0, _col1
          Statistics: Num rows: 9 Data size: 901 Basic stats: COMPLETE Column stats: NONE
          Select Operator
            expressions: _col0 (type: string), _col1 (type: bigint)
            outputColumnNames: _col0, _col1
            Statistics: Num rows: 9 Data size: 901 Basic stats: COMPLETE Column stats: NONE
            File Output Operator
              compressed: false
              Statistics: Num rows: 9 Data size: 901 Basic stats: COMPLETE Column stats: NONE
              table:
                  input format: org.apache.hadoop.mapred.TextInputFormat
                  output format: org.apache.hadoop.hive.ql.io.HiveIgnoreKeyTextOutputFormat
                  serde: org.apache.hadoop.hive.serde2.lazy.LazySimpleSerDe

  Stage: Stage-0
    Fetch Operator
      limit: -1

PREHOOK: query: select x.key, count(1) from src x where x.key > 9999 group by x.key
PREHOOK: type: QUERY
PREHOOK: Input: default@src
#### A masked pattern was here ####
POSTHOOK: query: select x.key, count(1) from src x where x.key > 9999 group by x.key
POSTHOOK: type: QUERY
POSTHOOK: Input: default@src
#### A masked pattern was here ####
PREHOOK: query: explain
select x.key, count(1) from src x where x.key > 9999 group by x.key
PREHOOK: type: QUERY
POSTHOOK: query: explain
select x.key, count(1) from src x where x.key > 9999 group by x.key
POSTHOOK: type: QUERY
STAGE DEPENDENCIES:
  Stage-1 is a root stage
  Stage-0 is a root stage

STAGE PLANS:
  Stage: Stage-1
    Map Reduce
      Map Operator Tree:
          TableScan
            alias: x
            Statistics: Num rows: 58 Data size: 5812 Basic stats: COMPLETE Column stats: NONE
            Filter Operator
              predicate: (key > 9999) (type: boolean)
              Statistics: Num rows: 19 Data size: 1903 Basic stats: COMPLETE Column stats: NONE
              Select Operator
                expressions: key (type: string)
                outputColumnNames: key
                Statistics: Num rows: 19 Data size: 1903 Basic stats: COMPLETE Column stats: NONE
                Reduce Output Operator
                  key expressions: key (type: string)
                  sort order: +
                  Map-reduce partition columns: key (type: string)
                  Statistics: Num rows: 19 Data size: 1903 Basic stats: COMPLETE Column stats: NONE
      Reduce Operator Tree:
        Group By Operator
          aggregations: count(1)
          keys: KEY._col0 (type: string)
          mode: complete
          outputColumnNames: _col0, _col1
          Statistics: Num rows: 9 Data size: 901 Basic stats: COMPLETE Column stats: NONE
          Select Operator
            expressions: _col0 (type: string), _col1 (type: bigint)
            outputColumnNames: _col0, _col1
            Statistics: Num rows: 9 Data size: 901 Basic stats: COMPLETE Column stats: NONE
            File Output Operator
              compressed: false
              Statistics: Num rows: 9 Data size: 901 Basic stats: COMPLETE Column stats: NONE
              table:
                  input format: org.apache.hadoop.mapred.TextInputFormat
                  output format: org.apache.hadoop.hive.ql.io.HiveIgnoreKeyTextOutputFormat
                  serde: org.apache.hadoop.hive.serde2.lazy.LazySimpleSerDe

  Stage: Stage-0
    Fetch Operator
      limit: -1

PREHOOK: query: select x.key, count(1) from src x where x.key > 9999 group by x.key
PREHOOK: type: QUERY
PREHOOK: Input: default@src
#### A masked pattern was here ####
POSTHOOK: query: select x.key, count(1) from src x where x.key > 9999 group by x.key
POSTHOOK: type: QUERY
POSTHOOK: Input: default@src
#### A masked pattern was here ####
