PREHOOK: query: EXPLAIN
SELECT key, randum123
FROM (SELECT *, cast(rand() as double) AS randum123 FROM src WHERE key = 100) a
WHERE randum123 <=0.1
PREHOOK: type: QUERY
POSTHOOK: query: EXPLAIN
SELECT key, randum123
FROM (SELECT *, cast(rand() as double) AS randum123 FROM src WHERE key = 100) a
WHERE randum123 <=0.1
POSTHOOK: type: QUERY
STAGE DEPENDENCIES:
  Stage-1 is a root stage
  Stage-0 is a root stage

STAGE PLANS:
  Stage: Stage-1
    Map Reduce
      Map Operator Tree:
          TableScan
            alias: src
            Statistics: Num rows: 58 Data size: 5812 Basic stats: COMPLETE Column stats: NONE
            Filter Operator
              predicate: (key = 100) (type: boolean)
              Statistics: Num rows: 29 Data size: 2906 Basic stats: COMPLETE Column stats: NONE
              Select Operator
                expressions: key (type: string), rand() (type: double)
                outputColumnNames: _col0, _col2
                Statistics: Num rows: 29 Data size: 2906 Basic stats: COMPLETE Column stats: NONE
                Filter Operator
                  predicate: (_col2 <= 0.1) (type: boolean)
                  Statistics: Num rows: 9 Data size: 901 Basic stats: COMPLETE Column stats: NONE
                  Select Operator
                    expressions: _col0 (type: string), _col2 (type: double)
                    outputColumnNames: _col0, _col1
                    Statistics: Num rows: 9 Data size: 901 Basic stats: COMPLETE Column stats: NONE
                    File Output Operator
                      compressed: false
                      Statistics: Num rows: 9 Data size: 901 Basic stats: COMPLETE Column stats: NONE
                      table:
                          input format: org.apache.hadoop.mapred.TextInputFormat
                          output format: org.apache.hadoop.hive.ql.io.HiveIgnoreKeyTextOutputFormat
                          serde: org.apache.hadoop.hive.serde2.lazy.LazySimpleSerDe

  Stage: Stage-0
    Fetch Operator
      limit: -1

PREHOOK: query: EXPLAIN 
SELECT * FROM
(
SELECT key, randum123
FROM (SELECT *, cast(rand() as double) AS randum123 FROM src WHERE key = 100) a
WHERE randum123 <=0.1)s WHERE s.randum123>0.1 LIMIT 20
PREHOOK: type: QUERY
POSTHOOK: query: EXPLAIN 
SELECT * FROM
(
SELECT key, randum123
FROM (SELECT *, cast(rand() as double) AS randum123 FROM src WHERE key = 100) a
WHERE randum123 <=0.1)s WHERE s.randum123>0.1 LIMIT 20
POSTHOOK: type: QUERY
STAGE DEPENDENCIES:
  Stage-1 is a root stage
  Stage-0 is a root stage

STAGE PLANS:
  Stage: Stage-1
    Map Reduce
      Map Operator Tree:
          TableScan
            alias: src
            Statistics: Num rows: 58 Data size: 5812 Basic stats: COMPLETE Column stats: NONE
            Filter Operator
              predicate: (key = 100) (type: boolean)
              Statistics: Num rows: 29 Data size: 2906 Basic stats: COMPLETE Column stats: NONE
              Select Operator
                expressions: key (type: string), rand() (type: double)
                outputColumnNames: _col0, _col2
                Statistics: Num rows: 29 Data size: 2906 Basic stats: COMPLETE Column stats: NONE
                Filter Operator
                  predicate: (_col2 <= 0.1) (type: boolean)
                  Statistics: Num rows: 9 Data size: 901 Basic stats: COMPLETE Column stats: NONE
                  Select Operator
                    expressions: _col0 (type: string), _col2 (type: double)
                    outputColumnNames: _col0, _col1
                    Statistics: Num rows: 9 Data size: 901 Basic stats: COMPLETE Column stats: NONE
                    Filter Operator
                      predicate: (_col1 > 0.1) (type: boolean)
                      Statistics: Num rows: 3 Data size: 300 Basic stats: COMPLETE Column stats: NONE
                      Select Operator
                        expressions: _col0 (type: string), _col1 (type: double)
                        outputColumnNames: _col0, _col1
                        Statistics: Num rows: 3 Data size: 300 Basic stats: COMPLETE Column stats: NONE
                        Limit
                          Number of rows: 20
                          Statistics: Num rows: 3 Data size: 300 Basic stats: COMPLETE Column stats: NONE
                          File Output Operator
                            compressed: false
                            Statistics: Num rows: 3 Data size: 300 Basic stats: COMPLETE Column stats: NONE
                            table:
                                input format: org.apache.hadoop.mapred.TextInputFormat
                                output format: org.apache.hadoop.hive.ql.io.HiveIgnoreKeyTextOutputFormat
                                serde: org.apache.hadoop.hive.serde2.lazy.LazySimpleSerDe

  Stage: Stage-0
    Fetch Operator
      limit: 20

PREHOOK: query: EXPLAIN
SELECT key,randum123, h4
FROM (SELECT *, cast(rand() as double) AS randum123, hex(4) AS h4 FROM src WHERE key = 100) a
WHERE a.h4 <= 3
PREHOOK: type: QUERY
POSTHOOK: query: EXPLAIN
SELECT key,randum123, h4
FROM (SELECT *, cast(rand() as double) AS randum123, hex(4) AS h4 FROM src WHERE key = 100) a
WHERE a.h4 <= 3
POSTHOOK: type: QUERY
STAGE DEPENDENCIES:
  Stage-1 is a root stage
  Stage-0 is a root stage

STAGE PLANS:
  Stage: Stage-1
    Map Reduce
      Map Operator Tree:
          TableScan
            alias: src
            Statistics: Num rows: 58 Data size: 5812 Basic stats: COMPLETE Column stats: NONE
            Filter Operator
              predicate: (key = 100) (type: boolean)
              Statistics: Num rows: 29 Data size: 2906 Basic stats: COMPLETE Column stats: NONE
              Select Operator
                expressions: key (type: string), rand() (type: double), hex(4) (type: string)
                outputColumnNames: _col0, _col2, _col3
                Statistics: Num rows: 29 Data size: 2906 Basic stats: COMPLETE Column stats: NONE
                Filter Operator
                  predicate: (_col3 <= 3) (type: boolean)
                  Statistics: Num rows: 9 Data size: 901 Basic stats: COMPLETE Column stats: NONE
                  Select Operator
                    expressions: _col0 (type: string), _col2 (type: double), _col3 (type: string)
                    outputColumnNames: _col0, _col1, _col2
                    Statistics: Num rows: 9 Data size: 901 Basic stats: COMPLETE Column stats: NONE
                    File Output Operator
                      compressed: false
                      Statistics: Num rows: 9 Data size: 901 Basic stats: COMPLETE Column stats: NONE
                      table:
                          input format: org.apache.hadoop.mapred.TextInputFormat
                          output format: org.apache.hadoop.hive.ql.io.HiveIgnoreKeyTextOutputFormat
                          serde: org.apache.hadoop.hive.serde2.lazy.LazySimpleSerDe

  Stage: Stage-0
    Fetch Operator
      limit: -1

PREHOOK: query: EXPLAIN
SELECT key,randum123, v10
FROM (SELECT *, cast(rand() as double) AS randum123, value*10 AS v10 FROM src WHERE key = 100) a
WHERE a.v10 <= 200
PREHOOK: type: QUERY
POSTHOOK: query: EXPLAIN
SELECT key,randum123, v10
FROM (SELECT *, cast(rand() as double) AS randum123, value*10 AS v10 FROM src WHERE key = 100) a
WHERE a.v10 <= 200
POSTHOOK: type: QUERY
STAGE DEPENDENCIES:
  Stage-1 is a root stage
  Stage-0 is a root stage

STAGE PLANS:
  Stage: Stage-1
    Map Reduce
      Map Operator Tree:
          TableScan
            alias: src
            Statistics: Num rows: 29 Data size: 5812 Basic stats: COMPLETE Column stats: NONE
            Filter Operator
              predicate: (key = 100) (type: boolean)
              Statistics: Num rows: 14 Data size: 2805 Basic stats: COMPLETE Column stats: NONE
              Select Operator
                expressions: key (type: string), rand() (type: double), (value * 10) (type: double)
                outputColumnNames: _col0, _col2, _col3
                Statistics: Num rows: 14 Data size: 2805 Basic stats: COMPLETE Column stats: NONE
                Filter Operator
                  predicate: (_col3 <= 200.0) (type: boolean)
                  Statistics: Num rows: 4 Data size: 801 Basic stats: COMPLETE Column stats: NONE
                  Select Operator
                    expressions: _col0 (type: string), _col2 (type: double), _col3 (type: double)
                    outputColumnNames: _col0, _col1, _col2
                    Statistics: Num rows: 4 Data size: 801 Basic stats: COMPLETE Column stats: NONE
                    File Output Operator
                      compressed: false
                      Statistics: Num rows: 4 Data size: 801 Basic stats: COMPLETE Column stats: NONE
                      table:
                          input format: org.apache.hadoop.mapred.TextInputFormat
                          output format: org.apache.hadoop.hive.ql.io.HiveIgnoreKeyTextOutputFormat
                          serde: org.apache.hadoop.hive.serde2.lazy.LazySimpleSerDe

  Stage: Stage-0
    Fetch Operator
      limit: -1

PREHOOK: query: EXPLAIN
SELECT key, randum123
FROM (SELECT *, cast(rand() as double) AS randum123 FROM src WHERE key = 100) a
WHERE randum123 <=0.1
PREHOOK: type: QUERY
POSTHOOK: query: EXPLAIN
SELECT key, randum123
FROM (SELECT *, cast(rand() as double) AS randum123 FROM src WHERE key = 100) a
WHERE randum123 <=0.1
POSTHOOK: type: QUERY
STAGE DEPENDENCIES:
  Stage-1 is a root stage
  Stage-0 is a root stage

STAGE PLANS:
  Stage: Stage-1
    Map Reduce
      Map Operator Tree:
          TableScan
            alias: src
            Statistics: Num rows: 58 Data size: 5812 Basic stats: COMPLETE Column stats: NONE
            Filter Operator
              predicate: (key = 100) (type: boolean)
              Statistics: Num rows: 29 Data size: 2906 Basic stats: COMPLETE Column stats: NONE
              Select Operator
                expressions: key (type: string), rand() (type: double)
                outputColumnNames: _col0, _col2
                Statistics: Num rows: 29 Data size: 2906 Basic stats: COMPLETE Column stats: NONE
                Filter Operator
                  predicate: (_col2 <= 0.1) (type: boolean)
                  Statistics: Num rows: 9 Data size: 901 Basic stats: COMPLETE Column stats: NONE
                  Select Operator
                    expressions: _col0 (type: string), _col2 (type: double)
                    outputColumnNames: _col0, _col1
                    Statistics: Num rows: 9 Data size: 901 Basic stats: COMPLETE Column stats: NONE
                    File Output Operator
                      compressed: false
                      Statistics: Num rows: 9 Data size: 901 Basic stats: COMPLETE Column stats: NONE
                      table:
                          input format: org.apache.hadoop.mapred.TextInputFormat
                          output format: org.apache.hadoop.hive.ql.io.HiveIgnoreKeyTextOutputFormat
                          serde: org.apache.hadoop.hive.serde2.lazy.LazySimpleSerDe

  Stage: Stage-0
    Fetch Operator
      limit: -1

PREHOOK: query: EXPLAIN 
SELECT * FROM
(
SELECT key, randum123
FROM (SELECT *, cast(rand() as double) AS randum123 FROM src WHERE key = 100) a
WHERE randum123 <=0.1)s WHERE s.randum123>0.1 LIMIT 20
PREHOOK: type: QUERY
POSTHOOK: query: EXPLAIN 
SELECT * FROM
(
SELECT key, randum123
FROM (SELECT *, cast(rand() as double) AS randum123 FROM src WHERE key = 100) a
WHERE randum123 <=0.1)s WHERE s.randum123>0.1 LIMIT 20
POSTHOOK: type: QUERY
STAGE DEPENDENCIES:
  Stage-1 is a root stage
  Stage-0 is a root stage

STAGE PLANS:
  Stage: Stage-1
    Map Reduce
      Map Operator Tree:
          TableScan
            alias: src
            Statistics: Num rows: 58 Data size: 5812 Basic stats: COMPLETE Column stats: NONE
            Filter Operator
              predicate: (key = 100) (type: boolean)
              Statistics: Num rows: 29 Data size: 2906 Basic stats: COMPLETE Column stats: NONE
              Select Operator
                expressions: key (type: string), rand() (type: double)
                outputColumnNames: _col0, _col2
                Statistics: Num rows: 29 Data size: 2906 Basic stats: COMPLETE Column stats: NONE
                Filter Operator
                  predicate: ((_col2 <= 0.1) and (_col2 > 0.1)) (type: boolean)
                  Statistics: Num rows: 3 Data size: 300 Basic stats: COMPLETE Column stats: NONE
                  Select Operator
                    expressions: _col0 (type: string), _col2 (type: double)
                    outputColumnNames: _col0, _col1
                    Statistics: Num rows: 3 Data size: 300 Basic stats: COMPLETE Column stats: NONE
                    Limit
                      Number of rows: 20
                      Statistics: Num rows: 3 Data size: 300 Basic stats: COMPLETE Column stats: NONE
                      File Output Operator
                        compressed: false
                        Statistics: Num rows: 3 Data size: 300 Basic stats: COMPLETE Column stats: NONE
                        table:
                            input format: org.apache.hadoop.mapred.TextInputFormat
                            output format: org.apache.hadoop.hive.ql.io.HiveIgnoreKeyTextOutputFormat
                            serde: org.apache.hadoop.hive.serde2.lazy.LazySimpleSerDe

  Stage: Stage-0
    Fetch Operator
      limit: 20

PREHOOK: query: EXPLAIN
SELECT key,randum123, h4
FROM (SELECT *, cast(rand() as double) AS randum123, hex(4) AS h4 FROM src WHERE key = 100) a
WHERE a.h4 <= 3
PREHOOK: type: QUERY
POSTHOOK: query: EXPLAIN
SELECT key,randum123, h4
FROM (SELECT *, cast(rand() as double) AS randum123, hex(4) AS h4 FROM src WHERE key = 100) a
WHERE a.h4 <= 3
POSTHOOK: type: QUERY
STAGE DEPENDENCIES:
  Stage-1 is a root stage
  Stage-0 is a root stage

STAGE PLANS:
  Stage: Stage-1
    Map Reduce
      Map Operator Tree:
          TableScan
            alias: src
            Statistics: Num rows: 58 Data size: 5812 Basic stats: COMPLETE Column stats: NONE
            Filter Operator
              predicate: (key = 100) (type: boolean)
              Statistics: Num rows: 29 Data size: 2906 Basic stats: COMPLETE Column stats: NONE
              Select Operator
                expressions: key (type: string), rand() (type: double), hex(4) (type: string)
                outputColumnNames: _col0, _col2, _col3
                Statistics: Num rows: 29 Data size: 2906 Basic stats: COMPLETE Column stats: NONE
                Filter Operator
                  predicate: (_col3 <= 3) (type: boolean)
                  Statistics: Num rows: 9 Data size: 901 Basic stats: COMPLETE Column stats: NONE
                  Select Operator
                    expressions: _col0 (type: string), _col2 (type: double), _col3 (type: string)
                    outputColumnNames: _col0, _col1, _col2
                    Statistics: Num rows: 9 Data size: 901 Basic stats: COMPLETE Column stats: NONE
                    File Output Operator
                      compressed: false
                      Statistics: Num rows: 9 Data size: 901 Basic stats: COMPLETE Column stats: NONE
                      table:
                          input format: org.apache.hadoop.mapred.TextInputFormat
                          output format: org.apache.hadoop.hive.ql.io.HiveIgnoreKeyTextOutputFormat
                          serde: org.apache.hadoop.hive.serde2.lazy.LazySimpleSerDe

  Stage: Stage-0
    Fetch Operator
      limit: -1

PREHOOK: query: EXPLAIN
SELECT key,randum123, v10
FROM (SELECT *, cast(rand() as double) AS randum123, value*10 AS v10 FROM src WHERE key = 100) a
WHERE a.v10 <= 200
PREHOOK: type: QUERY
POSTHOOK: query: EXPLAIN
SELECT key,randum123, v10
FROM (SELECT *, cast(rand() as double) AS randum123, value*10 AS v10 FROM src WHERE key = 100) a
WHERE a.v10 <= 200
POSTHOOK: type: QUERY
STAGE DEPENDENCIES:
  Stage-1 is a root stage
  Stage-0 is a root stage

STAGE PLANS:
  Stage: Stage-1
    Map Reduce
      Map Operator Tree:
          TableScan
            alias: src
            Statistics: Num rows: 29 Data size: 5812 Basic stats: COMPLETE Column stats: NONE
            Filter Operator
              predicate: (key = 100) (type: boolean)
              Statistics: Num rows: 14 Data size: 2805 Basic stats: COMPLETE Column stats: NONE
              Select Operator
                expressions: key (type: string), rand() (type: double), (value * 10) (type: double)
                outputColumnNames: _col0, _col2, _col3
                Statistics: Num rows: 14 Data size: 2805 Basic stats: COMPLETE Column stats: NONE
                Filter Operator
                  predicate: (_col3 <= 200.0) (type: boolean)
                  Statistics: Num rows: 4 Data size: 801 Basic stats: COMPLETE Column stats: NONE
                  Select Operator
                    expressions: _col0 (type: string), _col2 (type: double), _col3 (type: double)
                    outputColumnNames: _col0, _col1, _col2
                    Statistics: Num rows: 4 Data size: 801 Basic stats: COMPLETE Column stats: NONE
                    File Output Operator
                      compressed: false
                      Statistics: Num rows: 4 Data size: 801 Basic stats: COMPLETE Column stats: NONE
                      table:
                          input format: org.apache.hadoop.mapred.TextInputFormat
                          output format: org.apache.hadoop.hive.ql.io.HiveIgnoreKeyTextOutputFormat
                          serde: org.apache.hadoop.hive.serde2.lazy.LazySimpleSerDe

  Stage: Stage-0
    Fetch Operator
      limit: -1

