PREHOOK: query: EXPLAIN
 FROM 
  src a
 LEFT OUTER JOIN 
  src b 
 ON (a.key = b.key)
 SELECT a.key, a.value, b.key, b.value
 WHERE a.key > 10 AND a.key < 20 AND b.key > 15 AND b.key < 25
PREHOOK: type: QUERY
POSTHOOK: query: EXPLAIN
 FROM 
  src a
 LEFT OUTER JOIN 
  src b 
 ON (a.key = b.key)
 SELECT a.key, a.value, b.key, b.value
 WHERE a.key > 10 AND a.key < 20 AND b.key > 15 AND b.key < 25
POSTHOOK: type: QUERY
STAGE DEPENDENCIES:
  Stage-1 is a root stage
  Stage-0 is a root stage

STAGE PLANS:
  Stage: Stage-1
    Map Reduce
      Map Operator Tree:
          TableScan
            alias: b
            Statistics: Num rows: 29 Data size: 5812 Basic stats: COMPLETE Column stats: NONE
            Filter Operator
              predicate: ((key > 10) and (key < 20)) (type: boolean)
              Statistics: Num rows: 3 Data size: 601 Basic stats: COMPLETE Column stats: NONE
              Reduce Output Operator
                key expressions: key (type: string)
                sort order: +
                Map-reduce partition columns: key (type: string)
                Statistics: Num rows: 3 Data size: 601 Basic stats: COMPLETE Column stats: NONE
                value expressions: key (type: string), value (type: string)
          TableScan
            alias: a
            Statistics: Num rows: 29 Data size: 5812 Basic stats: COMPLETE Column stats: NONE
            Filter Operator
              predicate: ((key > 10) and (key < 20)) (type: boolean)
              Statistics: Num rows: 3 Data size: 601 Basic stats: COMPLETE Column stats: NONE
              Reduce Output Operator
                key expressions: key (type: string)
                sort order: +
                Map-reduce partition columns: key (type: string)
                Statistics: Num rows: 3 Data size: 601 Basic stats: COMPLETE Column stats: NONE
                value expressions: key (type: string), value (type: string)
      Reduce Operator Tree:
        Join Operator
          condition map:
               Left Outer Join0 to 1
          condition expressions:
            0 {VALUE._col0} {VALUE._col1}
            1 {VALUE._col0} {VALUE._col1}
          outputColumnNames: _col0, _col1, _col4, _col5
          Statistics: Num rows: 3 Data size: 661 Basic stats: COMPLETE Column stats: NONE
          Filter Operator
            predicate: ((((_col0 > 10) and (_col0 < 20)) and (_col4 > 15)) and (_col4 < 25)) (type: boolean)
            Statistics: Num rows: 0 Data size: 0 Basic stats: NONE Column stats: NONE
            Select Operator
              expressions: _col0 (type: string), _col1 (type: string), _col4 (type: string), _col5 (type: string)
              outputColumnNames: _col0, _col1, _col2, _col3
              Statistics: Num rows: 0 Data size: 0 Basic stats: NONE Column stats: NONE
              File Output Operator
                compressed: false
                Statistics: Num rows: 0 Data size: 0 Basic stats: NONE Column stats: NONE
                table:
                    input format: org.apache.hadoop.mapred.TextInputFormat
                    output format: org.apache.hadoop.hive.ql.io.HiveIgnoreKeyTextOutputFormat
                    serde: org.apache.hadoop.hive.serde2.lazy.LazySimpleSerDe

  Stage: Stage-0
    Fetch Operator
      limit: -1

PREHOOK: query: FROM 
  src a
 LEFT OUTER JOIN 
  src b 
 ON (a.key = b.key)
 SELECT a.key, a.value, b.key, b.value
 WHERE a.key > 10 AND a.key < 20 AND b.key > 15 AND b.key < 25
PREHOOK: type: QUERY
PREHOOK: Input: default@src
#### A masked pattern was here ####
POSTHOOK: query: FROM 
  src a
 LEFT OUTER JOIN 
  src b 
 ON (a.key = b.key)
 SELECT a.key, a.value, b.key, b.value
 WHERE a.key > 10 AND a.key < 20 AND b.key > 15 AND b.key < 25
POSTHOOK: type: QUERY
POSTHOOK: Input: default@src
#### A masked pattern was here ####
17	val_17	17	val_17
18	val_18	18	val_18
18	val_18	18	val_18
18	val_18	18	val_18
18	val_18	18	val_18
19	val_19	19	val_19
PREHOOK: query: EXPLAIN
 FROM 
  src a
 LEFT OUTER JOIN 
  src b 
 ON (a.key = b.key)
 SELECT a.key, a.value, b.key, b.value
 WHERE a.key > 10 AND a.key < 20 AND b.key > 15 AND b.key < 25
PREHOOK: type: QUERY
POSTHOOK: query: EXPLAIN
 FROM 
  src a
 LEFT OUTER JOIN 
  src b 
 ON (a.key = b.key)
 SELECT a.key, a.value, b.key, b.value
 WHERE a.key > 10 AND a.key < 20 AND b.key > 15 AND b.key < 25
POSTHOOK: type: QUERY
STAGE DEPENDENCIES:
  Stage-1 is a root stage
  Stage-0 is a root stage

STAGE PLANS:
  Stage: Stage-1
    Map Reduce
      Map Operator Tree:
          TableScan
            alias: b
            Statistics: Num rows: 29 Data size: 5812 Basic stats: COMPLETE Column stats: NONE
            Filter Operator
              predicate: ((key > 10) and (key < 20)) (type: boolean)
              Statistics: Num rows: 3 Data size: 601 Basic stats: COMPLETE Column stats: NONE
              Reduce Output Operator
                key expressions: key (type: string)
                sort order: +
                Map-reduce partition columns: key (type: string)
                Statistics: Num rows: 3 Data size: 601 Basic stats: COMPLETE Column stats: NONE
                value expressions: key (type: string), value (type: string)
          TableScan
            alias: a
            Statistics: Num rows: 29 Data size: 5812 Basic stats: COMPLETE Column stats: NONE
            Filter Operator
              predicate: ((key > 10) and (key < 20)) (type: boolean)
              Statistics: Num rows: 3 Data size: 601 Basic stats: COMPLETE Column stats: NONE
              Reduce Output Operator
                key expressions: key (type: string)
                sort order: +
                Map-reduce partition columns: key (type: string)
                Statistics: Num rows: 3 Data size: 601 Basic stats: COMPLETE Column stats: NONE
                value expressions: key (type: string), value (type: string)
      Reduce Operator Tree:
        Join Operator
          condition map:
               Left Outer Join0 to 1
          condition expressions:
            0 {VALUE._col0} {VALUE._col1}
            1 {VALUE._col0} {VALUE._col1}
          outputColumnNames: _col0, _col1, _col4, _col5
          Statistics: Num rows: 3 Data size: 661 Basic stats: COMPLETE Column stats: NONE
          Filter Operator
            predicate: ((_col4 > 15) and (_col4 < 25)) (type: boolean)
            Statistics: Num rows: 0 Data size: 0 Basic stats: NONE Column stats: NONE
            Select Operator
              expressions: _col0 (type: string), _col1 (type: string), _col4 (type: string), _col5 (type: string)
              outputColumnNames: _col0, _col1, _col2, _col3
              Statistics: Num rows: 0 Data size: 0 Basic stats: NONE Column stats: NONE
              File Output Operator
                compressed: false
                Statistics: Num rows: 0 Data size: 0 Basic stats: NONE Column stats: NONE
                table:
                    input format: org.apache.hadoop.mapred.TextInputFormat
                    output format: org.apache.hadoop.hive.ql.io.HiveIgnoreKeyTextOutputFormat
                    serde: org.apache.hadoop.hive.serde2.lazy.LazySimpleSerDe

  Stage: Stage-0
    Fetch Operator
      limit: -1

PREHOOK: query: FROM 
  src a
 LEFT OUTER JOIN 
  src b 
 ON (a.key = b.key)
 SELECT a.key, a.value, b.key, b.value
 WHERE a.key > 10 AND a.key < 20 AND b.key > 15 AND b.key < 25
PREHOOK: type: QUERY
PREHOOK: Input: default@src
#### A masked pattern was here ####
POSTHOOK: query: FROM 
  src a
 LEFT OUTER JOIN 
  src b 
 ON (a.key = b.key)
 SELECT a.key, a.value, b.key, b.value
 WHERE a.key > 10 AND a.key < 20 AND b.key > 15 AND b.key < 25
POSTHOOK: type: QUERY
POSTHOOK: Input: default@src
#### A masked pattern was here ####
17	val_17	17	val_17
18	val_18	18	val_18
18	val_18	18	val_18
18	val_18	18	val_18
18	val_18	18	val_18
19	val_19	19	val_19
