PREHOOK: query: EXPLAIN SELECT * FROM src where key="value1"
PREHOOK: type: QUERY
POSTHOOK: query: EXPLAIN SELECT * FROM src where key="value1"
POSTHOOK: type: QUERY
STAGE DEPENDENCIES:
  Stage-1 is a root stage
  Stage-0 is a root stage

STAGE PLANS:
  Stage: Stage-1
    Map Reduce
      Map Operator Tree:
          TableScan
            alias: src
            Statistics: Num rows: 29 Data size: 5812 Basic stats: COMPLETE Column stats: NONE
            Filter Operator
              predicate: (key = 'value1') (type: boolean)
              Statistics: Num rows: 14 Data size: 2805 Basic stats: COMPLETE Column stats: NONE
              Select Operator
                expressions: key (type: string), value (type: string)
                outputColumnNames: _col0, _col1
                Statistics: Num rows: 14 Data size: 2805 Basic stats: COMPLETE Column stats: NONE
                File Output Operator
                  compressed: false
                  Statistics: Num rows: 14 Data size: 2805 Basic stats: COMPLETE Column stats: NONE
                  table:
                      input format: org.apache.hadoop.mapred.TextInputFormat
                      output format: org.apache.hadoop.hive.ql.io.HiveIgnoreKeyTextOutputFormat
                      serde: org.apache.hadoop.hive.serde2.lazy.LazySimpleSerDe

  Stage: Stage-0
    Fetch Operator
      limit: -1

PREHOOK: query: EXPLAIN SELECT * FROM src where key="value1"
PREHOOK: type: QUERY
POSTHOOK: query: EXPLAIN SELECT * FROM src where key="value1"
POSTHOOK: type: QUERY
STAGE DEPENDENCIES:
  Stage-1 is a root stage
  Stage-0 is a root stage

STAGE PLANS:
  Stage: Stage-1
    Map Reduce
      Map Operator Tree:
          TableScan
            alias: src
            Statistics: Num rows: 29 Data size: 5812 Basic stats: COMPLETE Column stats: NONE
            Filter Operator
              predicate: (key = 'value1') (type: boolean)
              Statistics: Num rows: 14 Data size: 2805 Basic stats: COMPLETE Column stats: NONE
              Select Operator
                expressions: key (type: string), value (type: string)
                outputColumnNames: _col0, _col1
                Statistics: Num rows: 14 Data size: 2805 Basic stats: COMPLETE Column stats: NONE
                File Output Operator
                  compressed: false
                  Statistics: Num rows: 14 Data size: 2805 Basic stats: COMPLETE Column stats: NONE
                  table:
                      input format: org.apache.hadoop.mapred.TextInputFormat
                      output format: org.apache.hadoop.hive.ql.io.HiveIgnoreKeyTextOutputFormat
                      serde: org.apache.hadoop.hive.serde2.lazy.LazySimpleSerDe

  Stage: Stage-0
    Fetch Operator
      limit: -1

PREHOOK: query: EXPLAIN SELECT * FROM src where key="1"
PREHOOK: type: QUERY
POSTHOOK: query: EXPLAIN SELECT * FROM src where key="1"
POSTHOOK: type: QUERY
STAGE DEPENDENCIES:
  Stage-1 is a root stage
  Stage-0 is a root stage

STAGE PLANS:
  Stage: Stage-1
    Map Reduce
      Map Operator Tree:
          TableScan
            alias: src
            Statistics: Num rows: 29 Data size: 5812 Basic stats: COMPLETE Column stats: NONE
            Filter Operator
              predicate: (key = '1') (type: boolean)
              Statistics: Num rows: 14 Data size: 2805 Basic stats: COMPLETE Column stats: NONE
              Select Operator
                expressions: key (type: string), value (type: string)
                outputColumnNames: _col0, _col1
                Statistics: Num rows: 14 Data size: 2805 Basic stats: COMPLETE Column stats: NONE
                File Output Operator
                  compressed: false
                  Statistics: Num rows: 14 Data size: 2805 Basic stats: COMPLETE Column stats: NONE
                  table:
                      input format: org.apache.hadoop.mapred.TextInputFormat
                      output format: org.apache.hadoop.hive.ql.io.HiveIgnoreKeyTextOutputFormat
                      serde: org.apache.hadoop.hive.serde2.lazy.LazySimpleSerDe

  Stage: Stage-0
    Fetch Operator
      limit: -1

hivevar:a=1
hivevar:b=a
hivevar:c=1
hivevar:key1=value1
