PREHOOK: query: DROP TABLE part
PREHOOK: type: DROPTABLE
POSTHOOK: query: DROP TABLE part
POSTHOOK: type: DROPTABLE
PREHOOK: query: -- data setup
CREATE TABLE part( 
    p_partkey INT,
    p_name STRING,
    p_mfgr STRING,
    p_brand STRING,
    p_type STRING,
    p_size INT,
    p_container STRING,
    p_retailprice DOUBLE,
    p_comment STRING
)
PREHOOK: type: CREATETABLE
PREHOOK: Output: database:default
POSTHOOK: query: -- data setup
CREATE TABLE part( 
    p_partkey INT,
    p_name STRING,
    p_mfgr STRING,
    p_brand STRING,
    p_type STRING,
    p_size INT,
    p_container STRING,
    p_retailprice DOUBLE,
    p_comment STRING
)
POSTHOOK: type: CREATETABLE
POSTHOOK: Output: database:default
POSTHOOK: Output: default@part
PREHOOK: query: LOAD DATA LOCAL INPATH '../../data/files/part_tiny.txt' overwrite into table part
PREHOOK: type: LOAD
#### A masked pattern was here ####
PREHOOK: Output: default@part
POSTHOOK: query: LOAD DATA LOCAL INPATH '../../data/files/part_tiny.txt' overwrite into table part
POSTHOOK: type: LOAD
#### A masked pattern was here ####
POSTHOOK: Output: default@part
Warning: Shuffle Join JOIN[22][tables = [gby_sq1, sq_1_notin_nullcheck]] in Stage 'Stage-2:MAPRED' is a cross product
PREHOOK: query: -- non agg, non corr
explain
select key, count(*) 
from src 
group by key
having key not in  
  ( select key  from src s1 
    where s1.key > '12'
  )
PREHOOK: type: QUERY
POSTHOOK: query: -- non agg, non corr
explain
select key, count(*) 
from src 
group by key
having key not in  
  ( select key  from src s1 
    where s1.key > '12'
  )
POSTHOOK: type: QUERY
STAGE DEPENDENCIES:
  Stage-1 is a root stage
  Stage-2 depends on stages: Stage-1, Stage-5
  Stage-3 depends on stages: Stage-2
  Stage-5 is a root stage
  Stage-0 is a root stage

STAGE PLANS:
  Stage: Stage-1
    Map Reduce
      Map Operator Tree:
          TableScan
            alias: s1
            Statistics: Num rows: 58 Data size: 5812 Basic stats: COMPLETE Column stats: NONE
            Filter Operator
              predicate: ((key > '12') and key is null) (type: boolean)
              Statistics: Num rows: 9 Data size: 901 Basic stats: COMPLETE Column stats: NONE
              Select Operator
                Statistics: Num rows: 9 Data size: 901 Basic stats: COMPLETE Column stats: NONE
                Group By Operator
                  aggregations: count()
                  mode: hash
                  outputColumnNames: _col0
                  Statistics: Num rows: 1 Data size: 8 Basic stats: COMPLETE Column stats: NONE
                  Reduce Output Operator
                    sort order: 
                    Statistics: Num rows: 1 Data size: 8 Basic stats: COMPLETE Column stats: NONE
                    value expressions: _col0 (type: bigint)
      Reduce Operator Tree:
        Group By Operator
          aggregations: count(VALUE._col0)
          mode: mergepartial
          outputColumnNames: _col0
          Statistics: Num rows: 1 Data size: 8 Basic stats: COMPLETE Column stats: NONE
          Filter Operator
            predicate: (_col0 = 0) (type: boolean)
            Statistics: Num rows: 0 Data size: 0 Basic stats: NONE Column stats: NONE
            Select Operator
              expressions: _col0 (type: bigint)
              outputColumnNames: _col0
              Statistics: Num rows: 0 Data size: 0 Basic stats: NONE Column stats: NONE
              Group By Operator
                keys: _col0 (type: bigint)
                mode: hash
                outputColumnNames: _col0
                Statistics: Num rows: 0 Data size: 0 Basic stats: NONE Column stats: NONE
                File Output Operator
                  compressed: false
                  table:
                      input format: org.apache.hadoop.mapred.SequenceFileInputFormat
                      output format: org.apache.hadoop.hive.ql.io.HiveSequenceFileOutputFormat
                      serde: org.apache.hadoop.hive.serde2.lazybinary.LazyBinarySerDe

  Stage: Stage-2
    Map Reduce
      Map Operator Tree:
          TableScan
            Reduce Output Operator
              sort order: 
              Statistics: Num rows: 0 Data size: 0 Basic stats: NONE Column stats: NONE
          TableScan
            Reduce Output Operator
              sort order: 
              Statistics: Num rows: 58 Data size: 5812 Basic stats: COMPLETE Column stats: NONE
              value expressions: _col0 (type: string), _col1 (type: bigint)
      Reduce Operator Tree:
        Join Operator
          condition map:
               Left Semi Join 0 to 1
          condition expressions:
            0 {VALUE._col0} {VALUE._col1}
            1 
          outputColumnNames: _col0, _col1
          Statistics: Num rows: 63 Data size: 6393 Basic stats: COMPLETE Column stats: NONE
          File Output Operator
            compressed: false
            table:
                input format: org.apache.hadoop.mapred.SequenceFileInputFormat
                output format: org.apache.hadoop.hive.ql.io.HiveSequenceFileOutputFormat
                serde: org.apache.hadoop.hive.serde2.lazybinary.LazyBinarySerDe

  Stage: Stage-3
    Map Reduce
      Map Operator Tree:
          TableScan
            Reduce Output Operator
              key expressions: _col0 (type: string)
              sort order: +
              Map-reduce partition columns: _col0 (type: string)
              Statistics: Num rows: 63 Data size: 6393 Basic stats: COMPLETE Column stats: NONE
              value expressions: _col0 (type: string), _col1 (type: bigint)
          TableScan
            alias: s1
            Statistics: Num rows: 58 Data size: 5812 Basic stats: COMPLETE Column stats: NONE
            Filter Operator
              predicate: (key > '12') (type: boolean)
              Statistics: Num rows: 19 Data size: 1903 Basic stats: COMPLETE Column stats: NONE
              Select Operator
                expressions: key (type: string)
                outputColumnNames: _col0
                Statistics: Num rows: 19 Data size: 1903 Basic stats: COMPLETE Column stats: NONE
                Reduce Output Operator
                  key expressions: _col0 (type: string)
                  sort order: +
                  Map-reduce partition columns: _col0 (type: string)
                  Statistics: Num rows: 19 Data size: 1903 Basic stats: COMPLETE Column stats: NONE
                  value expressions: _col0 (type: string)
      Reduce Operator Tree:
        Join Operator
          condition map:
               Left Outer Join0 to 1
          condition expressions:
            0 {VALUE._col0} {VALUE._col1}
            1 {VALUE._col0}
          outputColumnNames: _col0, _col1, _col4
          Statistics: Num rows: 69 Data size: 7032 Basic stats: COMPLETE Column stats: NONE
          Filter Operator
            predicate: ((1 = 1) and _col4 is null) (type: boolean)
            Statistics: Num rows: 17 Data size: 1732 Basic stats: COMPLETE Column stats: NONE
            Select Operator
              expressions: _col0 (type: string), _col1 (type: bigint)
              outputColumnNames: _col0, _col1
              Statistics: Num rows: 17 Data size: 1732 Basic stats: COMPLETE Column stats: NONE
              File Output Operator
                compressed: false
                Statistics: Num rows: 17 Data size: 1732 Basic stats: COMPLETE Column stats: NONE
                table:
                    input format: org.apache.hadoop.mapred.TextInputFormat
                    output format: org.apache.hadoop.hive.ql.io.HiveIgnoreKeyTextOutputFormat
                    serde: org.apache.hadoop.hive.serde2.lazy.LazySimpleSerDe

  Stage: Stage-5
    Map Reduce
      Map Operator Tree:
          TableScan
            alias: src
            Statistics: Num rows: 58 Data size: 5812 Basic stats: COMPLETE Column stats: NONE
            Select Operator
              expressions: key (type: string)
              outputColumnNames: key
              Statistics: Num rows: 58 Data size: 5812 Basic stats: COMPLETE Column stats: NONE
              Group By Operator
                aggregations: count()
                keys: key (type: string)
                mode: hash
                outputColumnNames: _col0, _col1
                Statistics: Num rows: 58 Data size: 5812 Basic stats: COMPLETE Column stats: NONE
                Reduce Output Operator
                  key expressions: _col0 (type: string)
                  sort order: +
                  Map-reduce partition columns: _col0 (type: string)
                  Statistics: Num rows: 58 Data size: 5812 Basic stats: COMPLETE Column stats: NONE
                  value expressions: _col1 (type: bigint)
      Reduce Operator Tree:
        Group By Operator
          aggregations: count(VALUE._col0)
          keys: KEY._col0 (type: string)
          mode: mergepartial
          outputColumnNames: _col0, _col1
          Statistics: Num rows: 58 Data size: 5812 Basic stats: COMPLETE Column stats: NONE
          File Output Operator
            compressed: false
            table:
                input format: org.apache.hadoop.mapred.SequenceFileInputFormat
                output format: org.apache.hadoop.hive.ql.io.HiveSequenceFileOutputFormat
                serde: org.apache.hadoop.hive.serde2.lazybinary.LazyBinarySerDe

  Stage: Stage-0
    Fetch Operator
      limit: -1

Warning: Shuffle Join JOIN[32][tables = [gby_sq1, sq_1_notin_nullcheck]] in Stage 'Stage-2:MAPRED' is a cross product
PREHOOK: query: -- non agg, corr
explain
select b.p_mfgr, min(p_retailprice) 
from part b 
group by b.p_mfgr
having b.p_mfgr not in 
  (select p_mfgr 
  from (select p_mfgr, min(p_retailprice) l, max(p_retailprice) r, avg(p_retailprice) a from part group by p_mfgr) a 
  where min(p_retailprice) = l and r - l > 600
  )
PREHOOK: type: QUERY
POSTHOOK: query: -- non agg, corr
explain
select b.p_mfgr, min(p_retailprice) 
from part b 
group by b.p_mfgr
having b.p_mfgr not in 
  (select p_mfgr 
  from (select p_mfgr, min(p_retailprice) l, max(p_retailprice) r, avg(p_retailprice) a from part group by p_mfgr) a 
  where min(p_retailprice) = l and r - l > 600
  )
POSTHOOK: type: QUERY
STAGE DEPENDENCIES:
  Stage-1 is a root stage
  Stage-2 depends on stages: Stage-1, Stage-6
  Stage-3 depends on stages: Stage-2, Stage-4
  Stage-4 is a root stage
  Stage-5 is a root stage
  Stage-6 depends on stages: Stage-5
  Stage-0 is a root stage

STAGE PLANS:
  Stage: Stage-1
    Map Reduce
      Map Operator Tree:
          TableScan
            alias: b
            Statistics: Num rows: 29 Data size: 3173 Basic stats: COMPLETE Column stats: NONE
            Select Operator
              expressions: p_mfgr (type: string), p_retailprice (type: double)
              outputColumnNames: p_mfgr, p_retailprice
              Statistics: Num rows: 29 Data size: 3173 Basic stats: COMPLETE Column stats: NONE
              Group By Operator
                aggregations: min(p_retailprice), max(p_retailprice), avg(p_retailprice)
                keys: p_mfgr (type: string)
                mode: hash
                outputColumnNames: _col0, _col1, _col2, _col3
                Statistics: Num rows: 29 Data size: 3173 Basic stats: COMPLETE Column stats: NONE
                Reduce Output Operator
                  key expressions: _col0 (type: string)
                  sort order: +
                  Map-reduce partition columns: _col0 (type: string)
                  Statistics: Num rows: 29 Data size: 3173 Basic stats: COMPLETE Column stats: NONE
                  value expressions: _col1 (type: double), _col2 (type: double), _col3 (type: struct<count:bigint,sum:double,input:double>)
      Reduce Operator Tree:
        Group By Operator
          aggregations: min(VALUE._col0), max(VALUE._col1), avg(VALUE._col2)
          keys: KEY._col0 (type: string)
          mode: mergepartial
          outputColumnNames: _col0, _col1, _col2, _col3
          Statistics: Num rows: 29 Data size: 3173 Basic stats: COMPLETE Column stats: NONE
          File Output Operator
            compressed: false
            table:
                input format: org.apache.hadoop.mapred.SequenceFileInputFormat
                output format: org.apache.hadoop.hive.ql.io.HiveSequenceFileOutputFormat
                serde: org.apache.hadoop.hive.serde2.lazybinary.LazyBinarySerDe

  Stage: Stage-2
    Map Reduce
      Map Operator Tree:
          TableScan
            Reduce Output Operator
              sort order: 
              Statistics: Num rows: 29 Data size: 3173 Basic stats: COMPLETE Column stats: NONE
              value expressions: _col0 (type: string), _col1 (type: double), _col1 (type: double)
          TableScan
            Reduce Output Operator
              sort order: 
              Statistics: Num rows: 0 Data size: 0 Basic stats: NONE Column stats: NONE
      Reduce Operator Tree:
        Join Operator
          condition map:
               Left Semi Join 0 to 1
          condition expressions:
            0 {VALUE._col0} {VALUE._col1} {VALUE._col5}
            1 
          outputColumnNames: _col0, _col1, _col5
          Statistics: Num rows: 31 Data size: 3490 Basic stats: COMPLETE Column stats: NONE
          File Output Operator
            compressed: false
            table:
                input format: org.apache.hadoop.mapred.SequenceFileInputFormat
                output format: org.apache.hadoop.hive.ql.io.HiveSequenceFileOutputFormat
                serde: org.apache.hadoop.hive.serde2.lazybinary.LazyBinarySerDe

  Stage: Stage-3
    Map Reduce
      Map Operator Tree:
          TableScan
            Reduce Output Operator
              key expressions: _col0 (type: string), _col5 (type: double)
              sort order: ++
              Map-reduce partition columns: _col0 (type: string), _col5 (type: double)
              Statistics: Num rows: 31 Data size: 3490 Basic stats: COMPLETE Column stats: NONE
              value expressions: _col0 (type: string), _col1 (type: double)
          TableScan
            Reduce Output Operator
              key expressions: _col0 (type: string), _col1 (type: double)
              sort order: ++
              Map-reduce partition columns: _col0 (type: string), _col1 (type: double)
              Statistics: Num rows: 4 Data size: 437 Basic stats: COMPLETE Column stats: NONE
              value expressions: _col0 (type: string)
      Reduce Operator Tree:
        Join Operator
          condition map:
               Left Outer Join0 to 1
          condition expressions:
            0 {VALUE._col0} {VALUE._col1}
            1 {VALUE._col0}
          outputColumnNames: _col0, _col1, _col7
          Statistics: Num rows: 34 Data size: 3839 Basic stats: COMPLETE Column stats: NONE
          Filter Operator
            predicate: ((1 = 1) and _col7 is null) (type: boolean)
            Statistics: Num rows: 8 Data size: 903 Basic stats: COMPLETE Column stats: NONE
            Select Operator
              expressions: _col0 (type: string), _col1 (type: double)
              outputColumnNames: _col0, _col1
              Statistics: Num rows: 8 Data size: 903 Basic stats: COMPLETE Column stats: NONE
              File Output Operator
                compressed: false
                Statistics: Num rows: 8 Data size: 903 Basic stats: COMPLETE Column stats: NONE
                table:
                    input format: org.apache.hadoop.mapred.TextInputFormat
                    output format: org.apache.hadoop.hive.ql.io.HiveIgnoreKeyTextOutputFormat
                    serde: org.apache.hadoop.hive.serde2.lazy.LazySimpleSerDe

  Stage: Stage-4
    Map Reduce
      Map Operator Tree:
          TableScan
            alias: part
            Statistics: Num rows: 29 Data size: 3173 Basic stats: COMPLETE Column stats: NONE
            Select Operator
              expressions: p_mfgr (type: string), p_retailprice (type: double)
              outputColumnNames: p_mfgr, p_retailprice
              Statistics: Num rows: 29 Data size: 3173 Basic stats: COMPLETE Column stats: NONE
              Group By Operator
                aggregations: min(p_retailprice), max(p_retailprice), avg(p_retailprice)
                keys: p_mfgr (type: string)
                mode: hash
                outputColumnNames: _col0, _col1, _col2, _col3
                Statistics: Num rows: 29 Data size: 3173 Basic stats: COMPLETE Column stats: NONE
                Reduce Output Operator
                  key expressions: _col0 (type: string)
                  sort order: +
                  Map-reduce partition columns: _col0 (type: string)
                  Statistics: Num rows: 29 Data size: 3173 Basic stats: COMPLETE Column stats: NONE
                  value expressions: _col1 (type: double), _col2 (type: double), _col3 (type: struct<count:bigint,sum:double,input:double>)
      Reduce Operator Tree:
        Group By Operator
          aggregations: min(VALUE._col0), max(VALUE._col1), avg(VALUE._col2)
          keys: KEY._col0 (type: string)
          mode: mergepartial
          outputColumnNames: _col0, _col1, _col2, _col3
          Statistics: Num rows: 14 Data size: 1531 Basic stats: COMPLETE Column stats: NONE
          Filter Operator
            predicate: ((_col2 - _col1) > 600) (type: boolean)
            Statistics: Num rows: 4 Data size: 437 Basic stats: COMPLETE Column stats: NONE
            Select Operator
              expressions: _col0 (type: string), _col1 (type: double)
              outputColumnNames: _col0, _col1
              Statistics: Num rows: 4 Data size: 437 Basic stats: COMPLETE Column stats: NONE
              File Output Operator
                compressed: false
                table:
                    input format: org.apache.hadoop.mapred.SequenceFileInputFormat
                    output format: org.apache.hadoop.hive.ql.io.HiveSequenceFileOutputFormat
                    serde: org.apache.hadoop.hive.serde2.lazybinary.LazyBinarySerDe

  Stage: Stage-5
    Map Reduce
      Map Operator Tree:
          TableScan
            alias: part
            Statistics: Num rows: 29 Data size: 3173 Basic stats: COMPLETE Column stats: NONE
            Select Operator
              expressions: p_mfgr (type: string), p_retailprice (type: double)
              outputColumnNames: p_mfgr, p_retailprice
              Statistics: Num rows: 29 Data size: 3173 Basic stats: COMPLETE Column stats: NONE
              Group By Operator
                aggregations: min(p_retailprice), max(p_retailprice), avg(p_retailprice)
                keys: p_mfgr (type: string)
                mode: hash
                outputColumnNames: _col0, _col1, _col2, _col3
                Statistics: Num rows: 29 Data size: 3173 Basic stats: COMPLETE Column stats: NONE
                Reduce Output Operator
                  key expressions: _col0 (type: string)
                  sort order: +
                  Map-reduce partition columns: _col0 (type: string)
                  Statistics: Num rows: 29 Data size: 3173 Basic stats: COMPLETE Column stats: NONE
                  value expressions: _col1 (type: double), _col2 (type: double), _col3 (type: struct<count:bigint,sum:double,input:double>)
      Reduce Operator Tree:
        Group By Operator
          aggregations: min(VALUE._col0), max(VALUE._col1), avg(VALUE._col2)
          keys: KEY._col0 (type: string)
          mode: mergepartial
          outputColumnNames: _col0, _col1, _col2, _col3
          Statistics: Num rows: 14 Data size: 1531 Basic stats: COMPLETE Column stats: NONE
          Filter Operator
            predicate: ((_col0 is null or _col1 is null) and ((_col2 - _col1) > 600)) (type: boolean)
            Statistics: Num rows: 2 Data size: 218 Basic stats: COMPLETE Column stats: NONE
            Select Operator
              Statistics: Num rows: 2 Data size: 218 Basic stats: COMPLETE Column stats: NONE
              Group By Operator
                aggregations: count()
                mode: hash
                outputColumnNames: _col0
                Statistics: Num rows: 1 Data size: 32 Basic stats: COMPLETE Column stats: NONE
                File Output Operator
                  compressed: false
                  table:
                      input format: org.apache.hadoop.mapred.SequenceFileInputFormat
                      output format: org.apache.hadoop.hive.ql.io.HiveSequenceFileOutputFormat
                      serde: org.apache.hadoop.hive.serde2.lazybinary.LazyBinarySerDe

  Stage: Stage-6
    Map Reduce
      Map Operator Tree:
          TableScan
            Reduce Output Operator
              sort order: 
              Statistics: Num rows: 1 Data size: 32 Basic stats: COMPLETE Column stats: NONE
              value expressions: _col0 (type: bigint)
      Reduce Operator Tree:
        Group By Operator
          aggregations: count(VALUE._col0)
          mode: mergepartial
          outputColumnNames: _col0
          Statistics: Num rows: 1 Data size: 32 Basic stats: COMPLETE Column stats: NONE
          Filter Operator
            predicate: (_col0 = 0) (type: boolean)
            Statistics: Num rows: 0 Data size: 0 Basic stats: NONE Column stats: NONE
            Select Operator
              expressions: _col0 (type: bigint)
              outputColumnNames: _col0
              Statistics: Num rows: 0 Data size: 0 Basic stats: NONE Column stats: NONE
              Group By Operator
                keys: _col0 (type: bigint)
                mode: hash
                outputColumnNames: _col0
                Statistics: Num rows: 0 Data size: 0 Basic stats: NONE Column stats: NONE
                File Output Operator
                  compressed: false
                  table:
                      input format: org.apache.hadoop.mapred.SequenceFileInputFormat
                      output format: org.apache.hadoop.hive.ql.io.HiveSequenceFileOutputFormat
                      serde: org.apache.hadoop.hive.serde2.lazybinary.LazyBinarySerDe

  Stage: Stage-0
    Fetch Operator
      limit: -1

Warning: Shuffle Join JOIN[32][tables = [gby_sq1, sq_1_notin_nullcheck]] in Stage 'Stage-2:MAPRED' is a cross product
PREHOOK: query: select b.p_mfgr, min(p_retailprice) 
from part b 
group by b.p_mfgr
having b.p_mfgr not in 
  (select p_mfgr 
  from (select p_mfgr, min(p_retailprice) l, max(p_retailprice) r, avg(p_retailprice) a from part group by p_mfgr) a 
  where min(p_retailprice) = l and r - l > 600
  )
PREHOOK: type: QUERY
PREHOOK: Input: default@part
#### A masked pattern was here ####
POSTHOOK: query: select b.p_mfgr, min(p_retailprice) 
from part b 
group by b.p_mfgr
having b.p_mfgr not in 
  (select p_mfgr 
  from (select p_mfgr, min(p_retailprice) l, max(p_retailprice) r, avg(p_retailprice) a from part group by p_mfgr) a 
  where min(p_retailprice) = l and r - l > 600
  )
POSTHOOK: type: QUERY
POSTHOOK: Input: default@part
#### A masked pattern was here ####
Manufacturer#1	1173.15
Manufacturer#2	1690.68
Warning: Shuffle Join JOIN[30][tables = [gby_sq1, sq_1_notin_nullcheck]] in Stage 'Stage-2:MAPRED' is a cross product
PREHOOK: query: -- agg, non corr
explain
select b.p_mfgr, min(p_retailprice) 
from part b 
group by b.p_mfgr
having b.p_mfgr not in 
  (select p_mfgr 
  from part a
  group by p_mfgr
  having max(p_retailprice) - min(p_retailprice) > 600
  )
PREHOOK: type: QUERY
POSTHOOK: query: -- agg, non corr
explain
select b.p_mfgr, min(p_retailprice) 
from part b 
group by b.p_mfgr
having b.p_mfgr not in 
  (select p_mfgr 
  from part a
  group by p_mfgr
  having max(p_retailprice) - min(p_retailprice) > 600
  )
POSTHOOK: type: QUERY
STAGE DEPENDENCIES:
  Stage-1 is a root stage
  Stage-2 depends on stages: Stage-1, Stage-5
  Stage-3 depends on stages: Stage-2, Stage-6
  Stage-4 is a root stage
  Stage-5 depends on stages: Stage-4
  Stage-6 is a root stage
  Stage-0 is a root stage

STAGE PLANS:
  Stage: Stage-1
    Map Reduce
      Map Operator Tree:
          TableScan
            alias: b
            Statistics: Num rows: 29 Data size: 3173 Basic stats: COMPLETE Column stats: NONE
            Select Operator
              expressions: p_mfgr (type: string), p_retailprice (type: double)
              outputColumnNames: p_mfgr, p_retailprice
              Statistics: Num rows: 29 Data size: 3173 Basic stats: COMPLETE Column stats: NONE
              Group By Operator
                aggregations: min(p_retailprice), max(p_retailprice)
                keys: p_mfgr (type: string)
                mode: hash
                outputColumnNames: _col0, _col1, _col2
                Statistics: Num rows: 29 Data size: 3173 Basic stats: COMPLETE Column stats: NONE
                Reduce Output Operator
                  key expressions: _col0 (type: string)
                  sort order: +
                  Map-reduce partition columns: _col0 (type: string)
                  Statistics: Num rows: 29 Data size: 3173 Basic stats: COMPLETE Column stats: NONE
                  value expressions: _col1 (type: double), _col2 (type: double)
      Reduce Operator Tree:
        Group By Operator
          aggregations: min(VALUE._col0), max(VALUE._col1)
          keys: KEY._col0 (type: string)
          mode: mergepartial
          outputColumnNames: _col0, _col1, _col2
          Statistics: Num rows: 29 Data size: 3173 Basic stats: COMPLETE Column stats: NONE
          File Output Operator
            compressed: false
            table:
                input format: org.apache.hadoop.mapred.SequenceFileInputFormat
                output format: org.apache.hadoop.hive.ql.io.HiveSequenceFileOutputFormat
                serde: org.apache.hadoop.hive.serde2.lazybinary.LazyBinarySerDe

  Stage: Stage-2
    Map Reduce
      Map Operator Tree:
          TableScan
            Reduce Output Operator
              sort order: 
              Statistics: Num rows: 29 Data size: 3173 Basic stats: COMPLETE Column stats: NONE
              value expressions: _col0 (type: string), _col1 (type: double)
          TableScan
            Reduce Output Operator
              sort order: 
              Statistics: Num rows: 0 Data size: 0 Basic stats: NONE Column stats: NONE
      Reduce Operator Tree:
        Join Operator
          condition map:
               Left Semi Join 0 to 1
          condition expressions:
            0 {VALUE._col0} {VALUE._col1}
            1 
          outputColumnNames: _col0, _col1
          Statistics: Num rows: 31 Data size: 3490 Basic stats: COMPLETE Column stats: NONE
          File Output Operator
            compressed: false
            table:
                input format: org.apache.hadoop.mapred.SequenceFileInputFormat
                output format: org.apache.hadoop.hive.ql.io.HiveSequenceFileOutputFormat
                serde: org.apache.hadoop.hive.serde2.lazybinary.LazyBinarySerDe

  Stage: Stage-3
    Map Reduce
      Map Operator Tree:
          TableScan
            Reduce Output Operator
              key expressions: _col0 (type: string)
              sort order: +
              Map-reduce partition columns: _col0 (type: string)
              Statistics: Num rows: 31 Data size: 3490 Basic stats: COMPLETE Column stats: NONE
              value expressions: _col0 (type: string), _col1 (type: double)
          TableScan
            Reduce Output Operator
              key expressions: _col0 (type: string)
              sort order: +
              Map-reduce partition columns: _col0 (type: string)
              Statistics: Num rows: 4 Data size: 437 Basic stats: COMPLETE Column stats: NONE
              value expressions: _col0 (type: string)
      Reduce Operator Tree:
        Join Operator
          condition map:
               Left Outer Join0 to 1
          condition expressions:
            0 {VALUE._col0} {VALUE._col1}
            1 {VALUE._col0}
          outputColumnNames: _col0, _col1, _col5
          Statistics: Num rows: 34 Data size: 3839 Basic stats: COMPLETE Column stats: NONE
          Filter Operator
            predicate: ((1 = 1) and _col5 is null) (type: boolean)
            Statistics: Num rows: 8 Data size: 903 Basic stats: COMPLETE Column stats: NONE
            Select Operator
              expressions: _col0 (type: string), _col1 (type: double)
              outputColumnNames: _col0, _col1
              Statistics: Num rows: 8 Data size: 903 Basic stats: COMPLETE Column stats: NONE
              File Output Operator
                compressed: false
                Statistics: Num rows: 8 Data size: 903 Basic stats: COMPLETE Column stats: NONE
                table:
                    input format: org.apache.hadoop.mapred.TextInputFormat
                    output format: org.apache.hadoop.hive.ql.io.HiveIgnoreKeyTextOutputFormat
                    serde: org.apache.hadoop.hive.serde2.lazy.LazySimpleSerDe

  Stage: Stage-4
    Map Reduce
      Map Operator Tree:
          TableScan
            alias: a
            Statistics: Num rows: 29 Data size: 3173 Basic stats: COMPLETE Column stats: NONE
            Filter Operator
              predicate: p_mfgr is null (type: boolean)
              Statistics: Num rows: 14 Data size: 1531 Basic stats: COMPLETE Column stats: NONE
              Select Operator
                expressions: p_mfgr (type: string), p_retailprice (type: double)
                outputColumnNames: p_mfgr, p_retailprice
                Statistics: Num rows: 14 Data size: 1531 Basic stats: COMPLETE Column stats: NONE
                Group By Operator
                  aggregations: max(p_retailprice), min(p_retailprice)
                  keys: p_mfgr (type: string)
                  mode: hash
                  outputColumnNames: _col0, _col1, _col2
                  Statistics: Num rows: 14 Data size: 1531 Basic stats: COMPLETE Column stats: NONE
                  Reduce Output Operator
                    key expressions: _col0 (type: string)
                    sort order: +
                    Map-reduce partition columns: _col0 (type: string)
                    Statistics: Num rows: 14 Data size: 1531 Basic stats: COMPLETE Column stats: NONE
                    value expressions: _col1 (type: double), _col2 (type: double)
      Reduce Operator Tree:
        Group By Operator
          aggregations: max(VALUE._col0), min(VALUE._col1)
          keys: KEY._col0 (type: string)
          mode: mergepartial
          outputColumnNames: _col0, _col1, _col2
          Statistics: Num rows: 7 Data size: 765 Basic stats: COMPLETE Column stats: NONE
          Filter Operator
            predicate: ((_col1 - _col2) > 600) (type: boolean)
            Statistics: Num rows: 2 Data size: 218 Basic stats: COMPLETE Column stats: NONE
            Select Operator
              Statistics: Num rows: 2 Data size: 218 Basic stats: COMPLETE Column stats: NONE
              Group By Operator
                aggregations: count()
                mode: hash
                outputColumnNames: _col0
                Statistics: Num rows: 1 Data size: 24 Basic stats: COMPLETE Column stats: NONE
                File Output Operator
                  compressed: false
                  table:
                      input format: org.apache.hadoop.mapred.SequenceFileInputFormat
                      output format: org.apache.hadoop.hive.ql.io.HiveSequenceFileOutputFormat
                      serde: org.apache.hadoop.hive.serde2.lazybinary.LazyBinarySerDe

  Stage: Stage-5
    Map Reduce
      Map Operator Tree:
          TableScan
            Reduce Output Operator
              sort order: 
              Statistics: Num rows: 1 Data size: 24 Basic stats: COMPLETE Column stats: NONE
              value expressions: _col0 (type: bigint)
      Reduce Operator Tree:
        Group By Operator
          aggregations: count(VALUE._col0)
          mode: mergepartial
          outputColumnNames: _col0
          Statistics: Num rows: 1 Data size: 24 Basic stats: COMPLETE Column stats: NONE
          Filter Operator
            predicate: (_col0 = 0) (type: boolean)
            Statistics: Num rows: 0 Data size: 0 Basic stats: NONE Column stats: NONE
            Select Operator
              expressions: _col0 (type: bigint)
              outputColumnNames: _col0
              Statistics: Num rows: 0 Data size: 0 Basic stats: NONE Column stats: NONE
              Group By Operator
                keys: _col0 (type: bigint)
                mode: hash
                outputColumnNames: _col0
                Statistics: Num rows: 0 Data size: 0 Basic stats: NONE Column stats: NONE
                File Output Operator
                  compressed: false
                  table:
                      input format: org.apache.hadoop.mapred.SequenceFileInputFormat
                      output format: org.apache.hadoop.hive.ql.io.HiveSequenceFileOutputFormat
                      serde: org.apache.hadoop.hive.serde2.lazybinary.LazyBinarySerDe

  Stage: Stage-6
    Map Reduce
      Map Operator Tree:
          TableScan
            alias: a
            Statistics: Num rows: 29 Data size: 3173 Basic stats: COMPLETE Column stats: NONE
            Select Operator
              expressions: p_mfgr (type: string), p_retailprice (type: double)
              outputColumnNames: p_mfgr, p_retailprice
              Statistics: Num rows: 29 Data size: 3173 Basic stats: COMPLETE Column stats: NONE
              Group By Operator
                aggregations: max(p_retailprice), min(p_retailprice)
                keys: p_mfgr (type: string)
                mode: hash
                outputColumnNames: _col0, _col1, _col2
                Statistics: Num rows: 29 Data size: 3173 Basic stats: COMPLETE Column stats: NONE
                Reduce Output Operator
                  key expressions: _col0 (type: string)
                  sort order: +
                  Map-reduce partition columns: _col0 (type: string)
                  Statistics: Num rows: 29 Data size: 3173 Basic stats: COMPLETE Column stats: NONE
                  value expressions: _col1 (type: double), _col2 (type: double)
      Reduce Operator Tree:
        Group By Operator
          aggregations: max(VALUE._col0), min(VALUE._col1)
          keys: KEY._col0 (type: string)
          mode: mergepartial
          outputColumnNames: _col0, _col1, _col2
          Statistics: Num rows: 14 Data size: 1531 Basic stats: COMPLETE Column stats: NONE
          Filter Operator
            predicate: ((_col1 - _col2) > 600) (type: boolean)
            Statistics: Num rows: 4 Data size: 437 Basic stats: COMPLETE Column stats: NONE
            Select Operator
              expressions: _col0 (type: string)
              outputColumnNames: _col0
              Statistics: Num rows: 4 Data size: 437 Basic stats: COMPLETE Column stats: NONE
              File Output Operator
                compressed: false
                table:
                    input format: org.apache.hadoop.mapred.SequenceFileInputFormat
                    output format: org.apache.hadoop.hive.ql.io.HiveSequenceFileOutputFormat
                    serde: org.apache.hadoop.hive.serde2.lazybinary.LazyBinarySerDe

  Stage: Stage-0
    Fetch Operator
      limit: -1

Warning: Shuffle Join JOIN[30][tables = [gby_sq1, sq_1_notin_nullcheck]] in Stage 'Stage-2:MAPRED' is a cross product
PREHOOK: query: select b.p_mfgr, min(p_retailprice) 
from part b 
group by b.p_mfgr
having b.p_mfgr not in 
  (select p_mfgr 
  from part a
  group by p_mfgr
  having max(p_retailprice) - min(p_retailprice) > 600
  )
PREHOOK: type: QUERY
PREHOOK: Input: default@part
#### A masked pattern was here ####
POSTHOOK: query: select b.p_mfgr, min(p_retailprice) 
from part b 
group by b.p_mfgr
having b.p_mfgr not in 
  (select p_mfgr 
  from part a
  group by p_mfgr
  having max(p_retailprice) - min(p_retailprice) > 600
  )
POSTHOOK: type: QUERY
POSTHOOK: Input: default@part
#### A masked pattern was here ####
Manufacturer#1	1173.15
Manufacturer#2	1690.68
