PREHOOK: query: -- data setup
CREATE TABLE part( 
    p_partkey INT,
    p_name STRING,
    p_mfgr STRING,
    p_brand STRING,
    p_type STRING,
    p_size INT,
    p_container STRING,
    p_retailprice DOUBLE,
    p_comment STRING
)
PREHOOK: type: CREATETABLE
PREHOOK: Output: database:default
POSTHOOK: query: -- data setup
CREATE TABLE part( 
    p_partkey INT,
    p_name STRING,
    p_mfgr STRING,
    p_brand STRING,
    p_type STRING,
    p_size INT,
    p_container STRING,
    p_retailprice DOUBLE,
    p_comment STRING
)
POSTHOOK: type: CREATETABLE
POSTHOOK: Output: database:default
POSTHOOK: Output: default@part
PREHOOK: query: LOAD DATA LOCAL INPATH '../../data/files/part_tiny.txt' overwrite into table part
PREHOOK: type: LOAD
#### A masked pattern was here ####
PREHOOK: Output: default@part
POSTHOOK: query: LOAD DATA LOCAL INPATH '../../data/files/part_tiny.txt' overwrite into table part
POSTHOOK: type: LOAD
#### A masked pattern was here ####
POSTHOOK: Output: default@part
PREHOOK: query: -- non agg, non corr
explain
 select key, count(*) 
from src 
group by key
having count(*) in (select count(*) from src s1 where s1.key > '9' group by s1.key )
PREHOOK: type: QUERY
POSTHOOK: query: -- non agg, non corr
explain
 select key, count(*) 
from src 
group by key
having count(*) in (select count(*) from src s1 where s1.key > '9' group by s1.key )
POSTHOOK: type: QUERY
STAGE DEPENDENCIES:
  Stage-1 is a root stage
  Stage-2 depends on stages: Stage-1, Stage-3
  Stage-3 is a root stage
  Stage-0 is a root stage

STAGE PLANS:
  Stage: Stage-1
    Map Reduce
      Map Operator Tree:
          TableScan
            alias: s1
            Statistics: Num rows: 58 Data size: 5812 Basic stats: COMPLETE Column stats: NONE
            Filter Operator
              predicate: (key > '9') (type: boolean)
              Statistics: Num rows: 19 Data size: 1903 Basic stats: COMPLETE Column stats: NONE
              Select Operator
                expressions: key (type: string)
                outputColumnNames: key
                Statistics: Num rows: 19 Data size: 1903 Basic stats: COMPLETE Column stats: NONE
                Group By Operator
                  aggregations: count()
                  keys: key (type: string)
                  mode: hash
                  outputColumnNames: _col0, _col1
                  Statistics: Num rows: 19 Data size: 1903 Basic stats: COMPLETE Column stats: NONE
                  Reduce Output Operator
                    key expressions: _col0 (type: string)
                    sort order: +
                    Map-reduce partition columns: _col0 (type: string)
                    Statistics: Num rows: 19 Data size: 1903 Basic stats: COMPLETE Column stats: NONE
                    value expressions: _col1 (type: bigint)
      Reduce Operator Tree:
        Group By Operator
          aggregations: count(VALUE._col0)
          keys: KEY._col0 (type: string)
          mode: mergepartial
          outputColumnNames: _col0, _col1
          Statistics: Num rows: 9 Data size: 901 Basic stats: COMPLETE Column stats: NONE
          Select Operator
            expressions: _col1 (type: bigint)
            outputColumnNames: _col0
            Statistics: Num rows: 9 Data size: 901 Basic stats: COMPLETE Column stats: NONE
            Group By Operator
              keys: _col0 (type: bigint)
              mode: hash
              outputColumnNames: _col0
              Statistics: Num rows: 9 Data size: 901 Basic stats: COMPLETE Column stats: NONE
              File Output Operator
                compressed: false
                table:
                    input format: org.apache.hadoop.mapred.SequenceFileInputFormat
                    output format: org.apache.hadoop.hive.ql.io.HiveSequenceFileOutputFormat
                    serde: org.apache.hadoop.hive.serde2.lazybinary.LazyBinarySerDe

  Stage: Stage-2
    Map Reduce
      Map Operator Tree:
          TableScan
            Reduce Output Operator
              key expressions: _col0 (type: bigint)
              sort order: +
              Map-reduce partition columns: _col0 (type: bigint)
              Statistics: Num rows: 9 Data size: 901 Basic stats: COMPLETE Column stats: NONE
          TableScan
            Reduce Output Operator
              key expressions: _col1 (type: bigint)
              sort order: +
              Map-reduce partition columns: _col1 (type: bigint)
              Statistics: Num rows: 58 Data size: 5812 Basic stats: COMPLETE Column stats: NONE
              value expressions: _col0 (type: string), _col1 (type: bigint)
      Reduce Operator Tree:
        Join Operator
          condition map:
               Left Semi Join 0 to 1
          condition expressions:
            0 {VALUE._col0} {VALUE._col1}
            1 
          outputColumnNames: _col0, _col1
          Statistics: Num rows: 63 Data size: 6393 Basic stats: COMPLETE Column stats: NONE
          Filter Operator
            predicate: (1 = 1) (type: boolean)
            Statistics: Num rows: 31 Data size: 3145 Basic stats: COMPLETE Column stats: NONE
            Select Operator
              expressions: _col0 (type: string), _col1 (type: bigint)
              outputColumnNames: _col0, _col1
              Statistics: Num rows: 31 Data size: 3145 Basic stats: COMPLETE Column stats: NONE
              File Output Operator
                compressed: false
                Statistics: Num rows: 31 Data size: 3145 Basic stats: COMPLETE Column stats: NONE
                table:
                    input format: org.apache.hadoop.mapred.TextInputFormat
                    output format: org.apache.hadoop.hive.ql.io.HiveIgnoreKeyTextOutputFormat
                    serde: org.apache.hadoop.hive.serde2.lazy.LazySimpleSerDe

  Stage: Stage-3
    Map Reduce
      Map Operator Tree:
          TableScan
            alias: src
            Statistics: Num rows: 58 Data size: 5812 Basic stats: COMPLETE Column stats: NONE
            Select Operator
              expressions: key (type: string)
              outputColumnNames: key
              Statistics: Num rows: 58 Data size: 5812 Basic stats: COMPLETE Column stats: NONE
              Group By Operator
                aggregations: count()
                keys: key (type: string)
                mode: hash
                outputColumnNames: _col0, _col1
                Statistics: Num rows: 58 Data size: 5812 Basic stats: COMPLETE Column stats: NONE
                Reduce Output Operator
                  key expressions: _col0 (type: string)
                  sort order: +
                  Map-reduce partition columns: _col0 (type: string)
                  Statistics: Num rows: 58 Data size: 5812 Basic stats: COMPLETE Column stats: NONE
                  value expressions: _col1 (type: bigint)
      Reduce Operator Tree:
        Group By Operator
          aggregations: count(VALUE._col0)
          keys: KEY._col0 (type: string)
          mode: mergepartial
          outputColumnNames: _col0, _col1
          Statistics: Num rows: 58 Data size: 5812 Basic stats: COMPLETE Column stats: NONE
          File Output Operator
            compressed: false
            table:
                input format: org.apache.hadoop.mapred.SequenceFileInputFormat
                output format: org.apache.hadoop.hive.ql.io.HiveSequenceFileOutputFormat
                serde: org.apache.hadoop.hive.serde2.lazybinary.LazyBinarySerDe

  Stage: Stage-0
    Fetch Operator
      limit: -1

PREHOOK: query: select s1.key, count(*) from src s1 where s1.key > '9' group by s1.key order by s1.key
PREHOOK: type: QUERY
PREHOOK: Input: default@src
#### A masked pattern was here ####
POSTHOOK: query: select s1.key, count(*) from src s1 where s1.key > '9' group by s1.key order by s1.key
POSTHOOK: type: QUERY
POSTHOOK: Input: default@src
#### A masked pattern was here ####
90	3
92	1
95	2
96	1
97	2
98	2
PREHOOK: query: select key, count(*) 
from src 
group by key
having count(*) in (select count(*) from src s1 where s1.key = '90' group by s1.key )
order by key
PREHOOK: type: QUERY
PREHOOK: Input: default@src
#### A masked pattern was here ####
POSTHOOK: query: select key, count(*) 
from src 
group by key
having count(*) in (select count(*) from src s1 where s1.key = '90' group by s1.key )
order by key
POSTHOOK: type: QUERY
POSTHOOK: Input: default@src
#### A masked pattern was here ####
0	3
119	3
128	3
167	3
187	3
193	3
199	3
208	3
273	3
298	3
311	3
316	3
318	3
327	3
35	3
369	3
384	3
396	3
403	3
409	3
417	3
430	3
431	3
438	3
454	3
466	3
480	3
498	3
5	3
70	3
90	3
PREHOOK: query: -- non agg, corr
explain
 select key, value, count(*) 
from src b
group by key, value
having count(*) in (select count(*) from src s1 where s1.key > '9'  and s1.value = b.value group by s1.key )
PREHOOK: type: QUERY
POSTHOOK: query: -- non agg, corr
explain
 select key, value, count(*) 
from src b
group by key, value
having count(*) in (select count(*) from src s1 where s1.key > '9'  and s1.value = b.value group by s1.key )
POSTHOOK: type: QUERY
STAGE DEPENDENCIES:
  Stage-1 is a root stage
  Stage-2 depends on stages: Stage-1, Stage-3
  Stage-3 is a root stage
  Stage-0 is a root stage

STAGE PLANS:
  Stage: Stage-1
    Map Reduce
      Map Operator Tree:
          TableScan
            alias: b
            Statistics: Num rows: 29 Data size: 5812 Basic stats: COMPLETE Column stats: NONE
            Select Operator
              expressions: key (type: string), value (type: string)
              outputColumnNames: key, value
              Statistics: Num rows: 29 Data size: 5812 Basic stats: COMPLETE Column stats: NONE
              Group By Operator
                aggregations: count()
                keys: key (type: string), value (type: string)
                mode: hash
                outputColumnNames: _col0, _col1, _col2
                Statistics: Num rows: 29 Data size: 5812 Basic stats: COMPLETE Column stats: NONE
                Reduce Output Operator
                  key expressions: _col0 (type: string), _col1 (type: string)
                  sort order: ++
                  Map-reduce partition columns: _col0 (type: string), _col1 (type: string)
                  Statistics: Num rows: 29 Data size: 5812 Basic stats: COMPLETE Column stats: NONE
                  value expressions: _col2 (type: bigint)
      Reduce Operator Tree:
        Group By Operator
          aggregations: count(VALUE._col0)
          keys: KEY._col0 (type: string), KEY._col1 (type: string)
          mode: mergepartial
          outputColumnNames: _col0, _col1, _col2
          Statistics: Num rows: 29 Data size: 5812 Basic stats: COMPLETE Column stats: NONE
          File Output Operator
            compressed: false
            table:
                input format: org.apache.hadoop.mapred.SequenceFileInputFormat
                output format: org.apache.hadoop.hive.ql.io.HiveSequenceFileOutputFormat
                serde: org.apache.hadoop.hive.serde2.lazybinary.LazyBinarySerDe

  Stage: Stage-2
    Map Reduce
      Map Operator Tree:
          TableScan
            Reduce Output Operator
              key expressions: _col2 (type: bigint), _col1 (type: string)
              sort order: ++
              Map-reduce partition columns: _col2 (type: bigint), _col1 (type: string)
              Statistics: Num rows: 29 Data size: 5812 Basic stats: COMPLETE Column stats: NONE
              value expressions: _col0 (type: string), _col1 (type: string), _col2 (type: bigint)
          TableScan
            Reduce Output Operator
              key expressions: _col0 (type: bigint), _col1 (type: string)
              sort order: ++
              Map-reduce partition columns: _col0 (type: bigint), _col1 (type: string)
              Statistics: Num rows: 4 Data size: 801 Basic stats: COMPLETE Column stats: NONE
      Reduce Operator Tree:
        Join Operator
          condition map:
               Left Semi Join 0 to 1
          condition expressions:
            0 {VALUE._col0} {VALUE._col1} {VALUE._col2}
            1 
          outputColumnNames: _col0, _col1, _col2
          Statistics: Num rows: 31 Data size: 6393 Basic stats: COMPLETE Column stats: NONE
          Filter Operator
            predicate: (1 = 1) (type: boolean)
            Statistics: Num rows: 15 Data size: 3093 Basic stats: COMPLETE Column stats: NONE
            Select Operator
              expressions: _col0 (type: string), _col1 (type: string), _col2 (type: bigint)
              outputColumnNames: _col0, _col1, _col2
              Statistics: Num rows: 15 Data size: 3093 Basic stats: COMPLETE Column stats: NONE
              File Output Operator
                compressed: false
                Statistics: Num rows: 15 Data size: 3093 Basic stats: COMPLETE Column stats: NONE
                table:
                    input format: org.apache.hadoop.mapred.TextInputFormat
                    output format: org.apache.hadoop.hive.ql.io.HiveIgnoreKeyTextOutputFormat
                    serde: org.apache.hadoop.hive.serde2.lazy.LazySimpleSerDe

  Stage: Stage-3
    Map Reduce
      Map Operator Tree:
          TableScan
            alias: s1
            Statistics: Num rows: 29 Data size: 5812 Basic stats: COMPLETE Column stats: NONE
            Filter Operator
              predicate: (key > '9') (type: boolean)
              Statistics: Num rows: 9 Data size: 1803 Basic stats: COMPLETE Column stats: NONE
              Select Operator
                expressions: value (type: string), key (type: string)
                outputColumnNames: value, key
                Statistics: Num rows: 9 Data size: 1803 Basic stats: COMPLETE Column stats: NONE
                Group By Operator
                  aggregations: count()
                  keys: value (type: string), key (type: string)
                  mode: hash
                  outputColumnNames: _col0, _col1, _col2
                  Statistics: Num rows: 9 Data size: 1803 Basic stats: COMPLETE Column stats: NONE
                  Reduce Output Operator
                    key expressions: _col0 (type: string), _col1 (type: string)
                    sort order: ++
                    Map-reduce partition columns: _col0 (type: string), _col1 (type: string)
                    Statistics: Num rows: 9 Data size: 1803 Basic stats: COMPLETE Column stats: NONE
                    value expressions: _col2 (type: bigint)
      Reduce Operator Tree:
        Group By Operator
          aggregations: count(VALUE._col0)
          keys: KEY._col0 (type: string), KEY._col1 (type: string)
          mode: mergepartial
          outputColumnNames: _col0, _col1, _col2
          Statistics: Num rows: 4 Data size: 801 Basic stats: COMPLETE Column stats: NONE
          Select Operator
            expressions: _col2 (type: bigint), _col0 (type: string)
            outputColumnNames: _col0, _col1
            Statistics: Num rows: 4 Data size: 801 Basic stats: COMPLETE Column stats: NONE
            Group By Operator
              keys: _col0 (type: bigint), _col1 (type: string)
              mode: hash
              outputColumnNames: _col0, _col1
              Statistics: Num rows: 4 Data size: 801 Basic stats: COMPLETE Column stats: NONE
              File Output Operator
                compressed: false
                table:
                    input format: org.apache.hadoop.mapred.SequenceFileInputFormat
                    output format: org.apache.hadoop.hive.ql.io.HiveSequenceFileOutputFormat
                    serde: org.apache.hadoop.hive.serde2.lazybinary.LazyBinarySerDe

  Stage: Stage-0
    Fetch Operator
      limit: -1

PREHOOK: query: -- agg, non corr
explain
select p_mfgr, avg(p_size)
from part b
group by b.p_mfgr
having b.p_mfgr in 
   (select p_mfgr 
    from part
    group by p_mfgr
    having max(p_size) - min(p_size) < 20
   )
PREHOOK: type: QUERY
POSTHOOK: query: -- agg, non corr
explain
select p_mfgr, avg(p_size)
from part b
group by b.p_mfgr
having b.p_mfgr in 
   (select p_mfgr 
    from part
    group by p_mfgr
    having max(p_size) - min(p_size) < 20
   )
POSTHOOK: type: QUERY
STAGE DEPENDENCIES:
  Stage-1 is a root stage
  Stage-2 depends on stages: Stage-1, Stage-3
  Stage-3 is a root stage
  Stage-0 is a root stage

STAGE PLANS:
  Stage: Stage-1
    Map Reduce
      Map Operator Tree:
          TableScan
            alias: b
            Statistics: Num rows: 30 Data size: 3173 Basic stats: COMPLETE Column stats: NONE
            Select Operator
              expressions: p_mfgr (type: string), p_size (type: int)
              outputColumnNames: p_mfgr, p_size
              Statistics: Num rows: 30 Data size: 3173 Basic stats: COMPLETE Column stats: NONE
              Group By Operator
                aggregations: avg(p_size)
                keys: p_mfgr (type: string)
                mode: hash
                outputColumnNames: _col0, _col1
                Statistics: Num rows: 30 Data size: 3173 Basic stats: COMPLETE Column stats: NONE
                Reduce Output Operator
                  key expressions: _col0 (type: string)
                  sort order: +
                  Map-reduce partition columns: _col0 (type: string)
                  Statistics: Num rows: 30 Data size: 3173 Basic stats: COMPLETE Column stats: NONE
                  value expressions: _col1 (type: struct<count:bigint,sum:double,input:int>)
      Reduce Operator Tree:
        Group By Operator
          aggregations: avg(VALUE._col0)
          keys: KEY._col0 (type: string)
          mode: mergepartial
          outputColumnNames: _col0, _col1
          Statistics: Num rows: 30 Data size: 3173 Basic stats: COMPLETE Column stats: NONE
          File Output Operator
            compressed: false
            table:
                input format: org.apache.hadoop.mapred.SequenceFileInputFormat
                output format: org.apache.hadoop.hive.ql.io.HiveSequenceFileOutputFormat
                serde: org.apache.hadoop.hive.serde2.lazybinary.LazyBinarySerDe

  Stage: Stage-2
    Map Reduce
      Map Operator Tree:
          TableScan
            Reduce Output Operator
              key expressions: _col0 (type: string)
              sort order: +
              Map-reduce partition columns: _col0 (type: string)
              Statistics: Num rows: 30 Data size: 3173 Basic stats: COMPLETE Column stats: NONE
              value expressions: _col0 (type: string), _col1 (type: double)
          TableScan
            Reduce Output Operator
              key expressions: _col0 (type: string)
              sort order: +
              Map-reduce partition columns: _col0 (type: string)
              Statistics: Num rows: 5 Data size: 528 Basic stats: COMPLETE Column stats: NONE
      Reduce Operator Tree:
        Join Operator
          condition map:
               Left Semi Join 0 to 1
          condition expressions:
            0 {VALUE._col0} {VALUE._col1}
            1 
          outputColumnNames: _col0, _col1
          Statistics: Num rows: 33 Data size: 3490 Basic stats: COMPLETE Column stats: NONE
          Filter Operator
            predicate: (1 = 1) (type: boolean)
            Statistics: Num rows: 16 Data size: 1692 Basic stats: COMPLETE Column stats: NONE
            Select Operator
              expressions: _col0 (type: string), _col1 (type: double)
              outputColumnNames: _col0, _col1
              Statistics: Num rows: 16 Data size: 1692 Basic stats: COMPLETE Column stats: NONE
              File Output Operator
                compressed: false
                Statistics: Num rows: 16 Data size: 1692 Basic stats: COMPLETE Column stats: NONE
                table:
                    input format: org.apache.hadoop.mapred.TextInputFormat
                    output format: org.apache.hadoop.hive.ql.io.HiveIgnoreKeyTextOutputFormat
                    serde: org.apache.hadoop.hive.serde2.lazy.LazySimpleSerDe

  Stage: Stage-3
    Map Reduce
      Map Operator Tree:
          TableScan
            alias: part
            Statistics: Num rows: 30 Data size: 3173 Basic stats: COMPLETE Column stats: NONE
            Select Operator
              expressions: p_mfgr (type: string), p_size (type: int)
              outputColumnNames: p_mfgr, p_size
              Statistics: Num rows: 30 Data size: 3173 Basic stats: COMPLETE Column stats: NONE
              Group By Operator
                aggregations: max(p_size), min(p_size)
                keys: p_mfgr (type: string)
                mode: hash
                outputColumnNames: _col0, _col1, _col2
                Statistics: Num rows: 30 Data size: 3173 Basic stats: COMPLETE Column stats: NONE
                Reduce Output Operator
                  key expressions: _col0 (type: string)
                  sort order: +
                  Map-reduce partition columns: _col0 (type: string)
                  Statistics: Num rows: 30 Data size: 3173 Basic stats: COMPLETE Column stats: NONE
                  value expressions: _col1 (type: int), _col2 (type: int)
      Reduce Operator Tree:
        Group By Operator
          aggregations: max(VALUE._col0), min(VALUE._col1)
          keys: KEY._col0 (type: string)
          mode: mergepartial
          outputColumnNames: _col0, _col1, _col2
          Statistics: Num rows: 15 Data size: 1586 Basic stats: COMPLETE Column stats: NONE
          Filter Operator
            predicate: ((_col1 - _col2) < 20) (type: boolean)
            Statistics: Num rows: 5 Data size: 528 Basic stats: COMPLETE Column stats: NONE
            Select Operator
              expressions: _col0 (type: string)
              outputColumnNames: _col0
              Statistics: Num rows: 5 Data size: 528 Basic stats: COMPLETE Column stats: NONE
              Group By Operator
                keys: _col0 (type: string)
                mode: hash
                outputColumnNames: _col0
                Statistics: Num rows: 5 Data size: 528 Basic stats: COMPLETE Column stats: NONE
                File Output Operator
                  compressed: false
                  table:
                      input format: org.apache.hadoop.mapred.SequenceFileInputFormat
                      output format: org.apache.hadoop.hive.ql.io.HiveSequenceFileOutputFormat
                      serde: org.apache.hadoop.hive.serde2.lazybinary.LazyBinarySerDe

  Stage: Stage-0
    Fetch Operator
      limit: -1

PREHOOK: query: -- join on agg
select b.key, min(b.value)
from src b
group by b.key
having b.key in ( select a.key
                from src a
                where a.value > 'val_9' and a.value = min(b.value)
                )
order by b.key
PREHOOK: type: QUERY
PREHOOK: Input: default@src
#### A masked pattern was here ####
POSTHOOK: query: -- join on agg
select b.key, min(b.value)
from src b
group by b.key
having b.key in ( select a.key
                from src a
                where a.value > 'val_9' and a.value = min(b.value)
                )
order by b.key
POSTHOOK: type: QUERY
POSTHOOK: Input: default@src
#### A masked pattern was here ####
90	val_90
92	val_92
95	val_95
96	val_96
97	val_97
98	val_98
PREHOOK: query: -- where and having
-- Plan is:
-- Stage 1: b semijoin sq1:src (subquery in where)
-- Stage 2: group by Stage 1 o/p
-- Stage 5: group by on sq2:src (subquery in having)
-- Stage 6: Stage 2 o/p semijoin Stage 5
explain
select key, value, count(*) 
from src b
where b.key in (select key from src where src.key > '8')
group by key, value
having count(*) in (select count(*) from src s1 where s1.key > '9' group by s1.key )
PREHOOK: type: QUERY
POSTHOOK: query: -- where and having
-- Plan is:
-- Stage 1: b semijoin sq1:src (subquery in where)
-- Stage 2: group by Stage 1 o/p
-- Stage 5: group by on sq2:src (subquery in having)
-- Stage 6: Stage 2 o/p semijoin Stage 5
explain
select key, value, count(*) 
from src b
where b.key in (select key from src where src.key > '8')
group by key, value
having count(*) in (select count(*) from src s1 where s1.key > '9' group by s1.key )
POSTHOOK: type: QUERY
STAGE DEPENDENCIES:
  Stage-1 is a root stage
  Stage-2 depends on stages: Stage-1
  Stage-3 depends on stages: Stage-2, Stage-5
  Stage-5 is a root stage
  Stage-0 is a root stage

STAGE PLANS:
  Stage: Stage-1
    Map Reduce
      Map Operator Tree:
          TableScan
            alias: b
            Statistics: Num rows: 29 Data size: 5812 Basic stats: COMPLETE Column stats: NONE
            Reduce Output Operator
              key expressions: key (type: string)
              sort order: +
              Map-reduce partition columns: key (type: string)
              Statistics: Num rows: 29 Data size: 5812 Basic stats: COMPLETE Column stats: NONE
              value expressions: key (type: string), value (type: string)
          TableScan
            alias: src
            Statistics: Num rows: 58 Data size: 5812 Basic stats: COMPLETE Column stats: NONE
            Filter Operator
              predicate: (key > '8') (type: boolean)
              Statistics: Num rows: 19 Data size: 1903 Basic stats: COMPLETE Column stats: NONE
              Select Operator
                expressions: key (type: string)
                outputColumnNames: _col0
                Statistics: Num rows: 19 Data size: 1903 Basic stats: COMPLETE Column stats: NONE
                Group By Operator
                  keys: _col0 (type: string)
                  mode: hash
                  outputColumnNames: _col0
                  Statistics: Num rows: 19 Data size: 1903 Basic stats: COMPLETE Column stats: NONE
                  Reduce Output Operator
                    key expressions: _col0 (type: string)
                    sort order: +
                    Map-reduce partition columns: _col0 (type: string)
                    Statistics: Num rows: 19 Data size: 1903 Basic stats: COMPLETE Column stats: NONE
      Reduce Operator Tree:
        Join Operator
          condition map:
               Left Semi Join 0 to 1
          condition expressions:
            0 {VALUE._col0} {VALUE._col1}
            1 
          outputColumnNames: _col0, _col1
          Statistics: Num rows: 31 Data size: 6393 Basic stats: COMPLETE Column stats: NONE
          Filter Operator
            predicate: (1 = 1) (type: boolean)
            Statistics: Num rows: 15 Data size: 3093 Basic stats: COMPLETE Column stats: NONE
            Select Operator
              expressions: _col0 (type: string), _col1 (type: string)
              outputColumnNames: _col0, _col1
              Statistics: Num rows: 15 Data size: 3093 Basic stats: COMPLETE Column stats: NONE
              Group By Operator
                aggregations: count()
                keys: _col0 (type: string), _col1 (type: string)
                mode: hash
                outputColumnNames: _col0, _col1, _col2
                Statistics: Num rows: 15 Data size: 3093 Basic stats: COMPLETE Column stats: NONE
                File Output Operator
                  compressed: false
                  table:
                      input format: org.apache.hadoop.mapred.SequenceFileInputFormat
                      output format: org.apache.hadoop.hive.ql.io.HiveSequenceFileOutputFormat
                      serde: org.apache.hadoop.hive.serde2.lazybinary.LazyBinarySerDe

  Stage: Stage-2
    Map Reduce
      Map Operator Tree:
          TableScan
            Reduce Output Operator
              key expressions: _col0 (type: string), _col1 (type: string)
              sort order: ++
              Map-reduce partition columns: _col0 (type: string), _col1 (type: string)
              Statistics: Num rows: 15 Data size: 3093 Basic stats: COMPLETE Column stats: NONE
              value expressions: _col2 (type: bigint)
      Reduce Operator Tree:
        Group By Operator
          aggregations: count(VALUE._col0)
          keys: KEY._col0 (type: string), KEY._col1 (type: string)
          mode: mergepartial
          outputColumnNames: _col0, _col1, _col2
          Statistics: Num rows: 15 Data size: 3093 Basic stats: COMPLETE Column stats: NONE
          File Output Operator
            compressed: false
            table:
                input format: org.apache.hadoop.mapred.SequenceFileInputFormat
                output format: org.apache.hadoop.hive.ql.io.HiveSequenceFileOutputFormat
                serde: org.apache.hadoop.hive.serde2.lazybinary.LazyBinarySerDe

  Stage: Stage-3
    Map Reduce
      Map Operator Tree:
          TableScan
            Reduce Output Operator
              key expressions: _col2 (type: bigint)
              sort order: +
              Map-reduce partition columns: _col2 (type: bigint)
              Statistics: Num rows: 15 Data size: 3093 Basic stats: COMPLETE Column stats: NONE
              value expressions: _col0 (type: string), _col1 (type: string), _col2 (type: bigint)
          TableScan
            Reduce Output Operator
              key expressions: _col0 (type: bigint)
              sort order: +
              Map-reduce partition columns: _col0 (type: bigint)
              Statistics: Num rows: 9 Data size: 901 Basic stats: COMPLETE Column stats: NONE
      Reduce Operator Tree:
        Join Operator
          condition map:
               Left Semi Join 0 to 1
          condition expressions:
            0 {VALUE._col0} {VALUE._col1} {VALUE._col2}
            1 
          outputColumnNames: _col0, _col1, _col2
          Statistics: Num rows: 16 Data size: 3402 Basic stats: COMPLETE Column stats: NONE
          Filter Operator
            predicate: (1 = 1) (type: boolean)
            Statistics: Num rows: 8 Data size: 1701 Basic stats: COMPLETE Column stats: NONE
            Select Operator
              expressions: _col0 (type: string), _col1 (type: string), _col2 (type: bigint)
              outputColumnNames: _col0, _col1, _col2
              Statistics: Num rows: 8 Data size: 1701 Basic stats: COMPLETE Column stats: NONE
              File Output Operator
                compressed: false
                Statistics: Num rows: 8 Data size: 1701 Basic stats: COMPLETE Column stats: NONE
                table:
                    input format: org.apache.hadoop.mapred.TextInputFormat
                    output format: org.apache.hadoop.hive.ql.io.HiveIgnoreKeyTextOutputFormat
                    serde: org.apache.hadoop.hive.serde2.lazy.LazySimpleSerDe

  Stage: Stage-5
    Map Reduce
      Map Operator Tree:
          TableScan
            alias: s1
            Statistics: Num rows: 58 Data size: 5812 Basic stats: COMPLETE Column stats: NONE
            Filter Operator
              predicate: (key > '9') (type: boolean)
              Statistics: Num rows: 19 Data size: 1903 Basic stats: COMPLETE Column stats: NONE
              Select Operator
                expressions: key (type: string)
                outputColumnNames: key
                Statistics: Num rows: 19 Data size: 1903 Basic stats: COMPLETE Column stats: NONE
                Group By Operator
                  aggregations: count()
                  keys: key (type: string)
                  mode: hash
                  outputColumnNames: _col0, _col1
                  Statistics: Num rows: 19 Data size: 1903 Basic stats: COMPLETE Column stats: NONE
                  Reduce Output Operator
                    key expressions: _col0 (type: string)
                    sort order: +
                    Map-reduce partition columns: _col0 (type: string)
                    Statistics: Num rows: 19 Data size: 1903 Basic stats: COMPLETE Column stats: NONE
                    value expressions: _col1 (type: bigint)
      Reduce Operator Tree:
        Group By Operator
          aggregations: count(VALUE._col0)
          keys: KEY._col0 (type: string)
          mode: mergepartial
          outputColumnNames: _col0, _col1
          Statistics: Num rows: 9 Data size: 901 Basic stats: COMPLETE Column stats: NONE
          Select Operator
            expressions: _col1 (type: bigint)
            outputColumnNames: _col0
            Statistics: Num rows: 9 Data size: 901 Basic stats: COMPLETE Column stats: NONE
            Group By Operator
              keys: _col0 (type: bigint)
              mode: hash
              outputColumnNames: _col0
              Statistics: Num rows: 9 Data size: 901 Basic stats: COMPLETE Column stats: NONE
              File Output Operator
                compressed: false
                table:
                    input format: org.apache.hadoop.mapred.SequenceFileInputFormat
                    output format: org.apache.hadoop.hive.ql.io.HiveSequenceFileOutputFormat
                    serde: org.apache.hadoop.hive.serde2.lazybinary.LazyBinarySerDe

  Stage: Stage-0
    Fetch Operator
      limit: -1

PREHOOK: query: -- Plan is:
-- Stage  5: group by on sq2:src (subquery in having)
-- Stage 10: hashtable for sq1:src (subquery in where)
-- Stage  2: b map-side semijoin Stage 10 o/p
-- Stage  3: Stage 2 semijoin Stage 5
-- Stage  9: construct hastable for Stage 5 o/p
-- Stage  6: Stage 2 map-side semijoin Stage 9
explain
select key, value, count(*) 
from src b
where b.key in (select key from src where src.key > '8')
group by key, value
having count(*) in (select count(*) from src s1 where s1.key > '9' group by s1.key )
PREHOOK: type: QUERY
POSTHOOK: query: -- Plan is:
-- Stage  5: group by on sq2:src (subquery in having)
-- Stage 10: hashtable for sq1:src (subquery in where)
-- Stage  2: b map-side semijoin Stage 10 o/p
-- Stage  3: Stage 2 semijoin Stage 5
-- Stage  9: construct hastable for Stage 5 o/p
-- Stage  6: Stage 2 map-side semijoin Stage 9
explain
select key, value, count(*) 
from src b
where b.key in (select key from src where src.key > '8')
group by key, value
having count(*) in (select count(*) from src s1 where s1.key > '9' group by s1.key )
POSTHOOK: type: QUERY
STAGE DEPENDENCIES:
  Stage-5 is a root stage
  Stage-7 depends on stages: Stage-2, Stage-5 , consists of Stage-9, Stage-3
  Stage-9 has a backup stage: Stage-3
  Stage-6 depends on stages: Stage-9
  Stage-3
  Stage-10 is a root stage
  Stage-2 depends on stages: Stage-10
  Stage-0 is a root stage

STAGE PLANS:
  Stage: Stage-5
    Map Reduce
      Map Operator Tree:
          TableScan
            alias: s1
            Statistics: Num rows: 58 Data size: 5812 Basic stats: COMPLETE Column stats: NONE
            Filter Operator
              predicate: (key > '9') (type: boolean)
              Statistics: Num rows: 19 Data size: 1903 Basic stats: COMPLETE Column stats: NONE
              Select Operator
                expressions: key (type: string)
                outputColumnNames: key
                Statistics: Num rows: 19 Data size: 1903 Basic stats: COMPLETE Column stats: NONE
                Group By Operator
                  aggregations: count()
                  keys: key (type: string)
                  mode: hash
                  outputColumnNames: _col0, _col1
                  Statistics: Num rows: 19 Data size: 1903 Basic stats: COMPLETE Column stats: NONE
                  Reduce Output Operator
                    key expressions: _col0 (type: string)
                    sort order: +
                    Map-reduce partition columns: _col0 (type: string)
                    Statistics: Num rows: 19 Data size: 1903 Basic stats: COMPLETE Column stats: NONE
                    value expressions: _col1 (type: bigint)
      Reduce Operator Tree:
        Group By Operator
          aggregations: count(VALUE._col0)
          keys: KEY._col0 (type: string)
          mode: mergepartial
          outputColumnNames: _col0, _col1
          Statistics: Num rows: 9 Data size: 901 Basic stats: COMPLETE Column stats: NONE
          Select Operator
            expressions: _col1 (type: bigint)
            outputColumnNames: _col0
            Statistics: Num rows: 9 Data size: 901 Basic stats: COMPLETE Column stats: NONE
            Group By Operator
              keys: _col0 (type: bigint)
              mode: hash
              outputColumnNames: _col0
              Statistics: Num rows: 9 Data size: 901 Basic stats: COMPLETE Column stats: NONE
              File Output Operator
                compressed: false
                table:
                    input format: org.apache.hadoop.mapred.SequenceFileInputFormat
                    output format: org.apache.hadoop.hive.ql.io.HiveSequenceFileOutputFormat
                    serde: org.apache.hadoop.hive.serde2.lazybinary.LazyBinarySerDe

  Stage: Stage-7
    Conditional Operator

  Stage: Stage-9
    Map Reduce Local Work
      Alias -> Map Local Tables:
        $INTNAME1 
          Fetch Operator
            limit: -1
      Alias -> Map Local Operator Tree:
        $INTNAME1 
          TableScan
            HashTable Sink Operator
              condition expressions:
                0 {_col0} {_col1} {_col2}
                1 
              keys:
                0 _col2 (type: bigint)
                1 _col0 (type: bigint)

  Stage: Stage-6
    Map Reduce
      Map Operator Tree:
          TableScan
            Map Join Operator
              condition map:
                   Left Semi Join 0 to 1
              condition expressions:
                0 {_col0} {_col1} {_col2}
                1 
              keys:
                0 _col2 (type: bigint)
                1 _col0 (type: bigint)
              outputColumnNames: _col0, _col1, _col2
              Filter Operator
                predicate: (1 = 1) (type: boolean)
                Select Operator
                  expressions: _col0 (type: string), _col1 (type: string), _col2 (type: bigint)
                  outputColumnNames: _col0, _col1, _col2
                  File Output Operator
                    compressed: false
                    table:
                        input format: org.apache.hadoop.mapred.TextInputFormat
                        output format: org.apache.hadoop.hive.ql.io.HiveIgnoreKeyTextOutputFormat
                        serde: org.apache.hadoop.hive.serde2.lazy.LazySimpleSerDe
      Local Work:
        Map Reduce Local Work

  Stage: Stage-3
    Map Reduce
      Map Operator Tree:
          TableScan
            Reduce Output Operator
              key expressions: _col2 (type: bigint)
              sort order: +
              Map-reduce partition columns: _col2 (type: bigint)
              Statistics: Num rows: 15 Data size: 3093 Basic stats: COMPLETE Column stats: NONE
              value expressions: _col0 (type: string), _col1 (type: string), _col2 (type: bigint)
          TableScan
            Reduce Output Operator
              key expressions: _col0 (type: bigint)
              sort order: +
              Map-reduce partition columns: _col0 (type: bigint)
              Statistics: Num rows: 9 Data size: 901 Basic stats: COMPLETE Column stats: NONE
      Reduce Operator Tree:
        Join Operator
          condition map:
               Left Semi Join 0 to 1
          condition expressions:
            0 {VALUE._col0} {VALUE._col1} {VALUE._col2}
            1 
          outputColumnNames: _col0, _col1, _col2
          Statistics: Num rows: 16 Data size: 3402 Basic stats: COMPLETE Column stats: NONE
          Filter Operator
            predicate: (1 = 1) (type: boolean)
            Statistics: Num rows: 8 Data size: 1701 Basic stats: COMPLETE Column stats: NONE
            Select Operator
              expressions: _col0 (type: string), _col1 (type: string), _col2 (type: bigint)
              outputColumnNames: _col0, _col1, _col2
              Statistics: Num rows: 8 Data size: 1701 Basic stats: COMPLETE Column stats: NONE
              File Output Operator
                compressed: false
                Statistics: Num rows: 8 Data size: 1701 Basic stats: COMPLETE Column stats: NONE
                table:
                    input format: org.apache.hadoop.mapred.TextInputFormat
                    output format: org.apache.hadoop.hive.ql.io.HiveIgnoreKeyTextOutputFormat
                    serde: org.apache.hadoop.hive.serde2.lazy.LazySimpleSerDe

  Stage: Stage-10
    Map Reduce Local Work
      Alias -> Map Local Tables:
        sq_1:src 
          Fetch Operator
            limit: -1
      Alias -> Map Local Operator Tree:
        sq_1:src 
          TableScan
            alias: src
            Statistics: Num rows: 58 Data size: 5812 Basic stats: COMPLETE Column stats: NONE
            Filter Operator
              predicate: (key > '8') (type: boolean)
              Statistics: Num rows: 19 Data size: 1903 Basic stats: COMPLETE Column stats: NONE
              Select Operator
                expressions: key (type: string)
                outputColumnNames: _col0
                Statistics: Num rows: 19 Data size: 1903 Basic stats: COMPLETE Column stats: NONE
                Group By Operator
                  keys: _col0 (type: string)
                  mode: hash
                  outputColumnNames: _col0
                  Statistics: Num rows: 19 Data size: 1903 Basic stats: COMPLETE Column stats: NONE
                  HashTable Sink Operator
                    condition expressions:
                      0 {key} {value}
                      1 
                    keys:
                      0 key (type: string)
                      1 _col0 (type: string)

  Stage: Stage-2
    Map Reduce
      Map Operator Tree:
          TableScan
            alias: b
            Statistics: Num rows: 29 Data size: 5812 Basic stats: COMPLETE Column stats: NONE
            Map Join Operator
              condition map:
                   Left Semi Join 0 to 1
              condition expressions:
                0 {key} {value}
                1 
              keys:
                0 key (type: string)
                1 _col0 (type: string)
              outputColumnNames: _col0, _col1
              Statistics: Num rows: 31 Data size: 6393 Basic stats: COMPLETE Column stats: NONE
              Filter Operator
                predicate: (1 = 1) (type: boolean)
                Statistics: Num rows: 15 Data size: 3093 Basic stats: COMPLETE Column stats: NONE
                Select Operator
                  expressions: _col0 (type: string), _col1 (type: string)
                  outputColumnNames: _col0, _col1
                  Statistics: Num rows: 15 Data size: 3093 Basic stats: COMPLETE Column stats: NONE
                  Group By Operator
                    aggregations: count()
                    keys: _col0 (type: string), _col1 (type: string)
                    mode: hash
                    outputColumnNames: _col0, _col1, _col2
                    Statistics: Num rows: 15 Data size: 3093 Basic stats: COMPLETE Column stats: NONE
                    Reduce Output Operator
                      key expressions: _col0 (type: string), _col1 (type: string)
                      sort order: ++
                      Map-reduce partition columns: _col0 (type: string), _col1 (type: string)
                      Statistics: Num rows: 15 Data size: 3093 Basic stats: COMPLETE Column stats: NONE
                      value expressions: _col2 (type: bigint)
      Local Work:
        Map Reduce Local Work
      Reduce Operator Tree:
        Group By Operator
          aggregations: count(VALUE._col0)
          keys: KEY._col0 (type: string), KEY._col1 (type: string)
          mode: mergepartial
          outputColumnNames: _col0, _col1, _col2
          Statistics: Num rows: 15 Data size: 3093 Basic stats: COMPLETE Column stats: NONE
          File Output Operator
            compressed: false
            table:
                input format: org.apache.hadoop.mapred.SequenceFileInputFormat
                output format: org.apache.hadoop.hive.ql.io.HiveSequenceFileOutputFormat
                serde: org.apache.hadoop.hive.serde2.lazybinary.LazyBinarySerDe

  Stage: Stage-0
    Fetch Operator
      limit: -1

PREHOOK: query: -- non agg, non corr, windowing
explain
select p_mfgr, p_name, avg(p_size) 
from part 
group by p_mfgr, p_name
having p_name in 
  (select first_value(p_name) over(partition by p_mfgr order by p_size) from part)
PREHOOK: type: QUERY
POSTHOOK: query: -- non agg, non corr, windowing
explain
select p_mfgr, p_name, avg(p_size) 
from part 
group by p_mfgr, p_name
having p_name in 
  (select first_value(p_name) over(partition by p_mfgr order by p_size) from part)
POSTHOOK: type: QUERY
STAGE DEPENDENCIES:
  Stage-1 is a root stage
  Stage-5 depends on stages: Stage-1, Stage-3 , consists of Stage-6, Stage-2
  Stage-6 has a backup stage: Stage-2
  Stage-4 depends on stages: Stage-6
  Stage-2
  Stage-3 is a root stage
  Stage-0 is a root stage

STAGE PLANS:
  Stage: Stage-1
    Map Reduce
      Map Operator Tree:
          TableScan
            alias: part
            Statistics: Num rows: 15 Data size: 3173 Basic stats: COMPLETE Column stats: NONE
            Reduce Output Operator
              key expressions: p_mfgr (type: string), p_size (type: int)
              sort order: ++
              Map-reduce partition columns: p_mfgr (type: string)
              Statistics: Num rows: 15 Data size: 3173 Basic stats: COMPLETE Column stats: NONE
              value expressions: p_name (type: string), p_mfgr (type: string), p_size (type: int)
      Reduce Operator Tree:
        Extract
          Statistics: Num rows: 15 Data size: 3173 Basic stats: COMPLETE Column stats: NONE
          PTF Operator
            Statistics: Num rows: 15 Data size: 3173 Basic stats: COMPLETE Column stats: NONE
            Select Operator
              expressions: _wcol0 (type: string)
              outputColumnNames: _col0
              Statistics: Num rows: 15 Data size: 3173 Basic stats: COMPLETE Column stats: NONE
              Group By Operator
                keys: _col0 (type: string)
                mode: hash
                outputColumnNames: _col0
                Statistics: Num rows: 15 Data size: 3173 Basic stats: COMPLETE Column stats: NONE
                File Output Operator
                  compressed: false
                  table:
                      input format: org.apache.hadoop.mapred.SequenceFileInputFormat
                      output format: org.apache.hadoop.hive.ql.io.HiveSequenceFileOutputFormat
                      serde: org.apache.hadoop.hive.serde2.lazybinary.LazyBinarySerDe

  Stage: Stage-5
    Conditional Operator

  Stage: Stage-6
    Map Reduce Local Work
      Alias -> Map Local Tables:
        $INTNAME 
          Fetch Operator
            limit: -1
      Alias -> Map Local Operator Tree:
        $INTNAME 
          TableScan
            HashTable Sink Operator
              condition expressions:
                0 {_col0} {_col1} {_col2}
                1 
              keys:
                0 _col1 (type: string)
                1 _col0 (type: string)

  Stage: Stage-4
    Map Reduce
      Map Operator Tree:
          TableScan
            Map Join Operator
              condition map:
                   Left Semi Join 0 to 1
              condition expressions:
                0 {_col0} {_col1} {_col2}
                1 
              keys:
                0 _col1 (type: string)
                1 _col0 (type: string)
              outputColumnNames: _col0, _col1, _col2
              Filter Operator
                predicate: (1 = 1) (type: boolean)
                Select Operator
                  expressions: _col0 (type: string), _col1 (type: string), _col2 (type: double)
                  outputColumnNames: _col0, _col1, _col2
                  File Output Operator
                    compressed: false
                    table:
                        input format: org.apache.hadoop.mapred.TextInputFormat
                        output format: org.apache.hadoop.hive.ql.io.HiveIgnoreKeyTextOutputFormat
                        serde: org.apache.hadoop.hive.serde2.lazy.LazySimpleSerDe
      Local Work:
        Map Reduce Local Work

  Stage: Stage-2
    Map Reduce
      Map Operator Tree:
          TableScan
            Reduce Output Operator
              key expressions: _col0 (type: string)
              sort order: +
              Map-reduce partition columns: _col0 (type: string)
              Statistics: Num rows: 15 Data size: 3173 Basic stats: COMPLETE Column stats: NONE
          TableScan
            Reduce Output Operator
              key expressions: _col1 (type: string)
              sort order: +
              Map-reduce partition columns: _col1 (type: string)
              Statistics: Num rows: 15 Data size: 3173 Basic stats: COMPLETE Column stats: NONE
              value expressions: _col0 (type: string), _col1 (type: string), _col2 (type: double)
      Reduce Operator Tree:
        Join Operator
          condition map:
               Left Semi Join 0 to 1
          condition expressions:
            0 {VALUE._col0} {VALUE._col1} {VALUE._col2}
            1 
          outputColumnNames: _col0, _col1, _col2
          Statistics: Num rows: 16 Data size: 3490 Basic stats: COMPLETE Column stats: NONE
          Filter Operator
            predicate: (1 = 1) (type: boolean)
            Statistics: Num rows: 8 Data size: 1745 Basic stats: COMPLETE Column stats: NONE
            Select Operator
              expressions: _col0 (type: string), _col1 (type: string), _col2 (type: double)
              outputColumnNames: _col0, _col1, _col2
              Statistics: Num rows: 8 Data size: 1745 Basic stats: COMPLETE Column stats: NONE
              File Output Operator
                compressed: false
                Statistics: Num rows: 8 Data size: 1745 Basic stats: COMPLETE Column stats: NONE
                table:
                    input format: org.apache.hadoop.mapred.TextInputFormat
                    output format: org.apache.hadoop.hive.ql.io.HiveIgnoreKeyTextOutputFormat
                    serde: org.apache.hadoop.hive.serde2.lazy.LazySimpleSerDe

  Stage: Stage-3
    Map Reduce
      Map Operator Tree:
          TableScan
            alias: part
            Statistics: Num rows: 15 Data size: 3173 Basic stats: COMPLETE Column stats: NONE
            Select Operator
              expressions: p_mfgr (type: string), p_name (type: string), p_size (type: int)
              outputColumnNames: p_mfgr, p_name, p_size
              Statistics: Num rows: 15 Data size: 3173 Basic stats: COMPLETE Column stats: NONE
              Group By Operator
                aggregations: avg(p_size)
                keys: p_mfgr (type: string), p_name (type: string)
                mode: hash
                outputColumnNames: _col0, _col1, _col2
                Statistics: Num rows: 15 Data size: 3173 Basic stats: COMPLETE Column stats: NONE
                Reduce Output Operator
                  key expressions: _col0 (type: string), _col1 (type: string)
                  sort order: ++
                  Map-reduce partition columns: _col0 (type: string), _col1 (type: string)
                  Statistics: Num rows: 15 Data size: 3173 Basic stats: COMPLETE Column stats: NONE
                  value expressions: _col2 (type: struct<count:bigint,sum:double,input:int>)
      Reduce Operator Tree:
        Group By Operator
          aggregations: avg(VALUE._col0)
          keys: KEY._col0 (type: string), KEY._col1 (type: string)
          mode: mergepartial
          outputColumnNames: _col0, _col1, _col2
          Statistics: Num rows: 15 Data size: 3173 Basic stats: COMPLETE Column stats: NONE
          File Output Operator
            compressed: false
            table:
                input format: org.apache.hadoop.mapred.SequenceFileInputFormat
                output format: org.apache.hadoop.hive.ql.io.HiveSequenceFileOutputFormat
                serde: org.apache.hadoop.hive.serde2.lazybinary.LazyBinarySerDe

  Stage: Stage-0
    Fetch Operator
      limit: -1

