PREHOOK: query: EXPLAIN
SELECT IF(false, 1, cast(2 as smallint)) + 3 FROM src LIMIT 1
PREHOOK: type: QUERY
POSTHOOK: query: EXPLAIN
SELECT IF(false, 1, cast(2 as smallint)) + 3 FROM src LIMIT 1
POSTHOOK: type: QUERY
STAGE DEPENDENCIES:
  Stage-0 is a root stage

STAGE PLANS:
  Stage: Stage-0
    Fetch Operator
      limit: 1
      Processor Tree:
        TableScan
          alias: src
          Statistics: Num rows: 0 Data size: 5812 Basic stats: PARTIAL Column stats: COMPLETE
          Select Operator
            expressions: (if(false, 1, UDFToShort(2)) + 3) (type: int)
            outputColumnNames: _col0
            Statistics: Num rows: 0 Data size: 5812 Basic stats: PARTIAL Column stats: COMPLETE
            Limit
              Number of rows: 1
              Statistics: Num rows: 0 Data size: 5812 Basic stats: PARTIAL Column stats: COMPLETE
              ListSink

PREHOOK: query: SELECT IF(false, 1, cast(2 as smallint)) + 3 FROM src LIMIT 1
PREHOOK: type: QUERY
PREHOOK: Input: default@src
#### A masked pattern was here ####
POSTHOOK: query: SELECT IF(false, 1, cast(2 as smallint)) + 3 FROM src LIMIT 1
POSTHOOK: type: QUERY
POSTHOOK: Input: default@src
#### A masked pattern was here ####
5
