PREHOOK: query: EXPLAIN
SELECT count(1) FROM (
  SELECT key, value FROM src UNION ALL
  SELECT key, value FROM src UNION ALL
  SELECT key, value FROM src UNION ALL
  SELECT key, value FROM src UNION ALL
  SELECT key, value FROM src UNION ALL

  SELECT key, value FROM src UNION ALL
  SELECT key, value FROM src UNION ALL
  SELECT key, value FROM src UNION ALL
  SELECT key, value FROM src UNION ALL
  SELECT key, value FROM src UNION ALL

  SELECT key, value FROM src UNION ALL
  SELECT key, value FROM src UNION ALL
  SELECT key, value FROM src UNION ALL
  SELECT key, value FROM src UNION ALL
  SELECT key, value FROM src UNION ALL

  SELECT key, value FROM src UNION ALL
  SELECT key, value FROM src UNION ALL
  SELECT key, value FROM src UNION ALL
  SELECT key, value FROM src UNION ALL
  SELECT key, value FROM src UNION ALL

  SELECT key, value FROM src UNION ALL
  SELECT key, value FROM src UNION ALL
  SELECT key, value FROM src UNION ALL
  SELECT key, value FROM src UNION ALL
  SELECT key, value FROM src) src
PREHOOK: type: QUERY
POSTHOOK: query: EXPLAIN
SELECT count(1) FROM (
  SELECT key, value FROM src UNION ALL
  SELECT key, value FROM src UNION ALL
  SELECT key, value FROM src UNION ALL
  SELECT key, value FROM src UNION ALL
  SELECT key, value FROM src UNION ALL

  SELECT key, value FROM src UNION ALL
  SELECT key, value FROM src UNION ALL
  SELECT key, value FROM src UNION ALL
  SELECT key, value FROM src UNION ALL
  SELECT key, value FROM src UNION ALL

  SELECT key, value FROM src UNION ALL
  SELECT key, value FROM src UNION ALL
  SELECT key, value FROM src UNION ALL
  SELECT key, value FROM src UNION ALL
  SELECT key, value FROM src UNION ALL

  SELECT key, value FROM src UNION ALL
  SELECT key, value FROM src UNION ALL
  SELECT key, value FROM src UNION ALL
  SELECT key, value FROM src UNION ALL
  SELECT key, value FROM src UNION ALL

  SELECT key, value FROM src UNION ALL
  SELECT key, value FROM src UNION ALL
  SELECT key, value FROM src UNION ALL
  SELECT key, value FROM src UNION ALL
  SELECT key, value FROM src) src
POSTHOOK: type: QUERY
STAGE DEPENDENCIES:
  Stage-1 is a root stage
  Stage-0 is a root stage

STAGE PLANS:
  Stage: Stage-1
    Map Reduce
      Map Operator Tree:
          TableScan
            alias: src
            Statistics: Num rows: 29 Data size: 5812 Basic stats: COMPLETE Column stats: NONE
            Select Operator
              expressions: key (type: string), value (type: string)
              outputColumnNames: _col0, _col1
              Statistics: Num rows: 29 Data size: 5812 Basic stats: COMPLETE Column stats: NONE
              Union
                Statistics: Num rows: 725 Data size: 145300 Basic stats: COMPLETE Column stats: NONE
                Select Operator
                  Statistics: Num rows: 725 Data size: 145300 Basic stats: COMPLETE Column stats: NONE
                  Group By Operator
                    aggregations: count(1)
                    mode: hash
                    outputColumnNames: _col0
                    Statistics: Num rows: 1 Data size: 8 Basic stats: COMPLETE Column stats: NONE
                    Reduce Output Operator
                      sort order: 
                      Statistics: Num rows: 1 Data size: 8 Basic stats: COMPLETE Column stats: NONE
                      value expressions: _col0 (type: bigint)
          TableScan
            alias: src
            Statistics: Num rows: 29 Data size: 5812 Basic stats: COMPLETE Column stats: NONE
            Select Operator
              expressions: key (type: string), value (type: string)
              outputColumnNames: _col0, _col1
              Statistics: Num rows: 29 Data size: 5812 Basic stats: COMPLETE Column stats: NONE
              Union
                Statistics: Num rows: 725 Data size: 145300 Basic stats: COMPLETE Column stats: NONE
                Select Operator
                  Statistics: Num rows: 725 Data size: 145300 Basic stats: COMPLETE Column stats: NONE
                  Group By Operator
                    aggregations: count(1)
                    mode: hash
                    outputColumnNames: _col0
                    Statistics: Num rows: 1 Data size: 8 Basic stats: COMPLETE Column stats: NONE
                    Reduce Output Operator
                      sort order: 
                      Statistics: Num rows: 1 Data size: 8 Basic stats: COMPLETE Column stats: NONE
                      value expressions: _col0 (type: bigint)
          TableScan
            alias: src
            Statistics: Num rows: 29 Data size: 5812 Basic stats: COMPLETE Column stats: NONE
            Select Operator
              expressions: key (type: string), value (type: string)
              outputColumnNames: _col0, _col1
              Statistics: Num rows: 29 Data size: 5812 Basic stats: COMPLETE Column stats: NONE
              Union
                Statistics: Num rows: 725 Data size: 145300 Basic stats: COMPLETE Column stats: NONE
                Select Operator
                  Statistics: Num rows: 725 Data size: 145300 Basic stats: COMPLETE Column stats: NONE
                  Group By Operator
                    aggregations: count(1)
                    mode: hash
                    outputColumnNames: _col0
                    Statistics: Num rows: 1 Data size: 8 Basic stats: COMPLETE Column stats: NONE
                    Reduce Output Operator
                      sort order: 
                      Statistics: Num rows: 1 Data size: 8 Basic stats: COMPLETE Column stats: NONE
                      value expressions: _col0 (type: bigint)
          TableScan
            alias: src
            Statistics: Num rows: 29 Data size: 5812 Basic stats: COMPLETE Column stats: NONE
            Select Operator
              expressions: key (type: string), value (type: string)
              outputColumnNames: _col0, _col1
              Statistics: Num rows: 29 Data size: 5812 Basic stats: COMPLETE Column stats: NONE
              Union
                Statistics: Num rows: 725 Data size: 145300 Basic stats: COMPLETE Column stats: NONE
                Select Operator
                  Statistics: Num rows: 725 Data size: 145300 Basic stats: COMPLETE Column stats: NONE
                  Group By Operator
                    aggregations: count(1)
                    mode: hash
                    outputColumnNames: _col0
                    Statistics: Num rows: 1 Data size: 8 Basic stats: COMPLETE Column stats: NONE
                    Reduce Output Operator
                      sort order: 
                      Statistics: Num rows: 1 Data size: 8 Basic stats: COMPLETE Column stats: NONE
                      value expressions: _col0 (type: bigint)
          TableScan
            alias: src
            Statistics: Num rows: 29 Data size: 5812 Basic stats: COMPLETE Column stats: NONE
            Select Operator
              expressions: key (type: string), value (type: string)
              outputColumnNames: _col0, _col1
              Statistics: Num rows: 29 Data size: 5812 Basic stats: COMPLETE Column stats: NONE
              Union
                Statistics: Num rows: 725 Data size: 145300 Basic stats: COMPLETE Column stats: NONE
                Select Operator
                  Statistics: Num rows: 725 Data size: 145300 Basic stats: COMPLETE Column stats: NONE
                  Group By Operator
                    aggregations: count(1)
                    mode: hash
                    outputColumnNames: _col0
                    Statistics: Num rows: 1 Data size: 8 Basic stats: COMPLETE Column stats: NONE
                    Reduce Output Operator
                      sort order: 
                      Statistics: Num rows: 1 Data size: 8 Basic stats: COMPLETE Column stats: NONE
                      value expressions: _col0 (type: bigint)
          TableScan
            alias: src
            Statistics: Num rows: 29 Data size: 5812 Basic stats: COMPLETE Column stats: NONE
            Select Operator
              expressions: key (type: string), value (type: string)
              outputColumnNames: _col0, _col1
              Statistics: Num rows: 29 Data size: 5812 Basic stats: COMPLETE Column stats: NONE
              Union
                Statistics: Num rows: 725 Data size: 145300 Basic stats: COMPLETE Column stats: NONE
                Select Operator
                  Statistics: Num rows: 725 Data size: 145300 Basic stats: COMPLETE Column stats: NONE
                  Group By Operator
                    aggregations: count(1)
                    mode: hash
                    outputColumnNames: _col0
                    Statistics: Num rows: 1 Data size: 8 Basic stats: COMPLETE Column stats: NONE
                    Reduce Output Operator
                      sort order: 
                      Statistics: Num rows: 1 Data size: 8 Basic stats: COMPLETE Column stats: NONE
                      value expressions: _col0 (type: bigint)
          TableScan
            alias: src
            Statistics: Num rows: 29 Data size: 5812 Basic stats: COMPLETE Column stats: NONE
            Select Operator
              expressions: key (type: string), value (type: string)
              outputColumnNames: _col0, _col1
              Statistics: Num rows: 29 Data size: 5812 Basic stats: COMPLETE Column stats: NONE
              Union
                Statistics: Num rows: 725 Data size: 145300 Basic stats: COMPLETE Column stats: NONE
                Select Operator
                  Statistics: Num rows: 725 Data size: 145300 Basic stats: COMPLETE Column stats: NONE
                  Group By Operator
                    aggregations: count(1)
                    mode: hash
                    outputColumnNames: _col0
                    Statistics: Num rows: 1 Data size: 8 Basic stats: COMPLETE Column stats: NONE
                    Reduce Output Operator
                      sort order: 
                      Statistics: Num rows: 1 Data size: 8 Basic stats: COMPLETE Column stats: NONE
                      value expressions: _col0 (type: bigint)
          TableScan
            alias: src
            Statistics: Num rows: 29 Data size: 5812 Basic stats: COMPLETE Column stats: NONE
            Select Operator
              expressions: key (type: string), value (type: string)
              outputColumnNames: _col0, _col1
              Statistics: Num rows: 29 Data size: 5812 Basic stats: COMPLETE Column stats: NONE
              Union
                Statistics: Num rows: 725 Data size: 145300 Basic stats: COMPLETE Column stats: NONE
                Select Operator
                  Statistics: Num rows: 725 Data size: 145300 Basic stats: COMPLETE Column stats: NONE
                  Group By Operator
                    aggregations: count(1)
                    mode: hash
                    outputColumnNames: _col0
                    Statistics: Num rows: 1 Data size: 8 Basic stats: COMPLETE Column stats: NONE
                    Reduce Output Operator
                      sort order: 
                      Statistics: Num rows: 1 Data size: 8 Basic stats: COMPLETE Column stats: NONE
                      value expressions: _col0 (type: bigint)
          TableScan
            alias: src
            Statistics: Num rows: 29 Data size: 5812 Basic stats: COMPLETE Column stats: NONE
            Select Operator
              expressions: key (type: string), value (type: string)
              outputColumnNames: _col0, _col1
              Statistics: Num rows: 29 Data size: 5812 Basic stats: COMPLETE Column stats: NONE
              Union
                Statistics: Num rows: 725 Data size: 145300 Basic stats: COMPLETE Column stats: NONE
                Select Operator
                  Statistics: Num rows: 725 Data size: 145300 Basic stats: COMPLETE Column stats: NONE
                  Group By Operator
                    aggregations: count(1)
                    mode: hash
                    outputColumnNames: _col0
                    Statistics: Num rows: 1 Data size: 8 Basic stats: COMPLETE Column stats: NONE
                    Reduce Output Operator
                      sort order: 
                      Statistics: Num rows: 1 Data size: 8 Basic stats: COMPLETE Column stats: NONE
                      value expressions: _col0 (type: bigint)
          TableScan
            alias: src
            Statistics: Num rows: 29 Data size: 5812 Basic stats: COMPLETE Column stats: NONE
            Select Operator
              expressions: key (type: string), value (type: string)
              outputColumnNames: _col0, _col1
              Statistics: Num rows: 29 Data size: 5812 Basic stats: COMPLETE Column stats: NONE
              Union
                Statistics: Num rows: 725 Data size: 145300 Basic stats: COMPLETE Column stats: NONE
                Select Operator
                  Statistics: Num rows: 725 Data size: 145300 Basic stats: COMPLETE Column stats: NONE
                  Group By Operator
                    aggregations: count(1)
                    mode: hash
                    outputColumnNames: _col0
                    Statistics: Num rows: 1 Data size: 8 Basic stats: COMPLETE Column stats: NONE
                    Reduce Output Operator
                      sort order: 
                      Statistics: Num rows: 1 Data size: 8 Basic stats: COMPLETE Column stats: NONE
                      value expressions: _col0 (type: bigint)
          TableScan
            alias: src
            Statistics: Num rows: 29 Data size: 5812 Basic stats: COMPLETE Column stats: NONE
            Select Operator
              expressions: key (type: string), value (type: string)
              outputColumnNames: _col0, _col1
              Statistics: Num rows: 29 Data size: 5812 Basic stats: COMPLETE Column stats: NONE
              Union
                Statistics: Num rows: 725 Data size: 145300 Basic stats: COMPLETE Column stats: NONE
                Select Operator
                  Statistics: Num rows: 725 Data size: 145300 Basic stats: COMPLETE Column stats: NONE
                  Group By Operator
                    aggregations: count(1)
                    mode: hash
                    outputColumnNames: _col0
                    Statistics: Num rows: 1 Data size: 8 Basic stats: COMPLETE Column stats: NONE
                    Reduce Output Operator
                      sort order: 
                      Statistics: Num rows: 1 Data size: 8 Basic stats: COMPLETE Column stats: NONE
                      value expressions: _col0 (type: bigint)
          TableScan
            alias: src
            Statistics: Num rows: 29 Data size: 5812 Basic stats: COMPLETE Column stats: NONE
            Select Operator
              expressions: key (type: string), value (type: string)
              outputColumnNames: _col0, _col1
              Statistics: Num rows: 29 Data size: 5812 Basic stats: COMPLETE Column stats: NONE
              Union
                Statistics: Num rows: 725 Data size: 145300 Basic stats: COMPLETE Column stats: NONE
                Select Operator
                  Statistics: Num rows: 725 Data size: 145300 Basic stats: COMPLETE Column stats: NONE
                  Group By Operator
                    aggregations: count(1)
                    mode: hash
                    outputColumnNames: _col0
                    Statistics: Num rows: 1 Data size: 8 Basic stats: COMPLETE Column stats: NONE
                    Reduce Output Operator
                      sort order: 
                      Statistics: Num rows: 1 Data size: 8 Basic stats: COMPLETE Column stats: NONE
                      value expressions: _col0 (type: bigint)
          TableScan
            alias: src
            Statistics: Num rows: 29 Data size: 5812 Basic stats: COMPLETE Column stats: NONE
            Select Operator
              expressions: key (type: string), value (type: string)
              outputColumnNames: _col0, _col1
              Statistics: Num rows: 29 Data size: 5812 Basic stats: COMPLETE Column stats: NONE
              Union
                Statistics: Num rows: 725 Data size: 145300 Basic stats: COMPLETE Column stats: NONE
                Select Operator
                  Statistics: Num rows: 725 Data size: 145300 Basic stats: COMPLETE Column stats: NONE
                  Group By Operator
                    aggregations: count(1)
                    mode: hash
                    outputColumnNames: _col0
                    Statistics: Num rows: 1 Data size: 8 Basic stats: COMPLETE Column stats: NONE
                    Reduce Output Operator
                      sort order: 
                      Statistics: Num rows: 1 Data size: 8 Basic stats: COMPLETE Column stats: NONE
                      value expressions: _col0 (type: bigint)
          TableScan
            alias: src
            Statistics: Num rows: 29 Data size: 5812 Basic stats: COMPLETE Column stats: NONE
            Select Operator
              expressions: key (type: string), value (type: string)
              outputColumnNames: _col0, _col1
              Statistics: Num rows: 29 Data size: 5812 Basic stats: COMPLETE Column stats: NONE
              Union
                Statistics: Num rows: 725 Data size: 145300 Basic stats: COMPLETE Column stats: NONE
                Select Operator
                  Statistics: Num rows: 725 Data size: 145300 Basic stats: COMPLETE Column stats: NONE
                  Group By Operator
                    aggregations: count(1)
                    mode: hash
                    outputColumnNames: _col0
                    Statistics: Num rows: 1 Data size: 8 Basic stats: COMPLETE Column stats: NONE
                    Reduce Output Operator
                      sort order: 
                      Statistics: Num rows: 1 Data size: 8 Basic stats: COMPLETE Column stats: NONE
                      value expressions: _col0 (type: bigint)
          TableScan
            alias: src
            Statistics: Num rows: 29 Data size: 5812 Basic stats: COMPLETE Column stats: NONE
            Select Operator
              expressions: key (type: string), value (type: string)
              outputColumnNames: _col0, _col1
              Statistics: Num rows: 29 Data size: 5812 Basic stats: COMPLETE Column stats: NONE
              Union
                Statistics: Num rows: 725 Data size: 145300 Basic stats: COMPLETE Column stats: NONE
                Select Operator
                  Statistics: Num rows: 725 Data size: 145300 Basic stats: COMPLETE Column stats: NONE
                  Group By Operator
                    aggregations: count(1)
                    mode: hash
                    outputColumnNames: _col0
                    Statistics: Num rows: 1 Data size: 8 Basic stats: COMPLETE Column stats: NONE
                    Reduce Output Operator
                      sort order: 
                      Statistics: Num rows: 1 Data size: 8 Basic stats: COMPLETE Column stats: NONE
                      value expressions: _col0 (type: bigint)
          TableScan
            alias: src
            Statistics: Num rows: 29 Data size: 5812 Basic stats: COMPLETE Column stats: NONE
            Select Operator
              expressions: key (type: string), value (type: string)
              outputColumnNames: _col0, _col1
              Statistics: Num rows: 29 Data size: 5812 Basic stats: COMPLETE Column stats: NONE
              Union
                Statistics: Num rows: 725 Data size: 145300 Basic stats: COMPLETE Column stats: NONE
                Select Operator
                  Statistics: Num rows: 725 Data size: 145300 Basic stats: COMPLETE Column stats: NONE
                  Group By Operator
                    aggregations: count(1)
                    mode: hash
                    outputColumnNames: _col0
                    Statistics: Num rows: 1 Data size: 8 Basic stats: COMPLETE Column stats: NONE
                    Reduce Output Operator
                      sort order: 
                      Statistics: Num rows: 1 Data size: 8 Basic stats: COMPLETE Column stats: NONE
                      value expressions: _col0 (type: bigint)
          TableScan
            alias: src
            Statistics: Num rows: 29 Data size: 5812 Basic stats: COMPLETE Column stats: NONE
            Select Operator
              expressions: key (type: string), value (type: string)
              outputColumnNames: _col0, _col1
              Statistics: Num rows: 29 Data size: 5812 Basic stats: COMPLETE Column stats: NONE
              Union
                Statistics: Num rows: 725 Data size: 145300 Basic stats: COMPLETE Column stats: NONE
                Select Operator
                  Statistics: Num rows: 725 Data size: 145300 Basic stats: COMPLETE Column stats: NONE
                  Group By Operator
                    aggregations: count(1)
                    mode: hash
                    outputColumnNames: _col0
                    Statistics: Num rows: 1 Data size: 8 Basic stats: COMPLETE Column stats: NONE
                    Reduce Output Operator
                      sort order: 
                      Statistics: Num rows: 1 Data size: 8 Basic stats: COMPLETE Column stats: NONE
                      value expressions: _col0 (type: bigint)
          TableScan
            alias: src
            Statistics: Num rows: 29 Data size: 5812 Basic stats: COMPLETE Column stats: NONE
            Select Operator
              expressions: key (type: string), value (type: string)
              outputColumnNames: _col0, _col1
              Statistics: Num rows: 29 Data size: 5812 Basic stats: COMPLETE Column stats: NONE
              Union
                Statistics: Num rows: 725 Data size: 145300 Basic stats: COMPLETE Column stats: NONE
                Select Operator
                  Statistics: Num rows: 725 Data size: 145300 Basic stats: COMPLETE Column stats: NONE
                  Group By Operator
                    aggregations: count(1)
                    mode: hash
                    outputColumnNames: _col0
                    Statistics: Num rows: 1 Data size: 8 Basic stats: COMPLETE Column stats: NONE
                    Reduce Output Operator
                      sort order: 
                      Statistics: Num rows: 1 Data size: 8 Basic stats: COMPLETE Column stats: NONE
                      value expressions: _col0 (type: bigint)
          TableScan
            alias: src
            Statistics: Num rows: 29 Data size: 5812 Basic stats: COMPLETE Column stats: NONE
            Select Operator
              expressions: key (type: string), value (type: string)
              outputColumnNames: _col0, _col1
              Statistics: Num rows: 29 Data size: 5812 Basic stats: COMPLETE Column stats: NONE
              Union
                Statistics: Num rows: 725 Data size: 145300 Basic stats: COMPLETE Column stats: NONE
                Select Operator
                  Statistics: Num rows: 725 Data size: 145300 Basic stats: COMPLETE Column stats: NONE
                  Group By Operator
                    aggregations: count(1)
                    mode: hash
                    outputColumnNames: _col0
                    Statistics: Num rows: 1 Data size: 8 Basic stats: COMPLETE Column stats: NONE
                    Reduce Output Operator
                      sort order: 
                      Statistics: Num rows: 1 Data size: 8 Basic stats: COMPLETE Column stats: NONE
                      value expressions: _col0 (type: bigint)
          TableScan
            alias: src
            Statistics: Num rows: 29 Data size: 5812 Basic stats: COMPLETE Column stats: NONE
            Select Operator
              expressions: key (type: string), value (type: string)
              outputColumnNames: _col0, _col1
              Statistics: Num rows: 29 Data size: 5812 Basic stats: COMPLETE Column stats: NONE
              Union
                Statistics: Num rows: 725 Data size: 145300 Basic stats: COMPLETE Column stats: NONE
                Select Operator
                  Statistics: Num rows: 725 Data size: 145300 Basic stats: COMPLETE Column stats: NONE
                  Group By Operator
                    aggregations: count(1)
                    mode: hash
                    outputColumnNames: _col0
                    Statistics: Num rows: 1 Data size: 8 Basic stats: COMPLETE Column stats: NONE
                    Reduce Output Operator
                      sort order: 
                      Statistics: Num rows: 1 Data size: 8 Basic stats: COMPLETE Column stats: NONE
                      value expressions: _col0 (type: bigint)
          TableScan
            alias: src
            Statistics: Num rows: 29 Data size: 5812 Basic stats: COMPLETE Column stats: NONE
            Select Operator
              expressions: key (type: string), value (type: string)
              outputColumnNames: _col0, _col1
              Statistics: Num rows: 29 Data size: 5812 Basic stats: COMPLETE Column stats: NONE
              Union
                Statistics: Num rows: 725 Data size: 145300 Basic stats: COMPLETE Column stats: NONE
                Select Operator
                  Statistics: Num rows: 725 Data size: 145300 Basic stats: COMPLETE Column stats: NONE
                  Group By Operator
                    aggregations: count(1)
                    mode: hash
                    outputColumnNames: _col0
                    Statistics: Num rows: 1 Data size: 8 Basic stats: COMPLETE Column stats: NONE
                    Reduce Output Operator
                      sort order: 
                      Statistics: Num rows: 1 Data size: 8 Basic stats: COMPLETE Column stats: NONE
                      value expressions: _col0 (type: bigint)
          TableScan
            alias: src
            Statistics: Num rows: 29 Data size: 5812 Basic stats: COMPLETE Column stats: NONE
            Select Operator
              expressions: key (type: string), value (type: string)
              outputColumnNames: _col0, _col1
              Statistics: Num rows: 29 Data size: 5812 Basic stats: COMPLETE Column stats: NONE
              Union
                Statistics: Num rows: 725 Data size: 145300 Basic stats: COMPLETE Column stats: NONE
                Select Operator
                  Statistics: Num rows: 725 Data size: 145300 Basic stats: COMPLETE Column stats: NONE
                  Group By Operator
                    aggregations: count(1)
                    mode: hash
                    outputColumnNames: _col0
                    Statistics: Num rows: 1 Data size: 8 Basic stats: COMPLETE Column stats: NONE
                    Reduce Output Operator
                      sort order: 
                      Statistics: Num rows: 1 Data size: 8 Basic stats: COMPLETE Column stats: NONE
                      value expressions: _col0 (type: bigint)
          TableScan
            alias: src
            Statistics: Num rows: 29 Data size: 5812 Basic stats: COMPLETE Column stats: NONE
            Select Operator
              expressions: key (type: string), value (type: string)
              outputColumnNames: _col0, _col1
              Statistics: Num rows: 29 Data size: 5812 Basic stats: COMPLETE Column stats: NONE
              Union
                Statistics: Num rows: 725 Data size: 145300 Basic stats: COMPLETE Column stats: NONE
                Select Operator
                  Statistics: Num rows: 725 Data size: 145300 Basic stats: COMPLETE Column stats: NONE
                  Group By Operator
                    aggregations: count(1)
                    mode: hash
                    outputColumnNames: _col0
                    Statistics: Num rows: 1 Data size: 8 Basic stats: COMPLETE Column stats: NONE
                    Reduce Output Operator
                      sort order: 
                      Statistics: Num rows: 1 Data size: 8 Basic stats: COMPLETE Column stats: NONE
                      value expressions: _col0 (type: bigint)
          TableScan
            alias: src
            Statistics: Num rows: 29 Data size: 5812 Basic stats: COMPLETE Column stats: NONE
            Select Operator
              expressions: key (type: string), value (type: string)
              outputColumnNames: _col0, _col1
              Statistics: Num rows: 29 Data size: 5812 Basic stats: COMPLETE Column stats: NONE
              Union
                Statistics: Num rows: 725 Data size: 145300 Basic stats: COMPLETE Column stats: NONE
                Select Operator
                  Statistics: Num rows: 725 Data size: 145300 Basic stats: COMPLETE Column stats: NONE
                  Group By Operator
                    aggregations: count(1)
                    mode: hash
                    outputColumnNames: _col0
                    Statistics: Num rows: 1 Data size: 8 Basic stats: COMPLETE Column stats: NONE
                    Reduce Output Operator
                      sort order: 
                      Statistics: Num rows: 1 Data size: 8 Basic stats: COMPLETE Column stats: NONE
                      value expressions: _col0 (type: bigint)
          TableScan
            alias: src
            Statistics: Num rows: 29 Data size: 5812 Basic stats: COMPLETE Column stats: NONE
            Select Operator
              expressions: key (type: string), value (type: string)
              outputColumnNames: _col0, _col1
              Statistics: Num rows: 29 Data size: 5812 Basic stats: COMPLETE Column stats: NONE
              Union
                Statistics: Num rows: 725 Data size: 145300 Basic stats: COMPLETE Column stats: NONE
                Select Operator
                  Statistics: Num rows: 725 Data size: 145300 Basic stats: COMPLETE Column stats: NONE
                  Group By Operator
                    aggregations: count(1)
                    mode: hash
                    outputColumnNames: _col0
                    Statistics: Num rows: 1 Data size: 8 Basic stats: COMPLETE Column stats: NONE
                    Reduce Output Operator
                      sort order: 
                      Statistics: Num rows: 1 Data size: 8 Basic stats: COMPLETE Column stats: NONE
                      value expressions: _col0 (type: bigint)
      Reduce Operator Tree:
        Group By Operator
          aggregations: count(VALUE._col0)
          mode: mergepartial
          outputColumnNames: _col0
          Statistics: Num rows: 1 Data size: 8 Basic stats: COMPLETE Column stats: NONE
          Select Operator
            expressions: _col0 (type: bigint)
            outputColumnNames: _col0
            Statistics: Num rows: 1 Data size: 8 Basic stats: COMPLETE Column stats: NONE
            File Output Operator
              compressed: false
              Statistics: Num rows: 1 Data size: 8 Basic stats: COMPLETE Column stats: NONE
              table:
                  input format: org.apache.hadoop.mapred.TextInputFormat
                  output format: org.apache.hadoop.hive.ql.io.HiveIgnoreKeyTextOutputFormat
                  serde: org.apache.hadoop.hive.serde2.lazy.LazySimpleSerDe

  Stage: Stage-0
    Fetch Operator
      limit: -1

PREHOOK: query: SELECT count(1) FROM (
  SELECT key, value FROM src UNION ALL
  SELECT key, value FROM src UNION ALL
  SELECT key, value FROM src UNION ALL
  SELECT key, value FROM src UNION ALL
  SELECT key, value FROM src UNION ALL

  SELECT key, value FROM src UNION ALL
  SELECT key, value FROM src UNION ALL
  SELECT key, value FROM src UNION ALL
  SELECT key, value FROM src UNION ALL
  SELECT key, value FROM src UNION ALL

  SELECT key, value FROM src UNION ALL
  SELECT key, value FROM src UNION ALL
  SELECT key, value FROM src UNION ALL
  SELECT key, value FROM src UNION ALL
  SELECT key, value FROM src UNION ALL

  SELECT key, value FROM src UNION ALL
  SELECT key, value FROM src UNION ALL
  SELECT key, value FROM src UNION ALL
  SELECT key, value FROM src UNION ALL
  SELECT key, value FROM src UNION ALL

  SELECT key, value FROM src UNION ALL
  SELECT key, value FROM src UNION ALL
  SELECT key, value FROM src UNION ALL
  SELECT key, value FROM src UNION ALL
  SELECT key, value FROM src) src
PREHOOK: type: QUERY
PREHOOK: Input: default@src
#### A masked pattern was here ####
POSTHOOK: query: SELECT count(1) FROM (
  SELECT key, value FROM src UNION ALL
  SELECT key, value FROM src UNION ALL
  SELECT key, value FROM src UNION ALL
  SELECT key, value FROM src UNION ALL
  SELECT key, value FROM src UNION ALL

  SELECT key, value FROM src UNION ALL
  SELECT key, value FROM src UNION ALL
  SELECT key, value FROM src UNION ALL
  SELECT key, value FROM src UNION ALL
  SELECT key, value FROM src UNION ALL

  SELECT key, value FROM src UNION ALL
  SELECT key, value FROM src UNION ALL
  SELECT key, value FROM src UNION ALL
  SELECT key, value FROM src UNION ALL
  SELECT key, value FROM src UNION ALL

  SELECT key, value FROM src UNION ALL
  SELECT key, value FROM src UNION ALL
  SELECT key, value FROM src UNION ALL
  SELECT key, value FROM src UNION ALL
  SELECT key, value FROM src UNION ALL

  SELECT key, value FROM src UNION ALL
  SELECT key, value FROM src UNION ALL
  SELECT key, value FROM src UNION ALL
  SELECT key, value FROM src UNION ALL
  SELECT key, value FROM src) src
POSTHOOK: type: QUERY
POSTHOOK: Input: default@src
#### A masked pattern was here ####
12500
