PREHOOK: query: -- union case: all subqueries are a map-only jobs, 3 way union, same input for all sub-queries, followed by reducesink

explain 
  select count(1) FROM (select s1.key as key, s1.value as value from src s1 UNION  ALL  
                        select s2.key as key, s2.value as value from src s2 UNION ALL
                        select s3.key as key, s3.value as value from src s3) unionsrc
PREHOOK: type: QUERY
POSTHOOK: query: -- union case: all subqueries are a map-only jobs, 3 way union, same input for all sub-queries, followed by reducesink

explain 
  select count(1) FROM (select s1.key as key, s1.value as value from src s1 UNION  ALL  
                        select s2.key as key, s2.value as value from src s2 UNION ALL
                        select s3.key as key, s3.value as value from src s3) unionsrc
POSTHOOK: type: QUERY
STAGE DEPENDENCIES:
  Stage-1 is a root stage
  Stage-0 is a root stage

STAGE PLANS:
  Stage: Stage-1
    Map Reduce
      Map Operator Tree:
          TableScan
            alias: s1
            Statistics: Num rows: 0 Data size: 5812 Basic stats: PARTIAL Column stats: COMPLETE
            Select Operator
              Statistics: Num rows: 0 Data size: 5812 Basic stats: PARTIAL Column stats: COMPLETE
              Union
                Statistics: Num rows: 0 Data size: 17436 Basic stats: PARTIAL Column stats: COMPLETE
                Select Operator
                  Statistics: Num rows: 0 Data size: 17436 Basic stats: PARTIAL Column stats: COMPLETE
                  Group By Operator
                    aggregations: count(1)
                    mode: hash
                    outputColumnNames: _col0
                    Statistics: Num rows: 1 Data size: 8 Basic stats: COMPLETE Column stats: COMPLETE
                    Reduce Output Operator
                      sort order: 
                      Statistics: Num rows: 1 Data size: 8 Basic stats: COMPLETE Column stats: COMPLETE
                      value expressions: _col0 (type: bigint)
          TableScan
            alias: s2
            Statistics: Num rows: 0 Data size: 5812 Basic stats: PARTIAL Column stats: COMPLETE
            Select Operator
              Statistics: Num rows: 0 Data size: 5812 Basic stats: PARTIAL Column stats: COMPLETE
              Union
                Statistics: Num rows: 0 Data size: 17436 Basic stats: PARTIAL Column stats: COMPLETE
                Select Operator
                  Statistics: Num rows: 0 Data size: 17436 Basic stats: PARTIAL Column stats: COMPLETE
                  Group By Operator
                    aggregations: count(1)
                    mode: hash
                    outputColumnNames: _col0
                    Statistics: Num rows: 1 Data size: 8 Basic stats: COMPLETE Column stats: COMPLETE
                    Reduce Output Operator
                      sort order: 
                      Statistics: Num rows: 1 Data size: 8 Basic stats: COMPLETE Column stats: COMPLETE
                      value expressions: _col0 (type: bigint)
          TableScan
            alias: s3
            Statistics: Num rows: 0 Data size: 5812 Basic stats: PARTIAL Column stats: COMPLETE
            Select Operator
              Statistics: Num rows: 0 Data size: 5812 Basic stats: PARTIAL Column stats: COMPLETE
              Union
                Statistics: Num rows: 0 Data size: 17436 Basic stats: PARTIAL Column stats: COMPLETE
                Select Operator
                  Statistics: Num rows: 0 Data size: 17436 Basic stats: PARTIAL Column stats: COMPLETE
                  Group By Operator
                    aggregations: count(1)
                    mode: hash
                    outputColumnNames: _col0
                    Statistics: Num rows: 1 Data size: 8 Basic stats: COMPLETE Column stats: COMPLETE
                    Reduce Output Operator
                      sort order: 
                      Statistics: Num rows: 1 Data size: 8 Basic stats: COMPLETE Column stats: COMPLETE
                      value expressions: _col0 (type: bigint)
      Reduce Operator Tree:
        Group By Operator
          aggregations: count(VALUE._col0)
          mode: mergepartial
          outputColumnNames: _col0
          Statistics: Num rows: 1 Data size: 8 Basic stats: COMPLETE Column stats: COMPLETE
          Select Operator
            expressions: _col0 (type: bigint)
            outputColumnNames: _col0
            Statistics: Num rows: 1 Data size: 8 Basic stats: COMPLETE Column stats: COMPLETE
            File Output Operator
              compressed: false
              Statistics: Num rows: 1 Data size: 8 Basic stats: COMPLETE Column stats: COMPLETE
              table:
                  input format: org.apache.hadoop.mapred.TextInputFormat
                  output format: org.apache.hadoop.hive.ql.io.HiveIgnoreKeyTextOutputFormat
                  serde: org.apache.hadoop.hive.serde2.lazy.LazySimpleSerDe

  Stage: Stage-0
    Fetch Operator
      limit: -1

PREHOOK: query: select count(1) FROM (select s1.key as key, s1.value as value from src s1 UNION  ALL  
                        select s2.key as key, s2.value as value from src s2 UNION ALL
                        select s3.key as key, s3.value as value from src s3) unionsrc
PREHOOK: type: QUERY
PREHOOK: Input: default@src
#### A masked pattern was here ####
POSTHOOK: query: select count(1) FROM (select s1.key as key, s1.value as value from src s1 UNION  ALL  
                        select s2.key as key, s2.value as value from src s2 UNION ALL
                        select s3.key as key, s3.value as value from src s3) unionsrc
POSTHOOK: type: QUERY
POSTHOOK: Input: default@src
#### A masked pattern was here ####
1500
