PREHOOK: query: explain 
select count(*) from (select c.ctinyint 
from alltypesorc c
left outer join alltypesorc cd
  on cd.cint = c.cint 
left outer join alltypesorc hd
  on hd.ctinyint = c.ctinyint
) t1
PREHOOK: type: QUERY
POSTHOOK: query: explain 
select count(*) from (select c.ctinyint 
from alltypesorc c
left outer join alltypesorc cd
  on cd.cint = c.cint 
left outer join alltypesorc hd
  on hd.ctinyint = c.ctinyint
) t1
POSTHOOK: type: QUERY
STAGE DEPENDENCIES:
  Stage-7 is a root stage
  Stage-2 depends on stages: Stage-7
  Stage-0 is a root stage

STAGE PLANS:
  Stage: Stage-7
    Map Reduce Local Work
      Alias -> Map Local Tables:
        t1:cd 
          Fetch Operator
            limit: -1
        t1:hd 
          Fetch Operator
            limit: -1
      Alias -> Map Local Operator Tree:
        t1:cd 
          TableScan
            alias: cd
            Statistics: Num rows: 94309 Data size: 377237 Basic stats: COMPLETE Column stats: NONE
            HashTable Sink Operator
              condition expressions:
                0 {ctinyint}
                1 
              keys:
                0 cint (type: int)
                1 cint (type: int)
        t1:hd 
          TableScan
            alias: hd
            Statistics: Num rows: 94309 Data size: 377237 Basic stats: COMPLETE Column stats: NONE
            HashTable Sink Operator
              condition expressions:
                0 
                1 
              keys:
                0 _col0 (type: tinyint)
                1 ctinyint (type: tinyint)

  Stage: Stage-2
    Map Reduce
      Map Operator Tree:
          TableScan
            alias: c
            Statistics: Num rows: 47154 Data size: 377237 Basic stats: COMPLETE Column stats: NONE
            Map Join Operator
              condition map:
                   Left Outer Join0 to 1
              condition expressions:
                0 {ctinyint}
                1 
              keys:
                0 cint (type: int)
                1 cint (type: int)
              outputColumnNames: _col0
              Statistics: Num rows: 103739 Data size: 414960 Basic stats: COMPLETE Column stats: NONE
              Map Join Operator
                condition map:
                     Left Outer Join0 to 1
                condition expressions:
                  0 
                  1 
                keys:
                  0 _col0 (type: tinyint)
                  1 ctinyint (type: tinyint)
                Statistics: Num rows: 114112 Data size: 456456 Basic stats: COMPLETE Column stats: NONE
                Select Operator
                  Statistics: Num rows: 114112 Data size: 456456 Basic stats: COMPLETE Column stats: NONE
                  Group By Operator
                    aggregations: count()
                    mode: hash
                    outputColumnNames: _col0
                    Statistics: Num rows: 1 Data size: 8 Basic stats: COMPLETE Column stats: NONE
                    Reduce Output Operator
                      sort order: 
                      Statistics: Num rows: 1 Data size: 8 Basic stats: COMPLETE Column stats: NONE
                      value expressions: _col0 (type: bigint)
      Local Work:
        Map Reduce Local Work
      Execution mode: vectorized
      Reduce Operator Tree:
        Group By Operator
          aggregations: count(VALUE._col0)
          mode: mergepartial
          outputColumnNames: _col0
          Statistics: Num rows: 1 Data size: 8 Basic stats: COMPLETE Column stats: NONE
          Select Operator
            expressions: _col0 (type: bigint)
            outputColumnNames: _col0
            Statistics: Num rows: 1 Data size: 8 Basic stats: COMPLETE Column stats: NONE
            File Output Operator
              compressed: false
              Statistics: Num rows: 1 Data size: 8 Basic stats: COMPLETE Column stats: NONE
              table:
                  input format: org.apache.hadoop.mapred.TextInputFormat
                  output format: org.apache.hadoop.hive.ql.io.HiveIgnoreKeyTextOutputFormat
                  serde: org.apache.hadoop.hive.serde2.lazy.LazySimpleSerDe

  Stage: Stage-0
    Fetch Operator
      limit: -1

PREHOOK: query: select count(*) from (select c.ctinyint
from alltypesorc c
left outer join alltypesorc cd
  on cd.cint = c.cint 
left outer join alltypesorc hd
  on hd.ctinyint = c.ctinyint
) t1
PREHOOK: type: QUERY
PREHOOK: Input: default@alltypesorc
#### A masked pattern was here ####
POSTHOOK: query: select count(*) from (select c.ctinyint
from alltypesorc c
left outer join alltypesorc cd
  on cd.cint = c.cint 
left outer join alltypesorc hd
  on hd.ctinyint = c.ctinyint
) t1
POSTHOOK: type: QUERY
POSTHOOK: Input: default@alltypesorc
#### A masked pattern was here ####
225951785
