PREHOOK: query: EXPLAIN SELECT COUNT(t1.cint), MAX(t2.cint), MIN(t1.cint), AVG(t1.cint+t2.cint)
  FROM alltypesorc t1
  JOIN alltypesorc t2 ON t1.cint = t2.cint
PREHOOK: type: QUERY
POSTHOOK: query: EXPLAIN SELECT COUNT(t1.cint), MAX(t2.cint), MIN(t1.cint), AVG(t1.cint+t2.cint)
  FROM alltypesorc t1
  JOIN alltypesorc t2 ON t1.cint = t2.cint
POSTHOOK: type: QUERY
STAGE DEPENDENCIES:
  Stage-5 is a root stage
  Stage-2 depends on stages: Stage-5
  Stage-0 is a root stage

STAGE PLANS:
  Stage: Stage-5
    Map Reduce Local Work
      Alias -> Map Local Tables:
        t1 
          Fetch Operator
            limit: -1
      Alias -> Map Local Operator Tree:
        t1 
          TableScan
            alias: t1
            Statistics: Num rows: 94309 Data size: 377237 Basic stats: COMPLETE Column stats: NONE
            HashTable Sink Operator
              condition expressions:
                0 {cint}
                1 {cint}
              keys:
                0 cint (type: int)
                1 cint (type: int)

  Stage: Stage-2
    Map Reduce
      Map Operator Tree:
          TableScan
            alias: t2
            Statistics: Num rows: 94309 Data size: 377237 Basic stats: COMPLETE Column stats: NONE
            Map Join Operator
              condition map:
                   Inner Join 0 to 1
              condition expressions:
                0 {cint}
                1 {cint}
              keys:
                0 cint (type: int)
                1 cint (type: int)
              outputColumnNames: _col2, _col16
              Statistics: Num rows: 103739 Data size: 414960 Basic stats: COMPLETE Column stats: NONE
              Select Operator
                expressions: _col2 (type: int), _col16 (type: int)
                outputColumnNames: _col2, _col16
                Statistics: Num rows: 103739 Data size: 414960 Basic stats: COMPLETE Column stats: NONE
                Group By Operator
                  aggregations: count(_col2), max(_col16), min(_col2), avg((_col2 + _col16))
                  mode: hash
                  outputColumnNames: _col0, _col1, _col2, _col3
                  Statistics: Num rows: 1 Data size: 16 Basic stats: COMPLETE Column stats: NONE
                  Reduce Output Operator
                    sort order: 
                    Statistics: Num rows: 1 Data size: 16 Basic stats: COMPLETE Column stats: NONE
                    value expressions: _col0 (type: bigint), _col1 (type: int), _col2 (type: int), _col3 (type: struct<count:bigint,sum:double,input:int>)
      Local Work:
        Map Reduce Local Work
      Execution mode: vectorized
      Reduce Operator Tree:
        Group By Operator
          aggregations: count(VALUE._col0), max(VALUE._col1), min(VALUE._col2), avg(VALUE._col3)
          mode: mergepartial
          outputColumnNames: _col0, _col1, _col2, _col3
          Statistics: Num rows: 1 Data size: 24 Basic stats: COMPLETE Column stats: NONE
          Select Operator
            expressions: _col0 (type: bigint), _col1 (type: int), _col2 (type: int), _col3 (type: double)
            outputColumnNames: _col0, _col1, _col2, _col3
            Statistics: Num rows: 1 Data size: 24 Basic stats: COMPLETE Column stats: NONE
            File Output Operator
              compressed: false
              Statistics: Num rows: 1 Data size: 24 Basic stats: COMPLETE Column stats: NONE
              table:
                  input format: org.apache.hadoop.mapred.TextInputFormat
                  output format: org.apache.hadoop.hive.ql.io.HiveIgnoreKeyTextOutputFormat
                  serde: org.apache.hadoop.hive.serde2.lazy.LazySimpleSerDe

  Stage: Stage-0
    Fetch Operator
      limit: -1

PREHOOK: query: SELECT COUNT(t1.cint), MAX(t2.cint), MIN(t1.cint), AVG(t1.cint+t2.cint)
  FROM alltypesorc t1
  JOIN alltypesorc t2 ON t1.cint = t2.cint
PREHOOK: type: QUERY
PREHOOK: Input: default@alltypesorc
#### A masked pattern was here ####
POSTHOOK: query: SELECT COUNT(t1.cint), MAX(t2.cint), MIN(t1.cint), AVG(t1.cint+t2.cint)
  FROM alltypesorc t1
  JOIN alltypesorc t2 ON t1.cint = t2.cint
POSTHOOK: type: QUERY
POSTHOOK: Input: default@alltypesorc
#### A masked pattern was here ####
3152013	1073680599	-1073279343	9.375396162525452E8
