PREHOOK: query: CREATE TABLE decimal_test STORED AS ORC AS SELECT cdouble, CAST (((cdouble*22.1)/37) AS DECIMAL(20,10)) AS cdecimal1, CAST (((cdouble*9.3)/13) AS DECIMAL(23,14)) AS cdecimal2 FROM alltypesorc
PREHOOK: type: CREATETABLE_AS_SELECT
PREHOOK: Input: default@alltypesorc
POSTHOOK: query: CREATE TABLE decimal_test STORED AS ORC AS SELECT cdouble, CAST (((cdouble*22.1)/37) AS DECIMAL(20,10)) AS cdecimal1, CAST (((cdouble*9.3)/13) AS DECIMAL(23,14)) AS cdecimal2 FROM alltypesorc
POSTHOOK: type: CREATETABLE_AS_SELECT
POSTHOOK: Input: default@alltypesorc
POSTHOOK: Output: default@decimal_test
PREHOOK: query: EXPLAIN SELECT cdecimal1 + cdecimal2, cdecimal1 - (2*cdecimal2), ((cdecimal1+2.34)/cdecimal2), (cdecimal1 * (cdecimal2/3.4)) from decimal_test where cdecimal1 > 0 AND cdecimal1 < 12345.5678 AND cdecimal2 != 0 AND cdouble IS NOT NULL LIMIT 10
PREHOOK: type: QUERY
POSTHOOK: query: EXPLAIN SELECT cdecimal1 + cdecimal2, cdecimal1 - (2*cdecimal2), ((cdecimal1+2.34)/cdecimal2), (cdecimal1 * (cdecimal2/3.4)) from decimal_test where cdecimal1 > 0 AND cdecimal1 < 12345.5678 AND cdecimal2 != 0 AND cdouble IS NOT NULL LIMIT 10
POSTHOOK: type: QUERY
STAGE DEPENDENCIES:
  Stage-1 is a root stage
  Stage-0 is a root stage

STAGE PLANS:
  Stage: Stage-1
    Map Reduce
      Map Operator Tree:
          TableScan
            alias: decimal_test
            Statistics: Num rows: 12288 Data size: 2128368 Basic stats: COMPLETE Column stats: NONE
            Filter Operator
              predicate: ((((cdecimal1 > 0) and (cdecimal1 < 12345.5678)) and (cdecimal2 <> 0)) and cdouble is not null) (type: boolean)
              Statistics: Num rows: 683 Data size: 118300 Basic stats: COMPLETE Column stats: NONE
              Select Operator
                expressions: (cdecimal1 + cdecimal2) (type: decimal(25,14)), (cdecimal1 - (2 * cdecimal2)) (type: decimal(26,14)), ((cdecimal1 + 2.34) / cdecimal2) (type: double), (cdecimal1 * (cdecimal2 / 3.4)) (type: double)
                outputColumnNames: _col0, _col1, _col2, _col3
                Statistics: Num rows: 683 Data size: 118300 Basic stats: COMPLETE Column stats: NONE
                Limit
                  Number of rows: 10
                  Statistics: Num rows: 10 Data size: 1730 Basic stats: COMPLETE Column stats: NONE
                  File Output Operator
                    compressed: false
                    Statistics: Num rows: 10 Data size: 1730 Basic stats: COMPLETE Column stats: NONE
                    table:
                        input format: org.apache.hadoop.mapred.TextInputFormat
                        output format: org.apache.hadoop.hive.ql.io.HiveIgnoreKeyTextOutputFormat
                        serde: org.apache.hadoop.hive.serde2.lazy.LazySimpleSerDe
      Execution mode: vectorized

  Stage: Stage-0
    Fetch Operator
      limit: 10

PREHOOK: query: SELECT cdecimal1 + cdecimal2, cdecimal1 - (2*cdecimal2), ((cdecimal1+2.34)/cdecimal2), (cdecimal1 * (cdecimal2/3.4)) from decimal_test where cdecimal1 > 0 AND cdecimal1 < 12345.5678 AND cdecimal2 != 0 AND cdouble IS NOT NULL LIMIT 10
PREHOOK: type: QUERY
PREHOOK: Input: default@decimal_test
#### A masked pattern was here ####
POSTHOOK: query: SELECT cdecimal1 + cdecimal2, cdecimal1 - (2*cdecimal2), ((cdecimal1+2.34)/cdecimal2), (cdecimal1 * (cdecimal2/3.4)) from decimal_test where cdecimal1 > 0 AND cdecimal1 < 12345.5678 AND cdecimal2 != 0 AND cdouble IS NOT NULL LIMIT 10
POSTHOOK: type: QUERY
POSTHOOK: Input: default@decimal_test
#### A masked pattern was here ####
19699.417463617423	-12507.913305613346	0.8351496686995997	2.8303425077026896E7
9216.339708939685	-5851.80644490647	0.8353975893550668	6195112.1797296945
6514.8403326403464	-4136.5212058211928	0.8355907765708067	3095563.9418919063
7587.301455301477	-4817.467775467754	0.8354976172734904	4198623.24324327
19197.972972973	-12189.527027027	0.835155361813429	2.6880848817567654E7
17098.9945945946	-10856.8054054054	0.8351828165813104	2.132423090270272E7
12433.723076923077	-7894.646153846154	0.8352770361086894	1.12754688E7
13.12681912684615	-8.3347193346923	1.162028480096775	12.567567567624428
7247.316839916862	-4601.598544698524	0.8355241651897876	3830775.6932432684
14757.1700623700465	-9369.891476091493	0.8352226654922171	1.5883214124324286E7
