PREHOOK: query: explain select sum(t1.td) from (select  v1.csmallint as tsi, v1.cdouble as td from alltypesorc v1, alltypesorc v2 where v1.ctinyint=v2.ctinyint) t1 join alltypesorc v3 on t1.tsi=v3.csmallint
PREHOOK: type: QUERY
POSTHOOK: query: explain select sum(t1.td) from (select  v1.csmallint as tsi, v1.cdouble as td from alltypesorc v1, alltypesorc v2 where v1.ctinyint=v2.ctinyint) t1 join alltypesorc v3 on t1.tsi=v3.csmallint
POSTHOOK: type: QUERY
STAGE DEPENDENCIES:
  Stage-7 is a root stage
  Stage-2 depends on stages: Stage-7
  Stage-0 is a root stage

STAGE PLANS:
  Stage: Stage-7
    Map Reduce Local Work
      Alias -> Map Local Tables:
        t1:v1 
          Fetch Operator
            limit: -1
        v3 
          Fetch Operator
            limit: -1
      Alias -> Map Local Operator Tree:
        t1:v1 
          TableScan
            alias: v1
            Statistics: Num rows: 23577 Data size: 377237 Basic stats: COMPLETE Column stats: NONE
            HashTable Sink Operator
              condition expressions:
                0 {ctinyint} {csmallint} {cdouble}
                1 {ctinyint}
              keys:
                0 ctinyint (type: tinyint)
                1 ctinyint (type: tinyint)
        v3 
          TableScan
            alias: v3
            Statistics: Num rows: 94309 Data size: 377237 Basic stats: COMPLETE Column stats: NONE
            HashTable Sink Operator
              condition expressions:
                0 {_col1}
                1 
              keys:
                0 _col0 (type: smallint)
                1 csmallint (type: smallint)

  Stage: Stage-2
    Map Reduce
      Map Operator Tree:
          TableScan
            alias: v2
            Statistics: Num rows: 94309 Data size: 377237 Basic stats: COMPLETE Column stats: NONE
            Map Join Operator
              condition map:
                   Inner Join 0 to 1
              condition expressions:
                0 {ctinyint} {csmallint} {cdouble}
                1 {ctinyint}
              keys:
                0 ctinyint (type: tinyint)
                1 ctinyint (type: tinyint)
              outputColumnNames: _col0, _col1, _col5, _col14
              Statistics: Num rows: 103739 Data size: 414960 Basic stats: COMPLETE Column stats: NONE
              Filter Operator
                predicate: (_col0 = _col14) (type: boolean)
                Statistics: Num rows: 51869 Data size: 207477 Basic stats: COMPLETE Column stats: NONE
                Select Operator
                  expressions: _col1 (type: smallint), _col5 (type: double)
                  outputColumnNames: _col0, _col1
                  Statistics: Num rows: 51869 Data size: 207477 Basic stats: COMPLETE Column stats: NONE
                  Map Join Operator
                    condition map:
                         Inner Join 0 to 1
                    condition expressions:
                      0 {_col1}
                      1 
                    keys:
                      0 _col0 (type: smallint)
                      1 csmallint (type: smallint)
                    outputColumnNames: _col1
                    Statistics: Num rows: 103739 Data size: 414960 Basic stats: COMPLETE Column stats: NONE
                    Select Operator
                      expressions: _col1 (type: double)
                      outputColumnNames: _col1
                      Statistics: Num rows: 103739 Data size: 414960 Basic stats: COMPLETE Column stats: NONE
                      Group By Operator
                        aggregations: sum(_col1)
                        mode: hash
                        outputColumnNames: _col0
                        Statistics: Num rows: 1 Data size: 8 Basic stats: COMPLETE Column stats: NONE
                        Reduce Output Operator
                          sort order: 
                          Statistics: Num rows: 1 Data size: 8 Basic stats: COMPLETE Column stats: NONE
                          value expressions: _col0 (type: double)
      Local Work:
        Map Reduce Local Work
      Execution mode: vectorized
      Reduce Operator Tree:
        Group By Operator
          aggregations: sum(VALUE._col0)
          mode: mergepartial
          outputColumnNames: _col0
          Statistics: Num rows: 1 Data size: 8 Basic stats: COMPLETE Column stats: NONE
          Select Operator
            expressions: _col0 (type: double)
            outputColumnNames: _col0
            Statistics: Num rows: 1 Data size: 8 Basic stats: COMPLETE Column stats: NONE
            File Output Operator
              compressed: false
              Statistics: Num rows: 1 Data size: 8 Basic stats: COMPLETE Column stats: NONE
              table:
                  input format: org.apache.hadoop.mapred.TextInputFormat
                  output format: org.apache.hadoop.hive.ql.io.HiveIgnoreKeyTextOutputFormat
                  serde: org.apache.hadoop.hive.serde2.lazy.LazySimpleSerDe

  Stage: Stage-0
    Fetch Operator
      limit: -1

PREHOOK: query: select sum(t1.td) from (select  v1.csmallint as tsi, v1.cdouble as td from alltypesorc v1, alltypesorc v2 where v1.ctinyint=v2.ctinyint) t1 join alltypesorc v3 on t1.tsi=v3.csmallint
PREHOOK: type: QUERY
PREHOOK: Input: default@alltypesorc
#### A masked pattern was here ####
POSTHOOK: query: select sum(t1.td) from (select  v1.csmallint as tsi, v1.cdouble as td from alltypesorc v1, alltypesorc v2 where v1.ctinyint=v2.ctinyint) t1 join alltypesorc v3 on t1.tsi=v3.csmallint
POSTHOOK: type: QUERY
POSTHOOK: Input: default@alltypesorc
#### A masked pattern was here ####
6.065190932486892E11
