PREHOOK: query: DESCRIBE FUNCTION ASSERT_TRUE
PREHOOK: type: DESCFUNCTION
POSTHOOK: query: DESCRIBE FUNCTION ASSERT_TRUE
POSTHOOK: type: DESCFUNCTION
ASSERT_TRUE(condition) - Throw an exception if 'condition' is not true.
PREHOOK: query: EXPLAIN SELECT ASSERT_TRUE(x > 0) FROM src LATERAL VIEW EXPLODE(ARRAY(1, 2)) a AS x LIMIT 2
PREHOOK: type: QUERY
POSTHOOK: query: EXPLAIN SELECT ASSERT_TRUE(x > 0) FROM src LATERAL VIEW EXPLODE(ARRAY(1, 2)) a AS x LIMIT 2
POSTHOOK: type: QUERY
STAGE DEPENDENCIES:
  Stage-1 is a root stage
  Stage-0 is a root stage

STAGE PLANS:
  Stage: Stage-1
    Map Reduce
      Map Operator Tree:
          TableScan
            alias: src
            Statistics: Num rows: 0 Data size: 5812 Basic stats: PARTIAL Column stats: COMPLETE
            Lateral View Forward
              Statistics: Num rows: 0 Data size: 5812 Basic stats: PARTIAL Column stats: COMPLETE
              Select Operator
                Statistics: Num rows: 0 Data size: 5812 Basic stats: PARTIAL Column stats: COMPLETE
                Lateral View Join Operator
                  outputColumnNames: _col4
                  Statistics: Num rows: 0 Data size: 11624 Basic stats: PARTIAL Column stats: COMPLETE
                  Select Operator
                    expressions: assert_true((_col4 > 0)) (type: void)
                    outputColumnNames: _col0
                    Statistics: Num rows: 0 Data size: 11624 Basic stats: PARTIAL Column stats: COMPLETE
                    Limit
                      Number of rows: 2
                      Statistics: Num rows: 0 Data size: 11624 Basic stats: PARTIAL Column stats: COMPLETE
                      File Output Operator
                        compressed: false
                        Statistics: Num rows: 0 Data size: 11624 Basic stats: PARTIAL Column stats: COMPLETE
                        table:
                            input format: org.apache.hadoop.mapred.TextInputFormat
                            output format: org.apache.hadoop.hive.ql.io.HiveIgnoreKeyTextOutputFormat
                            serde: org.apache.hadoop.hive.serde2.lazy.LazySimpleSerDe
              Select Operator
                expressions: array(1,2) (type: array<int>)
                outputColumnNames: _col0
                Statistics: Num rows: 0 Data size: 5812 Basic stats: PARTIAL Column stats: COMPLETE
                UDTF Operator
                  Statistics: Num rows: 0 Data size: 5812 Basic stats: PARTIAL Column stats: COMPLETE
                  function name: explode
                  Lateral View Join Operator
                    outputColumnNames: _col4
                    Statistics: Num rows: 0 Data size: 11624 Basic stats: PARTIAL Column stats: COMPLETE
                    Select Operator
                      expressions: assert_true((_col4 > 0)) (type: void)
                      outputColumnNames: _col0
                      Statistics: Num rows: 0 Data size: 11624 Basic stats: PARTIAL Column stats: COMPLETE
                      Limit
                        Number of rows: 2
                        Statistics: Num rows: 0 Data size: 11624 Basic stats: PARTIAL Column stats: COMPLETE
                        File Output Operator
                          compressed: false
                          Statistics: Num rows: 0 Data size: 11624 Basic stats: PARTIAL Column stats: COMPLETE
                          table:
                              input format: org.apache.hadoop.mapred.TextInputFormat
                              output format: org.apache.hadoop.hive.ql.io.HiveIgnoreKeyTextOutputFormat
                              serde: org.apache.hadoop.hive.serde2.lazy.LazySimpleSerDe

  Stage: Stage-0
    Fetch Operator
      limit: 2

PREHOOK: query: SELECT ASSERT_TRUE(x > 0) FROM src LATERAL VIEW EXPLODE(ARRAY(1, 2)) a AS x LIMIT 2
PREHOOK: type: QUERY
PREHOOK: Input: default@src
#### A masked pattern was here ####
POSTHOOK: query: SELECT ASSERT_TRUE(x > 0) FROM src LATERAL VIEW EXPLODE(ARRAY(1, 2)) a AS x LIMIT 2
POSTHOOK: type: QUERY
POSTHOOK: Input: default@src
#### A masked pattern was here ####
NULL
NULL
PREHOOK: query: EXPLAIN SELECT ASSERT_TRUE(x < 2) FROM src LATERAL VIEW EXPLODE(ARRAY(1, 2)) a AS x LIMIT 2
PREHOOK: type: QUERY
POSTHOOK: query: EXPLAIN SELECT ASSERT_TRUE(x < 2) FROM src LATERAL VIEW EXPLODE(ARRAY(1, 2)) a AS x LIMIT 2
POSTHOOK: type: QUERY
STAGE DEPENDENCIES:
  Stage-1 is a root stage
  Stage-0 is a root stage

STAGE PLANS:
  Stage: Stage-1
    Map Reduce
      Map Operator Tree:
          TableScan
            alias: src
            Statistics: Num rows: 0 Data size: 5812 Basic stats: PARTIAL Column stats: COMPLETE
            Lateral View Forward
              Statistics: Num rows: 0 Data size: 5812 Basic stats: PARTIAL Column stats: COMPLETE
              Select Operator
                Statistics: Num rows: 0 Data size: 5812 Basic stats: PARTIAL Column stats: COMPLETE
                Lateral View Join Operator
                  outputColumnNames: _col4
                  Statistics: Num rows: 0 Data size: 11624 Basic stats: PARTIAL Column stats: COMPLETE
                  Select Operator
                    expressions: assert_true((_col4 < 2)) (type: void)
                    outputColumnNames: _col0
                    Statistics: Num rows: 0 Data size: 11624 Basic stats: PARTIAL Column stats: COMPLETE
                    Limit
                      Number of rows: 2
                      Statistics: Num rows: 0 Data size: 11624 Basic stats: PARTIAL Column stats: COMPLETE
                      File Output Operator
                        compressed: false
                        Statistics: Num rows: 0 Data size: 11624 Basic stats: PARTIAL Column stats: COMPLETE
                        table:
                            input format: org.apache.hadoop.mapred.TextInputFormat
                            output format: org.apache.hadoop.hive.ql.io.HiveIgnoreKeyTextOutputFormat
                            serde: org.apache.hadoop.hive.serde2.lazy.LazySimpleSerDe
              Select Operator
                expressions: array(1,2) (type: array<int>)
                outputColumnNames: _col0
                Statistics: Num rows: 0 Data size: 5812 Basic stats: PARTIAL Column stats: COMPLETE
                UDTF Operator
                  Statistics: Num rows: 0 Data size: 5812 Basic stats: PARTIAL Column stats: COMPLETE
                  function name: explode
                  Lateral View Join Operator
                    outputColumnNames: _col4
                    Statistics: Num rows: 0 Data size: 11624 Basic stats: PARTIAL Column stats: COMPLETE
                    Select Operator
                      expressions: assert_true((_col4 < 2)) (type: void)
                      outputColumnNames: _col0
                      Statistics: Num rows: 0 Data size: 11624 Basic stats: PARTIAL Column stats: COMPLETE
                      Limit
                        Number of rows: 2
                        Statistics: Num rows: 0 Data size: 11624 Basic stats: PARTIAL Column stats: COMPLETE
                        File Output Operator
                          compressed: false
                          Statistics: Num rows: 0 Data size: 11624 Basic stats: PARTIAL Column stats: COMPLETE
                          table:
                              input format: org.apache.hadoop.mapred.TextInputFormat
                              output format: org.apache.hadoop.hive.ql.io.HiveIgnoreKeyTextOutputFormat
                              serde: org.apache.hadoop.hive.serde2.lazy.LazySimpleSerDe

  Stage: Stage-0
    Fetch Operator
      limit: 2

PREHOOK: query: SELECT ASSERT_TRUE(x < 2) FROM src LATERAL VIEW EXPLODE(ARRAY(1, 2)) a AS x LIMIT 2
PREHOOK: type: QUERY
PREHOOK: Input: default@src
#### A masked pattern was here ####
Execution failed with exit status: 2
Obtaining error information

Task failed!
Task ID:
  Stage-1

Logs:

#### A masked pattern was here ####
FAILED: Execution Error, return code 2 from org.apache.hadoop.hive.ql.exec.mr.MapRedTask
